[2024-12-01T15:06:22.595+0500] {processor.py:186} INFO - Started process (PID=27813) to work on /Users/hanan-nawaz/Documents/Projects/Pakistan_AQI_Analysis/myenv/lib/python3.12/site-packages/airflow/example_dags/plugins/decreasing_priority_weight_strategy.py
[2024-12-01T15:06:22.596+0500] {processor.py:914} INFO - Processing file /Users/hanan-nawaz/Documents/Projects/Pakistan_AQI_Analysis/myenv/lib/python3.12/site-packages/airflow/example_dags/plugins/decreasing_priority_weight_strategy.py for tasks to queue
[2024-12-01T15:06:22.597+0500] {logging_mixin.py:190} INFO - [2024-12-01T15:06:22.597+0500] {dagbag.py:588} INFO - Filling up the DagBag from /Users/hanan-nawaz/Documents/Projects/Pakistan_AQI_Analysis/myenv/lib/python3.12/site-packages/airflow/example_dags/plugins/decreasing_priority_weight_strategy.py
[2024-12-01T15:06:22.599+0500] {processor.py:927} WARNING - No viable dags retrieved from /Users/hanan-nawaz/Documents/Projects/Pakistan_AQI_Analysis/myenv/lib/python3.12/site-packages/airflow/example_dags/plugins/decreasing_priority_weight_strategy.py
[2024-12-01T15:06:22.754+0500] {processor.py:208} INFO - Processing /Users/hanan-nawaz/Documents/Projects/Pakistan_AQI_Analysis/myenv/lib/python3.12/site-packages/airflow/example_dags/plugins/decreasing_priority_weight_strategy.py took 0.164 seconds
[2024-12-01T15:10:44.559+0500] {processor.py:186} INFO - Started process (PID=28456) to work on /Users/hanan-nawaz/Documents/Projects/Pakistan_AQI_Analysis/myenv/lib/python3.12/site-packages/airflow/example_dags/plugins/decreasing_priority_weight_strategy.py
[2024-12-01T15:10:44.560+0500] {processor.py:914} INFO - Processing file /Users/hanan-nawaz/Documents/Projects/Pakistan_AQI_Analysis/myenv/lib/python3.12/site-packages/airflow/example_dags/plugins/decreasing_priority_weight_strategy.py for tasks to queue
[2024-12-01T15:10:44.562+0500] {logging_mixin.py:190} INFO - [2024-12-01T15:10:44.562+0500] {dagbag.py:588} INFO - Filling up the DagBag from /Users/hanan-nawaz/Documents/Projects/Pakistan_AQI_Analysis/myenv/lib/python3.12/site-packages/airflow/example_dags/plugins/decreasing_priority_weight_strategy.py
[2024-12-01T15:10:44.564+0500] {processor.py:927} WARNING - No viable dags retrieved from /Users/hanan-nawaz/Documents/Projects/Pakistan_AQI_Analysis/myenv/lib/python3.12/site-packages/airflow/example_dags/plugins/decreasing_priority_weight_strategy.py
[2024-12-01T15:10:44.768+0500] {processor.py:208} INFO - Processing /Users/hanan-nawaz/Documents/Projects/Pakistan_AQI_Analysis/myenv/lib/python3.12/site-packages/airflow/example_dags/plugins/decreasing_priority_weight_strategy.py took 0.214 seconds
[2024-12-01T15:14:18.472+0500] {processor.py:186} INFO - Started process (PID=28838) to work on /Users/hanan-nawaz/Documents/Projects/Pakistan_AQI_Analysis/myenv/lib/python3.12/site-packages/airflow/example_dags/plugins/decreasing_priority_weight_strategy.py
[2024-12-01T15:14:18.473+0500] {processor.py:914} INFO - Processing file /Users/hanan-nawaz/Documents/Projects/Pakistan_AQI_Analysis/myenv/lib/python3.12/site-packages/airflow/example_dags/plugins/decreasing_priority_weight_strategy.py for tasks to queue
[2024-12-01T15:14:18.477+0500] {logging_mixin.py:190} INFO - [2024-12-01T15:14:18.477+0500] {dagbag.py:588} INFO - Filling up the DagBag from /Users/hanan-nawaz/Documents/Projects/Pakistan_AQI_Analysis/myenv/lib/python3.12/site-packages/airflow/example_dags/plugins/decreasing_priority_weight_strategy.py
[2024-12-01T15:14:18.479+0500] {processor.py:927} WARNING - No viable dags retrieved from /Users/hanan-nawaz/Documents/Projects/Pakistan_AQI_Analysis/myenv/lib/python3.12/site-packages/airflow/example_dags/plugins/decreasing_priority_weight_strategy.py
[2024-12-01T15:14:18.587+0500] {processor.py:208} INFO - Processing /Users/hanan-nawaz/Documents/Projects/Pakistan_AQI_Analysis/myenv/lib/python3.12/site-packages/airflow/example_dags/plugins/decreasing_priority_weight_strategy.py took 0.121 seconds
[2024-12-01T15:17:46.629+0500] {processor.py:186} INFO - Started process (PID=29263) to work on /Users/hanan-nawaz/Documents/Projects/Pakistan_AQI_Analysis/myenv/lib/python3.12/site-packages/airflow/example_dags/plugins/decreasing_priority_weight_strategy.py
[2024-12-01T15:17:46.630+0500] {processor.py:914} INFO - Processing file /Users/hanan-nawaz/Documents/Projects/Pakistan_AQI_Analysis/myenv/lib/python3.12/site-packages/airflow/example_dags/plugins/decreasing_priority_weight_strategy.py for tasks to queue
[2024-12-01T15:17:46.631+0500] {logging_mixin.py:190} INFO - [2024-12-01T15:17:46.631+0500] {dagbag.py:588} INFO - Filling up the DagBag from /Users/hanan-nawaz/Documents/Projects/Pakistan_AQI_Analysis/myenv/lib/python3.12/site-packages/airflow/example_dags/plugins/decreasing_priority_weight_strategy.py
[2024-12-01T15:17:46.632+0500] {processor.py:927} WARNING - No viable dags retrieved from /Users/hanan-nawaz/Documents/Projects/Pakistan_AQI_Analysis/myenv/lib/python3.12/site-packages/airflow/example_dags/plugins/decreasing_priority_weight_strategy.py
[2024-12-01T15:17:46.747+0500] {processor.py:208} INFO - Processing /Users/hanan-nawaz/Documents/Projects/Pakistan_AQI_Analysis/myenv/lib/python3.12/site-packages/airflow/example_dags/plugins/decreasing_priority_weight_strategy.py took 0.124 seconds
