[2024-12-01T15:06:15.058+0500] {processor.py:186} INFO - Started process (PID=27800) to work on /Users/hanan-nawaz/Documents/Projects/Pakistan_AQI_Analysis/myenv/lib/python3.12/site-packages/airflow/example_dags/plugins/listener_plugin.py
[2024-12-01T15:06:15.061+0500] {processor.py:914} INFO - Processing file /Users/hanan-nawaz/Documents/Projects/Pakistan_AQI_Analysis/myenv/lib/python3.12/site-packages/airflow/example_dags/plugins/listener_plugin.py for tasks to queue
[2024-12-01T15:06:15.062+0500] {logging_mixin.py:190} INFO - [2024-12-01T15:06:15.062+0500] {dagbag.py:588} INFO - Filling up the DagBag from /Users/hanan-nawaz/Documents/Projects/Pakistan_AQI_Analysis/myenv/lib/python3.12/site-packages/airflow/example_dags/plugins/listener_plugin.py
[2024-12-01T15:06:15.068+0500] {processor.py:927} WARNING - No viable dags retrieved from /Users/hanan-nawaz/Documents/Projects/Pakistan_AQI_Analysis/myenv/lib/python3.12/site-packages/airflow/example_dags/plugins/listener_plugin.py
[2024-12-01T15:06:15.277+0500] {processor.py:208} INFO - Processing /Users/hanan-nawaz/Documents/Projects/Pakistan_AQI_Analysis/myenv/lib/python3.12/site-packages/airflow/example_dags/plugins/listener_plugin.py took 0.227 seconds
[2024-12-01T15:10:36.266+0500] {processor.py:186} INFO - Started process (PID=28447) to work on /Users/hanan-nawaz/Documents/Projects/Pakistan_AQI_Analysis/myenv/lib/python3.12/site-packages/airflow/example_dags/plugins/listener_plugin.py
[2024-12-01T15:10:36.267+0500] {processor.py:914} INFO - Processing file /Users/hanan-nawaz/Documents/Projects/Pakistan_AQI_Analysis/myenv/lib/python3.12/site-packages/airflow/example_dags/plugins/listener_plugin.py for tasks to queue
[2024-12-01T15:10:36.268+0500] {logging_mixin.py:190} INFO - [2024-12-01T15:10:36.268+0500] {dagbag.py:588} INFO - Filling up the DagBag from /Users/hanan-nawaz/Documents/Projects/Pakistan_AQI_Analysis/myenv/lib/python3.12/site-packages/airflow/example_dags/plugins/listener_plugin.py
[2024-12-01T15:10:36.270+0500] {processor.py:927} WARNING - No viable dags retrieved from /Users/hanan-nawaz/Documents/Projects/Pakistan_AQI_Analysis/myenv/lib/python3.12/site-packages/airflow/example_dags/plugins/listener_plugin.py
[2024-12-01T15:10:36.430+0500] {processor.py:208} INFO - Processing /Users/hanan-nawaz/Documents/Projects/Pakistan_AQI_Analysis/myenv/lib/python3.12/site-packages/airflow/example_dags/plugins/listener_plugin.py took 0.171 seconds
[2024-12-01T15:14:11.959+0500] {processor.py:186} INFO - Started process (PID=28815) to work on /Users/hanan-nawaz/Documents/Projects/Pakistan_AQI_Analysis/myenv/lib/python3.12/site-packages/airflow/example_dags/plugins/listener_plugin.py
[2024-12-01T15:14:11.960+0500] {processor.py:914} INFO - Processing file /Users/hanan-nawaz/Documents/Projects/Pakistan_AQI_Analysis/myenv/lib/python3.12/site-packages/airflow/example_dags/plugins/listener_plugin.py for tasks to queue
[2024-12-01T15:14:11.962+0500] {logging_mixin.py:190} INFO - [2024-12-01T15:14:11.961+0500] {dagbag.py:588} INFO - Filling up the DagBag from /Users/hanan-nawaz/Documents/Projects/Pakistan_AQI_Analysis/myenv/lib/python3.12/site-packages/airflow/example_dags/plugins/listener_plugin.py
[2024-12-01T15:14:11.964+0500] {processor.py:927} WARNING - No viable dags retrieved from /Users/hanan-nawaz/Documents/Projects/Pakistan_AQI_Analysis/myenv/lib/python3.12/site-packages/airflow/example_dags/plugins/listener_plugin.py
[2024-12-01T15:14:12.100+0500] {processor.py:208} INFO - Processing /Users/hanan-nawaz/Documents/Projects/Pakistan_AQI_Analysis/myenv/lib/python3.12/site-packages/airflow/example_dags/plugins/listener_plugin.py took 0.147 seconds
[2024-12-01T15:17:40.527+0500] {processor.py:186} INFO - Started process (PID=29252) to work on /Users/hanan-nawaz/Documents/Projects/Pakistan_AQI_Analysis/myenv/lib/python3.12/site-packages/airflow/example_dags/plugins/listener_plugin.py
[2024-12-01T15:17:40.529+0500] {processor.py:914} INFO - Processing file /Users/hanan-nawaz/Documents/Projects/Pakistan_AQI_Analysis/myenv/lib/python3.12/site-packages/airflow/example_dags/plugins/listener_plugin.py for tasks to queue
[2024-12-01T15:17:40.530+0500] {logging_mixin.py:190} INFO - [2024-12-01T15:17:40.529+0500] {dagbag.py:588} INFO - Filling up the DagBag from /Users/hanan-nawaz/Documents/Projects/Pakistan_AQI_Analysis/myenv/lib/python3.12/site-packages/airflow/example_dags/plugins/listener_plugin.py
[2024-12-01T15:17:40.532+0500] {processor.py:927} WARNING - No viable dags retrieved from /Users/hanan-nawaz/Documents/Projects/Pakistan_AQI_Analysis/myenv/lib/python3.12/site-packages/airflow/example_dags/plugins/listener_plugin.py
[2024-12-01T15:17:40.667+0500] {processor.py:208} INFO - Processing /Users/hanan-nawaz/Documents/Projects/Pakistan_AQI_Analysis/myenv/lib/python3.12/site-packages/airflow/example_dags/plugins/listener_plugin.py took 0.149 seconds
