[2024-12-01T15:10:16.851+0500] {processor.py:186} INFO - Started process (PID=28402) to work on /Users/hanan-nawaz/Documents/Projects/Pakistan_AQI_Analysis/myenv/lib/python3.12/site-packages/airflow/example_dags/example_bash_operator.py
[2024-12-01T15:10:16.853+0500] {processor.py:914} INFO - Processing file /Users/hanan-nawaz/Documents/Projects/Pakistan_AQI_Analysis/myenv/lib/python3.12/site-packages/airflow/example_dags/example_bash_operator.py for tasks to queue
[2024-12-01T15:10:16.855+0500] {logging_mixin.py:190} INFO - [2024-12-01T15:10:16.855+0500] {dagbag.py:588} INFO - Filling up the DagBag from /Users/hanan-nawaz/Documents/Projects/Pakistan_AQI_Analysis/myenv/lib/python3.12/site-packages/airflow/example_dags/example_bash_operator.py
[2024-12-01T15:10:16.877+0500] {processor.py:925} INFO - DAG(s) 'example_bash_operator' retrieved from /Users/hanan-nawaz/Documents/Projects/Pakistan_AQI_Analysis/myenv/lib/python3.12/site-packages/airflow/example_dags/example_bash_operator.py
[2024-12-01T15:10:17.206+0500] {logging_mixin.py:190} INFO - [2024-12-01T15:10:17.205+0500] {override.py:1911} INFO - Created Permission View: can edit on DAG:example_bash_operator
[2024-12-01T15:10:17.218+0500] {logging_mixin.py:190} INFO - [2024-12-01T15:10:17.218+0500] {override.py:1911} INFO - Created Permission View: can read on DAG:example_bash_operator
[2024-12-01T15:10:17.229+0500] {logging_mixin.py:190} INFO - [2024-12-01T15:10:17.229+0500] {override.py:1911} INFO - Created Permission View: can delete on DAG:example_bash_operator
[2024-12-01T15:10:17.239+0500] {logging_mixin.py:190} INFO - [2024-12-01T15:10:17.238+0500] {override.py:1911} INFO - Created Permission View: can create on DAG Run:example_bash_operator
[2024-12-01T15:10:17.245+0500] {logging_mixin.py:190} INFO - [2024-12-01T15:10:17.245+0500] {override.py:1911} INFO - Created Permission View: can read on DAG Run:example_bash_operator
[2024-12-01T15:10:17.253+0500] {logging_mixin.py:190} INFO - [2024-12-01T15:10:17.253+0500] {override.py:1911} INFO - Created Permission View: can delete on DAG Run:example_bash_operator
[2024-12-01T15:10:17.260+0500] {logging_mixin.py:190} INFO - [2024-12-01T15:10:17.260+0500] {override.py:1911} INFO - Created Permission View: menu access on DAG Run:example_bash_operator
[2024-12-01T15:10:17.260+0500] {logging_mixin.py:190} INFO - [2024-12-01T15:10:17.260+0500] {dag.py:3239} INFO - Sync 1 DAGs
[2024-12-01T15:10:17.273+0500] {logging_mixin.py:190} INFO - [2024-12-01T15:10:17.273+0500] {dag.py:3262} INFO - Creating ORM DAG for example_bash_operator
[2024-12-01T15:10:17.284+0500] {logging_mixin.py:190} INFO - [2024-12-01T15:10:17.284+0500] {dag.py:4180} INFO - Setting next_dagrun for example_bash_operator to 2024-11-30 00:00:00+00:00, run_after=2024-12-01 00:00:00+00:00
[2024-12-01T15:10:17.370+0500] {processor.py:208} INFO - Processing /Users/hanan-nawaz/Documents/Projects/Pakistan_AQI_Analysis/myenv/lib/python3.12/site-packages/airflow/example_dags/example_bash_operator.py took 0.527 seconds
[2024-12-01T15:17:19.892+0500] {processor.py:186} INFO - Started process (PID=29201) to work on /Users/hanan-nawaz/Documents/Projects/Pakistan_AQI_Analysis/myenv/lib/python3.12/site-packages/airflow/example_dags/example_bash_operator.py
[2024-12-01T15:17:19.894+0500] {processor.py:914} INFO - Processing file /Users/hanan-nawaz/Documents/Projects/Pakistan_AQI_Analysis/myenv/lib/python3.12/site-packages/airflow/example_dags/example_bash_operator.py for tasks to queue
[2024-12-01T15:17:19.896+0500] {logging_mixin.py:190} INFO - [2024-12-01T15:17:19.895+0500] {dagbag.py:588} INFO - Filling up the DagBag from /Users/hanan-nawaz/Documents/Projects/Pakistan_AQI_Analysis/myenv/lib/python3.12/site-packages/airflow/example_dags/example_bash_operator.py
[2024-12-01T15:17:19.917+0500] {processor.py:925} INFO - DAG(s) 'example_bash_operator' retrieved from /Users/hanan-nawaz/Documents/Projects/Pakistan_AQI_Analysis/myenv/lib/python3.12/site-packages/airflow/example_dags/example_bash_operator.py
[2024-12-01T15:17:20.214+0500] {logging_mixin.py:190} INFO - [2024-12-01T15:17:20.214+0500] {dag.py:3239} INFO - Sync 1 DAGs
[2024-12-01T15:17:20.265+0500] {logging_mixin.py:190} INFO - [2024-12-01T15:17:20.264+0500] {dag.py:4180} INFO - Setting next_dagrun for example_bash_operator to 2024-11-30 00:00:00+00:00, run_after=2024-12-01 00:00:00+00:00
[2024-12-01T15:17:20.332+0500] {processor.py:208} INFO - Processing /Users/hanan-nawaz/Documents/Projects/Pakistan_AQI_Analysis/myenv/lib/python3.12/site-packages/airflow/example_dags/example_bash_operator.py took 0.448 seconds
