[2024-12-01T15:07:01.414+0500] {processor.py:186} INFO - Started process (PID=27919) to work on /Users/hanan-nawaz/Documents/Projects/Pakistan_AQI_Analysis/myenv/lib/python3.12/site-packages/airflow/example_dags/example_xcom.py
[2024-12-01T15:07:01.416+0500] {processor.py:914} INFO - Processing file /Users/hanan-nawaz/Documents/Projects/Pakistan_AQI_Analysis/myenv/lib/python3.12/site-packages/airflow/example_dags/example_xcom.py for tasks to queue
[2024-12-01T15:07:01.418+0500] {logging_mixin.py:190} INFO - [2024-12-01T15:07:01.418+0500] {dagbag.py:588} INFO - Filling up the DagBag from /Users/hanan-nawaz/Documents/Projects/Pakistan_AQI_Analysis/myenv/lib/python3.12/site-packages/airflow/example_dags/example_xcom.py
[2024-12-01T15:07:01.462+0500] {processor.py:925} INFO - DAG(s) 'example_xcom' retrieved from /Users/hanan-nawaz/Documents/Projects/Pakistan_AQI_Analysis/myenv/lib/python3.12/site-packages/airflow/example_dags/example_xcom.py
[2024-12-01T15:07:02.115+0500] {logging_mixin.py:190} INFO - [2024-12-01T15:07:02.114+0500] {override.py:1911} INFO - Created Permission View: can delete on DAG:example_xcom
[2024-12-01T15:07:02.234+0500] {logging_mixin.py:190} INFO - [2024-12-01T15:07:02.233+0500] {override.py:1911} INFO - Created Permission View: can edit on DAG:example_xcom
[2024-12-01T15:07:02.246+0500] {logging_mixin.py:190} INFO - [2024-12-01T15:07:02.246+0500] {override.py:1911} INFO - Created Permission View: can read on DAG:example_xcom
[2024-12-01T15:07:02.259+0500] {logging_mixin.py:190} INFO - [2024-12-01T15:07:02.259+0500] {override.py:1911} INFO - Created Permission View: can delete on DAG Run:example_xcom
[2024-12-01T15:07:02.265+0500] {logging_mixin.py:190} INFO - [2024-12-01T15:07:02.265+0500] {override.py:1911} INFO - Created Permission View: can create on DAG Run:example_xcom
[2024-12-01T15:07:02.272+0500] {logging_mixin.py:190} INFO - [2024-12-01T15:07:02.272+0500] {override.py:1911} INFO - Created Permission View: menu access on DAG Run:example_xcom
[2024-12-01T15:07:02.279+0500] {logging_mixin.py:190} INFO - [2024-12-01T15:07:02.278+0500] {override.py:1911} INFO - Created Permission View: can read on DAG Run:example_xcom
[2024-12-01T15:07:02.279+0500] {logging_mixin.py:190} INFO - [2024-12-01T15:07:02.279+0500] {dag.py:3239} INFO - Sync 1 DAGs
[2024-12-01T15:07:02.292+0500] {logging_mixin.py:190} INFO - [2024-12-01T15:07:02.292+0500] {dag.py:3262} INFO - Creating ORM DAG for example_xcom
[2024-12-01T15:07:02.301+0500] {logging_mixin.py:190} INFO - [2024-12-01T15:07:02.301+0500] {dag.py:4180} INFO - Setting next_dagrun for example_xcom to 2021-01-01 00:00:00+00:00, run_after=2021-01-01 00:00:00+00:00
[2024-12-01T15:07:02.319+0500] {processor.py:208} INFO - Processing /Users/hanan-nawaz/Documents/Projects/Pakistan_AQI_Analysis/myenv/lib/python3.12/site-packages/airflow/example_dags/example_xcom.py took 0.913 seconds
[2024-12-01T15:11:20.866+0500] {processor.py:186} INFO - Started process (PID=28548) to work on /Users/hanan-nawaz/Documents/Projects/Pakistan_AQI_Analysis/myenv/lib/python3.12/site-packages/airflow/example_dags/example_xcom.py
[2024-12-01T15:11:20.867+0500] {processor.py:914} INFO - Processing file /Users/hanan-nawaz/Documents/Projects/Pakistan_AQI_Analysis/myenv/lib/python3.12/site-packages/airflow/example_dags/example_xcom.py for tasks to queue
[2024-12-01T15:11:20.869+0500] {logging_mixin.py:190} INFO - [2024-12-01T15:11:20.868+0500] {dagbag.py:588} INFO - Filling up the DagBag from /Users/hanan-nawaz/Documents/Projects/Pakistan_AQI_Analysis/myenv/lib/python3.12/site-packages/airflow/example_dags/example_xcom.py
[2024-12-01T15:11:20.916+0500] {processor.py:925} INFO - DAG(s) 'example_xcom' retrieved from /Users/hanan-nawaz/Documents/Projects/Pakistan_AQI_Analysis/myenv/lib/python3.12/site-packages/airflow/example_dags/example_xcom.py
[2024-12-01T15:11:21.040+0500] {logging_mixin.py:190} INFO - [2024-12-01T15:11:21.040+0500] {dag.py:3239} INFO - Sync 1 DAGs
[2024-12-01T15:11:21.063+0500] {logging_mixin.py:190} INFO - [2024-12-01T15:11:21.063+0500] {dag.py:4180} INFO - Setting next_dagrun for example_xcom to 2021-01-01 00:00:00+00:00, run_after=2021-01-01 00:00:00+00:00
[2024-12-01T15:11:21.084+0500] {processor.py:208} INFO - Processing /Users/hanan-nawaz/Documents/Projects/Pakistan_AQI_Analysis/myenv/lib/python3.12/site-packages/airflow/example_dags/example_xcom.py took 0.223 seconds
[2024-12-01T15:14:47.267+0500] {processor.py:186} INFO - Started process (PID=28917) to work on /Users/hanan-nawaz/Documents/Projects/Pakistan_AQI_Analysis/myenv/lib/python3.12/site-packages/airflow/example_dags/example_xcom.py
[2024-12-01T15:14:47.269+0500] {processor.py:914} INFO - Processing file /Users/hanan-nawaz/Documents/Projects/Pakistan_AQI_Analysis/myenv/lib/python3.12/site-packages/airflow/example_dags/example_xcom.py for tasks to queue
[2024-12-01T15:14:47.270+0500] {logging_mixin.py:190} INFO - [2024-12-01T15:14:47.270+0500] {dagbag.py:588} INFO - Filling up the DagBag from /Users/hanan-nawaz/Documents/Projects/Pakistan_AQI_Analysis/myenv/lib/python3.12/site-packages/airflow/example_dags/example_xcom.py
[2024-12-01T15:14:47.317+0500] {processor.py:925} INFO - DAG(s) 'example_xcom' retrieved from /Users/hanan-nawaz/Documents/Projects/Pakistan_AQI_Analysis/myenv/lib/python3.12/site-packages/airflow/example_dags/example_xcom.py
[2024-12-01T15:14:47.443+0500] {logging_mixin.py:190} INFO - [2024-12-01T15:14:47.442+0500] {dag.py:3239} INFO - Sync 1 DAGs
[2024-12-01T15:14:47.462+0500] {logging_mixin.py:190} INFO - [2024-12-01T15:14:47.462+0500] {dag.py:4180} INFO - Setting next_dagrun for example_xcom to 2021-01-01 00:00:00+00:00, run_after=2021-01-01 00:00:00+00:00
[2024-12-01T15:14:47.483+0500] {processor.py:208} INFO - Processing /Users/hanan-nawaz/Documents/Projects/Pakistan_AQI_Analysis/myenv/lib/python3.12/site-packages/airflow/example_dags/example_xcom.py took 0.221 seconds
[2024-12-01T15:18:17.236+0500] {processor.py:186} INFO - Started process (PID=29309) to work on /Users/hanan-nawaz/Documents/Projects/Pakistan_AQI_Analysis/myenv/lib/python3.12/site-packages/airflow/example_dags/example_xcom.py
[2024-12-01T15:18:17.238+0500] {processor.py:914} INFO - Processing file /Users/hanan-nawaz/Documents/Projects/Pakistan_AQI_Analysis/myenv/lib/python3.12/site-packages/airflow/example_dags/example_xcom.py for tasks to queue
[2024-12-01T15:18:17.239+0500] {logging_mixin.py:190} INFO - [2024-12-01T15:18:17.239+0500] {dagbag.py:588} INFO - Filling up the DagBag from /Users/hanan-nawaz/Documents/Projects/Pakistan_AQI_Analysis/myenv/lib/python3.12/site-packages/airflow/example_dags/example_xcom.py
[2024-12-01T15:18:17.292+0500] {processor.py:925} INFO - DAG(s) 'example_xcom' retrieved from /Users/hanan-nawaz/Documents/Projects/Pakistan_AQI_Analysis/myenv/lib/python3.12/site-packages/airflow/example_dags/example_xcom.py
[2024-12-01T15:18:17.577+0500] {logging_mixin.py:190} INFO - [2024-12-01T15:18:17.573+0500] {dag.py:3239} INFO - Sync 1 DAGs
[2024-12-01T15:18:17.649+0500] {logging_mixin.py:190} INFO - [2024-12-01T15:18:17.649+0500] {dag.py:4180} INFO - Setting next_dagrun for example_xcom to 2021-01-01 00:00:00+00:00, run_after=2021-01-01 00:00:00+00:00
[2024-12-01T15:18:17.688+0500] {processor.py:208} INFO - Processing /Users/hanan-nawaz/Documents/Projects/Pakistan_AQI_Analysis/myenv/lib/python3.12/site-packages/airflow/example_dags/example_xcom.py took 0.459 seconds
