[2024-12-01T15:08:57.097+0500] {processor.py:186} INFO - Started process (PID=28201) to work on /Users/hanan-nawaz/Documents/Projects/Pakistan_AQI_Analysis/myenv/lib/python3.12/site-packages/airflow/example_dags/example_inlet_event_extra.py
[2024-12-01T15:08:57.099+0500] {processor.py:914} INFO - Processing file /Users/hanan-nawaz/Documents/Projects/Pakistan_AQI_Analysis/myenv/lib/python3.12/site-packages/airflow/example_dags/example_inlet_event_extra.py for tasks to queue
[2024-12-01T15:08:57.100+0500] {logging_mixin.py:190} INFO - [2024-12-01T15:08:57.100+0500] {dagbag.py:588} INFO - Filling up the DagBag from /Users/hanan-nawaz/Documents/Projects/Pakistan_AQI_Analysis/myenv/lib/python3.12/site-packages/airflow/example_dags/example_inlet_event_extra.py
[2024-12-01T15:08:57.201+0500] {processor.py:925} INFO - DAG(s) 'read_dataset_event', 'read_dataset_event_from_classic' retrieved from /Users/hanan-nawaz/Documents/Projects/Pakistan_AQI_Analysis/myenv/lib/python3.12/site-packages/airflow/example_dags/example_inlet_event_extra.py
[2024-12-01T15:08:57.539+0500] {logging_mixin.py:190} INFO - [2024-12-01T15:08:57.539+0500] {override.py:1911} INFO - Created Permission View: can edit on DAG:read_dataset_event
[2024-12-01T15:08:57.549+0500] {logging_mixin.py:190} INFO - [2024-12-01T15:08:57.548+0500] {override.py:1911} INFO - Created Permission View: can delete on DAG:read_dataset_event
[2024-12-01T15:08:57.555+0500] {logging_mixin.py:190} INFO - [2024-12-01T15:08:57.555+0500] {override.py:1911} INFO - Created Permission View: can read on DAG:read_dataset_event
[2024-12-01T15:08:57.563+0500] {logging_mixin.py:190} INFO - [2024-12-01T15:08:57.563+0500] {override.py:1911} INFO - Created Permission View: can create on DAG Run:read_dataset_event
[2024-12-01T15:08:57.570+0500] {logging_mixin.py:190} INFO - [2024-12-01T15:08:57.570+0500] {override.py:1911} INFO - Created Permission View: can delete on DAG Run:read_dataset_event
[2024-12-01T15:08:57.577+0500] {logging_mixin.py:190} INFO - [2024-12-01T15:08:57.576+0500] {override.py:1911} INFO - Created Permission View: menu access on DAG Run:read_dataset_event
[2024-12-01T15:08:57.583+0500] {logging_mixin.py:190} INFO - [2024-12-01T15:08:57.583+0500] {override.py:1911} INFO - Created Permission View: can read on DAG Run:read_dataset_event
[2024-12-01T15:08:57.596+0500] {logging_mixin.py:190} INFO - [2024-12-01T15:08:57.596+0500] {override.py:1911} INFO - Created Permission View: can edit on DAG:read_dataset_event_from_classic
[2024-12-01T15:08:57.603+0500] {logging_mixin.py:190} INFO - [2024-12-01T15:08:57.602+0500] {override.py:1911} INFO - Created Permission View: can delete on DAG:read_dataset_event_from_classic
[2024-12-01T15:08:57.609+0500] {logging_mixin.py:190} INFO - [2024-12-01T15:08:57.609+0500] {override.py:1911} INFO - Created Permission View: can read on DAG:read_dataset_event_from_classic
[2024-12-01T15:08:57.617+0500] {logging_mixin.py:190} INFO - [2024-12-01T15:08:57.617+0500] {override.py:1911} INFO - Created Permission View: can create on DAG Run:read_dataset_event_from_classic
[2024-12-01T15:08:57.624+0500] {logging_mixin.py:190} INFO - [2024-12-01T15:08:57.624+0500] {override.py:1911} INFO - Created Permission View: can delete on DAG Run:read_dataset_event_from_classic
[2024-12-01T15:08:57.630+0500] {logging_mixin.py:190} INFO - [2024-12-01T15:08:57.630+0500] {override.py:1911} INFO - Created Permission View: menu access on DAG Run:read_dataset_event_from_classic
[2024-12-01T15:08:57.637+0500] {logging_mixin.py:190} INFO - [2024-12-01T15:08:57.637+0500] {override.py:1911} INFO - Created Permission View: can read on DAG Run:read_dataset_event_from_classic
[2024-12-01T15:08:57.637+0500] {logging_mixin.py:190} INFO - [2024-12-01T15:08:57.637+0500] {dag.py:3239} INFO - Sync 2 DAGs
[2024-12-01T15:08:57.652+0500] {logging_mixin.py:190} INFO - [2024-12-01T15:08:57.652+0500] {dag.py:3262} INFO - Creating ORM DAG for read_dataset_event
[2024-12-01T15:08:57.654+0500] {logging_mixin.py:190} INFO - [2024-12-01T15:08:57.653+0500] {dag.py:3262} INFO - Creating ORM DAG for read_dataset_event_from_classic
[2024-12-01T15:08:57.664+0500] {logging_mixin.py:190} INFO - [2024-12-01T15:08:57.663+0500] {dag.py:4180} INFO - Setting next_dagrun for read_dataset_event to 2024-11-30 00:00:00+00:00, run_after=2024-12-01 00:00:00+00:00
[2024-12-01T15:08:57.667+0500] {logging_mixin.py:190} INFO - [2024-12-01T15:08:57.667+0500] {dag.py:4180} INFO - Setting next_dagrun for read_dataset_event_from_classic to 2024-11-30 00:00:00+00:00, run_after=2024-12-01 00:00:00+00:00
[2024-12-01T15:08:57.688+0500] {processor.py:208} INFO - Processing /Users/hanan-nawaz/Documents/Projects/Pakistan_AQI_Analysis/myenv/lib/python3.12/site-packages/airflow/example_dags/example_inlet_event_extra.py took 0.595 seconds
[2024-12-01T15:13:22.931+0500] {processor.py:186} INFO - Started process (PID=28689) to work on /Users/hanan-nawaz/Documents/Projects/Pakistan_AQI_Analysis/myenv/lib/python3.12/site-packages/airflow/example_dags/example_inlet_event_extra.py
[2024-12-01T15:13:22.933+0500] {processor.py:914} INFO - Processing file /Users/hanan-nawaz/Documents/Projects/Pakistan_AQI_Analysis/myenv/lib/python3.12/site-packages/airflow/example_dags/example_inlet_event_extra.py for tasks to queue
[2024-12-01T15:13:22.934+0500] {logging_mixin.py:190} INFO - [2024-12-01T15:13:22.934+0500] {dagbag.py:588} INFO - Filling up the DagBag from /Users/hanan-nawaz/Documents/Projects/Pakistan_AQI_Analysis/myenv/lib/python3.12/site-packages/airflow/example_dags/example_inlet_event_extra.py
[2024-12-01T15:13:23.015+0500] {processor.py:925} INFO - DAG(s) 'read_dataset_event', 'read_dataset_event_from_classic' retrieved from /Users/hanan-nawaz/Documents/Projects/Pakistan_AQI_Analysis/myenv/lib/python3.12/site-packages/airflow/example_dags/example_inlet_event_extra.py
[2024-12-01T15:13:23.218+0500] {logging_mixin.py:190} INFO - [2024-12-01T15:13:23.218+0500] {dag.py:3239} INFO - Sync 2 DAGs
[2024-12-01T15:13:23.265+0500] {logging_mixin.py:190} INFO - [2024-12-01T15:13:23.265+0500] {dag.py:4180} INFO - Setting next_dagrun for read_dataset_event to 2024-11-30 00:00:00+00:00, run_after=2024-12-01 00:00:00+00:00
[2024-12-01T15:13:23.271+0500] {logging_mixin.py:190} INFO - [2024-12-01T15:13:23.270+0500] {dag.py:4180} INFO - Setting next_dagrun for read_dataset_event_from_classic to 2024-11-30 00:00:00+00:00, run_after=2024-12-01 00:00:00+00:00
[2024-12-01T15:13:23.297+0500] {processor.py:208} INFO - Processing /Users/hanan-nawaz/Documents/Projects/Pakistan_AQI_Analysis/myenv/lib/python3.12/site-packages/airflow/example_dags/example_inlet_event_extra.py took 0.371 seconds
[2024-12-01T15:16:43.979+0500] {processor.py:186} INFO - Started process (PID=29140) to work on /Users/hanan-nawaz/Documents/Projects/Pakistan_AQI_Analysis/myenv/lib/python3.12/site-packages/airflow/example_dags/example_inlet_event_extra.py
[2024-12-01T15:16:43.981+0500] {processor.py:914} INFO - Processing file /Users/hanan-nawaz/Documents/Projects/Pakistan_AQI_Analysis/myenv/lib/python3.12/site-packages/airflow/example_dags/example_inlet_event_extra.py for tasks to queue
[2024-12-01T15:16:43.984+0500] {logging_mixin.py:190} INFO - [2024-12-01T15:16:43.983+0500] {dagbag.py:588} INFO - Filling up the DagBag from /Users/hanan-nawaz/Documents/Projects/Pakistan_AQI_Analysis/myenv/lib/python3.12/site-packages/airflow/example_dags/example_inlet_event_extra.py
[2024-12-01T15:16:44.269+0500] {processor.py:925} INFO - DAG(s) 'read_dataset_event_from_classic', 'read_dataset_event' retrieved from /Users/hanan-nawaz/Documents/Projects/Pakistan_AQI_Analysis/myenv/lib/python3.12/site-packages/airflow/example_dags/example_inlet_event_extra.py
[2024-12-01T15:16:44.601+0500] {logging_mixin.py:190} INFO - [2024-12-01T15:16:44.600+0500] {dag.py:3239} INFO - Sync 2 DAGs
[2024-12-01T15:16:44.655+0500] {logging_mixin.py:190} INFO - [2024-12-01T15:16:44.654+0500] {dag.py:4180} INFO - Setting next_dagrun for read_dataset_event to 2024-11-30 00:00:00+00:00, run_after=2024-12-01 00:00:00+00:00
[2024-12-01T15:16:44.667+0500] {logging_mixin.py:190} INFO - [2024-12-01T15:16:44.667+0500] {dag.py:4180} INFO - Setting next_dagrun for read_dataset_event_from_classic to 2024-11-30 00:00:00+00:00, run_after=2024-12-01 00:00:00+00:00
[2024-12-01T15:16:44.709+0500] {processor.py:208} INFO - Processing /Users/hanan-nawaz/Documents/Projects/Pakistan_AQI_Analysis/myenv/lib/python3.12/site-packages/airflow/example_dags/example_inlet_event_extra.py took 0.741 seconds
[2024-12-01T15:20:22.680+0500] {processor.py:186} INFO - Started process (PID=29461) to work on /Users/hanan-nawaz/Documents/Projects/Pakistan_AQI_Analysis/myenv/lib/python3.12/site-packages/airflow/example_dags/example_inlet_event_extra.py
[2024-12-01T15:20:22.681+0500] {processor.py:914} INFO - Processing file /Users/hanan-nawaz/Documents/Projects/Pakistan_AQI_Analysis/myenv/lib/python3.12/site-packages/airflow/example_dags/example_inlet_event_extra.py for tasks to queue
[2024-12-01T15:20:22.682+0500] {logging_mixin.py:190} INFO - [2024-12-01T15:20:22.682+0500] {dagbag.py:588} INFO - Filling up the DagBag from /Users/hanan-nawaz/Documents/Projects/Pakistan_AQI_Analysis/myenv/lib/python3.12/site-packages/airflow/example_dags/example_inlet_event_extra.py
[2024-12-01T15:20:22.773+0500] {processor.py:925} INFO - DAG(s) 'read_dataset_event', 'read_dataset_event_from_classic' retrieved from /Users/hanan-nawaz/Documents/Projects/Pakistan_AQI_Analysis/myenv/lib/python3.12/site-packages/airflow/example_dags/example_inlet_event_extra.py
[2024-12-01T15:20:22.906+0500] {logging_mixin.py:190} INFO - [2024-12-01T15:20:22.906+0500] {dag.py:3239} INFO - Sync 2 DAGs
[2024-12-01T15:20:22.932+0500] {logging_mixin.py:190} INFO - [2024-12-01T15:20:22.932+0500] {dag.py:4180} INFO - Setting next_dagrun for read_dataset_event to 2024-11-30 00:00:00+00:00, run_after=2024-12-01 00:00:00+00:00
[2024-12-01T15:20:22.938+0500] {logging_mixin.py:190} INFO - [2024-12-01T15:20:22.937+0500] {dag.py:4180} INFO - Setting next_dagrun for read_dataset_event_from_classic to 2024-11-30 00:00:00+00:00, run_after=2024-12-01 00:00:00+00:00
[2024-12-01T15:20:22.963+0500] {processor.py:208} INFO - Processing /Users/hanan-nawaz/Documents/Projects/Pakistan_AQI_Analysis/myenv/lib/python3.12/site-packages/airflow/example_dags/example_inlet_event_extra.py took 0.287 seconds
