[2024-12-01T15:08:05.891+0500] {processor.py:186} INFO - Started process (PID=28106) to work on /Users/hanan-nawaz/Documents/Projects/Pakistan_AQI_Analysis/myenv/lib/python3.12/site-packages/airflow/example_dags/example_sensor_decorator.py
[2024-12-01T15:08:05.892+0500] {processor.py:914} INFO - Processing file /Users/hanan-nawaz/Documents/Projects/Pakistan_AQI_Analysis/myenv/lib/python3.12/site-packages/airflow/example_dags/example_sensor_decorator.py for tasks to queue
[2024-12-01T15:08:05.894+0500] {logging_mixin.py:190} INFO - [2024-12-01T15:08:05.893+0500] {dagbag.py:588} INFO - Filling up the DagBag from /Users/hanan-nawaz/Documents/Projects/Pakistan_AQI_Analysis/myenv/lib/python3.12/site-packages/airflow/example_dags/example_sensor_decorator.py
[2024-12-01T15:08:05.956+0500] {processor.py:925} INFO - DAG(s) 'example_sensor_decorator' retrieved from /Users/hanan-nawaz/Documents/Projects/Pakistan_AQI_Analysis/myenv/lib/python3.12/site-packages/airflow/example_dags/example_sensor_decorator.py
[2024-12-01T15:08:06.080+0500] {logging_mixin.py:190} INFO - [2024-12-01T15:08:06.080+0500] {workday.py:41} WARNING - Could not import pandas. Holidays will not be considered.
[2024-12-01T15:08:06.362+0500] {logging_mixin.py:190} INFO - [2024-12-01T15:08:06.361+0500] {override.py:1911} INFO - Created Permission View: can read on DAG:example_sensor_decorator
[2024-12-01T15:08:06.377+0500] {logging_mixin.py:190} INFO - [2024-12-01T15:08:06.377+0500] {override.py:1911} INFO - Created Permission View: can edit on DAG:example_sensor_decorator
[2024-12-01T15:08:06.388+0500] {logging_mixin.py:190} INFO - [2024-12-01T15:08:06.388+0500] {override.py:1911} INFO - Created Permission View: can delete on DAG:example_sensor_decorator
[2024-12-01T15:08:06.398+0500] {logging_mixin.py:190} INFO - [2024-12-01T15:08:06.398+0500] {override.py:1911} INFO - Created Permission View: can delete on DAG Run:example_sensor_decorator
[2024-12-01T15:08:06.405+0500] {logging_mixin.py:190} INFO - [2024-12-01T15:08:06.405+0500] {override.py:1911} INFO - Created Permission View: menu access on DAG Run:example_sensor_decorator
[2024-12-01T15:08:06.412+0500] {logging_mixin.py:190} INFO - [2024-12-01T15:08:06.411+0500] {override.py:1911} INFO - Created Permission View: can read on DAG Run:example_sensor_decorator
[2024-12-01T15:08:06.419+0500] {logging_mixin.py:190} INFO - [2024-12-01T15:08:06.418+0500] {override.py:1911} INFO - Created Permission View: can create on DAG Run:example_sensor_decorator
[2024-12-01T15:08:06.419+0500] {logging_mixin.py:190} INFO - [2024-12-01T15:08:06.419+0500] {dag.py:3239} INFO - Sync 1 DAGs
[2024-12-01T15:08:06.433+0500] {logging_mixin.py:190} INFO - [2024-12-01T15:08:06.433+0500] {dag.py:3262} INFO - Creating ORM DAG for example_sensor_decorator
[2024-12-01T15:08:06.434+0500] {logging_mixin.py:190} INFO - [2024-12-01T15:08:06.434+0500] {dag.py:4180} INFO - Setting next_dagrun for example_sensor_decorator to None, run_after=None
[2024-12-01T15:08:06.457+0500] {processor.py:208} INFO - Processing /Users/hanan-nawaz/Documents/Projects/Pakistan_AQI_Analysis/myenv/lib/python3.12/site-packages/airflow/example_dags/example_sensor_decorator.py took 0.571 seconds
[2024-12-01T15:12:31.559+0500] {processor.py:186} INFO - Started process (PID=28638) to work on /Users/hanan-nawaz/Documents/Projects/Pakistan_AQI_Analysis/myenv/lib/python3.12/site-packages/airflow/example_dags/example_sensor_decorator.py
[2024-12-01T15:12:31.561+0500] {processor.py:914} INFO - Processing file /Users/hanan-nawaz/Documents/Projects/Pakistan_AQI_Analysis/myenv/lib/python3.12/site-packages/airflow/example_dags/example_sensor_decorator.py for tasks to queue
[2024-12-01T15:12:31.563+0500] {logging_mixin.py:190} INFO - [2024-12-01T15:12:31.562+0500] {dagbag.py:588} INFO - Filling up the DagBag from /Users/hanan-nawaz/Documents/Projects/Pakistan_AQI_Analysis/myenv/lib/python3.12/site-packages/airflow/example_dags/example_sensor_decorator.py
[2024-12-01T15:12:31.651+0500] {processor.py:925} INFO - DAG(s) 'example_sensor_decorator' retrieved from /Users/hanan-nawaz/Documents/Projects/Pakistan_AQI_Analysis/myenv/lib/python3.12/site-packages/airflow/example_dags/example_sensor_decorator.py
[2024-12-01T15:12:31.864+0500] {logging_mixin.py:190} INFO - [2024-12-01T15:12:31.864+0500] {workday.py:41} WARNING - Could not import pandas. Holidays will not be considered.
[2024-12-01T15:12:31.916+0500] {logging_mixin.py:190} INFO - [2024-12-01T15:12:31.914+0500] {dag.py:3239} INFO - Sync 1 DAGs
[2024-12-01T15:12:31.952+0500] {logging_mixin.py:190} INFO - [2024-12-01T15:12:31.951+0500] {dag.py:4180} INFO - Setting next_dagrun for example_sensor_decorator to None, run_after=None
[2024-12-01T15:12:31.994+0500] {processor.py:208} INFO - Processing /Users/hanan-nawaz/Documents/Projects/Pakistan_AQI_Analysis/myenv/lib/python3.12/site-packages/airflow/example_dags/example_sensor_decorator.py took 0.446 seconds
[2024-12-01T15:15:46.104+0500] {processor.py:186} INFO - Started process (PID=29027) to work on /Users/hanan-nawaz/Documents/Projects/Pakistan_AQI_Analysis/myenv/lib/python3.12/site-packages/airflow/example_dags/example_sensor_decorator.py
[2024-12-01T15:15:46.106+0500] {processor.py:914} INFO - Processing file /Users/hanan-nawaz/Documents/Projects/Pakistan_AQI_Analysis/myenv/lib/python3.12/site-packages/airflow/example_dags/example_sensor_decorator.py for tasks to queue
[2024-12-01T15:15:46.109+0500] {logging_mixin.py:190} INFO - [2024-12-01T15:15:46.108+0500] {dagbag.py:588} INFO - Filling up the DagBag from /Users/hanan-nawaz/Documents/Projects/Pakistan_AQI_Analysis/myenv/lib/python3.12/site-packages/airflow/example_dags/example_sensor_decorator.py
[2024-12-01T15:15:46.190+0500] {processor.py:925} INFO - DAG(s) 'example_sensor_decorator' retrieved from /Users/hanan-nawaz/Documents/Projects/Pakistan_AQI_Analysis/myenv/lib/python3.12/site-packages/airflow/example_dags/example_sensor_decorator.py
[2024-12-01T15:15:46.389+0500] {logging_mixin.py:190} INFO - [2024-12-01T15:15:46.389+0500] {workday.py:41} WARNING - Could not import pandas. Holidays will not be considered.
[2024-12-01T15:15:46.423+0500] {logging_mixin.py:190} INFO - [2024-12-01T15:15:46.423+0500] {dag.py:3239} INFO - Sync 1 DAGs
[2024-12-01T15:15:46.446+0500] {logging_mixin.py:190} INFO - [2024-12-01T15:15:46.445+0500] {dag.py:4180} INFO - Setting next_dagrun for example_sensor_decorator to None, run_after=None
[2024-12-01T15:15:46.472+0500] {processor.py:208} INFO - Processing /Users/hanan-nawaz/Documents/Projects/Pakistan_AQI_Analysis/myenv/lib/python3.12/site-packages/airflow/example_dags/example_sensor_decorator.py took 0.402 seconds
[2024-12-01T15:19:24.389+0500] {processor.py:186} INFO - Started process (PID=29366) to work on /Users/hanan-nawaz/Documents/Projects/Pakistan_AQI_Analysis/myenv/lib/python3.12/site-packages/airflow/example_dags/example_sensor_decorator.py
[2024-12-01T15:19:24.391+0500] {processor.py:914} INFO - Processing file /Users/hanan-nawaz/Documents/Projects/Pakistan_AQI_Analysis/myenv/lib/python3.12/site-packages/airflow/example_dags/example_sensor_decorator.py for tasks to queue
[2024-12-01T15:19:24.394+0500] {logging_mixin.py:190} INFO - [2024-12-01T15:19:24.393+0500] {dagbag.py:588} INFO - Filling up the DagBag from /Users/hanan-nawaz/Documents/Projects/Pakistan_AQI_Analysis/myenv/lib/python3.12/site-packages/airflow/example_dags/example_sensor_decorator.py
[2024-12-01T15:19:24.437+0500] {processor.py:925} INFO - DAG(s) 'example_sensor_decorator' retrieved from /Users/hanan-nawaz/Documents/Projects/Pakistan_AQI_Analysis/myenv/lib/python3.12/site-packages/airflow/example_dags/example_sensor_decorator.py
[2024-12-01T15:19:24.578+0500] {logging_mixin.py:190} INFO - [2024-12-01T15:19:24.578+0500] {workday.py:41} WARNING - Could not import pandas. Holidays will not be considered.
[2024-12-01T15:19:24.612+0500] {logging_mixin.py:190} INFO - [2024-12-01T15:19:24.611+0500] {dag.py:3239} INFO - Sync 1 DAGs
[2024-12-01T15:19:24.627+0500] {logging_mixin.py:190} INFO - [2024-12-01T15:19:24.627+0500] {dag.py:4180} INFO - Setting next_dagrun for example_sensor_decorator to None, run_after=None
[2024-12-01T15:19:24.655+0500] {processor.py:208} INFO - Processing /Users/hanan-nawaz/Documents/Projects/Pakistan_AQI_Analysis/myenv/lib/python3.12/site-packages/airflow/example_dags/example_sensor_decorator.py took 0.271 seconds
