[2024-12-01T15:10:05.368+0500] {processor.py:186} INFO - Started process (PID=28384) to work on /Users/hanan-nawaz/Documents/Projects/Pakistan_AQI_Analysis/myenv/lib/python3.12/site-packages/airflow/example_dags/example_branch_day_of_week_operator.py
[2024-12-01T15:10:05.369+0500] {processor.py:914} INFO - Processing file /Users/hanan-nawaz/Documents/Projects/Pakistan_AQI_Analysis/myenv/lib/python3.12/site-packages/airflow/example_dags/example_branch_day_of_week_operator.py for tasks to queue
[2024-12-01T15:10:05.371+0500] {logging_mixin.py:190} INFO - [2024-12-01T15:10:05.370+0500] {dagbag.py:588} INFO - Filling up the DagBag from /Users/hanan-nawaz/Documents/Projects/Pakistan_AQI_Analysis/myenv/lib/python3.12/site-packages/airflow/example_dags/example_branch_day_of_week_operator.py
[2024-12-01T15:10:05.384+0500] {processor.py:925} INFO - DAG(s) 'example_weekday_branch_operator' retrieved from /Users/hanan-nawaz/Documents/Projects/Pakistan_AQI_Analysis/myenv/lib/python3.12/site-packages/airflow/example_dags/example_branch_day_of_week_operator.py
[2024-12-01T15:10:05.626+0500] {logging_mixin.py:190} INFO - [2024-12-01T15:10:05.625+0500] {override.py:1911} INFO - Created Permission View: can edit on DAG:example_weekday_branch_operator
[2024-12-01T15:10:05.639+0500] {logging_mixin.py:190} INFO - [2024-12-01T15:10:05.638+0500] {override.py:1911} INFO - Created Permission View: can read on DAG:example_weekday_branch_operator
[2024-12-01T15:10:05.648+0500] {logging_mixin.py:190} INFO - [2024-12-01T15:10:05.648+0500] {override.py:1911} INFO - Created Permission View: can delete on DAG:example_weekday_branch_operator
[2024-12-01T15:10:05.658+0500] {logging_mixin.py:190} INFO - [2024-12-01T15:10:05.658+0500] {override.py:1911} INFO - Created Permission View: can read on DAG Run:example_weekday_branch_operator
[2024-12-01T15:10:05.665+0500] {logging_mixin.py:190} INFO - [2024-12-01T15:10:05.664+0500] {override.py:1911} INFO - Created Permission View: menu access on DAG Run:example_weekday_branch_operator
[2024-12-01T15:10:05.672+0500] {logging_mixin.py:190} INFO - [2024-12-01T15:10:05.672+0500] {override.py:1911} INFO - Created Permission View: can create on DAG Run:example_weekday_branch_operator
[2024-12-01T15:10:05.681+0500] {logging_mixin.py:190} INFO - [2024-12-01T15:10:05.681+0500] {override.py:1911} INFO - Created Permission View: can delete on DAG Run:example_weekday_branch_operator
[2024-12-01T15:10:05.682+0500] {logging_mixin.py:190} INFO - [2024-12-01T15:10:05.681+0500] {dag.py:3239} INFO - Sync 1 DAGs
[2024-12-01T15:10:05.696+0500] {logging_mixin.py:190} INFO - [2024-12-01T15:10:05.696+0500] {dag.py:3262} INFO - Creating ORM DAG for example_weekday_branch_operator
[2024-12-01T15:10:05.710+0500] {logging_mixin.py:190} INFO - [2024-12-01T15:10:05.710+0500] {dag.py:4180} INFO - Setting next_dagrun for example_weekday_branch_operator to 2024-11-30 00:00:00+00:00, run_after=2024-12-01 00:00:00+00:00
[2024-12-01T15:10:05.803+0500] {processor.py:208} INFO - Processing /Users/hanan-nawaz/Documents/Projects/Pakistan_AQI_Analysis/myenv/lib/python3.12/site-packages/airflow/example_dags/example_branch_day_of_week_operator.py took 0.441 seconds
[2024-12-01T15:17:11.511+0500] {processor.py:186} INFO - Started process (PID=29180) to work on /Users/hanan-nawaz/Documents/Projects/Pakistan_AQI_Analysis/myenv/lib/python3.12/site-packages/airflow/example_dags/example_branch_day_of_week_operator.py
[2024-12-01T15:17:11.512+0500] {processor.py:914} INFO - Processing file /Users/hanan-nawaz/Documents/Projects/Pakistan_AQI_Analysis/myenv/lib/python3.12/site-packages/airflow/example_dags/example_branch_day_of_week_operator.py for tasks to queue
[2024-12-01T15:17:11.513+0500] {logging_mixin.py:190} INFO - [2024-12-01T15:17:11.513+0500] {dagbag.py:588} INFO - Filling up the DagBag from /Users/hanan-nawaz/Documents/Projects/Pakistan_AQI_Analysis/myenv/lib/python3.12/site-packages/airflow/example_dags/example_branch_day_of_week_operator.py
[2024-12-01T15:17:11.533+0500] {processor.py:925} INFO - DAG(s) 'example_weekday_branch_operator' retrieved from /Users/hanan-nawaz/Documents/Projects/Pakistan_AQI_Analysis/myenv/lib/python3.12/site-packages/airflow/example_dags/example_branch_day_of_week_operator.py
[2024-12-01T15:17:11.698+0500] {logging_mixin.py:190} INFO - [2024-12-01T15:17:11.697+0500] {dag.py:3239} INFO - Sync 1 DAGs
[2024-12-01T15:17:11.731+0500] {logging_mixin.py:190} INFO - [2024-12-01T15:17:11.731+0500] {dag.py:4180} INFO - Setting next_dagrun for example_weekday_branch_operator to 2024-11-30 00:00:00+00:00, run_after=2024-12-01 00:00:00+00:00
[2024-12-01T15:17:11.918+0500] {processor.py:208} INFO - Processing /Users/hanan-nawaz/Documents/Projects/Pakistan_AQI_Analysis/myenv/lib/python3.12/site-packages/airflow/example_dags/example_branch_day_of_week_operator.py took 0.415 seconds
