[2024-12-01T15:07:24.876+0500] {processor.py:186} INFO - Started process (PID=28001) to work on /Users/hanan-nawaz/Documents/Projects/Pakistan_AQI_Analysis/myenv/lib/python3.12/site-packages/airflow/example_dags/example_task_group_decorator.py
[2024-12-01T15:07:24.877+0500] {processor.py:914} INFO - Processing file /Users/hanan-nawaz/Documents/Projects/Pakistan_AQI_Analysis/myenv/lib/python3.12/site-packages/airflow/example_dags/example_task_group_decorator.py for tasks to queue
[2024-12-01T15:07:24.879+0500] {logging_mixin.py:190} INFO - [2024-12-01T15:07:24.879+0500] {dagbag.py:588} INFO - Filling up the DagBag from /Users/hanan-nawaz/Documents/Projects/Pakistan_AQI_Analysis/myenv/lib/python3.12/site-packages/airflow/example_dags/example_task_group_decorator.py
[2024-12-01T15:07:24.926+0500] {processor.py:925} INFO - DAG(s) 'example_task_group_decorator' retrieved from /Users/hanan-nawaz/Documents/Projects/Pakistan_AQI_Analysis/myenv/lib/python3.12/site-packages/airflow/example_dags/example_task_group_decorator.py
[2024-12-01T15:07:25.277+0500] {logging_mixin.py:190} INFO - [2024-12-01T15:07:25.277+0500] {override.py:1911} INFO - Created Permission View: can delete on DAG:example_task_group_decorator
[2024-12-01T15:07:25.295+0500] {logging_mixin.py:190} INFO - [2024-12-01T15:07:25.295+0500] {override.py:1911} INFO - Created Permission View: can edit on DAG:example_task_group_decorator
[2024-12-01T15:07:25.305+0500] {logging_mixin.py:190} INFO - [2024-12-01T15:07:25.305+0500] {override.py:1911} INFO - Created Permission View: can read on DAG:example_task_group_decorator
[2024-12-01T15:07:25.314+0500] {logging_mixin.py:190} INFO - [2024-12-01T15:07:25.314+0500] {override.py:1911} INFO - Created Permission View: menu access on DAG Run:example_task_group_decorator
[2024-12-01T15:07:25.323+0500] {logging_mixin.py:190} INFO - [2024-12-01T15:07:25.322+0500] {override.py:1911} INFO - Created Permission View: can create on DAG Run:example_task_group_decorator
[2024-12-01T15:07:25.330+0500] {logging_mixin.py:190} INFO - [2024-12-01T15:07:25.330+0500] {override.py:1911} INFO - Created Permission View: can delete on DAG Run:example_task_group_decorator
[2024-12-01T15:07:25.337+0500] {logging_mixin.py:190} INFO - [2024-12-01T15:07:25.337+0500] {override.py:1911} INFO - Created Permission View: can read on DAG Run:example_task_group_decorator
[2024-12-01T15:07:25.338+0500] {logging_mixin.py:190} INFO - [2024-12-01T15:07:25.338+0500] {dag.py:3239} INFO - Sync 1 DAGs
[2024-12-01T15:07:25.353+0500] {logging_mixin.py:190} INFO - [2024-12-01T15:07:25.353+0500] {dag.py:3262} INFO - Creating ORM DAG for example_task_group_decorator
[2024-12-01T15:07:25.354+0500] {logging_mixin.py:190} INFO - [2024-12-01T15:07:25.354+0500] {dag.py:4180} INFO - Setting next_dagrun for example_task_group_decorator to None, run_after=None
[2024-12-01T15:07:25.375+0500] {processor.py:208} INFO - Processing /Users/hanan-nawaz/Documents/Projects/Pakistan_AQI_Analysis/myenv/lib/python3.12/site-packages/airflow/example_dags/example_task_group_decorator.py took 0.508 seconds
[2024-12-01T15:11:42.907+0500] {processor.py:186} INFO - Started process (PID=28590) to work on /Users/hanan-nawaz/Documents/Projects/Pakistan_AQI_Analysis/myenv/lib/python3.12/site-packages/airflow/example_dags/example_task_group_decorator.py
[2024-12-01T15:11:42.908+0500] {processor.py:914} INFO - Processing file /Users/hanan-nawaz/Documents/Projects/Pakistan_AQI_Analysis/myenv/lib/python3.12/site-packages/airflow/example_dags/example_task_group_decorator.py for tasks to queue
[2024-12-01T15:11:42.910+0500] {logging_mixin.py:190} INFO - [2024-12-01T15:11:42.909+0500] {dagbag.py:588} INFO - Filling up the DagBag from /Users/hanan-nawaz/Documents/Projects/Pakistan_AQI_Analysis/myenv/lib/python3.12/site-packages/airflow/example_dags/example_task_group_decorator.py
[2024-12-01T15:11:42.992+0500] {processor.py:925} INFO - DAG(s) 'example_task_group_decorator' retrieved from /Users/hanan-nawaz/Documents/Projects/Pakistan_AQI_Analysis/myenv/lib/python3.12/site-packages/airflow/example_dags/example_task_group_decorator.py
[2024-12-01T15:11:43.266+0500] {logging_mixin.py:190} INFO - [2024-12-01T15:11:43.265+0500] {dag.py:3239} INFO - Sync 1 DAGs
[2024-12-01T15:11:43.306+0500] {logging_mixin.py:190} INFO - [2024-12-01T15:11:43.305+0500] {dag.py:4180} INFO - Setting next_dagrun for example_task_group_decorator to None, run_after=None
[2024-12-01T15:11:43.350+0500] {processor.py:208} INFO - Processing /Users/hanan-nawaz/Documents/Projects/Pakistan_AQI_Analysis/myenv/lib/python3.12/site-packages/airflow/example_dags/example_task_group_decorator.py took 0.450 seconds
[2024-12-01T15:15:04.926+0500] {processor.py:186} INFO - Started process (PID=28962) to work on /Users/hanan-nawaz/Documents/Projects/Pakistan_AQI_Analysis/myenv/lib/python3.12/site-packages/airflow/example_dags/example_task_group_decorator.py
[2024-12-01T15:15:04.928+0500] {processor.py:914} INFO - Processing file /Users/hanan-nawaz/Documents/Projects/Pakistan_AQI_Analysis/myenv/lib/python3.12/site-packages/airflow/example_dags/example_task_group_decorator.py for tasks to queue
[2024-12-01T15:15:04.929+0500] {logging_mixin.py:190} INFO - [2024-12-01T15:15:04.929+0500] {dagbag.py:588} INFO - Filling up the DagBag from /Users/hanan-nawaz/Documents/Projects/Pakistan_AQI_Analysis/myenv/lib/python3.12/site-packages/airflow/example_dags/example_task_group_decorator.py
[2024-12-01T15:15:04.986+0500] {processor.py:925} INFO - DAG(s) 'example_task_group_decorator' retrieved from /Users/hanan-nawaz/Documents/Projects/Pakistan_AQI_Analysis/myenv/lib/python3.12/site-packages/airflow/example_dags/example_task_group_decorator.py
[2024-12-01T15:15:05.135+0500] {logging_mixin.py:190} INFO - [2024-12-01T15:15:05.134+0500] {dag.py:3239} INFO - Sync 1 DAGs
[2024-12-01T15:15:05.148+0500] {logging_mixin.py:190} INFO - [2024-12-01T15:15:05.147+0500] {dag.py:4180} INFO - Setting next_dagrun for example_task_group_decorator to None, run_after=None
[2024-12-01T15:15:05.170+0500] {processor.py:208} INFO - Processing /Users/hanan-nawaz/Documents/Projects/Pakistan_AQI_Analysis/myenv/lib/python3.12/site-packages/airflow/example_dags/example_task_group_decorator.py took 0.251 seconds
[2024-12-01T15:18:42.280+0500] {processor.py:186} INFO - Started process (PID=29329) to work on /Users/hanan-nawaz/Documents/Projects/Pakistan_AQI_Analysis/myenv/lib/python3.12/site-packages/airflow/example_dags/example_task_group_decorator.py
[2024-12-01T15:18:42.282+0500] {processor.py:914} INFO - Processing file /Users/hanan-nawaz/Documents/Projects/Pakistan_AQI_Analysis/myenv/lib/python3.12/site-packages/airflow/example_dags/example_task_group_decorator.py for tasks to queue
[2024-12-01T15:18:42.283+0500] {logging_mixin.py:190} INFO - [2024-12-01T15:18:42.283+0500] {dagbag.py:588} INFO - Filling up the DagBag from /Users/hanan-nawaz/Documents/Projects/Pakistan_AQI_Analysis/myenv/lib/python3.12/site-packages/airflow/example_dags/example_task_group_decorator.py
[2024-12-01T15:18:42.392+0500] {processor.py:925} INFO - DAG(s) 'example_task_group_decorator' retrieved from /Users/hanan-nawaz/Documents/Projects/Pakistan_AQI_Analysis/myenv/lib/python3.12/site-packages/airflow/example_dags/example_task_group_decorator.py
[2024-12-01T15:18:42.537+0500] {logging_mixin.py:190} INFO - [2024-12-01T15:18:42.537+0500] {dag.py:3239} INFO - Sync 1 DAGs
[2024-12-01T15:18:42.551+0500] {logging_mixin.py:190} INFO - [2024-12-01T15:18:42.551+0500] {dag.py:4180} INFO - Setting next_dagrun for example_task_group_decorator to None, run_after=None
[2024-12-01T15:18:42.597+0500] {processor.py:208} INFO - Processing /Users/hanan-nawaz/Documents/Projects/Pakistan_AQI_Analysis/myenv/lib/python3.12/site-packages/airflow/example_dags/example_task_group_decorator.py took 0.323 seconds
