[2024-12-01T15:08:23.318+0500] {processor.py:186} INFO - Started process (PID=28122) to work on /Users/hanan-nawaz/Documents/Projects/Pakistan_AQI_Analysis/myenv/lib/python3.12/site-packages/airflow/example_dags/example_params_ui_tutorial.py
[2024-12-01T15:08:23.320+0500] {processor.py:914} INFO - Processing file /Users/hanan-nawaz/Documents/Projects/Pakistan_AQI_Analysis/myenv/lib/python3.12/site-packages/airflow/example_dags/example_params_ui_tutorial.py for tasks to queue
[2024-12-01T15:08:23.321+0500] {logging_mixin.py:190} INFO - [2024-12-01T15:08:23.320+0500] {dagbag.py:588} INFO - Filling up the DagBag from /Users/hanan-nawaz/Documents/Projects/Pakistan_AQI_Analysis/myenv/lib/python3.12/site-packages/airflow/example_dags/example_params_ui_tutorial.py
[2024-12-01T15:08:23.365+0500] {processor.py:925} INFO - DAG(s) 'example_params_ui_tutorial' retrieved from /Users/hanan-nawaz/Documents/Projects/Pakistan_AQI_Analysis/myenv/lib/python3.12/site-packages/airflow/example_dags/example_params_ui_tutorial.py
[2024-12-01T15:08:23.863+0500] {logging_mixin.py:190} INFO - [2024-12-01T15:08:23.862+0500] {override.py:1911} INFO - Created Permission View: can edit on DAG:example_params_ui_tutorial
[2024-12-01T15:08:23.873+0500] {logging_mixin.py:190} INFO - [2024-12-01T15:08:23.872+0500] {override.py:1911} INFO - Created Permission View: can delete on DAG:example_params_ui_tutorial
[2024-12-01T15:08:23.880+0500] {logging_mixin.py:190} INFO - [2024-12-01T15:08:23.879+0500] {override.py:1911} INFO - Created Permission View: can read on DAG:example_params_ui_tutorial
[2024-12-01T15:08:23.889+0500] {logging_mixin.py:190} INFO - [2024-12-01T15:08:23.888+0500] {override.py:1911} INFO - Created Permission View: menu access on DAG Run:example_params_ui_tutorial
[2024-12-01T15:08:23.896+0500] {logging_mixin.py:190} INFO - [2024-12-01T15:08:23.895+0500] {override.py:1911} INFO - Created Permission View: can delete on DAG Run:example_params_ui_tutorial
[2024-12-01T15:08:23.902+0500] {logging_mixin.py:190} INFO - [2024-12-01T15:08:23.902+0500] {override.py:1911} INFO - Created Permission View: can create on DAG Run:example_params_ui_tutorial
[2024-12-01T15:08:23.910+0500] {logging_mixin.py:190} INFO - [2024-12-01T15:08:23.910+0500] {override.py:1911} INFO - Created Permission View: can read on DAG Run:example_params_ui_tutorial
[2024-12-01T15:08:23.910+0500] {logging_mixin.py:190} INFO - [2024-12-01T15:08:23.910+0500] {dag.py:3239} INFO - Sync 1 DAGs
[2024-12-01T15:08:23.923+0500] {logging_mixin.py:190} INFO - [2024-12-01T15:08:23.923+0500] {dag.py:3262} INFO - Creating ORM DAG for example_params_ui_tutorial
[2024-12-01T15:08:23.924+0500] {logging_mixin.py:190} INFO - [2024-12-01T15:08:23.924+0500] {dag.py:4180} INFO - Setting next_dagrun for example_params_ui_tutorial to None, run_after=None
[2024-12-01T15:08:23.943+0500] {processor.py:208} INFO - Processing /Users/hanan-nawaz/Documents/Projects/Pakistan_AQI_Analysis/myenv/lib/python3.12/site-packages/airflow/example_dags/example_params_ui_tutorial.py took 0.630 seconds
[2024-12-01T15:12:48.564+0500] {processor.py:186} INFO - Started process (PID=28652) to work on /Users/hanan-nawaz/Documents/Projects/Pakistan_AQI_Analysis/myenv/lib/python3.12/site-packages/airflow/example_dags/example_params_ui_tutorial.py
[2024-12-01T15:12:48.566+0500] {processor.py:914} INFO - Processing file /Users/hanan-nawaz/Documents/Projects/Pakistan_AQI_Analysis/myenv/lib/python3.12/site-packages/airflow/example_dags/example_params_ui_tutorial.py for tasks to queue
[2024-12-01T15:12:48.567+0500] {logging_mixin.py:190} INFO - [2024-12-01T15:12:48.566+0500] {dagbag.py:588} INFO - Filling up the DagBag from /Users/hanan-nawaz/Documents/Projects/Pakistan_AQI_Analysis/myenv/lib/python3.12/site-packages/airflow/example_dags/example_params_ui_tutorial.py
[2024-12-01T15:12:48.645+0500] {processor.py:925} INFO - DAG(s) 'example_params_ui_tutorial' retrieved from /Users/hanan-nawaz/Documents/Projects/Pakistan_AQI_Analysis/myenv/lib/python3.12/site-packages/airflow/example_dags/example_params_ui_tutorial.py
[2024-12-01T15:12:48.859+0500] {logging_mixin.py:190} INFO - [2024-12-01T15:12:48.859+0500] {dag.py:3239} INFO - Sync 1 DAGs
[2024-12-01T15:12:48.876+0500] {logging_mixin.py:190} INFO - [2024-12-01T15:12:48.876+0500] {dag.py:4180} INFO - Setting next_dagrun for example_params_ui_tutorial to None, run_after=None
[2024-12-01T15:12:48.911+0500] {processor.py:208} INFO - Processing /Users/hanan-nawaz/Documents/Projects/Pakistan_AQI_Analysis/myenv/lib/python3.12/site-packages/airflow/example_dags/example_params_ui_tutorial.py took 0.353 seconds
[2024-12-01T15:16:03.937+0500] {processor.py:186} INFO - Started process (PID=29041) to work on /Users/hanan-nawaz/Documents/Projects/Pakistan_AQI_Analysis/myenv/lib/python3.12/site-packages/airflow/example_dags/example_params_ui_tutorial.py
[2024-12-01T15:16:03.939+0500] {processor.py:914} INFO - Processing file /Users/hanan-nawaz/Documents/Projects/Pakistan_AQI_Analysis/myenv/lib/python3.12/site-packages/airflow/example_dags/example_params_ui_tutorial.py for tasks to queue
[2024-12-01T15:16:03.942+0500] {logging_mixin.py:190} INFO - [2024-12-01T15:16:03.942+0500] {dagbag.py:588} INFO - Filling up the DagBag from /Users/hanan-nawaz/Documents/Projects/Pakistan_AQI_Analysis/myenv/lib/python3.12/site-packages/airflow/example_dags/example_params_ui_tutorial.py
[2024-12-01T15:16:04.016+0500] {processor.py:925} INFO - DAG(s) 'example_params_ui_tutorial' retrieved from /Users/hanan-nawaz/Documents/Projects/Pakistan_AQI_Analysis/myenv/lib/python3.12/site-packages/airflow/example_dags/example_params_ui_tutorial.py
[2024-12-01T15:16:04.267+0500] {logging_mixin.py:190} INFO - [2024-12-01T15:16:04.267+0500] {dag.py:3239} INFO - Sync 1 DAGs
[2024-12-01T15:16:04.285+0500] {logging_mixin.py:190} INFO - [2024-12-01T15:16:04.284+0500] {dag.py:4180} INFO - Setting next_dagrun for example_params_ui_tutorial to None, run_after=None
[2024-12-01T15:16:04.317+0500] {processor.py:208} INFO - Processing /Users/hanan-nawaz/Documents/Projects/Pakistan_AQI_Analysis/myenv/lib/python3.12/site-packages/airflow/example_dags/example_params_ui_tutorial.py took 0.390 seconds
[2024-12-01T15:19:41.505+0500] {processor.py:186} INFO - Started process (PID=29380) to work on /Users/hanan-nawaz/Documents/Projects/Pakistan_AQI_Analysis/myenv/lib/python3.12/site-packages/airflow/example_dags/example_params_ui_tutorial.py
[2024-12-01T15:19:41.508+0500] {processor.py:914} INFO - Processing file /Users/hanan-nawaz/Documents/Projects/Pakistan_AQI_Analysis/myenv/lib/python3.12/site-packages/airflow/example_dags/example_params_ui_tutorial.py for tasks to queue
[2024-12-01T15:19:41.510+0500] {logging_mixin.py:190} INFO - [2024-12-01T15:19:41.509+0500] {dagbag.py:588} INFO - Filling up the DagBag from /Users/hanan-nawaz/Documents/Projects/Pakistan_AQI_Analysis/myenv/lib/python3.12/site-packages/airflow/example_dags/example_params_ui_tutorial.py
[2024-12-01T15:19:41.561+0500] {processor.py:925} INFO - DAG(s) 'example_params_ui_tutorial' retrieved from /Users/hanan-nawaz/Documents/Projects/Pakistan_AQI_Analysis/myenv/lib/python3.12/site-packages/airflow/example_dags/example_params_ui_tutorial.py
[2024-12-01T15:19:41.857+0500] {logging_mixin.py:190} INFO - [2024-12-01T15:19:41.857+0500] {dag.py:3239} INFO - Sync 1 DAGs
[2024-12-01T15:19:41.882+0500] {logging_mixin.py:190} INFO - [2024-12-01T15:19:41.881+0500] {dag.py:4180} INFO - Setting next_dagrun for example_params_ui_tutorial to None, run_after=None
[2024-12-01T15:19:41.912+0500] {processor.py:208} INFO - Processing /Users/hanan-nawaz/Documents/Projects/Pakistan_AQI_Analysis/myenv/lib/python3.12/site-packages/airflow/example_dags/example_params_ui_tutorial.py took 0.420 seconds
