[2024-12-01T15:07:29.309+0500] {processor.py:186} INFO - Started process (PID=28023) to work on /Users/hanan-nawaz/Documents/Projects/Pakistan_AQI_Analysis/myenv/lib/python3.12/site-packages/airflow/example_dags/example_task_group.py
[2024-12-01T15:07:29.311+0500] {processor.py:914} INFO - Processing file /Users/hanan-nawaz/Documents/Projects/Pakistan_AQI_Analysis/myenv/lib/python3.12/site-packages/airflow/example_dags/example_task_group.py for tasks to queue
[2024-12-01T15:07:29.314+0500] {logging_mixin.py:190} INFO - [2024-12-01T15:07:29.314+0500] {dagbag.py:588} INFO - Filling up the DagBag from /Users/hanan-nawaz/Documents/Projects/Pakistan_AQI_Analysis/myenv/lib/python3.12/site-packages/airflow/example_dags/example_task_group.py
[2024-12-01T15:07:29.332+0500] {processor.py:925} INFO - DAG(s) 'example_task_group' retrieved from /Users/hanan-nawaz/Documents/Projects/Pakistan_AQI_Analysis/myenv/lib/python3.12/site-packages/airflow/example_dags/example_task_group.py
[2024-12-01T15:07:29.703+0500] {logging_mixin.py:190} INFO - [2024-12-01T15:07:29.702+0500] {override.py:1911} INFO - Created Permission View: can delete on DAG:example_task_group
[2024-12-01T15:07:29.718+0500] {logging_mixin.py:190} INFO - [2024-12-01T15:07:29.717+0500] {override.py:1911} INFO - Created Permission View: can read on DAG:example_task_group
[2024-12-01T15:07:29.729+0500] {logging_mixin.py:190} INFO - [2024-12-01T15:07:29.728+0500] {override.py:1911} INFO - Created Permission View: can edit on DAG:example_task_group
[2024-12-01T15:07:29.742+0500] {logging_mixin.py:190} INFO - [2024-12-01T15:07:29.741+0500] {override.py:1911} INFO - Created Permission View: can delete on DAG Run:example_task_group
[2024-12-01T15:07:29.750+0500] {logging_mixin.py:190} INFO - [2024-12-01T15:07:29.749+0500] {override.py:1911} INFO - Created Permission View: can read on DAG Run:example_task_group
[2024-12-01T15:07:29.757+0500] {logging_mixin.py:190} INFO - [2024-12-01T15:07:29.756+0500] {override.py:1911} INFO - Created Permission View: can create on DAG Run:example_task_group
[2024-12-01T15:07:29.763+0500] {logging_mixin.py:190} INFO - [2024-12-01T15:07:29.762+0500] {override.py:1911} INFO - Created Permission View: menu access on DAG Run:example_task_group
[2024-12-01T15:07:29.763+0500] {logging_mixin.py:190} INFO - [2024-12-01T15:07:29.763+0500] {dag.py:3239} INFO - Sync 1 DAGs
[2024-12-01T15:07:29.775+0500] {logging_mixin.py:190} INFO - [2024-12-01T15:07:29.775+0500] {dag.py:3262} INFO - Creating ORM DAG for example_task_group
[2024-12-01T15:07:29.776+0500] {logging_mixin.py:190} INFO - [2024-12-01T15:07:29.775+0500] {dag.py:4180} INFO - Setting next_dagrun for example_task_group to None, run_after=None
[2024-12-01T15:07:29.864+0500] {processor.py:208} INFO - Processing /Users/hanan-nawaz/Documents/Projects/Pakistan_AQI_Analysis/myenv/lib/python3.12/site-packages/airflow/example_dags/example_task_group.py took 0.563 seconds
[2024-12-01T15:11:48.460+0500] {processor.py:186} INFO - Started process (PID=28602) to work on /Users/hanan-nawaz/Documents/Projects/Pakistan_AQI_Analysis/myenv/lib/python3.12/site-packages/airflow/example_dags/example_task_group.py
[2024-12-01T15:11:48.462+0500] {processor.py:914} INFO - Processing file /Users/hanan-nawaz/Documents/Projects/Pakistan_AQI_Analysis/myenv/lib/python3.12/site-packages/airflow/example_dags/example_task_group.py for tasks to queue
[2024-12-01T15:11:48.463+0500] {logging_mixin.py:190} INFO - [2024-12-01T15:11:48.463+0500] {dagbag.py:588} INFO - Filling up the DagBag from /Users/hanan-nawaz/Documents/Projects/Pakistan_AQI_Analysis/myenv/lib/python3.12/site-packages/airflow/example_dags/example_task_group.py
[2024-12-01T15:11:48.488+0500] {processor.py:925} INFO - DAG(s) 'example_task_group' retrieved from /Users/hanan-nawaz/Documents/Projects/Pakistan_AQI_Analysis/myenv/lib/python3.12/site-packages/airflow/example_dags/example_task_group.py
[2024-12-01T15:11:48.753+0500] {logging_mixin.py:190} INFO - [2024-12-01T15:11:48.753+0500] {dag.py:3239} INFO - Sync 1 DAGs
[2024-12-01T15:11:48.787+0500] {logging_mixin.py:190} INFO - [2024-12-01T15:11:48.786+0500] {dag.py:4180} INFO - Setting next_dagrun for example_task_group to None, run_after=None
[2024-12-01T15:11:48.838+0500] {processor.py:208} INFO - Processing /Users/hanan-nawaz/Documents/Projects/Pakistan_AQI_Analysis/myenv/lib/python3.12/site-packages/airflow/example_dags/example_task_group.py took 0.384 seconds
[2024-12-01T15:15:09.094+0500] {processor.py:186} INFO - Started process (PID=28975) to work on /Users/hanan-nawaz/Documents/Projects/Pakistan_AQI_Analysis/myenv/lib/python3.12/site-packages/airflow/example_dags/example_task_group.py
[2024-12-01T15:15:09.095+0500] {processor.py:914} INFO - Processing file /Users/hanan-nawaz/Documents/Projects/Pakistan_AQI_Analysis/myenv/lib/python3.12/site-packages/airflow/example_dags/example_task_group.py for tasks to queue
[2024-12-01T15:15:09.097+0500] {logging_mixin.py:190} INFO - [2024-12-01T15:15:09.097+0500] {dagbag.py:588} INFO - Filling up the DagBag from /Users/hanan-nawaz/Documents/Projects/Pakistan_AQI_Analysis/myenv/lib/python3.12/site-packages/airflow/example_dags/example_task_group.py
[2024-12-01T15:15:09.126+0500] {processor.py:925} INFO - DAG(s) 'example_task_group' retrieved from /Users/hanan-nawaz/Documents/Projects/Pakistan_AQI_Analysis/myenv/lib/python3.12/site-packages/airflow/example_dags/example_task_group.py
[2024-12-01T15:15:09.284+0500] {logging_mixin.py:190} INFO - [2024-12-01T15:15:09.283+0500] {dag.py:3239} INFO - Sync 1 DAGs
[2024-12-01T15:15:09.308+0500] {logging_mixin.py:190} INFO - [2024-12-01T15:15:09.308+0500] {dag.py:4180} INFO - Setting next_dagrun for example_task_group to None, run_after=None
[2024-12-01T15:15:09.342+0500] {processor.py:208} INFO - Processing /Users/hanan-nawaz/Documents/Projects/Pakistan_AQI_Analysis/myenv/lib/python3.12/site-packages/airflow/example_dags/example_task_group.py took 0.254 seconds
[2024-12-01T15:18:46.559+0500] {processor.py:186} INFO - Started process (PID=29331) to work on /Users/hanan-nawaz/Documents/Projects/Pakistan_AQI_Analysis/myenv/lib/python3.12/site-packages/airflow/example_dags/example_task_group.py
[2024-12-01T15:18:46.561+0500] {processor.py:914} INFO - Processing file /Users/hanan-nawaz/Documents/Projects/Pakistan_AQI_Analysis/myenv/lib/python3.12/site-packages/airflow/example_dags/example_task_group.py for tasks to queue
[2024-12-01T15:18:46.563+0500] {logging_mixin.py:190} INFO - [2024-12-01T15:18:46.562+0500] {dagbag.py:588} INFO - Filling up the DagBag from /Users/hanan-nawaz/Documents/Projects/Pakistan_AQI_Analysis/myenv/lib/python3.12/site-packages/airflow/example_dags/example_task_group.py
[2024-12-01T15:18:46.579+0500] {processor.py:925} INFO - DAG(s) 'example_task_group' retrieved from /Users/hanan-nawaz/Documents/Projects/Pakistan_AQI_Analysis/myenv/lib/python3.12/site-packages/airflow/example_dags/example_task_group.py
[2024-12-01T15:18:46.872+0500] {logging_mixin.py:190} INFO - [2024-12-01T15:18:46.871+0500] {dag.py:3239} INFO - Sync 1 DAGs
[2024-12-01T15:18:46.891+0500] {logging_mixin.py:190} INFO - [2024-12-01T15:18:46.889+0500] {dag.py:4180} INFO - Setting next_dagrun for example_task_group to None, run_after=None
[2024-12-01T15:18:46.930+0500] {processor.py:208} INFO - Processing /Users/hanan-nawaz/Documents/Projects/Pakistan_AQI_Analysis/myenv/lib/python3.12/site-packages/airflow/example_dags/example_task_group.py took 0.379 seconds
