[2024-12-01T15:07:57.927+0500] {processor.py:186} INFO - Started process (PID=28085) to work on /Users/hanan-nawaz/Documents/Projects/Pakistan_AQI_Analysis/myenv/lib/python3.12/site-packages/airflow/example_dags/example_setup_teardown.py
[2024-12-01T15:07:57.929+0500] {processor.py:914} INFO - Processing file /Users/hanan-nawaz/Documents/Projects/Pakistan_AQI_Analysis/myenv/lib/python3.12/site-packages/airflow/example_dags/example_setup_teardown.py for tasks to queue
[2024-12-01T15:07:57.931+0500] {logging_mixin.py:190} INFO - [2024-12-01T15:07:57.930+0500] {dagbag.py:588} INFO - Filling up the DagBag from /Users/hanan-nawaz/Documents/Projects/Pakistan_AQI_Analysis/myenv/lib/python3.12/site-packages/airflow/example_dags/example_setup_teardown.py
[2024-12-01T15:07:57.947+0500] {processor.py:925} INFO - DAG(s) 'example_setup_teardown' retrieved from /Users/hanan-nawaz/Documents/Projects/Pakistan_AQI_Analysis/myenv/lib/python3.12/site-packages/airflow/example_dags/example_setup_teardown.py
[2024-12-01T15:07:58.259+0500] {logging_mixin.py:190} INFO - [2024-12-01T15:07:58.259+0500] {override.py:1911} INFO - Created Permission View: can edit on DAG:example_setup_teardown
[2024-12-01T15:07:58.269+0500] {logging_mixin.py:190} INFO - [2024-12-01T15:07:58.269+0500] {override.py:1911} INFO - Created Permission View: can delete on DAG:example_setup_teardown
[2024-12-01T15:07:58.276+0500] {logging_mixin.py:190} INFO - [2024-12-01T15:07:58.276+0500] {override.py:1911} INFO - Created Permission View: can read on DAG:example_setup_teardown
[2024-12-01T15:07:58.285+0500] {logging_mixin.py:190} INFO - [2024-12-01T15:07:58.285+0500] {override.py:1911} INFO - Created Permission View: menu access on DAG Run:example_setup_teardown
[2024-12-01T15:07:58.291+0500] {logging_mixin.py:190} INFO - [2024-12-01T15:07:58.291+0500] {override.py:1911} INFO - Created Permission View: can create on DAG Run:example_setup_teardown
[2024-12-01T15:07:58.298+0500] {logging_mixin.py:190} INFO - [2024-12-01T15:07:58.298+0500] {override.py:1911} INFO - Created Permission View: can delete on DAG Run:example_setup_teardown
[2024-12-01T15:07:58.309+0500] {logging_mixin.py:190} INFO - [2024-12-01T15:07:58.309+0500] {override.py:1911} INFO - Created Permission View: can read on DAG Run:example_setup_teardown
[2024-12-01T15:07:58.309+0500] {logging_mixin.py:190} INFO - [2024-12-01T15:07:58.309+0500] {dag.py:3239} INFO - Sync 1 DAGs
[2024-12-01T15:07:58.324+0500] {logging_mixin.py:190} INFO - [2024-12-01T15:07:58.324+0500] {dag.py:3262} INFO - Creating ORM DAG for example_setup_teardown
[2024-12-01T15:07:58.325+0500] {logging_mixin.py:190} INFO - [2024-12-01T15:07:58.325+0500] {dag.py:4180} INFO - Setting next_dagrun for example_setup_teardown to None, run_after=None
[2024-12-01T15:07:58.344+0500] {processor.py:208} INFO - Processing /Users/hanan-nawaz/Documents/Projects/Pakistan_AQI_Analysis/myenv/lib/python3.12/site-packages/airflow/example_dags/example_setup_teardown.py took 0.423 seconds
[2024-12-01T15:12:22.071+0500] {processor.py:186} INFO - Started process (PID=28630) to work on /Users/hanan-nawaz/Documents/Projects/Pakistan_AQI_Analysis/myenv/lib/python3.12/site-packages/airflow/example_dags/example_setup_teardown.py
[2024-12-01T15:12:22.072+0500] {processor.py:914} INFO - Processing file /Users/hanan-nawaz/Documents/Projects/Pakistan_AQI_Analysis/myenv/lib/python3.12/site-packages/airflow/example_dags/example_setup_teardown.py for tasks to queue
[2024-12-01T15:12:22.073+0500] {logging_mixin.py:190} INFO - [2024-12-01T15:12:22.073+0500] {dagbag.py:588} INFO - Filling up the DagBag from /Users/hanan-nawaz/Documents/Projects/Pakistan_AQI_Analysis/myenv/lib/python3.12/site-packages/airflow/example_dags/example_setup_teardown.py
[2024-12-01T15:12:22.082+0500] {processor.py:925} INFO - DAG(s) 'example_setup_teardown' retrieved from /Users/hanan-nawaz/Documents/Projects/Pakistan_AQI_Analysis/myenv/lib/python3.12/site-packages/airflow/example_dags/example_setup_teardown.py
[2024-12-01T15:12:22.199+0500] {logging_mixin.py:190} INFO - [2024-12-01T15:12:22.199+0500] {dag.py:3239} INFO - Sync 1 DAGs
[2024-12-01T15:12:22.210+0500] {logging_mixin.py:190} INFO - [2024-12-01T15:12:22.210+0500] {dag.py:4180} INFO - Setting next_dagrun for example_setup_teardown to None, run_after=None
[2024-12-01T15:12:22.230+0500] {processor.py:208} INFO - Processing /Users/hanan-nawaz/Documents/Projects/Pakistan_AQI_Analysis/myenv/lib/python3.12/site-packages/airflow/example_dags/example_setup_teardown.py took 0.166 seconds
[2024-12-01T15:15:36.820+0500] {processor.py:186} INFO - Started process (PID=29018) to work on /Users/hanan-nawaz/Documents/Projects/Pakistan_AQI_Analysis/myenv/lib/python3.12/site-packages/airflow/example_dags/example_setup_teardown.py
[2024-12-01T15:15:36.821+0500] {processor.py:914} INFO - Processing file /Users/hanan-nawaz/Documents/Projects/Pakistan_AQI_Analysis/myenv/lib/python3.12/site-packages/airflow/example_dags/example_setup_teardown.py for tasks to queue
[2024-12-01T15:15:36.822+0500] {logging_mixin.py:190} INFO - [2024-12-01T15:15:36.822+0500] {dagbag.py:588} INFO - Filling up the DagBag from /Users/hanan-nawaz/Documents/Projects/Pakistan_AQI_Analysis/myenv/lib/python3.12/site-packages/airflow/example_dags/example_setup_teardown.py
[2024-12-01T15:15:36.838+0500] {processor.py:925} INFO - DAG(s) 'example_setup_teardown' retrieved from /Users/hanan-nawaz/Documents/Projects/Pakistan_AQI_Analysis/myenv/lib/python3.12/site-packages/airflow/example_dags/example_setup_teardown.py
[2024-12-01T15:15:37.006+0500] {logging_mixin.py:190} INFO - [2024-12-01T15:15:37.006+0500] {dag.py:3239} INFO - Sync 1 DAGs
[2024-12-01T15:15:37.022+0500] {logging_mixin.py:190} INFO - [2024-12-01T15:15:37.022+0500] {dag.py:4180} INFO - Setting next_dagrun for example_setup_teardown to None, run_after=None
[2024-12-01T15:15:37.049+0500] {processor.py:208} INFO - Processing /Users/hanan-nawaz/Documents/Projects/Pakistan_AQI_Analysis/myenv/lib/python3.12/site-packages/airflow/example_dags/example_setup_teardown.py took 0.238 seconds
[2024-12-01T15:19:16.362+0500] {processor.py:186} INFO - Started process (PID=29359) to work on /Users/hanan-nawaz/Documents/Projects/Pakistan_AQI_Analysis/myenv/lib/python3.12/site-packages/airflow/example_dags/example_setup_teardown.py
[2024-12-01T15:19:16.363+0500] {processor.py:914} INFO - Processing file /Users/hanan-nawaz/Documents/Projects/Pakistan_AQI_Analysis/myenv/lib/python3.12/site-packages/airflow/example_dags/example_setup_teardown.py for tasks to queue
[2024-12-01T15:19:16.364+0500] {logging_mixin.py:190} INFO - [2024-12-01T15:19:16.364+0500] {dagbag.py:588} INFO - Filling up the DagBag from /Users/hanan-nawaz/Documents/Projects/Pakistan_AQI_Analysis/myenv/lib/python3.12/site-packages/airflow/example_dags/example_setup_teardown.py
[2024-12-01T15:19:16.375+0500] {processor.py:925} INFO - DAG(s) 'example_setup_teardown' retrieved from /Users/hanan-nawaz/Documents/Projects/Pakistan_AQI_Analysis/myenv/lib/python3.12/site-packages/airflow/example_dags/example_setup_teardown.py
[2024-12-01T15:19:16.531+0500] {logging_mixin.py:190} INFO - [2024-12-01T15:19:16.531+0500] {dag.py:3239} INFO - Sync 1 DAGs
[2024-12-01T15:19:16.548+0500] {logging_mixin.py:190} INFO - [2024-12-01T15:19:16.548+0500] {dag.py:4180} INFO - Setting next_dagrun for example_setup_teardown to None, run_after=None
[2024-12-01T15:19:16.573+0500] {processor.py:208} INFO - Processing /Users/hanan-nawaz/Documents/Projects/Pakistan_AQI_Analysis/myenv/lib/python3.12/site-packages/airflow/example_dags/example_setup_teardown.py took 0.220 seconds
