[2024-12-01T15:08:02.531+0500] {processor.py:186} INFO - Started process (PID=28094) to work on /Users/hanan-nawaz/Documents/Projects/Pakistan_AQI_Analysis/myenv/lib/python3.12/site-packages/airflow/example_dags/example_sensors.py
[2024-12-01T15:08:02.532+0500] {processor.py:914} INFO - Processing file /Users/hanan-nawaz/Documents/Projects/Pakistan_AQI_Analysis/myenv/lib/python3.12/site-packages/airflow/example_dags/example_sensors.py for tasks to queue
[2024-12-01T15:08:02.533+0500] {logging_mixin.py:190} INFO - [2024-12-01T15:08:02.533+0500] {dagbag.py:588} INFO - Filling up the DagBag from /Users/hanan-nawaz/Documents/Projects/Pakistan_AQI_Analysis/myenv/lib/python3.12/site-packages/airflow/example_dags/example_sensors.py
[2024-12-01T15:08:02.552+0500] {processor.py:925} INFO - DAG(s) 'example_sensors' retrieved from /Users/hanan-nawaz/Documents/Projects/Pakistan_AQI_Analysis/myenv/lib/python3.12/site-packages/airflow/example_dags/example_sensors.py
[2024-12-01T15:08:02.666+0500] {logging_mixin.py:190} INFO - [2024-12-01T15:08:02.666+0500] {workday.py:41} WARNING - Could not import pandas. Holidays will not be considered.
[2024-12-01T15:08:02.793+0500] {logging_mixin.py:190} INFO - [2024-12-01T15:08:02.792+0500] {override.py:1911} INFO - Created Permission View: can read on DAG:example_sensors
[2024-12-01T15:08:02.802+0500] {logging_mixin.py:190} INFO - [2024-12-01T15:08:02.802+0500] {override.py:1911} INFO - Created Permission View: can delete on DAG:example_sensors
[2024-12-01T15:08:02.809+0500] {logging_mixin.py:190} INFO - [2024-12-01T15:08:02.808+0500] {override.py:1911} INFO - Created Permission View: can edit on DAG:example_sensors
[2024-12-01T15:08:02.821+0500] {logging_mixin.py:190} INFO - [2024-12-01T15:08:02.821+0500] {override.py:1911} INFO - Created Permission View: can read on DAG Run:example_sensors
[2024-12-01T15:08:02.829+0500] {logging_mixin.py:190} INFO - [2024-12-01T15:08:02.828+0500] {override.py:1911} INFO - Created Permission View: can delete on DAG Run:example_sensors
[2024-12-01T15:08:02.835+0500] {logging_mixin.py:190} INFO - [2024-12-01T15:08:02.835+0500] {override.py:1911} INFO - Created Permission View: can create on DAG Run:example_sensors
[2024-12-01T15:08:02.843+0500] {logging_mixin.py:190} INFO - [2024-12-01T15:08:02.843+0500] {override.py:1911} INFO - Created Permission View: menu access on DAG Run:example_sensors
[2024-12-01T15:08:02.843+0500] {logging_mixin.py:190} INFO - [2024-12-01T15:08:02.843+0500] {dag.py:3239} INFO - Sync 1 DAGs
[2024-12-01T15:08:02.946+0500] {logging_mixin.py:190} INFO - [2024-12-01T15:08:02.946+0500] {dag.py:3262} INFO - Creating ORM DAG for example_sensors
[2024-12-01T15:08:02.946+0500] {logging_mixin.py:190} INFO - [2024-12-01T15:08:02.946+0500] {dag.py:4180} INFO - Setting next_dagrun for example_sensors to None, run_after=None
[2024-12-01T15:08:02.980+0500] {processor.py:208} INFO - Processing /Users/hanan-nawaz/Documents/Projects/Pakistan_AQI_Analysis/myenv/lib/python3.12/site-packages/airflow/example_dags/example_sensors.py took 0.455 seconds
[2024-12-01T15:12:26.189+0500] {processor.py:186} INFO - Started process (PID=28634) to work on /Users/hanan-nawaz/Documents/Projects/Pakistan_AQI_Analysis/myenv/lib/python3.12/site-packages/airflow/example_dags/example_sensors.py
[2024-12-01T15:12:26.191+0500] {processor.py:914} INFO - Processing file /Users/hanan-nawaz/Documents/Projects/Pakistan_AQI_Analysis/myenv/lib/python3.12/site-packages/airflow/example_dags/example_sensors.py for tasks to queue
[2024-12-01T15:12:26.193+0500] {logging_mixin.py:190} INFO - [2024-12-01T15:12:26.192+0500] {dagbag.py:588} INFO - Filling up the DagBag from /Users/hanan-nawaz/Documents/Projects/Pakistan_AQI_Analysis/myenv/lib/python3.12/site-packages/airflow/example_dags/example_sensors.py
[2024-12-01T15:12:26.213+0500] {processor.py:925} INFO - DAG(s) 'example_sensors' retrieved from /Users/hanan-nawaz/Documents/Projects/Pakistan_AQI_Analysis/myenv/lib/python3.12/site-packages/airflow/example_dags/example_sensors.py
[2024-12-01T15:12:26.376+0500] {logging_mixin.py:190} INFO - [2024-12-01T15:12:26.375+0500] {workday.py:41} WARNING - Could not import pandas. Holidays will not be considered.
[2024-12-01T15:12:26.450+0500] {logging_mixin.py:190} INFO - [2024-12-01T15:12:26.448+0500] {dag.py:3239} INFO - Sync 1 DAGs
[2024-12-01T15:12:26.479+0500] {logging_mixin.py:190} INFO - [2024-12-01T15:12:26.479+0500] {dag.py:4180} INFO - Setting next_dagrun for example_sensors to None, run_after=None
[2024-12-01T15:12:26.528+0500] {processor.py:208} INFO - Processing /Users/hanan-nawaz/Documents/Projects/Pakistan_AQI_Analysis/myenv/lib/python3.12/site-packages/airflow/example_dags/example_sensors.py took 0.348 seconds
[2024-12-01T15:15:41.367+0500] {processor.py:186} INFO - Started process (PID=29022) to work on /Users/hanan-nawaz/Documents/Projects/Pakistan_AQI_Analysis/myenv/lib/python3.12/site-packages/airflow/example_dags/example_sensors.py
[2024-12-01T15:15:41.368+0500] {processor.py:914} INFO - Processing file /Users/hanan-nawaz/Documents/Projects/Pakistan_AQI_Analysis/myenv/lib/python3.12/site-packages/airflow/example_dags/example_sensors.py for tasks to queue
[2024-12-01T15:15:41.369+0500] {logging_mixin.py:190} INFO - [2024-12-01T15:15:41.369+0500] {dagbag.py:588} INFO - Filling up the DagBag from /Users/hanan-nawaz/Documents/Projects/Pakistan_AQI_Analysis/myenv/lib/python3.12/site-packages/airflow/example_dags/example_sensors.py
[2024-12-01T15:15:41.386+0500] {processor.py:925} INFO - DAG(s) 'example_sensors' retrieved from /Users/hanan-nawaz/Documents/Projects/Pakistan_AQI_Analysis/myenv/lib/python3.12/site-packages/airflow/example_dags/example_sensors.py
[2024-12-01T15:15:41.504+0500] {logging_mixin.py:190} INFO - [2024-12-01T15:15:41.503+0500] {workday.py:41} WARNING - Could not import pandas. Holidays will not be considered.
[2024-12-01T15:15:41.537+0500] {logging_mixin.py:190} INFO - [2024-12-01T15:15:41.536+0500] {dag.py:3239} INFO - Sync 1 DAGs
[2024-12-01T15:15:41.550+0500] {logging_mixin.py:190} INFO - [2024-12-01T15:15:41.550+0500] {dag.py:4180} INFO - Setting next_dagrun for example_sensors to None, run_after=None
[2024-12-01T15:15:41.594+0500] {processor.py:208} INFO - Processing /Users/hanan-nawaz/Documents/Projects/Pakistan_AQI_Analysis/myenv/lib/python3.12/site-packages/airflow/example_dags/example_sensors.py took 0.233 seconds
[2024-12-01T15:19:20.435+0500] {processor.py:186} INFO - Started process (PID=29362) to work on /Users/hanan-nawaz/Documents/Projects/Pakistan_AQI_Analysis/myenv/lib/python3.12/site-packages/airflow/example_dags/example_sensors.py
[2024-12-01T15:19:20.437+0500] {processor.py:914} INFO - Processing file /Users/hanan-nawaz/Documents/Projects/Pakistan_AQI_Analysis/myenv/lib/python3.12/site-packages/airflow/example_dags/example_sensors.py for tasks to queue
[2024-12-01T15:19:20.438+0500] {logging_mixin.py:190} INFO - [2024-12-01T15:19:20.437+0500] {dagbag.py:588} INFO - Filling up the DagBag from /Users/hanan-nawaz/Documents/Projects/Pakistan_AQI_Analysis/myenv/lib/python3.12/site-packages/airflow/example_dags/example_sensors.py
[2024-12-01T15:19:20.460+0500] {processor.py:925} INFO - DAG(s) 'example_sensors' retrieved from /Users/hanan-nawaz/Documents/Projects/Pakistan_AQI_Analysis/myenv/lib/python3.12/site-packages/airflow/example_dags/example_sensors.py
[2024-12-01T15:19:20.597+0500] {logging_mixin.py:190} INFO - [2024-12-01T15:19:20.597+0500] {workday.py:41} WARNING - Could not import pandas. Holidays will not be considered.
[2024-12-01T15:19:20.637+0500] {logging_mixin.py:190} INFO - [2024-12-01T15:19:20.637+0500] {dag.py:3239} INFO - Sync 1 DAGs
[2024-12-01T15:19:20.662+0500] {logging_mixin.py:190} INFO - [2024-12-01T15:19:20.661+0500] {dag.py:4180} INFO - Setting next_dagrun for example_sensors to None, run_after=None
[2024-12-01T15:19:20.687+0500] {processor.py:208} INFO - Processing /Users/hanan-nawaz/Documents/Projects/Pakistan_AQI_Analysis/myenv/lib/python3.12/site-packages/airflow/example_dags/example_sensors.py took 0.258 seconds
