[2024-12-01T15:07:44.901+0500] {processor.py:186} INFO - Started process (PID=28071) to work on /Users/hanan-nawaz/Documents/Projects/Pakistan_AQI_Analysis/myenv/lib/python3.12/site-packages/airflow/example_dags/example_short_circuit_operator.py
[2024-12-01T15:07:44.903+0500] {processor.py:914} INFO - Processing file /Users/hanan-nawaz/Documents/Projects/Pakistan_AQI_Analysis/myenv/lib/python3.12/site-packages/airflow/example_dags/example_short_circuit_operator.py for tasks to queue
[2024-12-01T15:07:44.904+0500] {logging_mixin.py:190} INFO - [2024-12-01T15:07:44.904+0500] {dagbag.py:588} INFO - Filling up the DagBag from /Users/hanan-nawaz/Documents/Projects/Pakistan_AQI_Analysis/myenv/lib/python3.12/site-packages/airflow/example_dags/example_short_circuit_operator.py
[2024-12-01T15:07:44.936+0500] {processor.py:925} INFO - DAG(s) 'example_short_circuit_operator' retrieved from /Users/hanan-nawaz/Documents/Projects/Pakistan_AQI_Analysis/myenv/lib/python3.12/site-packages/airflow/example_dags/example_short_circuit_operator.py
[2024-12-01T15:07:45.194+0500] {logging_mixin.py:190} INFO - [2024-12-01T15:07:45.193+0500] {override.py:1911} INFO - Created Permission View: can delete on DAG:example_short_circuit_operator
[2024-12-01T15:07:45.204+0500] {logging_mixin.py:190} INFO - [2024-12-01T15:07:45.203+0500] {override.py:1911} INFO - Created Permission View: can edit on DAG:example_short_circuit_operator
[2024-12-01T15:07:45.213+0500] {logging_mixin.py:190} INFO - [2024-12-01T15:07:45.212+0500] {override.py:1911} INFO - Created Permission View: can read on DAG:example_short_circuit_operator
[2024-12-01T15:07:45.221+0500] {logging_mixin.py:190} INFO - [2024-12-01T15:07:45.221+0500] {override.py:1911} INFO - Created Permission View: can create on DAG Run:example_short_circuit_operator
[2024-12-01T15:07:45.227+0500] {logging_mixin.py:190} INFO - [2024-12-01T15:07:45.227+0500] {override.py:1911} INFO - Created Permission View: can delete on DAG Run:example_short_circuit_operator
[2024-12-01T15:07:45.237+0500] {logging_mixin.py:190} INFO - [2024-12-01T15:07:45.237+0500] {override.py:1911} INFO - Created Permission View: menu access on DAG Run:example_short_circuit_operator
[2024-12-01T15:07:45.243+0500] {logging_mixin.py:190} INFO - [2024-12-01T15:07:45.243+0500] {override.py:1911} INFO - Created Permission View: can read on DAG Run:example_short_circuit_operator
[2024-12-01T15:07:45.244+0500] {logging_mixin.py:190} INFO - [2024-12-01T15:07:45.244+0500] {dag.py:3239} INFO - Sync 1 DAGs
[2024-12-01T15:07:45.340+0500] {logging_mixin.py:190} INFO - [2024-12-01T15:07:45.340+0500] {dag.py:3262} INFO - Creating ORM DAG for example_short_circuit_operator
[2024-12-01T15:07:45.341+0500] {logging_mixin.py:190} INFO - [2024-12-01T15:07:45.340+0500] {dag.py:4180} INFO - Setting next_dagrun for example_short_circuit_operator to None, run_after=None
[2024-12-01T15:07:45.360+0500] {processor.py:208} INFO - Processing /Users/hanan-nawaz/Documents/Projects/Pakistan_AQI_Analysis/myenv/lib/python3.12/site-packages/airflow/example_dags/example_short_circuit_operator.py took 0.476 seconds
[2024-12-01T15:12:06.381+0500] {processor.py:186} INFO - Started process (PID=28616) to work on /Users/hanan-nawaz/Documents/Projects/Pakistan_AQI_Analysis/myenv/lib/python3.12/site-packages/airflow/example_dags/example_short_circuit_operator.py
[2024-12-01T15:12:06.383+0500] {processor.py:914} INFO - Processing file /Users/hanan-nawaz/Documents/Projects/Pakistan_AQI_Analysis/myenv/lib/python3.12/site-packages/airflow/example_dags/example_short_circuit_operator.py for tasks to queue
[2024-12-01T15:12:06.387+0500] {logging_mixin.py:190} INFO - [2024-12-01T15:12:06.385+0500] {dagbag.py:588} INFO - Filling up the DagBag from /Users/hanan-nawaz/Documents/Projects/Pakistan_AQI_Analysis/myenv/lib/python3.12/site-packages/airflow/example_dags/example_short_circuit_operator.py
[2024-12-01T15:12:06.456+0500] {processor.py:925} INFO - DAG(s) 'example_short_circuit_operator' retrieved from /Users/hanan-nawaz/Documents/Projects/Pakistan_AQI_Analysis/myenv/lib/python3.12/site-packages/airflow/example_dags/example_short_circuit_operator.py
[2024-12-01T15:12:06.708+0500] {logging_mixin.py:190} INFO - [2024-12-01T15:12:06.707+0500] {dag.py:3239} INFO - Sync 1 DAGs
[2024-12-01T15:12:06.732+0500] {logging_mixin.py:190} INFO - [2024-12-01T15:12:06.731+0500] {dag.py:4180} INFO - Setting next_dagrun for example_short_circuit_operator to None, run_after=None
[2024-12-01T15:12:06.780+0500] {processor.py:208} INFO - Processing /Users/hanan-nawaz/Documents/Projects/Pakistan_AQI_Analysis/myenv/lib/python3.12/site-packages/airflow/example_dags/example_short_circuit_operator.py took 0.413 seconds
[2024-12-01T15:15:25.505+0500] {processor.py:186} INFO - Started process (PID=29008) to work on /Users/hanan-nawaz/Documents/Projects/Pakistan_AQI_Analysis/myenv/lib/python3.12/site-packages/airflow/example_dags/example_short_circuit_operator.py
[2024-12-01T15:15:25.507+0500] {processor.py:914} INFO - Processing file /Users/hanan-nawaz/Documents/Projects/Pakistan_AQI_Analysis/myenv/lib/python3.12/site-packages/airflow/example_dags/example_short_circuit_operator.py for tasks to queue
[2024-12-01T15:15:25.510+0500] {logging_mixin.py:190} INFO - [2024-12-01T15:15:25.510+0500] {dagbag.py:588} INFO - Filling up the DagBag from /Users/hanan-nawaz/Documents/Projects/Pakistan_AQI_Analysis/myenv/lib/python3.12/site-packages/airflow/example_dags/example_short_circuit_operator.py
[2024-12-01T15:15:25.548+0500] {processor.py:925} INFO - DAG(s) 'example_short_circuit_operator' retrieved from /Users/hanan-nawaz/Documents/Projects/Pakistan_AQI_Analysis/myenv/lib/python3.12/site-packages/airflow/example_dags/example_short_circuit_operator.py
[2024-12-01T15:15:25.695+0500] {logging_mixin.py:190} INFO - [2024-12-01T15:15:25.695+0500] {dag.py:3239} INFO - Sync 1 DAGs
[2024-12-01T15:15:25.708+0500] {logging_mixin.py:190} INFO - [2024-12-01T15:15:25.707+0500] {dag.py:4180} INFO - Setting next_dagrun for example_short_circuit_operator to None, run_after=None
[2024-12-01T15:15:25.731+0500] {processor.py:208} INFO - Processing /Users/hanan-nawaz/Documents/Projects/Pakistan_AQI_Analysis/myenv/lib/python3.12/site-packages/airflow/example_dags/example_short_circuit_operator.py took 0.235 seconds
[2024-12-01T15:19:03.302+0500] {processor.py:186} INFO - Started process (PID=29347) to work on /Users/hanan-nawaz/Documents/Projects/Pakistan_AQI_Analysis/myenv/lib/python3.12/site-packages/airflow/example_dags/example_short_circuit_operator.py
[2024-12-01T15:19:03.304+0500] {processor.py:914} INFO - Processing file /Users/hanan-nawaz/Documents/Projects/Pakistan_AQI_Analysis/myenv/lib/python3.12/site-packages/airflow/example_dags/example_short_circuit_operator.py for tasks to queue
[2024-12-01T15:19:03.306+0500] {logging_mixin.py:190} INFO - [2024-12-01T15:19:03.305+0500] {dagbag.py:588} INFO - Filling up the DagBag from /Users/hanan-nawaz/Documents/Projects/Pakistan_AQI_Analysis/myenv/lib/python3.12/site-packages/airflow/example_dags/example_short_circuit_operator.py
[2024-12-01T15:19:03.338+0500] {processor.py:925} INFO - DAG(s) 'example_short_circuit_operator' retrieved from /Users/hanan-nawaz/Documents/Projects/Pakistan_AQI_Analysis/myenv/lib/python3.12/site-packages/airflow/example_dags/example_short_circuit_operator.py
[2024-12-01T15:19:03.516+0500] {logging_mixin.py:190} INFO - [2024-12-01T15:19:03.516+0500] {dag.py:3239} INFO - Sync 1 DAGs
[2024-12-01T15:19:03.531+0500] {logging_mixin.py:190} INFO - [2024-12-01T15:19:03.531+0500] {dag.py:4180} INFO - Setting next_dagrun for example_short_circuit_operator to None, run_after=None
[2024-12-01T15:19:03.566+0500] {processor.py:208} INFO - Processing /Users/hanan-nawaz/Documents/Projects/Pakistan_AQI_Analysis/myenv/lib/python3.12/site-packages/airflow/example_dags/example_short_circuit_operator.py took 0.274 seconds
