[2024-12-01T15:09:09.099+0500] {processor.py:186} INFO - Started process (PID=28232) to work on /Users/hanan-nawaz/Documents/Projects/Pakistan_AQI_Analysis/myenv/lib/python3.12/site-packages/airflow/example_dags/example_dynamic_task_mapping.py
[2024-12-01T15:09:09.100+0500] {processor.py:914} INFO - Processing file /Users/hanan-nawaz/Documents/Projects/Pakistan_AQI_Analysis/myenv/lib/python3.12/site-packages/airflow/example_dags/example_dynamic_task_mapping.py for tasks to queue
[2024-12-01T15:09:09.101+0500] {logging_mixin.py:190} INFO - [2024-12-01T15:09:09.101+0500] {dagbag.py:588} INFO - Filling up the DagBag from /Users/hanan-nawaz/Documents/Projects/Pakistan_AQI_Analysis/myenv/lib/python3.12/site-packages/airflow/example_dags/example_dynamic_task_mapping.py
[2024-12-01T15:09:09.197+0500] {processor.py:925} INFO - DAG(s) 'example_dynamic_task_mapping' retrieved from /Users/hanan-nawaz/Documents/Projects/Pakistan_AQI_Analysis/myenv/lib/python3.12/site-packages/airflow/example_dags/example_dynamic_task_mapping.py
[2024-12-01T15:09:09.554+0500] {logging_mixin.py:190} INFO - [2024-12-01T15:09:09.554+0500] {override.py:1911} INFO - Created Permission View: can edit on DAG:example_dynamic_task_mapping
[2024-12-01T15:09:09.631+0500] {logging_mixin.py:190} INFO - [2024-12-01T15:09:09.631+0500] {override.py:1911} INFO - Created Permission View: can delete on DAG:example_dynamic_task_mapping
[2024-12-01T15:09:09.639+0500] {logging_mixin.py:190} INFO - [2024-12-01T15:09:09.639+0500] {override.py:1911} INFO - Created Permission View: can read on DAG:example_dynamic_task_mapping
[2024-12-01T15:09:09.649+0500] {logging_mixin.py:190} INFO - [2024-12-01T15:09:09.648+0500] {override.py:1911} INFO - Created Permission View: can create on DAG Run:example_dynamic_task_mapping
[2024-12-01T15:09:09.655+0500] {logging_mixin.py:190} INFO - [2024-12-01T15:09:09.655+0500] {override.py:1911} INFO - Created Permission View: menu access on DAG Run:example_dynamic_task_mapping
[2024-12-01T15:09:09.662+0500] {logging_mixin.py:190} INFO - [2024-12-01T15:09:09.661+0500] {override.py:1911} INFO - Created Permission View: can delete on DAG Run:example_dynamic_task_mapping
[2024-12-01T15:09:09.668+0500] {logging_mixin.py:190} INFO - [2024-12-01T15:09:09.668+0500] {override.py:1911} INFO - Created Permission View: can read on DAG Run:example_dynamic_task_mapping
[2024-12-01T15:09:09.669+0500] {logging_mixin.py:190} INFO - [2024-12-01T15:09:09.669+0500] {dag.py:3239} INFO - Sync 1 DAGs
[2024-12-01T15:09:09.681+0500] {logging_mixin.py:190} INFO - [2024-12-01T15:09:09.681+0500] {dag.py:3262} INFO - Creating ORM DAG for example_dynamic_task_mapping
[2024-12-01T15:09:09.682+0500] {logging_mixin.py:190} INFO - [2024-12-01T15:09:09.682+0500] {dag.py:4180} INFO - Setting next_dagrun for example_dynamic_task_mapping to None, run_after=None
[2024-12-01T15:09:09.700+0500] {processor.py:208} INFO - Processing /Users/hanan-nawaz/Documents/Projects/Pakistan_AQI_Analysis/myenv/lib/python3.12/site-packages/airflow/example_dags/example_dynamic_task_mapping.py took 0.605 seconds
[2024-12-01T15:13:33.380+0500] {processor.py:186} INFO - Started process (PID=28718) to work on /Users/hanan-nawaz/Documents/Projects/Pakistan_AQI_Analysis/myenv/lib/python3.12/site-packages/airflow/example_dags/example_dynamic_task_mapping.py
[2024-12-01T15:13:33.382+0500] {processor.py:914} INFO - Processing file /Users/hanan-nawaz/Documents/Projects/Pakistan_AQI_Analysis/myenv/lib/python3.12/site-packages/airflow/example_dags/example_dynamic_task_mapping.py for tasks to queue
[2024-12-01T15:13:33.383+0500] {logging_mixin.py:190} INFO - [2024-12-01T15:13:33.383+0500] {dagbag.py:588} INFO - Filling up the DagBag from /Users/hanan-nawaz/Documents/Projects/Pakistan_AQI_Analysis/myenv/lib/python3.12/site-packages/airflow/example_dags/example_dynamic_task_mapping.py
[2024-12-01T15:13:33.425+0500] {processor.py:925} INFO - DAG(s) 'example_dynamic_task_mapping' retrieved from /Users/hanan-nawaz/Documents/Projects/Pakistan_AQI_Analysis/myenv/lib/python3.12/site-packages/airflow/example_dags/example_dynamic_task_mapping.py
[2024-12-01T15:13:33.542+0500] {logging_mixin.py:190} INFO - [2024-12-01T15:13:33.542+0500] {dag.py:3239} INFO - Sync 1 DAGs
[2024-12-01T15:13:33.557+0500] {logging_mixin.py:190} INFO - [2024-12-01T15:13:33.556+0500] {dag.py:4180} INFO - Setting next_dagrun for example_dynamic_task_mapping to None, run_after=None
[2024-12-01T15:13:33.577+0500] {processor.py:208} INFO - Processing /Users/hanan-nawaz/Documents/Projects/Pakistan_AQI_Analysis/myenv/lib/python3.12/site-packages/airflow/example_dags/example_dynamic_task_mapping.py took 0.202 seconds
[2024-12-01T15:20:34.360+0500] {processor.py:186} INFO - Started process (PID=29497) to work on /Users/hanan-nawaz/Documents/Projects/Pakistan_AQI_Analysis/myenv/lib/python3.12/site-packages/airflow/example_dags/example_dynamic_task_mapping.py
[2024-12-01T15:20:34.362+0500] {processor.py:914} INFO - Processing file /Users/hanan-nawaz/Documents/Projects/Pakistan_AQI_Analysis/myenv/lib/python3.12/site-packages/airflow/example_dags/example_dynamic_task_mapping.py for tasks to queue
[2024-12-01T15:20:34.365+0500] {logging_mixin.py:190} INFO - [2024-12-01T15:20:34.364+0500] {dagbag.py:588} INFO - Filling up the DagBag from /Users/hanan-nawaz/Documents/Projects/Pakistan_AQI_Analysis/myenv/lib/python3.12/site-packages/airflow/example_dags/example_dynamic_task_mapping.py
[2024-12-01T15:20:34.432+0500] {processor.py:925} INFO - DAG(s) 'example_dynamic_task_mapping' retrieved from /Users/hanan-nawaz/Documents/Projects/Pakistan_AQI_Analysis/myenv/lib/python3.12/site-packages/airflow/example_dags/example_dynamic_task_mapping.py
[2024-12-01T15:20:34.582+0500] {logging_mixin.py:190} INFO - [2024-12-01T15:20:34.581+0500] {dag.py:3239} INFO - Sync 1 DAGs
[2024-12-01T15:20:34.595+0500] {logging_mixin.py:190} INFO - [2024-12-01T15:20:34.595+0500] {dag.py:4180} INFO - Setting next_dagrun for example_dynamic_task_mapping to None, run_after=None
[2024-12-01T15:20:34.619+0500] {processor.py:208} INFO - Processing /Users/hanan-nawaz/Documents/Projects/Pakistan_AQI_Analysis/myenv/lib/python3.12/site-packages/airflow/example_dags/example_dynamic_task_mapping.py took 0.269 seconds
