[2024-12-01T15:08:49.351+0500] {processor.py:186} INFO - Started process (PID=28174) to work on /Users/hanan-nawaz/Documents/Projects/Pakistan_AQI_Analysis/myenv/lib/python3.12/site-packages/airflow/example_dags/example_latest_only.py
[2024-12-01T15:08:49.353+0500] {processor.py:914} INFO - Processing file /Users/hanan-nawaz/Documents/Projects/Pakistan_AQI_Analysis/myenv/lib/python3.12/site-packages/airflow/example_dags/example_latest_only.py for tasks to queue
[2024-12-01T15:08:49.355+0500] {logging_mixin.py:190} INFO - [2024-12-01T15:08:49.354+0500] {dagbag.py:588} INFO - Filling up the DagBag from /Users/hanan-nawaz/Documents/Projects/Pakistan_AQI_Analysis/myenv/lib/python3.12/site-packages/airflow/example_dags/example_latest_only.py
[2024-12-01T15:08:49.368+0500] {processor.py:925} INFO - DAG(s) 'latest_only' retrieved from /Users/hanan-nawaz/Documents/Projects/Pakistan_AQI_Analysis/myenv/lib/python3.12/site-packages/airflow/example_dags/example_latest_only.py
[2024-12-01T15:08:49.603+0500] {logging_mixin.py:190} INFO - [2024-12-01T15:08:49.603+0500] {override.py:1911} INFO - Created Permission View: can read on DAG:latest_only
[2024-12-01T15:08:49.613+0500] {logging_mixin.py:190} INFO - [2024-12-01T15:08:49.612+0500] {override.py:1911} INFO - Created Permission View: can edit on DAG:latest_only
[2024-12-01T15:08:49.620+0500] {logging_mixin.py:190} INFO - [2024-12-01T15:08:49.620+0500] {override.py:1911} INFO - Created Permission View: can delete on DAG:latest_only
[2024-12-01T15:08:49.637+0500] {logging_mixin.py:190} INFO - [2024-12-01T15:08:49.636+0500] {override.py:1911} INFO - Created Permission View: can read on DAG Run:latest_only
[2024-12-01T15:08:49.652+0500] {logging_mixin.py:190} INFO - [2024-12-01T15:08:49.651+0500] {override.py:1911} INFO - Created Permission View: menu access on DAG Run:latest_only
[2024-12-01T15:08:49.669+0500] {logging_mixin.py:190} INFO - [2024-12-01T15:08:49.668+0500] {override.py:1911} INFO - Created Permission View: can delete on DAG Run:latest_only
[2024-12-01T15:08:49.683+0500] {logging_mixin.py:190} INFO - [2024-12-01T15:08:49.682+0500] {override.py:1911} INFO - Created Permission View: can create on DAG Run:latest_only
[2024-12-01T15:08:49.684+0500] {logging_mixin.py:190} INFO - [2024-12-01T15:08:49.683+0500] {dag.py:3239} INFO - Sync 1 DAGs
[2024-12-01T15:08:49.711+0500] {logging_mixin.py:190} INFO - [2024-12-01T15:08:49.710+0500] {dag.py:3262} INFO - Creating ORM DAG for latest_only
[2024-12-01T15:08:49.734+0500] {logging_mixin.py:190} INFO - [2024-12-01T15:08:49.734+0500] {dag.py:4180} INFO - Setting next_dagrun for latest_only to 2024-12-01 04:00:00+00:00, run_after=2024-12-01 08:00:00+00:00
[2024-12-01T15:08:49.838+0500] {processor.py:208} INFO - Processing /Users/hanan-nawaz/Documents/Projects/Pakistan_AQI_Analysis/myenv/lib/python3.12/site-packages/airflow/example_dags/example_latest_only.py took 0.493 seconds
[2024-12-01T15:13:15.498+0500] {processor.py:186} INFO - Started process (PID=28676) to work on /Users/hanan-nawaz/Documents/Projects/Pakistan_AQI_Analysis/myenv/lib/python3.12/site-packages/airflow/example_dags/example_latest_only.py
[2024-12-01T15:13:15.499+0500] {processor.py:914} INFO - Processing file /Users/hanan-nawaz/Documents/Projects/Pakistan_AQI_Analysis/myenv/lib/python3.12/site-packages/airflow/example_dags/example_latest_only.py for tasks to queue
[2024-12-01T15:13:15.501+0500] {logging_mixin.py:190} INFO - [2024-12-01T15:13:15.500+0500] {dagbag.py:588} INFO - Filling up the DagBag from /Users/hanan-nawaz/Documents/Projects/Pakistan_AQI_Analysis/myenv/lib/python3.12/site-packages/airflow/example_dags/example_latest_only.py
[2024-12-01T15:13:15.512+0500] {processor.py:925} INFO - DAG(s) 'latest_only' retrieved from /Users/hanan-nawaz/Documents/Projects/Pakistan_AQI_Analysis/myenv/lib/python3.12/site-packages/airflow/example_dags/example_latest_only.py
[2024-12-01T15:13:15.702+0500] {logging_mixin.py:190} INFO - [2024-12-01T15:13:15.701+0500] {dag.py:3239} INFO - Sync 1 DAGs
[2024-12-01T15:13:15.727+0500] {logging_mixin.py:190} INFO - [2024-12-01T15:13:15.727+0500] {dag.py:4180} INFO - Setting next_dagrun for latest_only to 2024-12-01 04:00:00+00:00, run_after=2024-12-01 08:00:00+00:00
[2024-12-01T15:13:15.759+0500] {processor.py:208} INFO - Processing /Users/hanan-nawaz/Documents/Projects/Pakistan_AQI_Analysis/myenv/lib/python3.12/site-packages/airflow/example_dags/example_latest_only.py took 0.271 seconds
[2024-12-01T15:16:35.908+0500] {processor.py:186} INFO - Started process (PID=29126) to work on /Users/hanan-nawaz/Documents/Projects/Pakistan_AQI_Analysis/myenv/lib/python3.12/site-packages/airflow/example_dags/example_latest_only.py
[2024-12-01T15:16:35.910+0500] {processor.py:914} INFO - Processing file /Users/hanan-nawaz/Documents/Projects/Pakistan_AQI_Analysis/myenv/lib/python3.12/site-packages/airflow/example_dags/example_latest_only.py for tasks to queue
[2024-12-01T15:16:35.911+0500] {logging_mixin.py:190} INFO - [2024-12-01T15:16:35.911+0500] {dagbag.py:588} INFO - Filling up the DagBag from /Users/hanan-nawaz/Documents/Projects/Pakistan_AQI_Analysis/myenv/lib/python3.12/site-packages/airflow/example_dags/example_latest_only.py
[2024-12-01T15:16:35.920+0500] {processor.py:925} INFO - DAG(s) 'latest_only' retrieved from /Users/hanan-nawaz/Documents/Projects/Pakistan_AQI_Analysis/myenv/lib/python3.12/site-packages/airflow/example_dags/example_latest_only.py
[2024-12-01T15:16:36.091+0500] {logging_mixin.py:190} INFO - [2024-12-01T15:16:36.090+0500] {dag.py:3239} INFO - Sync 1 DAGs
[2024-12-01T15:16:36.116+0500] {logging_mixin.py:190} INFO - [2024-12-01T15:16:36.115+0500] {dag.py:4180} INFO - Setting next_dagrun for latest_only to 2024-12-01 04:00:00+00:00, run_after=2024-12-01 08:00:00+00:00
[2024-12-01T15:16:36.144+0500] {processor.py:208} INFO - Processing /Users/hanan-nawaz/Documents/Projects/Pakistan_AQI_Analysis/myenv/lib/python3.12/site-packages/airflow/example_dags/example_latest_only.py took 0.245 seconds
[2024-12-01T15:20:13.814+0500] {processor.py:186} INFO - Started process (PID=29441) to work on /Users/hanan-nawaz/Documents/Projects/Pakistan_AQI_Analysis/myenv/lib/python3.12/site-packages/airflow/example_dags/example_latest_only.py
[2024-12-01T15:20:13.816+0500] {processor.py:914} INFO - Processing file /Users/hanan-nawaz/Documents/Projects/Pakistan_AQI_Analysis/myenv/lib/python3.12/site-packages/airflow/example_dags/example_latest_only.py for tasks to queue
[2024-12-01T15:20:13.819+0500] {logging_mixin.py:190} INFO - [2024-12-01T15:20:13.819+0500] {dagbag.py:588} INFO - Filling up the DagBag from /Users/hanan-nawaz/Documents/Projects/Pakistan_AQI_Analysis/myenv/lib/python3.12/site-packages/airflow/example_dags/example_latest_only.py
[2024-12-01T15:20:13.830+0500] {processor.py:925} INFO - DAG(s) 'latest_only' retrieved from /Users/hanan-nawaz/Documents/Projects/Pakistan_AQI_Analysis/myenv/lib/python3.12/site-packages/airflow/example_dags/example_latest_only.py
[2024-12-01T15:20:14.053+0500] {logging_mixin.py:190} INFO - [2024-12-01T15:20:14.052+0500] {dag.py:3239} INFO - Sync 1 DAGs
[2024-12-01T15:20:14.088+0500] {logging_mixin.py:190} INFO - [2024-12-01T15:20:14.088+0500] {dag.py:4180} INFO - Setting next_dagrun for latest_only to 2024-12-01 04:00:00+00:00, run_after=2024-12-01 08:00:00+00:00
[2024-12-01T15:20:14.124+0500] {processor.py:208} INFO - Processing /Users/hanan-nawaz/Documents/Projects/Pakistan_AQI_Analysis/myenv/lib/python3.12/site-packages/airflow/example_dags/example_latest_only.py took 0.319 seconds
