[2024-12-01T15:07:40.821+0500] {processor.py:186} INFO - Started process (PID=28063) to work on /Users/hanan-nawaz/Documents/Projects/Pakistan_AQI_Analysis/myenv/lib/python3.12/site-packages/airflow/example_dags/example_skip_dag.py
[2024-12-01T15:07:40.822+0500] {processor.py:914} INFO - Processing file /Users/hanan-nawaz/Documents/Projects/Pakistan_AQI_Analysis/myenv/lib/python3.12/site-packages/airflow/example_dags/example_skip_dag.py for tasks to queue
[2024-12-01T15:07:40.823+0500] {logging_mixin.py:190} INFO - [2024-12-01T15:07:40.823+0500] {dagbag.py:588} INFO - Filling up the DagBag from /Users/hanan-nawaz/Documents/Projects/Pakistan_AQI_Analysis/myenv/lib/python3.12/site-packages/airflow/example_dags/example_skip_dag.py
[2024-12-01T15:07:40.834+0500] {processor.py:925} INFO - DAG(s) 'example_skip_dag' retrieved from /Users/hanan-nawaz/Documents/Projects/Pakistan_AQI_Analysis/myenv/lib/python3.12/site-packages/airflow/example_dags/example_skip_dag.py
[2024-12-01T15:07:41.068+0500] {logging_mixin.py:190} INFO - [2024-12-01T15:07:41.067+0500] {override.py:1911} INFO - Created Permission View: can delete on DAG:example_skip_dag
[2024-12-01T15:07:41.080+0500] {logging_mixin.py:190} INFO - [2024-12-01T15:07:41.080+0500] {override.py:1911} INFO - Created Permission View: can read on DAG:example_skip_dag
[2024-12-01T15:07:41.087+0500] {logging_mixin.py:190} INFO - [2024-12-01T15:07:41.087+0500] {override.py:1911} INFO - Created Permission View: can edit on DAG:example_skip_dag
[2024-12-01T15:07:41.096+0500] {logging_mixin.py:190} INFO - [2024-12-01T15:07:41.096+0500] {override.py:1911} INFO - Created Permission View: can delete on DAG Run:example_skip_dag
[2024-12-01T15:07:41.103+0500] {logging_mixin.py:190} INFO - [2024-12-01T15:07:41.102+0500] {override.py:1911} INFO - Created Permission View: can create on DAG Run:example_skip_dag
[2024-12-01T15:07:41.109+0500] {logging_mixin.py:190} INFO - [2024-12-01T15:07:41.108+0500] {override.py:1911} INFO - Created Permission View: can read on DAG Run:example_skip_dag
[2024-12-01T15:07:41.116+0500] {logging_mixin.py:190} INFO - [2024-12-01T15:07:41.115+0500] {override.py:1911} INFO - Created Permission View: menu access on DAG Run:example_skip_dag
[2024-12-01T15:07:41.116+0500] {logging_mixin.py:190} INFO - [2024-12-01T15:07:41.116+0500] {dag.py:3239} INFO - Sync 1 DAGs
[2024-12-01T15:07:41.130+0500] {logging_mixin.py:190} INFO - [2024-12-01T15:07:41.130+0500] {dag.py:3262} INFO - Creating ORM DAG for example_skip_dag
[2024-12-01T15:07:41.140+0500] {logging_mixin.py:190} INFO - [2024-12-01T15:07:41.140+0500] {dag.py:4180} INFO - Setting next_dagrun for example_skip_dag to 2024-11-30 00:00:00+00:00, run_after=2024-12-01 00:00:00+00:00
[2024-12-01T15:07:41.265+0500] {processor.py:208} INFO - Processing /Users/hanan-nawaz/Documents/Projects/Pakistan_AQI_Analysis/myenv/lib/python3.12/site-packages/airflow/example_dags/example_skip_dag.py took 0.449 seconds
[2024-12-01T15:12:01.869+0500] {processor.py:186} INFO - Started process (PID=28614) to work on /Users/hanan-nawaz/Documents/Projects/Pakistan_AQI_Analysis/myenv/lib/python3.12/site-packages/airflow/example_dags/example_skip_dag.py
[2024-12-01T15:12:01.871+0500] {processor.py:914} INFO - Processing file /Users/hanan-nawaz/Documents/Projects/Pakistan_AQI_Analysis/myenv/lib/python3.12/site-packages/airflow/example_dags/example_skip_dag.py for tasks to queue
[2024-12-01T15:12:01.875+0500] {logging_mixin.py:190} INFO - [2024-12-01T15:12:01.874+0500] {dagbag.py:588} INFO - Filling up the DagBag from /Users/hanan-nawaz/Documents/Projects/Pakistan_AQI_Analysis/myenv/lib/python3.12/site-packages/airflow/example_dags/example_skip_dag.py
[2024-12-01T15:12:01.886+0500] {processor.py:925} INFO - DAG(s) 'example_skip_dag' retrieved from /Users/hanan-nawaz/Documents/Projects/Pakistan_AQI_Analysis/myenv/lib/python3.12/site-packages/airflow/example_dags/example_skip_dag.py
[2024-12-01T15:12:02.086+0500] {logging_mixin.py:190} INFO - [2024-12-01T15:12:02.085+0500] {dag.py:3239} INFO - Sync 1 DAGs
[2024-12-01T15:12:02.120+0500] {logging_mixin.py:190} INFO - [2024-12-01T15:12:02.119+0500] {dag.py:4180} INFO - Setting next_dagrun for example_skip_dag to 2024-11-30 00:00:00+00:00, run_after=2024-12-01 00:00:00+00:00
[2024-12-01T15:12:02.154+0500] {processor.py:208} INFO - Processing /Users/hanan-nawaz/Documents/Projects/Pakistan_AQI_Analysis/myenv/lib/python3.12/site-packages/airflow/example_dags/example_skip_dag.py took 0.289 seconds
[2024-12-01T15:15:21.694+0500] {processor.py:186} INFO - Started process (PID=29004) to work on /Users/hanan-nawaz/Documents/Projects/Pakistan_AQI_Analysis/myenv/lib/python3.12/site-packages/airflow/example_dags/example_skip_dag.py
[2024-12-01T15:15:21.696+0500] {processor.py:914} INFO - Processing file /Users/hanan-nawaz/Documents/Projects/Pakistan_AQI_Analysis/myenv/lib/python3.12/site-packages/airflow/example_dags/example_skip_dag.py for tasks to queue
[2024-12-01T15:15:21.698+0500] {logging_mixin.py:190} INFO - [2024-12-01T15:15:21.698+0500] {dagbag.py:588} INFO - Filling up the DagBag from /Users/hanan-nawaz/Documents/Projects/Pakistan_AQI_Analysis/myenv/lib/python3.12/site-packages/airflow/example_dags/example_skip_dag.py
[2024-12-01T15:15:21.711+0500] {processor.py:925} INFO - DAG(s) 'example_skip_dag' retrieved from /Users/hanan-nawaz/Documents/Projects/Pakistan_AQI_Analysis/myenv/lib/python3.12/site-packages/airflow/example_dags/example_skip_dag.py
[2024-12-01T15:15:21.881+0500] {logging_mixin.py:190} INFO - [2024-12-01T15:15:21.881+0500] {dag.py:3239} INFO - Sync 1 DAGs
[2024-12-01T15:15:21.913+0500] {logging_mixin.py:190} INFO - [2024-12-01T15:15:21.913+0500] {dag.py:4180} INFO - Setting next_dagrun for example_skip_dag to 2024-11-30 00:00:00+00:00, run_after=2024-12-01 00:00:00+00:00
[2024-12-01T15:15:21.948+0500] {processor.py:208} INFO - Processing /Users/hanan-nawaz/Documents/Projects/Pakistan_AQI_Analysis/myenv/lib/python3.12/site-packages/airflow/example_dags/example_skip_dag.py took 0.263 seconds
[2024-12-01T15:18:59.510+0500] {processor.py:186} INFO - Started process (PID=29343) to work on /Users/hanan-nawaz/Documents/Projects/Pakistan_AQI_Analysis/myenv/lib/python3.12/site-packages/airflow/example_dags/example_skip_dag.py
[2024-12-01T15:18:59.512+0500] {processor.py:914} INFO - Processing file /Users/hanan-nawaz/Documents/Projects/Pakistan_AQI_Analysis/myenv/lib/python3.12/site-packages/airflow/example_dags/example_skip_dag.py for tasks to queue
[2024-12-01T15:18:59.514+0500] {logging_mixin.py:190} INFO - [2024-12-01T15:18:59.514+0500] {dagbag.py:588} INFO - Filling up the DagBag from /Users/hanan-nawaz/Documents/Projects/Pakistan_AQI_Analysis/myenv/lib/python3.12/site-packages/airflow/example_dags/example_skip_dag.py
[2024-12-01T15:18:59.530+0500] {processor.py:925} INFO - DAG(s) 'example_skip_dag' retrieved from /Users/hanan-nawaz/Documents/Projects/Pakistan_AQI_Analysis/myenv/lib/python3.12/site-packages/airflow/example_dags/example_skip_dag.py
[2024-12-01T15:18:59.690+0500] {logging_mixin.py:190} INFO - [2024-12-01T15:18:59.689+0500] {dag.py:3239} INFO - Sync 1 DAGs
[2024-12-01T15:18:59.718+0500] {logging_mixin.py:190} INFO - [2024-12-01T15:18:59.718+0500] {dag.py:4180} INFO - Setting next_dagrun for example_skip_dag to 2024-11-30 00:00:00+00:00, run_after=2024-12-01 00:00:00+00:00
[2024-12-01T15:18:59.742+0500] {processor.py:208} INFO - Processing /Users/hanan-nawaz/Documents/Projects/Pakistan_AQI_Analysis/myenv/lib/python3.12/site-packages/airflow/example_dags/example_skip_dag.py took 0.241 seconds
