[2024-12-01T15:09:47.801+0500] {processor.py:186} INFO - Started process (PID=28340) to work on /Users/hanan-nawaz/Documents/Projects/Pakistan_AQI_Analysis/myenv/lib/python3.12/site-packages/airflow/example_dags/example_branch_python_dop_operator_3.py
[2024-12-01T15:09:47.802+0500] {processor.py:914} INFO - Processing file /Users/hanan-nawaz/Documents/Projects/Pakistan_AQI_Analysis/myenv/lib/python3.12/site-packages/airflow/example_dags/example_branch_python_dop_operator_3.py for tasks to queue
[2024-12-01T15:09:47.804+0500] {logging_mixin.py:190} INFO - [2024-12-01T15:09:47.803+0500] {dagbag.py:588} INFO - Filling up the DagBag from /Users/hanan-nawaz/Documents/Projects/Pakistan_AQI_Analysis/myenv/lib/python3.12/site-packages/airflow/example_dags/example_branch_python_dop_operator_3.py
[2024-12-01T15:09:47.878+0500] {processor.py:925} INFO - DAG(s) 'example_branch_dop_operator_v3' retrieved from /Users/hanan-nawaz/Documents/Projects/Pakistan_AQI_Analysis/myenv/lib/python3.12/site-packages/airflow/example_dags/example_branch_python_dop_operator_3.py
[2024-12-01T15:09:48.269+0500] {logging_mixin.py:190} INFO - [2024-12-01T15:09:48.268+0500] {override.py:1911} INFO - Created Permission View: can delete on DAG:example_branch_dop_operator_v3
[2024-12-01T15:09:48.369+0500] {logging_mixin.py:190} INFO - [2024-12-01T15:09:48.368+0500] {override.py:1911} INFO - Created Permission View: can edit on DAG:example_branch_dop_operator_v3
[2024-12-01T15:09:48.376+0500] {logging_mixin.py:190} INFO - [2024-12-01T15:09:48.376+0500] {override.py:1911} INFO - Created Permission View: can read on DAG:example_branch_dop_operator_v3
[2024-12-01T15:09:48.386+0500] {logging_mixin.py:190} INFO - [2024-12-01T15:09:48.386+0500] {override.py:1911} INFO - Created Permission View: can create on DAG Run:example_branch_dop_operator_v3
[2024-12-01T15:09:48.394+0500] {logging_mixin.py:190} INFO - [2024-12-01T15:09:48.394+0500] {override.py:1911} INFO - Created Permission View: menu access on DAG Run:example_branch_dop_operator_v3
[2024-12-01T15:09:48.401+0500] {logging_mixin.py:190} INFO - [2024-12-01T15:09:48.401+0500] {override.py:1911} INFO - Created Permission View: can delete on DAG Run:example_branch_dop_operator_v3
[2024-12-01T15:09:48.409+0500] {logging_mixin.py:190} INFO - [2024-12-01T15:09:48.408+0500] {override.py:1911} INFO - Created Permission View: can read on DAG Run:example_branch_dop_operator_v3
[2024-12-01T15:09:48.409+0500] {logging_mixin.py:190} INFO - [2024-12-01T15:09:48.409+0500] {dag.py:3239} INFO - Sync 1 DAGs
[2024-12-01T15:09:48.424+0500] {logging_mixin.py:190} INFO - [2024-12-01T15:09:48.424+0500] {dag.py:3262} INFO - Creating ORM DAG for example_branch_dop_operator_v3
[2024-12-01T15:09:48.437+0500] {logging_mixin.py:190} INFO - [2024-12-01T15:09:48.436+0500] {dag.py:4180} INFO - Setting next_dagrun for example_branch_dop_operator_v3 to 2024-12-01 10:08:00+00:00, run_after=2024-12-01 10:09:00+00:00
[2024-12-01T15:09:48.456+0500] {processor.py:208} INFO - Processing /Users/hanan-nawaz/Documents/Projects/Pakistan_AQI_Analysis/myenv/lib/python3.12/site-packages/airflow/example_dags/example_branch_python_dop_operator_3.py took 0.663 seconds
[2024-12-01T15:14:00.534+0500] {processor.py:186} INFO - Started process (PID=28793) to work on /Users/hanan-nawaz/Documents/Projects/Pakistan_AQI_Analysis/myenv/lib/python3.12/site-packages/airflow/example_dags/example_branch_python_dop_operator_3.py
[2024-12-01T15:14:00.536+0500] {processor.py:914} INFO - Processing file /Users/hanan-nawaz/Documents/Projects/Pakistan_AQI_Analysis/myenv/lib/python3.12/site-packages/airflow/example_dags/example_branch_python_dop_operator_3.py for tasks to queue
[2024-12-01T15:14:00.538+0500] {logging_mixin.py:190} INFO - [2024-12-01T15:14:00.538+0500] {dagbag.py:588} INFO - Filling up the DagBag from /Users/hanan-nawaz/Documents/Projects/Pakistan_AQI_Analysis/myenv/lib/python3.12/site-packages/airflow/example_dags/example_branch_python_dop_operator_3.py
[2024-12-01T15:14:00.644+0500] {processor.py:925} INFO - DAG(s) 'example_branch_dop_operator_v3' retrieved from /Users/hanan-nawaz/Documents/Projects/Pakistan_AQI_Analysis/myenv/lib/python3.12/site-packages/airflow/example_dags/example_branch_python_dop_operator_3.py
[2024-12-01T15:14:00.802+0500] {logging_mixin.py:190} INFO - [2024-12-01T15:14:00.802+0500] {dag.py:3239} INFO - Sync 1 DAGs
[2024-12-01T15:14:00.837+0500] {logging_mixin.py:190} INFO - [2024-12-01T15:14:00.836+0500] {dag.py:4180} INFO - Setting next_dagrun for example_branch_dop_operator_v3 to 2024-12-01 10:13:00+00:00, run_after=2024-12-01 10:14:00+00:00
[2024-12-01T15:14:00.866+0500] {processor.py:208} INFO - Processing /Users/hanan-nawaz/Documents/Projects/Pakistan_AQI_Analysis/myenv/lib/python3.12/site-packages/airflow/example_dags/example_branch_python_dop_operator_3.py took 0.343 seconds
[2024-12-01T15:21:08.205+0500] {processor.py:186} INFO - Started process (PID=29548) to work on /Users/hanan-nawaz/Documents/Projects/Pakistan_AQI_Analysis/myenv/lib/python3.12/site-packages/airflow/example_dags/example_branch_python_dop_operator_3.py
[2024-12-01T15:21:08.207+0500] {processor.py:914} INFO - Processing file /Users/hanan-nawaz/Documents/Projects/Pakistan_AQI_Analysis/myenv/lib/python3.12/site-packages/airflow/example_dags/example_branch_python_dop_operator_3.py for tasks to queue
[2024-12-01T15:21:08.210+0500] {logging_mixin.py:190} INFO - [2024-12-01T15:21:08.210+0500] {dagbag.py:588} INFO - Filling up the DagBag from /Users/hanan-nawaz/Documents/Projects/Pakistan_AQI_Analysis/myenv/lib/python3.12/site-packages/airflow/example_dags/example_branch_python_dop_operator_3.py
[2024-12-01T15:21:08.270+0500] {processor.py:925} INFO - DAG(s) 'example_branch_dop_operator_v3' retrieved from /Users/hanan-nawaz/Documents/Projects/Pakistan_AQI_Analysis/myenv/lib/python3.12/site-packages/airflow/example_dags/example_branch_python_dop_operator_3.py
[2024-12-01T15:21:08.439+0500] {logging_mixin.py:190} INFO - [2024-12-01T15:21:08.439+0500] {dag.py:3239} INFO - Sync 1 DAGs
[2024-12-01T15:21:08.473+0500] {logging_mixin.py:190} INFO - [2024-12-01T15:21:08.473+0500] {dag.py:4180} INFO - Setting next_dagrun for example_branch_dop_operator_v3 to 2024-12-01 10:20:00+00:00, run_after=2024-12-01 10:21:00+00:00
[2024-12-01T15:21:08.501+0500] {processor.py:208} INFO - Processing /Users/hanan-nawaz/Documents/Projects/Pakistan_AQI_Analysis/myenv/lib/python3.12/site-packages/airflow/example_dags/example_branch_python_dop_operator_3.py took 0.305 seconds
