[2024-12-01T15:07:49.073+0500] {processor.py:186} INFO - Started process (PID=28075) to work on /Users/hanan-nawaz/Documents/Projects/Pakistan_AQI_Analysis/myenv/lib/python3.12/site-packages/airflow/example_dags/example_short_circuit_decorator.py
[2024-12-01T15:07:49.074+0500] {processor.py:914} INFO - Processing file /Users/hanan-nawaz/Documents/Projects/Pakistan_AQI_Analysis/myenv/lib/python3.12/site-packages/airflow/example_dags/example_short_circuit_decorator.py for tasks to queue
[2024-12-01T15:07:49.075+0500] {logging_mixin.py:190} INFO - [2024-12-01T15:07:49.075+0500] {dagbag.py:588} INFO - Filling up the DagBag from /Users/hanan-nawaz/Documents/Projects/Pakistan_AQI_Analysis/myenv/lib/python3.12/site-packages/airflow/example_dags/example_short_circuit_decorator.py
[2024-12-01T15:07:49.118+0500] {processor.py:925} INFO - DAG(s) 'example_short_circuit_decorator' retrieved from /Users/hanan-nawaz/Documents/Projects/Pakistan_AQI_Analysis/myenv/lib/python3.12/site-packages/airflow/example_dags/example_short_circuit_decorator.py
[2024-12-01T15:07:49.348+0500] {logging_mixin.py:190} INFO - [2024-12-01T15:07:49.348+0500] {override.py:1911} INFO - Created Permission View: can delete on DAG:example_short_circuit_decorator
[2024-12-01T15:07:49.424+0500] {logging_mixin.py:190} INFO - [2024-12-01T15:07:49.424+0500] {override.py:1911} INFO - Created Permission View: can read on DAG:example_short_circuit_decorator
[2024-12-01T15:07:49.431+0500] {logging_mixin.py:190} INFO - [2024-12-01T15:07:49.431+0500] {override.py:1911} INFO - Created Permission View: can edit on DAG:example_short_circuit_decorator
[2024-12-01T15:07:49.442+0500] {logging_mixin.py:190} INFO - [2024-12-01T15:07:49.441+0500] {override.py:1911} INFO - Created Permission View: can delete on DAG Run:example_short_circuit_decorator
[2024-12-01T15:07:49.448+0500] {logging_mixin.py:190} INFO - [2024-12-01T15:07:49.448+0500] {override.py:1911} INFO - Created Permission View: can create on DAG Run:example_short_circuit_decorator
[2024-12-01T15:07:49.455+0500] {logging_mixin.py:190} INFO - [2024-12-01T15:07:49.454+0500] {override.py:1911} INFO - Created Permission View: can read on DAG Run:example_short_circuit_decorator
[2024-12-01T15:07:49.461+0500] {logging_mixin.py:190} INFO - [2024-12-01T15:07:49.461+0500] {override.py:1911} INFO - Created Permission View: menu access on DAG Run:example_short_circuit_decorator
[2024-12-01T15:07:49.461+0500] {logging_mixin.py:190} INFO - [2024-12-01T15:07:49.461+0500] {dag.py:3239} INFO - Sync 1 DAGs
[2024-12-01T15:07:49.474+0500] {logging_mixin.py:190} INFO - [2024-12-01T15:07:49.474+0500] {dag.py:3262} INFO - Creating ORM DAG for example_short_circuit_decorator
[2024-12-01T15:07:49.475+0500] {logging_mixin.py:190} INFO - [2024-12-01T15:07:49.475+0500] {dag.py:4180} INFO - Setting next_dagrun for example_short_circuit_decorator to None, run_after=None
[2024-12-01T15:07:49.495+0500] {processor.py:208} INFO - Processing /Users/hanan-nawaz/Documents/Projects/Pakistan_AQI_Analysis/myenv/lib/python3.12/site-packages/airflow/example_dags/example_short_circuit_decorator.py took 0.427 seconds
[2024-12-01T15:12:12.059+0500] {processor.py:186} INFO - Started process (PID=28622) to work on /Users/hanan-nawaz/Documents/Projects/Pakistan_AQI_Analysis/myenv/lib/python3.12/site-packages/airflow/example_dags/example_short_circuit_decorator.py
[2024-12-01T15:12:12.062+0500] {processor.py:914} INFO - Processing file /Users/hanan-nawaz/Documents/Projects/Pakistan_AQI_Analysis/myenv/lib/python3.12/site-packages/airflow/example_dags/example_short_circuit_decorator.py for tasks to queue
[2024-12-01T15:12:12.064+0500] {logging_mixin.py:190} INFO - [2024-12-01T15:12:12.064+0500] {dagbag.py:588} INFO - Filling up the DagBag from /Users/hanan-nawaz/Documents/Projects/Pakistan_AQI_Analysis/myenv/lib/python3.12/site-packages/airflow/example_dags/example_short_circuit_decorator.py
[2024-12-01T15:12:12.153+0500] {processor.py:925} INFO - DAG(s) 'example_short_circuit_decorator' retrieved from /Users/hanan-nawaz/Documents/Projects/Pakistan_AQI_Analysis/myenv/lib/python3.12/site-packages/airflow/example_dags/example_short_circuit_decorator.py
[2024-12-01T15:12:12.377+0500] {logging_mixin.py:190} INFO - [2024-12-01T15:12:12.376+0500] {dag.py:3239} INFO - Sync 1 DAGs
[2024-12-01T15:12:12.412+0500] {logging_mixin.py:190} INFO - [2024-12-01T15:12:12.411+0500] {dag.py:4180} INFO - Setting next_dagrun for example_short_circuit_decorator to None, run_after=None
[2024-12-01T15:12:12.458+0500] {processor.py:208} INFO - Processing /Users/hanan-nawaz/Documents/Projects/Pakistan_AQI_Analysis/myenv/lib/python3.12/site-packages/airflow/example_dags/example_short_circuit_decorator.py took 0.410 seconds
[2024-12-01T15:15:29.269+0500] {processor.py:186} INFO - Started process (PID=29010) to work on /Users/hanan-nawaz/Documents/Projects/Pakistan_AQI_Analysis/myenv/lib/python3.12/site-packages/airflow/example_dags/example_short_circuit_decorator.py
[2024-12-01T15:15:29.270+0500] {processor.py:914} INFO - Processing file /Users/hanan-nawaz/Documents/Projects/Pakistan_AQI_Analysis/myenv/lib/python3.12/site-packages/airflow/example_dags/example_short_circuit_decorator.py for tasks to queue
[2024-12-01T15:15:29.271+0500] {logging_mixin.py:190} INFO - [2024-12-01T15:15:29.271+0500] {dagbag.py:588} INFO - Filling up the DagBag from /Users/hanan-nawaz/Documents/Projects/Pakistan_AQI_Analysis/myenv/lib/python3.12/site-packages/airflow/example_dags/example_short_circuit_decorator.py
[2024-12-01T15:15:29.317+0500] {processor.py:925} INFO - DAG(s) 'example_short_circuit_decorator' retrieved from /Users/hanan-nawaz/Documents/Projects/Pakistan_AQI_Analysis/myenv/lib/python3.12/site-packages/airflow/example_dags/example_short_circuit_decorator.py
[2024-12-01T15:15:29.441+0500] {logging_mixin.py:190} INFO - [2024-12-01T15:15:29.441+0500] {dag.py:3239} INFO - Sync 1 DAGs
[2024-12-01T15:15:29.455+0500] {logging_mixin.py:190} INFO - [2024-12-01T15:15:29.455+0500] {dag.py:4180} INFO - Setting next_dagrun for example_short_circuit_decorator to None, run_after=None
[2024-12-01T15:15:29.476+0500] {processor.py:208} INFO - Processing /Users/hanan-nawaz/Documents/Projects/Pakistan_AQI_Analysis/myenv/lib/python3.12/site-packages/airflow/example_dags/example_short_circuit_decorator.py took 0.213 seconds
[2024-12-01T15:19:08.185+0500] {processor.py:186} INFO - Started process (PID=29351) to work on /Users/hanan-nawaz/Documents/Projects/Pakistan_AQI_Analysis/myenv/lib/python3.12/site-packages/airflow/example_dags/example_short_circuit_decorator.py
[2024-12-01T15:19:08.187+0500] {processor.py:914} INFO - Processing file /Users/hanan-nawaz/Documents/Projects/Pakistan_AQI_Analysis/myenv/lib/python3.12/site-packages/airflow/example_dags/example_short_circuit_decorator.py for tasks to queue
[2024-12-01T15:19:08.190+0500] {logging_mixin.py:190} INFO - [2024-12-01T15:19:08.189+0500] {dagbag.py:588} INFO - Filling up the DagBag from /Users/hanan-nawaz/Documents/Projects/Pakistan_AQI_Analysis/myenv/lib/python3.12/site-packages/airflow/example_dags/example_short_circuit_decorator.py
[2024-12-01T15:19:08.245+0500] {processor.py:925} INFO - DAG(s) 'example_short_circuit_decorator' retrieved from /Users/hanan-nawaz/Documents/Projects/Pakistan_AQI_Analysis/myenv/lib/python3.12/site-packages/airflow/example_dags/example_short_circuit_decorator.py
[2024-12-01T15:19:08.453+0500] {logging_mixin.py:190} INFO - [2024-12-01T15:19:08.453+0500] {dag.py:3239} INFO - Sync 1 DAGs
[2024-12-01T15:19:08.478+0500] {logging_mixin.py:190} INFO - [2024-12-01T15:19:08.477+0500] {dag.py:4180} INFO - Setting next_dagrun for example_short_circuit_decorator to None, run_after=None
[2024-12-01T15:19:08.522+0500] {processor.py:208} INFO - Processing /Users/hanan-nawaz/Documents/Projects/Pakistan_AQI_Analysis/myenv/lib/python3.12/site-packages/airflow/example_dags/example_short_circuit_decorator.py took 0.343 seconds
