[2024-12-01T15:10:02.440+0500] {processor.py:186} INFO - Started process (PID=28374) to work on /Users/hanan-nawaz/Documents/Projects/Pakistan_AQI_Analysis/myenv/lib/python3.12/site-packages/airflow/example_dags/example_branch_labels.py
[2024-12-01T15:10:02.441+0500] {processor.py:914} INFO - Processing file /Users/hanan-nawaz/Documents/Projects/Pakistan_AQI_Analysis/myenv/lib/python3.12/site-packages/airflow/example_dags/example_branch_labels.py for tasks to queue
[2024-12-01T15:10:02.442+0500] {logging_mixin.py:190} INFO - [2024-12-01T15:10:02.442+0500] {dagbag.py:588} INFO - Filling up the DagBag from /Users/hanan-nawaz/Documents/Projects/Pakistan_AQI_Analysis/myenv/lib/python3.12/site-packages/airflow/example_dags/example_branch_labels.py
[2024-12-01T15:10:02.454+0500] {processor.py:925} INFO - DAG(s) 'example_branch_labels' retrieved from /Users/hanan-nawaz/Documents/Projects/Pakistan_AQI_Analysis/myenv/lib/python3.12/site-packages/airflow/example_dags/example_branch_labels.py
[2024-12-01T15:10:02.687+0500] {logging_mixin.py:190} INFO - [2024-12-01T15:10:02.686+0500] {override.py:1911} INFO - Created Permission View: can edit on DAG:example_branch_labels
[2024-12-01T15:10:02.698+0500] {logging_mixin.py:190} INFO - [2024-12-01T15:10:02.697+0500] {override.py:1911} INFO - Created Permission View: can delete on DAG:example_branch_labels
[2024-12-01T15:10:02.704+0500] {logging_mixin.py:190} INFO - [2024-12-01T15:10:02.704+0500] {override.py:1911} INFO - Created Permission View: can read on DAG:example_branch_labels
[2024-12-01T15:10:02.713+0500] {logging_mixin.py:190} INFO - [2024-12-01T15:10:02.712+0500] {override.py:1911} INFO - Created Permission View: menu access on DAG Run:example_branch_labels
[2024-12-01T15:10:02.719+0500] {logging_mixin.py:190} INFO - [2024-12-01T15:10:02.719+0500] {override.py:1911} INFO - Created Permission View: can create on DAG Run:example_branch_labels
[2024-12-01T15:10:02.726+0500] {logging_mixin.py:190} INFO - [2024-12-01T15:10:02.725+0500] {override.py:1911} INFO - Created Permission View: can delete on DAG Run:example_branch_labels
[2024-12-01T15:10:02.732+0500] {logging_mixin.py:190} INFO - [2024-12-01T15:10:02.732+0500] {override.py:1911} INFO - Created Permission View: can read on DAG Run:example_branch_labels
[2024-12-01T15:10:02.733+0500] {logging_mixin.py:190} INFO - [2024-12-01T15:10:02.733+0500] {dag.py:3239} INFO - Sync 1 DAGs
[2024-12-01T15:10:02.746+0500] {logging_mixin.py:190} INFO - [2024-12-01T15:10:02.745+0500] {dag.py:3262} INFO - Creating ORM DAG for example_branch_labels
[2024-12-01T15:10:02.757+0500] {logging_mixin.py:190} INFO - [2024-12-01T15:10:02.757+0500] {dag.py:4180} INFO - Setting next_dagrun for example_branch_labels to 2024-11-30 00:00:00+00:00, run_after=2024-12-01 00:00:00+00:00
[2024-12-01T15:10:02.841+0500] {processor.py:208} INFO - Processing /Users/hanan-nawaz/Documents/Projects/Pakistan_AQI_Analysis/myenv/lib/python3.12/site-packages/airflow/example_dags/example_branch_labels.py took 0.406 seconds
[2024-12-01T15:17:07.106+0500] {processor.py:186} INFO - Started process (PID=29176) to work on /Users/hanan-nawaz/Documents/Projects/Pakistan_AQI_Analysis/myenv/lib/python3.12/site-packages/airflow/example_dags/example_branch_labels.py
[2024-12-01T15:17:07.117+0500] {processor.py:914} INFO - Processing file /Users/hanan-nawaz/Documents/Projects/Pakistan_AQI_Analysis/myenv/lib/python3.12/site-packages/airflow/example_dags/example_branch_labels.py for tasks to queue
[2024-12-01T15:17:07.121+0500] {logging_mixin.py:190} INFO - [2024-12-01T15:17:07.120+0500] {dagbag.py:588} INFO - Filling up the DagBag from /Users/hanan-nawaz/Documents/Projects/Pakistan_AQI_Analysis/myenv/lib/python3.12/site-packages/airflow/example_dags/example_branch_labels.py
[2024-12-01T15:17:07.141+0500] {processor.py:925} INFO - DAG(s) 'example_branch_labels' retrieved from /Users/hanan-nawaz/Documents/Projects/Pakistan_AQI_Analysis/myenv/lib/python3.12/site-packages/airflow/example_dags/example_branch_labels.py
[2024-12-01T15:17:07.345+0500] {logging_mixin.py:190} INFO - [2024-12-01T15:17:07.344+0500] {dag.py:3239} INFO - Sync 1 DAGs
[2024-12-01T15:17:07.374+0500] {logging_mixin.py:190} INFO - [2024-12-01T15:17:07.374+0500] {dag.py:4180} INFO - Setting next_dagrun for example_branch_labels to 2024-11-30 00:00:00+00:00, run_after=2024-12-01 00:00:00+00:00
[2024-12-01T15:17:07.406+0500] {processor.py:208} INFO - Processing /Users/hanan-nawaz/Documents/Projects/Pakistan_AQI_Analysis/myenv/lib/python3.12/site-packages/airflow/example_dags/example_branch_labels.py took 0.311 seconds
