[2024-12-01T15:07:12.733+0500] {processor.py:186} INFO - Started process (PID=27962) to work on /Users/hanan-nawaz/Documents/Projects/Pakistan_AQI_Analysis/myenv/lib/python3.12/site-packages/airflow/example_dags/example_trigger_target_dag.py
[2024-12-01T15:07:12.734+0500] {processor.py:914} INFO - Processing file /Users/hanan-nawaz/Documents/Projects/Pakistan_AQI_Analysis/myenv/lib/python3.12/site-packages/airflow/example_dags/example_trigger_target_dag.py for tasks to queue
[2024-12-01T15:07:12.736+0500] {logging_mixin.py:190} INFO - [2024-12-01T15:07:12.735+0500] {dagbag.py:588} INFO - Filling up the DagBag from /Users/hanan-nawaz/Documents/Projects/Pakistan_AQI_Analysis/myenv/lib/python3.12/site-packages/airflow/example_dags/example_trigger_target_dag.py
[2024-12-01T15:07:12.824+0500] {processor.py:925} INFO - DAG(s) 'example_trigger_target_dag' retrieved from /Users/hanan-nawaz/Documents/Projects/Pakistan_AQI_Analysis/myenv/lib/python3.12/site-packages/airflow/example_dags/example_trigger_target_dag.py
[2024-12-01T15:07:13.059+0500] {logging_mixin.py:190} INFO - [2024-12-01T15:07:13.058+0500] {override.py:1911} INFO - Created Permission View: can delete on DAG:example_trigger_target_dag
[2024-12-01T15:07:13.149+0500] {logging_mixin.py:190} INFO - [2024-12-01T15:07:13.149+0500] {override.py:1911} INFO - Created Permission View: can read on DAG:example_trigger_target_dag
[2024-12-01T15:07:13.156+0500] {logging_mixin.py:190} INFO - [2024-12-01T15:07:13.155+0500] {override.py:1911} INFO - Created Permission View: can edit on DAG:example_trigger_target_dag
[2024-12-01T15:07:13.165+0500] {logging_mixin.py:190} INFO - [2024-12-01T15:07:13.165+0500] {override.py:1911} INFO - Created Permission View: menu access on DAG Run:example_trigger_target_dag
[2024-12-01T15:07:13.172+0500] {logging_mixin.py:190} INFO - [2024-12-01T15:07:13.171+0500] {override.py:1911} INFO - Created Permission View: can delete on DAG Run:example_trigger_target_dag
[2024-12-01T15:07:13.179+0500] {logging_mixin.py:190} INFO - [2024-12-01T15:07:13.179+0500] {override.py:1911} INFO - Created Permission View: can read on DAG Run:example_trigger_target_dag
[2024-12-01T15:07:13.186+0500] {logging_mixin.py:190} INFO - [2024-12-01T15:07:13.186+0500] {override.py:1911} INFO - Created Permission View: can create on DAG Run:example_trigger_target_dag
[2024-12-01T15:07:13.187+0500] {logging_mixin.py:190} INFO - [2024-12-01T15:07:13.187+0500] {dag.py:3239} INFO - Sync 1 DAGs
[2024-12-01T15:07:13.200+0500] {logging_mixin.py:190} INFO - [2024-12-01T15:07:13.200+0500] {dag.py:3262} INFO - Creating ORM DAG for example_trigger_target_dag
[2024-12-01T15:07:13.201+0500] {logging_mixin.py:190} INFO - [2024-12-01T15:07:13.201+0500] {dag.py:4180} INFO - Setting next_dagrun for example_trigger_target_dag to None, run_after=None
[2024-12-01T15:07:13.219+0500] {processor.py:208} INFO - Processing /Users/hanan-nawaz/Documents/Projects/Pakistan_AQI_Analysis/myenv/lib/python3.12/site-packages/airflow/example_dags/example_trigger_target_dag.py took 0.490 seconds
[2024-12-01T15:11:29.440+0500] {processor.py:186} INFO - Started process (PID=28565) to work on /Users/hanan-nawaz/Documents/Projects/Pakistan_AQI_Analysis/myenv/lib/python3.12/site-packages/airflow/example_dags/example_trigger_target_dag.py
[2024-12-01T15:11:29.442+0500] {processor.py:914} INFO - Processing file /Users/hanan-nawaz/Documents/Projects/Pakistan_AQI_Analysis/myenv/lib/python3.12/site-packages/airflow/example_dags/example_trigger_target_dag.py for tasks to queue
[2024-12-01T15:11:29.444+0500] {logging_mixin.py:190} INFO - [2024-12-01T15:11:29.443+0500] {dagbag.py:588} INFO - Filling up the DagBag from /Users/hanan-nawaz/Documents/Projects/Pakistan_AQI_Analysis/myenv/lib/python3.12/site-packages/airflow/example_dags/example_trigger_target_dag.py
[2024-12-01T15:11:29.486+0500] {processor.py:925} INFO - DAG(s) 'example_trigger_target_dag' retrieved from /Users/hanan-nawaz/Documents/Projects/Pakistan_AQI_Analysis/myenv/lib/python3.12/site-packages/airflow/example_dags/example_trigger_target_dag.py
[2024-12-01T15:11:29.605+0500] {logging_mixin.py:190} INFO - [2024-12-01T15:11:29.605+0500] {dag.py:3239} INFO - Sync 1 DAGs
[2024-12-01T15:11:29.625+0500] {logging_mixin.py:190} INFO - [2024-12-01T15:11:29.624+0500] {dag.py:4180} INFO - Setting next_dagrun for example_trigger_target_dag to None, run_after=None
[2024-12-01T15:11:29.655+0500] {processor.py:208} INFO - Processing /Users/hanan-nawaz/Documents/Projects/Pakistan_AQI_Analysis/myenv/lib/python3.12/site-packages/airflow/example_dags/example_trigger_target_dag.py took 0.219 seconds
[2024-12-01T15:14:54.566+0500] {processor.py:186} INFO - Started process (PID=28935) to work on /Users/hanan-nawaz/Documents/Projects/Pakistan_AQI_Analysis/myenv/lib/python3.12/site-packages/airflow/example_dags/example_trigger_target_dag.py
[2024-12-01T15:14:54.567+0500] {processor.py:914} INFO - Processing file /Users/hanan-nawaz/Documents/Projects/Pakistan_AQI_Analysis/myenv/lib/python3.12/site-packages/airflow/example_dags/example_trigger_target_dag.py for tasks to queue
[2024-12-01T15:14:54.568+0500] {logging_mixin.py:190} INFO - [2024-12-01T15:14:54.568+0500] {dagbag.py:588} INFO - Filling up the DagBag from /Users/hanan-nawaz/Documents/Projects/Pakistan_AQI_Analysis/myenv/lib/python3.12/site-packages/airflow/example_dags/example_trigger_target_dag.py
[2024-12-01T15:14:54.622+0500] {processor.py:925} INFO - DAG(s) 'example_trigger_target_dag' retrieved from /Users/hanan-nawaz/Documents/Projects/Pakistan_AQI_Analysis/myenv/lib/python3.12/site-packages/airflow/example_dags/example_trigger_target_dag.py
[2024-12-01T15:14:54.773+0500] {logging_mixin.py:190} INFO - [2024-12-01T15:14:54.773+0500] {dag.py:3239} INFO - Sync 1 DAGs
[2024-12-01T15:14:54.786+0500] {logging_mixin.py:190} INFO - [2024-12-01T15:14:54.786+0500] {dag.py:4180} INFO - Setting next_dagrun for example_trigger_target_dag to None, run_after=None
[2024-12-01T15:14:54.809+0500] {processor.py:208} INFO - Processing /Users/hanan-nawaz/Documents/Projects/Pakistan_AQI_Analysis/myenv/lib/python3.12/site-packages/airflow/example_dags/example_trigger_target_dag.py took 0.249 seconds
[2024-12-01T15:18:29.339+0500] {processor.py:186} INFO - Started process (PID=29317) to work on /Users/hanan-nawaz/Documents/Projects/Pakistan_AQI_Analysis/myenv/lib/python3.12/site-packages/airflow/example_dags/example_trigger_target_dag.py
[2024-12-01T15:18:29.354+0500] {processor.py:914} INFO - Processing file /Users/hanan-nawaz/Documents/Projects/Pakistan_AQI_Analysis/myenv/lib/python3.12/site-packages/airflow/example_dags/example_trigger_target_dag.py for tasks to queue
[2024-12-01T15:18:29.356+0500] {logging_mixin.py:190} INFO - [2024-12-01T15:18:29.356+0500] {dagbag.py:588} INFO - Filling up the DagBag from /Users/hanan-nawaz/Documents/Projects/Pakistan_AQI_Analysis/myenv/lib/python3.12/site-packages/airflow/example_dags/example_trigger_target_dag.py
[2024-12-01T15:18:29.498+0500] {processor.py:925} INFO - DAG(s) 'example_trigger_target_dag' retrieved from /Users/hanan-nawaz/Documents/Projects/Pakistan_AQI_Analysis/myenv/lib/python3.12/site-packages/airflow/example_dags/example_trigger_target_dag.py
[2024-12-01T15:18:29.766+0500] {logging_mixin.py:190} INFO - [2024-12-01T15:18:29.766+0500] {dag.py:3239} INFO - Sync 1 DAGs
[2024-12-01T15:18:29.779+0500] {logging_mixin.py:190} INFO - [2024-12-01T15:18:29.779+0500] {dag.py:4180} INFO - Setting next_dagrun for example_trigger_target_dag to None, run_after=None
[2024-12-01T15:18:29.816+0500] {processor.py:208} INFO - Processing /Users/hanan-nawaz/Documents/Projects/Pakistan_AQI_Analysis/myenv/lib/python3.12/site-packages/airflow/example_dags/example_trigger_target_dag.py took 0.494 seconds
