[2024-12-01T15:09:38.347+0500] {processor.py:186} INFO - Started process (PID=28318) to work on /Users/hanan-nawaz/Documents/Projects/Pakistan_AQI_Analysis/myenv/lib/python3.12/site-packages/airflow/example_dags/example_dag_decorator.py
[2024-12-01T15:09:38.349+0500] {processor.py:914} INFO - Processing file /Users/hanan-nawaz/Documents/Projects/Pakistan_AQI_Analysis/myenv/lib/python3.12/site-packages/airflow/example_dags/example_dag_decorator.py for tasks to queue
[2024-12-01T15:09:38.351+0500] {logging_mixin.py:190} INFO - [2024-12-01T15:09:38.351+0500] {dagbag.py:588} INFO - Filling up the DagBag from /Users/hanan-nawaz/Documents/Projects/Pakistan_AQI_Analysis/myenv/lib/python3.12/site-packages/airflow/example_dags/example_dag_decorator.py
[2024-12-01T15:09:38.473+0500] {processor.py:925} INFO - DAG(s) 'example_dag_decorator' retrieved from /Users/hanan-nawaz/Documents/Projects/Pakistan_AQI_Analysis/myenv/lib/python3.12/site-packages/airflow/example_dags/example_dag_decorator.py
[2024-12-01T15:09:38.895+0500] {logging_mixin.py:190} INFO - [2024-12-01T15:09:38.894+0500] {override.py:1911} INFO - Created Permission View: can read on DAG:example_dag_decorator
[2024-12-01T15:09:38.938+0500] {logging_mixin.py:190} INFO - [2024-12-01T15:09:38.934+0500] {override.py:1911} INFO - Created Permission View: can edit on DAG:example_dag_decorator
[2024-12-01T15:09:38.951+0500] {logging_mixin.py:190} INFO - [2024-12-01T15:09:38.950+0500] {override.py:1911} INFO - Created Permission View: can delete on DAG:example_dag_decorator
[2024-12-01T15:09:38.966+0500] {logging_mixin.py:190} INFO - [2024-12-01T15:09:38.965+0500] {override.py:1911} INFO - Created Permission View: can read on DAG Run:example_dag_decorator
[2024-12-01T15:09:38.978+0500] {logging_mixin.py:190} INFO - [2024-12-01T15:09:38.977+0500] {override.py:1911} INFO - Created Permission View: can create on DAG Run:example_dag_decorator
[2024-12-01T15:09:38.990+0500] {logging_mixin.py:190} INFO - [2024-12-01T15:09:38.989+0500] {override.py:1911} INFO - Created Permission View: menu access on DAG Run:example_dag_decorator
[2024-12-01T15:09:38.999+0500] {logging_mixin.py:190} INFO - [2024-12-01T15:09:38.999+0500] {override.py:1911} INFO - Created Permission View: can delete on DAG Run:example_dag_decorator
[2024-12-01T15:09:39.000+0500] {logging_mixin.py:190} INFO - [2024-12-01T15:09:38.999+0500] {dag.py:3239} INFO - Sync 1 DAGs
[2024-12-01T15:09:39.018+0500] {logging_mixin.py:190} INFO - [2024-12-01T15:09:39.017+0500] {dag.py:3262} INFO - Creating ORM DAG for example_dag_decorator
[2024-12-01T15:09:39.019+0500] {logging_mixin.py:190} INFO - [2024-12-01T15:09:39.018+0500] {dag.py:4180} INFO - Setting next_dagrun for example_dag_decorator to None, run_after=None
[2024-12-01T15:09:39.038+0500] {processor.py:208} INFO - Processing /Users/hanan-nawaz/Documents/Projects/Pakistan_AQI_Analysis/myenv/lib/python3.12/site-packages/airflow/example_dags/example_dag_decorator.py took 0.699 seconds
[2024-12-01T15:13:53.102+0500] {processor.py:186} INFO - Started process (PID=28770) to work on /Users/hanan-nawaz/Documents/Projects/Pakistan_AQI_Analysis/myenv/lib/python3.12/site-packages/airflow/example_dags/example_dag_decorator.py
[2024-12-01T15:13:53.105+0500] {processor.py:914} INFO - Processing file /Users/hanan-nawaz/Documents/Projects/Pakistan_AQI_Analysis/myenv/lib/python3.12/site-packages/airflow/example_dags/example_dag_decorator.py for tasks to queue
[2024-12-01T15:13:53.107+0500] {logging_mixin.py:190} INFO - [2024-12-01T15:13:53.107+0500] {dagbag.py:588} INFO - Filling up the DagBag from /Users/hanan-nawaz/Documents/Projects/Pakistan_AQI_Analysis/myenv/lib/python3.12/site-packages/airflow/example_dags/example_dag_decorator.py
[2024-12-01T15:13:53.231+0500] {processor.py:925} INFO - DAG(s) 'example_dag_decorator' retrieved from /Users/hanan-nawaz/Documents/Projects/Pakistan_AQI_Analysis/myenv/lib/python3.12/site-packages/airflow/example_dags/example_dag_decorator.py
[2024-12-01T15:13:53.513+0500] {logging_mixin.py:190} INFO - [2024-12-01T15:13:53.513+0500] {dag.py:3239} INFO - Sync 1 DAGs
[2024-12-01T15:13:53.525+0500] {logging_mixin.py:190} INFO - [2024-12-01T15:13:53.525+0500] {dag.py:4180} INFO - Setting next_dagrun for example_dag_decorator to None, run_after=None
[2024-12-01T15:13:53.551+0500] {processor.py:208} INFO - Processing /Users/hanan-nawaz/Documents/Projects/Pakistan_AQI_Analysis/myenv/lib/python3.12/site-packages/airflow/example_dags/example_dag_decorator.py took 0.456 seconds
[2024-12-01T15:20:58.206+0500] {processor.py:186} INFO - Started process (PID=29534) to work on /Users/hanan-nawaz/Documents/Projects/Pakistan_AQI_Analysis/myenv/lib/python3.12/site-packages/airflow/example_dags/example_dag_decorator.py
[2024-12-01T15:20:58.220+0500] {processor.py:914} INFO - Processing file /Users/hanan-nawaz/Documents/Projects/Pakistan_AQI_Analysis/myenv/lib/python3.12/site-packages/airflow/example_dags/example_dag_decorator.py for tasks to queue
[2024-12-01T15:20:58.222+0500] {logging_mixin.py:190} INFO - [2024-12-01T15:20:58.222+0500] {dagbag.py:588} INFO - Filling up the DagBag from /Users/hanan-nawaz/Documents/Projects/Pakistan_AQI_Analysis/myenv/lib/python3.12/site-packages/airflow/example_dags/example_dag_decorator.py
[2024-12-01T15:20:58.341+0500] {processor.py:925} INFO - DAG(s) 'example_dag_decorator' retrieved from /Users/hanan-nawaz/Documents/Projects/Pakistan_AQI_Analysis/myenv/lib/python3.12/site-packages/airflow/example_dags/example_dag_decorator.py
[2024-12-01T15:20:58.749+0500] {logging_mixin.py:190} INFO - [2024-12-01T15:20:58.748+0500] {dag.py:3239} INFO - Sync 1 DAGs
[2024-12-01T15:20:58.772+0500] {logging_mixin.py:190} INFO - [2024-12-01T15:20:58.771+0500] {dag.py:4180} INFO - Setting next_dagrun for example_dag_decorator to None, run_after=None
[2024-12-01T15:20:58.807+0500] {processor.py:208} INFO - Processing /Users/hanan-nawaz/Documents/Projects/Pakistan_AQI_Analysis/myenv/lib/python3.12/site-packages/airflow/example_dags/example_dag_decorator.py took 0.613 seconds
