[2024-12-01T15:09:01.166+0500] {processor.py:186} INFO - Started process (PID=28214) to work on /Users/hanan-nawaz/Documents/Projects/Pakistan_AQI_Analysis/myenv/lib/python3.12/site-packages/airflow/example_dags/example_external_task_marker_dag.py
[2024-12-01T15:09:01.168+0500] {processor.py:914} INFO - Processing file /Users/hanan-nawaz/Documents/Projects/Pakistan_AQI_Analysis/myenv/lib/python3.12/site-packages/airflow/example_dags/example_external_task_marker_dag.py for tasks to queue
[2024-12-01T15:09:01.169+0500] {logging_mixin.py:190} INFO - [2024-12-01T15:09:01.168+0500] {dagbag.py:588} INFO - Filling up the DagBag from /Users/hanan-nawaz/Documents/Projects/Pakistan_AQI_Analysis/myenv/lib/python3.12/site-packages/airflow/example_dags/example_external_task_marker_dag.py
[2024-12-01T15:09:01.186+0500] {processor.py:925} INFO - DAG(s) 'example_external_task_marker_parent', 'example_external_task_marker_child' retrieved from /Users/hanan-nawaz/Documents/Projects/Pakistan_AQI_Analysis/myenv/lib/python3.12/site-packages/airflow/example_dags/example_external_task_marker_dag.py
[2024-12-01T15:09:01.408+0500] {logging_mixin.py:190} INFO - [2024-12-01T15:09:01.407+0500] {override.py:1911} INFO - Created Permission View: can delete on DAG:example_external_task_marker_parent
[2024-12-01T15:09:01.419+0500] {logging_mixin.py:190} INFO - [2024-12-01T15:09:01.419+0500] {override.py:1911} INFO - Created Permission View: can edit on DAG:example_external_task_marker_parent
[2024-12-01T15:09:01.425+0500] {logging_mixin.py:190} INFO - [2024-12-01T15:09:01.425+0500] {override.py:1911} INFO - Created Permission View: can read on DAG:example_external_task_marker_parent
[2024-12-01T15:09:01.434+0500] {logging_mixin.py:190} INFO - [2024-12-01T15:09:01.434+0500] {override.py:1911} INFO - Created Permission View: can create on DAG Run:example_external_task_marker_parent
[2024-12-01T15:09:01.441+0500] {logging_mixin.py:190} INFO - [2024-12-01T15:09:01.440+0500] {override.py:1911} INFO - Created Permission View: menu access on DAG Run:example_external_task_marker_parent
[2024-12-01T15:09:01.447+0500] {logging_mixin.py:190} INFO - [2024-12-01T15:09:01.447+0500] {override.py:1911} INFO - Created Permission View: can delete on DAG Run:example_external_task_marker_parent
[2024-12-01T15:09:01.455+0500] {logging_mixin.py:190} INFO - [2024-12-01T15:09:01.455+0500] {override.py:1911} INFO - Created Permission View: can read on DAG Run:example_external_task_marker_parent
[2024-12-01T15:09:01.461+0500] {logging_mixin.py:190} INFO - [2024-12-01T15:09:01.460+0500] {workday.py:41} WARNING - Could not import pandas. Holidays will not be considered.
[2024-12-01T15:09:01.485+0500] {logging_mixin.py:190} INFO - [2024-12-01T15:09:01.485+0500] {override.py:1911} INFO - Created Permission View: can delete on DAG:example_external_task_marker_child
[2024-12-01T15:09:01.492+0500] {logging_mixin.py:190} INFO - [2024-12-01T15:09:01.491+0500] {override.py:1911} INFO - Created Permission View: can edit on DAG:example_external_task_marker_child
[2024-12-01T15:09:01.498+0500] {logging_mixin.py:190} INFO - [2024-12-01T15:09:01.497+0500] {override.py:1911} INFO - Created Permission View: can read on DAG:example_external_task_marker_child
[2024-12-01T15:09:01.507+0500] {logging_mixin.py:190} INFO - [2024-12-01T15:09:01.506+0500] {override.py:1911} INFO - Created Permission View: can create on DAG Run:example_external_task_marker_child
[2024-12-01T15:09:01.516+0500] {logging_mixin.py:190} INFO - [2024-12-01T15:09:01.515+0500] {override.py:1911} INFO - Created Permission View: menu access on DAG Run:example_external_task_marker_child
[2024-12-01T15:09:01.522+0500] {logging_mixin.py:190} INFO - [2024-12-01T15:09:01.522+0500] {override.py:1911} INFO - Created Permission View: can delete on DAG Run:example_external_task_marker_child
[2024-12-01T15:09:01.529+0500] {logging_mixin.py:190} INFO - [2024-12-01T15:09:01.529+0500] {override.py:1911} INFO - Created Permission View: can read on DAG Run:example_external_task_marker_child
[2024-12-01T15:09:01.530+0500] {logging_mixin.py:190} INFO - [2024-12-01T15:09:01.529+0500] {dag.py:3239} INFO - Sync 2 DAGs
[2024-12-01T15:09:01.543+0500] {logging_mixin.py:190} INFO - [2024-12-01T15:09:01.543+0500] {dag.py:3262} INFO - Creating ORM DAG for example_external_task_marker_child
[2024-12-01T15:09:01.544+0500] {logging_mixin.py:190} INFO - [2024-12-01T15:09:01.544+0500] {dag.py:3262} INFO - Creating ORM DAG for example_external_task_marker_parent
[2024-12-01T15:09:01.546+0500] {logging_mixin.py:190} INFO - [2024-12-01T15:09:01.545+0500] {dag.py:4180} INFO - Setting next_dagrun for example_external_task_marker_child to None, run_after=None
[2024-12-01T15:09:01.547+0500] {logging_mixin.py:190} INFO - [2024-12-01T15:09:01.547+0500] {dag.py:4180} INFO - Setting next_dagrun for example_external_task_marker_parent to None, run_after=None
[2024-12-01T15:09:01.693+0500] {processor.py:208} INFO - Processing /Users/hanan-nawaz/Documents/Projects/Pakistan_AQI_Analysis/myenv/lib/python3.12/site-packages/airflow/example_dags/example_external_task_marker_dag.py took 0.534 seconds
[2024-12-01T15:13:26.708+0500] {processor.py:186} INFO - Started process (PID=28702) to work on /Users/hanan-nawaz/Documents/Projects/Pakistan_AQI_Analysis/myenv/lib/python3.12/site-packages/airflow/example_dags/example_external_task_marker_dag.py
[2024-12-01T15:13:26.709+0500] {processor.py:914} INFO - Processing file /Users/hanan-nawaz/Documents/Projects/Pakistan_AQI_Analysis/myenv/lib/python3.12/site-packages/airflow/example_dags/example_external_task_marker_dag.py for tasks to queue
[2024-12-01T15:13:26.711+0500] {logging_mixin.py:190} INFO - [2024-12-01T15:13:26.710+0500] {dagbag.py:588} INFO - Filling up the DagBag from /Users/hanan-nawaz/Documents/Projects/Pakistan_AQI_Analysis/myenv/lib/python3.12/site-packages/airflow/example_dags/example_external_task_marker_dag.py
[2024-12-01T15:13:26.730+0500] {processor.py:925} INFO - DAG(s) 'example_external_task_marker_child', 'example_external_task_marker_parent' retrieved from /Users/hanan-nawaz/Documents/Projects/Pakistan_AQI_Analysis/myenv/lib/python3.12/site-packages/airflow/example_dags/example_external_task_marker_dag.py
[2024-12-01T15:13:26.884+0500] {logging_mixin.py:190} INFO - [2024-12-01T15:13:26.884+0500] {workday.py:41} WARNING - Could not import pandas. Holidays will not be considered.
[2024-12-01T15:13:26.908+0500] {logging_mixin.py:190} INFO - [2024-12-01T15:13:26.908+0500] {dag.py:3239} INFO - Sync 2 DAGs
[2024-12-01T15:13:26.921+0500] {logging_mixin.py:190} INFO - [2024-12-01T15:13:26.921+0500] {dag.py:4180} INFO - Setting next_dagrun for example_external_task_marker_child to None, run_after=None
[2024-12-01T15:13:26.924+0500] {logging_mixin.py:190} INFO - [2024-12-01T15:13:26.924+0500] {dag.py:4180} INFO - Setting next_dagrun for example_external_task_marker_parent to None, run_after=None
[2024-12-01T15:13:26.944+0500] {processor.py:208} INFO - Processing /Users/hanan-nawaz/Documents/Projects/Pakistan_AQI_Analysis/myenv/lib/python3.12/site-packages/airflow/example_dags/example_external_task_marker_dag.py took 0.243 seconds
[2024-12-01T15:16:49.944+0500] {processor.py:186} INFO - Started process (PID=29150) to work on /Users/hanan-nawaz/Documents/Projects/Pakistan_AQI_Analysis/myenv/lib/python3.12/site-packages/airflow/example_dags/example_external_task_marker_dag.py
[2024-12-01T15:16:49.946+0500] {processor.py:914} INFO - Processing file /Users/hanan-nawaz/Documents/Projects/Pakistan_AQI_Analysis/myenv/lib/python3.12/site-packages/airflow/example_dags/example_external_task_marker_dag.py for tasks to queue
[2024-12-01T15:16:49.949+0500] {logging_mixin.py:190} INFO - [2024-12-01T15:16:49.948+0500] {dagbag.py:588} INFO - Filling up the DagBag from /Users/hanan-nawaz/Documents/Projects/Pakistan_AQI_Analysis/myenv/lib/python3.12/site-packages/airflow/example_dags/example_external_task_marker_dag.py
[2024-12-01T15:16:49.974+0500] {processor.py:925} INFO - DAG(s) 'example_external_task_marker_child', 'example_external_task_marker_parent' retrieved from /Users/hanan-nawaz/Documents/Projects/Pakistan_AQI_Analysis/myenv/lib/python3.12/site-packages/airflow/example_dags/example_external_task_marker_dag.py
[2024-12-01T15:16:50.195+0500] {logging_mixin.py:190} INFO - [2024-12-01T15:16:50.195+0500] {workday.py:41} WARNING - Could not import pandas. Holidays will not be considered.
[2024-12-01T15:16:50.223+0500] {logging_mixin.py:190} INFO - [2024-12-01T15:16:50.223+0500] {dag.py:3239} INFO - Sync 2 DAGs
[2024-12-01T15:16:50.243+0500] {logging_mixin.py:190} INFO - [2024-12-01T15:16:50.243+0500] {dag.py:4180} INFO - Setting next_dagrun for example_external_task_marker_child to None, run_after=None
[2024-12-01T15:16:50.249+0500] {logging_mixin.py:190} INFO - [2024-12-01T15:16:50.248+0500] {dag.py:4180} INFO - Setting next_dagrun for example_external_task_marker_parent to None, run_after=None
[2024-12-01T15:16:50.272+0500] {processor.py:208} INFO - Processing /Users/hanan-nawaz/Documents/Projects/Pakistan_AQI_Analysis/myenv/lib/python3.12/site-packages/airflow/example_dags/example_external_task_marker_dag.py took 0.337 seconds
[2024-12-01T15:20:26.770+0500] {processor.py:186} INFO - Started process (PID=29468) to work on /Users/hanan-nawaz/Documents/Projects/Pakistan_AQI_Analysis/myenv/lib/python3.12/site-packages/airflow/example_dags/example_external_task_marker_dag.py
[2024-12-01T15:20:26.771+0500] {processor.py:914} INFO - Processing file /Users/hanan-nawaz/Documents/Projects/Pakistan_AQI_Analysis/myenv/lib/python3.12/site-packages/airflow/example_dags/example_external_task_marker_dag.py for tasks to queue
[2024-12-01T15:20:26.772+0500] {logging_mixin.py:190} INFO - [2024-12-01T15:20:26.772+0500] {dagbag.py:588} INFO - Filling up the DagBag from /Users/hanan-nawaz/Documents/Projects/Pakistan_AQI_Analysis/myenv/lib/python3.12/site-packages/airflow/example_dags/example_external_task_marker_dag.py
[2024-12-01T15:20:26.787+0500] {processor.py:925} INFO - DAG(s) 'example_external_task_marker_parent', 'example_external_task_marker_child' retrieved from /Users/hanan-nawaz/Documents/Projects/Pakistan_AQI_Analysis/myenv/lib/python3.12/site-packages/airflow/example_dags/example_external_task_marker_dag.py
[2024-12-01T15:20:26.937+0500] {logging_mixin.py:190} INFO - [2024-12-01T15:20:26.937+0500] {dag.py:3239} INFO - Sync 2 DAGs
[2024-12-01T15:20:26.953+0500] {logging_mixin.py:190} INFO - [2024-12-01T15:20:26.952+0500] {dag.py:4180} INFO - Setting next_dagrun for example_external_task_marker_child to None, run_after=None
[2024-12-01T15:20:26.959+0500] {logging_mixin.py:190} INFO - [2024-12-01T15:20:26.958+0500] {dag.py:4180} INFO - Setting next_dagrun for example_external_task_marker_parent to None, run_after=None
[2024-12-01T15:20:26.980+0500] {processor.py:208} INFO - Processing /Users/hanan-nawaz/Documents/Projects/Pakistan_AQI_Analysis/myenv/lib/python3.12/site-packages/airflow/example_dags/example_external_task_marker_dag.py took 0.214 seconds
