[2024-12-01T15:09:43.090+0500] {processor.py:186} INFO - Started process (PID=28328) to work on /Users/hanan-nawaz/Documents/Projects/Pakistan_AQI_Analysis/myenv/lib/python3.12/site-packages/airflow/example_dags/example_complex.py
[2024-12-01T15:09:43.092+0500] {processor.py:914} INFO - Processing file /Users/hanan-nawaz/Documents/Projects/Pakistan_AQI_Analysis/myenv/lib/python3.12/site-packages/airflow/example_dags/example_complex.py for tasks to queue
[2024-12-01T15:09:43.094+0500] {logging_mixin.py:190} INFO - [2024-12-01T15:09:43.094+0500] {dagbag.py:588} INFO - Filling up the DagBag from /Users/hanan-nawaz/Documents/Projects/Pakistan_AQI_Analysis/myenv/lib/python3.12/site-packages/airflow/example_dags/example_complex.py
[2024-12-01T15:09:43.112+0500] {processor.py:925} INFO - DAG(s) 'example_complex' retrieved from /Users/hanan-nawaz/Documents/Projects/Pakistan_AQI_Analysis/myenv/lib/python3.12/site-packages/airflow/example_dags/example_complex.py
[2024-12-01T15:09:43.430+0500] {logging_mixin.py:190} INFO - [2024-12-01T15:09:43.429+0500] {override.py:1911} INFO - Created Permission View: can delete on DAG:example_complex
[2024-12-01T15:09:43.444+0500] {logging_mixin.py:190} INFO - [2024-12-01T15:09:43.444+0500] {override.py:1911} INFO - Created Permission View: can read on DAG:example_complex
[2024-12-01T15:09:43.451+0500] {logging_mixin.py:190} INFO - [2024-12-01T15:09:43.451+0500] {override.py:1911} INFO - Created Permission View: can edit on DAG:example_complex
[2024-12-01T15:09:43.466+0500] {logging_mixin.py:190} INFO - [2024-12-01T15:09:43.465+0500] {override.py:1911} INFO - Created Permission View: can read on DAG Run:example_complex
[2024-12-01T15:09:43.478+0500] {logging_mixin.py:190} INFO - [2024-12-01T15:09:43.478+0500] {override.py:1911} INFO - Created Permission View: can create on DAG Run:example_complex
[2024-12-01T15:09:43.492+0500] {logging_mixin.py:190} INFO - [2024-12-01T15:09:43.489+0500] {override.py:1911} INFO - Created Permission View: can delete on DAG Run:example_complex
[2024-12-01T15:09:43.502+0500] {logging_mixin.py:190} INFO - [2024-12-01T15:09:43.502+0500] {override.py:1911} INFO - Created Permission View: menu access on DAG Run:example_complex
[2024-12-01T15:09:43.504+0500] {logging_mixin.py:190} INFO - [2024-12-01T15:09:43.502+0500] {dag.py:3239} INFO - Sync 1 DAGs
[2024-12-01T15:09:43.523+0500] {logging_mixin.py:190} INFO - [2024-12-01T15:09:43.523+0500] {dag.py:3262} INFO - Creating ORM DAG for example_complex
[2024-12-01T15:09:43.524+0500] {logging_mixin.py:190} INFO - [2024-12-01T15:09:43.523+0500] {dag.py:4180} INFO - Setting next_dagrun for example_complex to None, run_after=None
[2024-12-01T15:09:43.667+0500] {processor.py:208} INFO - Processing /Users/hanan-nawaz/Documents/Projects/Pakistan_AQI_Analysis/myenv/lib/python3.12/site-packages/airflow/example_dags/example_complex.py took 0.587 seconds
[2024-12-01T15:13:56.734+0500] {processor.py:186} INFO - Started process (PID=28776) to work on /Users/hanan-nawaz/Documents/Projects/Pakistan_AQI_Analysis/myenv/lib/python3.12/site-packages/airflow/example_dags/example_complex.py
[2024-12-01T15:13:56.736+0500] {processor.py:914} INFO - Processing file /Users/hanan-nawaz/Documents/Projects/Pakistan_AQI_Analysis/myenv/lib/python3.12/site-packages/airflow/example_dags/example_complex.py for tasks to queue
[2024-12-01T15:13:56.738+0500] {logging_mixin.py:190} INFO - [2024-12-01T15:13:56.738+0500] {dagbag.py:588} INFO - Filling up the DagBag from /Users/hanan-nawaz/Documents/Projects/Pakistan_AQI_Analysis/myenv/lib/python3.12/site-packages/airflow/example_dags/example_complex.py
[2024-12-01T15:13:56.761+0500] {processor.py:925} INFO - DAG(s) 'example_complex' retrieved from /Users/hanan-nawaz/Documents/Projects/Pakistan_AQI_Analysis/myenv/lib/python3.12/site-packages/airflow/example_dags/example_complex.py
[2024-12-01T15:13:56.932+0500] {logging_mixin.py:190} INFO - [2024-12-01T15:13:56.932+0500] {dag.py:3239} INFO - Sync 1 DAGs
[2024-12-01T15:13:56.945+0500] {logging_mixin.py:190} INFO - [2024-12-01T15:13:56.945+0500] {dag.py:4180} INFO - Setting next_dagrun for example_complex to None, run_after=None
[2024-12-01T15:13:56.969+0500] {processor.py:208} INFO - Processing /Users/hanan-nawaz/Documents/Projects/Pakistan_AQI_Analysis/myenv/lib/python3.12/site-packages/airflow/example_dags/example_complex.py took 0.246 seconds
[2024-12-01T15:21:04.231+0500] {processor.py:186} INFO - Started process (PID=29540) to work on /Users/hanan-nawaz/Documents/Projects/Pakistan_AQI_Analysis/myenv/lib/python3.12/site-packages/airflow/example_dags/example_complex.py
[2024-12-01T15:21:04.235+0500] {processor.py:914} INFO - Processing file /Users/hanan-nawaz/Documents/Projects/Pakistan_AQI_Analysis/myenv/lib/python3.12/site-packages/airflow/example_dags/example_complex.py for tasks to queue
[2024-12-01T15:21:04.237+0500] {logging_mixin.py:190} INFO - [2024-12-01T15:21:04.237+0500] {dagbag.py:588} INFO - Filling up the DagBag from /Users/hanan-nawaz/Documents/Projects/Pakistan_AQI_Analysis/myenv/lib/python3.12/site-packages/airflow/example_dags/example_complex.py
[2024-12-01T15:21:04.257+0500] {processor.py:925} INFO - DAG(s) 'example_complex' retrieved from /Users/hanan-nawaz/Documents/Projects/Pakistan_AQI_Analysis/myenv/lib/python3.12/site-packages/airflow/example_dags/example_complex.py
[2024-12-01T15:21:04.440+0500] {logging_mixin.py:190} INFO - [2024-12-01T15:21:04.440+0500] {dag.py:3239} INFO - Sync 1 DAGs
[2024-12-01T15:21:04.460+0500] {logging_mixin.py:190} INFO - [2024-12-01T15:21:04.459+0500] {dag.py:4180} INFO - Setting next_dagrun for example_complex to None, run_after=None
[2024-12-01T15:21:04.487+0500] {processor.py:208} INFO - Processing /Users/hanan-nawaz/Documents/Projects/Pakistan_AQI_Analysis/myenv/lib/python3.12/site-packages/airflow/example_dags/example_complex.py took 0.270 seconds
