[2024-12-01T15:08:14.491+0500] {processor.py:186} INFO - Started process (PID=28114) to work on /Users/hanan-nawaz/Documents/Projects/Pakistan_AQI_Analysis/myenv/lib/python3.12/site-packages/airflow/example_dags/example_python_decorator.py
[2024-12-01T15:08:14.493+0500] {processor.py:914} INFO - Processing file /Users/hanan-nawaz/Documents/Projects/Pakistan_AQI_Analysis/myenv/lib/python3.12/site-packages/airflow/example_dags/example_python_decorator.py for tasks to queue
[2024-12-01T15:08:14.494+0500] {logging_mixin.py:190} INFO - [2024-12-01T15:08:14.494+0500] {dagbag.py:588} INFO - Filling up the DagBag from /Users/hanan-nawaz/Documents/Projects/Pakistan_AQI_Analysis/myenv/lib/python3.12/site-packages/airflow/example_dags/example_python_decorator.py
[2024-12-01T15:08:14.536+0500] {logging_mixin.py:190} INFO - [2024-12-01T15:08:14.536+0500] {example_python_decorator.py:80} WARNING - The virtalenv_python example task requires virtualenv, please install it.
[2024-12-01T15:08:14.539+0500] {processor.py:925} INFO - DAG(s) 'example_python_decorator' retrieved from /Users/hanan-nawaz/Documents/Projects/Pakistan_AQI_Analysis/myenv/lib/python3.12/site-packages/airflow/example_dags/example_python_decorator.py
[2024-12-01T15:08:14.813+0500] {logging_mixin.py:190} INFO - [2024-12-01T15:08:14.812+0500] {override.py:1911} INFO - Created Permission View: can edit on DAG:example_python_decorator
[2024-12-01T15:08:14.924+0500] {logging_mixin.py:190} INFO - [2024-12-01T15:08:14.923+0500] {override.py:1911} INFO - Created Permission View: can delete on DAG:example_python_decorator
[2024-12-01T15:08:14.933+0500] {logging_mixin.py:190} INFO - [2024-12-01T15:08:14.932+0500] {override.py:1911} INFO - Created Permission View: can read on DAG:example_python_decorator
[2024-12-01T15:08:14.941+0500] {logging_mixin.py:190} INFO - [2024-12-01T15:08:14.941+0500] {override.py:1911} INFO - Created Permission View: menu access on DAG Run:example_python_decorator
[2024-12-01T15:08:14.948+0500] {logging_mixin.py:190} INFO - [2024-12-01T15:08:14.948+0500] {override.py:1911} INFO - Created Permission View: can delete on DAG Run:example_python_decorator
[2024-12-01T15:08:14.954+0500] {logging_mixin.py:190} INFO - [2024-12-01T15:08:14.954+0500] {override.py:1911} INFO - Created Permission View: can create on DAG Run:example_python_decorator
[2024-12-01T15:08:14.961+0500] {logging_mixin.py:190} INFO - [2024-12-01T15:08:14.960+0500] {override.py:1911} INFO - Created Permission View: can read on DAG Run:example_python_decorator
[2024-12-01T15:08:14.961+0500] {logging_mixin.py:190} INFO - [2024-12-01T15:08:14.961+0500] {dag.py:3239} INFO - Sync 1 DAGs
[2024-12-01T15:08:14.975+0500] {logging_mixin.py:190} INFO - [2024-12-01T15:08:14.974+0500] {dag.py:3262} INFO - Creating ORM DAG for example_python_decorator
[2024-12-01T15:08:14.975+0500] {logging_mixin.py:190} INFO - [2024-12-01T15:08:14.975+0500] {dag.py:4180} INFO - Setting next_dagrun for example_python_decorator to None, run_after=None
[2024-12-01T15:08:15.001+0500] {processor.py:208} INFO - Processing /Users/hanan-nawaz/Documents/Projects/Pakistan_AQI_Analysis/myenv/lib/python3.12/site-packages/airflow/example_dags/example_python_decorator.py took 0.515 seconds
[2024-12-01T15:12:40.135+0500] {processor.py:186} INFO - Started process (PID=28644) to work on /Users/hanan-nawaz/Documents/Projects/Pakistan_AQI_Analysis/myenv/lib/python3.12/site-packages/airflow/example_dags/example_python_decorator.py
[2024-12-01T15:12:40.137+0500] {processor.py:914} INFO - Processing file /Users/hanan-nawaz/Documents/Projects/Pakistan_AQI_Analysis/myenv/lib/python3.12/site-packages/airflow/example_dags/example_python_decorator.py for tasks to queue
[2024-12-01T15:12:40.139+0500] {logging_mixin.py:190} INFO - [2024-12-01T15:12:40.139+0500] {dagbag.py:588} INFO - Filling up the DagBag from /Users/hanan-nawaz/Documents/Projects/Pakistan_AQI_Analysis/myenv/lib/python3.12/site-packages/airflow/example_dags/example_python_decorator.py
[2024-12-01T15:12:40.225+0500] {logging_mixin.py:190} INFO - [2024-12-01T15:12:40.224+0500] {example_python_decorator.py:80} WARNING - The virtalenv_python example task requires virtualenv, please install it.
[2024-12-01T15:12:40.236+0500] {processor.py:925} INFO - DAG(s) 'example_python_decorator' retrieved from /Users/hanan-nawaz/Documents/Projects/Pakistan_AQI_Analysis/myenv/lib/python3.12/site-packages/airflow/example_dags/example_python_decorator.py
[2024-12-01T15:12:40.437+0500] {logging_mixin.py:190} INFO - [2024-12-01T15:12:40.436+0500] {dag.py:3239} INFO - Sync 1 DAGs
[2024-12-01T15:12:40.458+0500] {logging_mixin.py:190} INFO - [2024-12-01T15:12:40.458+0500] {dag.py:4180} INFO - Setting next_dagrun for example_python_decorator to None, run_after=None
[2024-12-01T15:12:40.485+0500] {processor.py:208} INFO - Processing /Users/hanan-nawaz/Documents/Projects/Pakistan_AQI_Analysis/myenv/lib/python3.12/site-packages/airflow/example_dags/example_python_decorator.py took 0.364 seconds
[2024-12-01T15:15:55.781+0500] {processor.py:186} INFO - Started process (PID=29033) to work on /Users/hanan-nawaz/Documents/Projects/Pakistan_AQI_Analysis/myenv/lib/python3.12/site-packages/airflow/example_dags/example_python_decorator.py
[2024-12-01T15:15:55.783+0500] {processor.py:914} INFO - Processing file /Users/hanan-nawaz/Documents/Projects/Pakistan_AQI_Analysis/myenv/lib/python3.12/site-packages/airflow/example_dags/example_python_decorator.py for tasks to queue
[2024-12-01T15:15:55.785+0500] {logging_mixin.py:190} INFO - [2024-12-01T15:15:55.784+0500] {dagbag.py:588} INFO - Filling up the DagBag from /Users/hanan-nawaz/Documents/Projects/Pakistan_AQI_Analysis/myenv/lib/python3.12/site-packages/airflow/example_dags/example_python_decorator.py
[2024-12-01T15:15:55.851+0500] {logging_mixin.py:190} INFO - [2024-12-01T15:15:55.850+0500] {example_python_decorator.py:80} WARNING - The virtalenv_python example task requires virtualenv, please install it.
[2024-12-01T15:15:55.855+0500] {processor.py:925} INFO - DAG(s) 'example_python_decorator' retrieved from /Users/hanan-nawaz/Documents/Projects/Pakistan_AQI_Analysis/myenv/lib/python3.12/site-packages/airflow/example_dags/example_python_decorator.py
[2024-12-01T15:15:56.015+0500] {logging_mixin.py:190} INFO - [2024-12-01T15:15:56.014+0500] {dag.py:3239} INFO - Sync 1 DAGs
[2024-12-01T15:15:56.030+0500] {logging_mixin.py:190} INFO - [2024-12-01T15:15:56.030+0500] {dag.py:4180} INFO - Setting next_dagrun for example_python_decorator to None, run_after=None
[2024-12-01T15:15:56.073+0500] {processor.py:208} INFO - Processing /Users/hanan-nawaz/Documents/Projects/Pakistan_AQI_Analysis/myenv/lib/python3.12/site-packages/airflow/example_dags/example_python_decorator.py took 0.300 seconds
[2024-12-01T15:19:33.125+0500] {processor.py:186} INFO - Started process (PID=29374) to work on /Users/hanan-nawaz/Documents/Projects/Pakistan_AQI_Analysis/myenv/lib/python3.12/site-packages/airflow/example_dags/example_python_decorator.py
[2024-12-01T15:19:33.126+0500] {processor.py:914} INFO - Processing file /Users/hanan-nawaz/Documents/Projects/Pakistan_AQI_Analysis/myenv/lib/python3.12/site-packages/airflow/example_dags/example_python_decorator.py for tasks to queue
[2024-12-01T15:19:33.127+0500] {logging_mixin.py:190} INFO - [2024-12-01T15:19:33.127+0500] {dagbag.py:588} INFO - Filling up the DagBag from /Users/hanan-nawaz/Documents/Projects/Pakistan_AQI_Analysis/myenv/lib/python3.12/site-packages/airflow/example_dags/example_python_decorator.py
[2024-12-01T15:19:33.190+0500] {logging_mixin.py:190} INFO - [2024-12-01T15:19:33.190+0500] {example_python_decorator.py:80} WARNING - The virtalenv_python example task requires virtualenv, please install it.
[2024-12-01T15:19:33.194+0500] {processor.py:925} INFO - DAG(s) 'example_python_decorator' retrieved from /Users/hanan-nawaz/Documents/Projects/Pakistan_AQI_Analysis/myenv/lib/python3.12/site-packages/airflow/example_dags/example_python_decorator.py
[2024-12-01T15:19:33.335+0500] {logging_mixin.py:190} INFO - [2024-12-01T15:19:33.335+0500] {dag.py:3239} INFO - Sync 1 DAGs
[2024-12-01T15:19:33.372+0500] {logging_mixin.py:190} INFO - [2024-12-01T15:19:33.372+0500] {dag.py:4180} INFO - Setting next_dagrun for example_python_decorator to None, run_after=None
[2024-12-01T15:19:33.398+0500] {processor.py:208} INFO - Processing /Users/hanan-nawaz/Documents/Projects/Pakistan_AQI_Analysis/myenv/lib/python3.12/site-packages/airflow/example_dags/example_python_decorator.py took 0.279 seconds
