[2024-12-01T15:08:53.367+0500] {processor.py:186} INFO - Started process (PID=28193) to work on /Users/hanan-nawaz/Documents/Projects/Pakistan_AQI_Analysis/myenv/lib/python3.12/site-packages/airflow/example_dags/example_kubernetes_executor.py
[2024-12-01T15:08:53.368+0500] {processor.py:914} INFO - Processing file /Users/hanan-nawaz/Documents/Projects/Pakistan_AQI_Analysis/myenv/lib/python3.12/site-packages/airflow/example_dags/example_kubernetes_executor.py for tasks to queue
[2024-12-01T15:08:53.370+0500] {logging_mixin.py:190} INFO - [2024-12-01T15:08:53.369+0500] {dagbag.py:588} INFO - Filling up the DagBag from /Users/hanan-nawaz/Documents/Projects/Pakistan_AQI_Analysis/myenv/lib/python3.12/site-packages/airflow/example_dags/example_kubernetes_executor.py
[2024-12-01T15:08:53.415+0500] {logging_mixin.py:190} INFO - [2024-12-01T15:08:53.414+0500] {example_kubernetes_executor.py:39} WARNING - The example_kubernetes_executor example DAG requires the kubernetes provider. Please install it with: pip install apache-airflow[cncf.kubernetes]
[2024-12-01T15:08:53.415+0500] {processor.py:927} WARNING - No viable dags retrieved from /Users/hanan-nawaz/Documents/Projects/Pakistan_AQI_Analysis/myenv/lib/python3.12/site-packages/airflow/example_dags/example_kubernetes_executor.py
[2024-12-01T15:08:53.535+0500] {processor.py:208} INFO - Processing /Users/hanan-nawaz/Documents/Projects/Pakistan_AQI_Analysis/myenv/lib/python3.12/site-packages/airflow/example_dags/example_kubernetes_executor.py took 0.174 seconds
[2024-12-01T15:13:19.430+0500] {processor.py:186} INFO - Started process (PID=28678) to work on /Users/hanan-nawaz/Documents/Projects/Pakistan_AQI_Analysis/myenv/lib/python3.12/site-packages/airflow/example_dags/example_kubernetes_executor.py
[2024-12-01T15:13:19.431+0500] {processor.py:914} INFO - Processing file /Users/hanan-nawaz/Documents/Projects/Pakistan_AQI_Analysis/myenv/lib/python3.12/site-packages/airflow/example_dags/example_kubernetes_executor.py for tasks to queue
[2024-12-01T15:13:19.432+0500] {logging_mixin.py:190} INFO - [2024-12-01T15:13:19.432+0500] {dagbag.py:588} INFO - Filling up the DagBag from /Users/hanan-nawaz/Documents/Projects/Pakistan_AQI_Analysis/myenv/lib/python3.12/site-packages/airflow/example_dags/example_kubernetes_executor.py
[2024-12-01T15:13:19.475+0500] {logging_mixin.py:190} INFO - [2024-12-01T15:13:19.475+0500] {example_kubernetes_executor.py:39} WARNING - The example_kubernetes_executor example DAG requires the kubernetes provider. Please install it with: pip install apache-airflow[cncf.kubernetes]
[2024-12-01T15:13:19.475+0500] {processor.py:927} WARNING - No viable dags retrieved from /Users/hanan-nawaz/Documents/Projects/Pakistan_AQI_Analysis/myenv/lib/python3.12/site-packages/airflow/example_dags/example_kubernetes_executor.py
[2024-12-01T15:13:19.601+0500] {processor.py:208} INFO - Processing /Users/hanan-nawaz/Documents/Projects/Pakistan_AQI_Analysis/myenv/lib/python3.12/site-packages/airflow/example_dags/example_kubernetes_executor.py took 0.178 seconds
[2024-12-01T15:16:40.164+0500] {processor.py:186} INFO - Started process (PID=29133) to work on /Users/hanan-nawaz/Documents/Projects/Pakistan_AQI_Analysis/myenv/lib/python3.12/site-packages/airflow/example_dags/example_kubernetes_executor.py
[2024-12-01T15:16:40.165+0500] {processor.py:914} INFO - Processing file /Users/hanan-nawaz/Documents/Projects/Pakistan_AQI_Analysis/myenv/lib/python3.12/site-packages/airflow/example_dags/example_kubernetes_executor.py for tasks to queue
[2024-12-01T15:16:40.166+0500] {logging_mixin.py:190} INFO - [2024-12-01T15:16:40.166+0500] {dagbag.py:588} INFO - Filling up the DagBag from /Users/hanan-nawaz/Documents/Projects/Pakistan_AQI_Analysis/myenv/lib/python3.12/site-packages/airflow/example_dags/example_kubernetes_executor.py
[2024-12-01T15:16:40.220+0500] {logging_mixin.py:190} INFO - [2024-12-01T15:16:40.220+0500] {example_kubernetes_executor.py:39} WARNING - The example_kubernetes_executor example DAG requires the kubernetes provider. Please install it with: pip install apache-airflow[cncf.kubernetes]
[2024-12-01T15:16:40.220+0500] {processor.py:927} WARNING - No viable dags retrieved from /Users/hanan-nawaz/Documents/Projects/Pakistan_AQI_Analysis/myenv/lib/python3.12/site-packages/airflow/example_dags/example_kubernetes_executor.py
[2024-12-01T15:16:40.400+0500] {processor.py:208} INFO - Processing /Users/hanan-nawaz/Documents/Projects/Pakistan_AQI_Analysis/myenv/lib/python3.12/site-packages/airflow/example_dags/example_kubernetes_executor.py took 0.242 seconds
[2024-12-01T15:20:18.997+0500] {processor.py:186} INFO - Started process (PID=29451) to work on /Users/hanan-nawaz/Documents/Projects/Pakistan_AQI_Analysis/myenv/lib/python3.12/site-packages/airflow/example_dags/example_kubernetes_executor.py
[2024-12-01T15:20:18.999+0500] {processor.py:914} INFO - Processing file /Users/hanan-nawaz/Documents/Projects/Pakistan_AQI_Analysis/myenv/lib/python3.12/site-packages/airflow/example_dags/example_kubernetes_executor.py for tasks to queue
[2024-12-01T15:20:19.002+0500] {logging_mixin.py:190} INFO - [2024-12-01T15:20:19.002+0500] {dagbag.py:588} INFO - Filling up the DagBag from /Users/hanan-nawaz/Documents/Projects/Pakistan_AQI_Analysis/myenv/lib/python3.12/site-packages/airflow/example_dags/example_kubernetes_executor.py
[2024-12-01T15:20:19.087+0500] {logging_mixin.py:190} INFO - [2024-12-01T15:20:19.086+0500] {example_kubernetes_executor.py:39} WARNING - The example_kubernetes_executor example DAG requires the kubernetes provider. Please install it with: pip install apache-airflow[cncf.kubernetes]
[2024-12-01T15:20:19.087+0500] {processor.py:927} WARNING - No viable dags retrieved from /Users/hanan-nawaz/Documents/Projects/Pakistan_AQI_Analysis/myenv/lib/python3.12/site-packages/airflow/example_dags/example_kubernetes_executor.py
[2024-12-01T15:20:19.234+0500] {processor.py:208} INFO - Processing /Users/hanan-nawaz/Documents/Projects/Pakistan_AQI_Analysis/myenv/lib/python3.12/site-packages/airflow/example_dags/example_kubernetes_executor.py took 0.242 seconds
