[2024-12-01T15:07:53.870+0500] {processor.py:186} INFO - Started process (PID=28079) to work on /Users/hanan-nawaz/Documents/Projects/Pakistan_AQI_Analysis/myenv/lib/python3.12/site-packages/airflow/example_dags/example_setup_teardown_taskflow.py
[2024-12-01T15:07:53.872+0500] {processor.py:914} INFO - Processing file /Users/hanan-nawaz/Documents/Projects/Pakistan_AQI_Analysis/myenv/lib/python3.12/site-packages/airflow/example_dags/example_setup_teardown_taskflow.py for tasks to queue
[2024-12-01T15:07:53.873+0500] {logging_mixin.py:190} INFO - [2024-12-01T15:07:53.873+0500] {dagbag.py:588} INFO - Filling up the DagBag from /Users/hanan-nawaz/Documents/Projects/Pakistan_AQI_Analysis/myenv/lib/python3.12/site-packages/airflow/example_dags/example_setup_teardown_taskflow.py
[2024-12-01T15:07:53.934+0500] {processor.py:925} INFO - DAG(s) 'example_setup_teardown_taskflow' retrieved from /Users/hanan-nawaz/Documents/Projects/Pakistan_AQI_Analysis/myenv/lib/python3.12/site-packages/airflow/example_dags/example_setup_teardown_taskflow.py
[2024-12-01T15:07:54.182+0500] {logging_mixin.py:190} INFO - [2024-12-01T15:07:54.182+0500] {override.py:1911} INFO - Created Permission View: can read on DAG:example_setup_teardown_taskflow
[2024-12-01T15:07:54.317+0500] {logging_mixin.py:190} INFO - [2024-12-01T15:07:54.317+0500] {override.py:1911} INFO - Created Permission View: can edit on DAG:example_setup_teardown_taskflow
[2024-12-01T15:07:54.323+0500] {logging_mixin.py:190} INFO - [2024-12-01T15:07:54.323+0500] {override.py:1911} INFO - Created Permission View: can delete on DAG:example_setup_teardown_taskflow
[2024-12-01T15:07:54.334+0500] {logging_mixin.py:190} INFO - [2024-12-01T15:07:54.333+0500] {override.py:1911} INFO - Created Permission View: menu access on DAG Run:example_setup_teardown_taskflow
[2024-12-01T15:07:54.340+0500] {logging_mixin.py:190} INFO - [2024-12-01T15:07:54.340+0500] {override.py:1911} INFO - Created Permission View: can delete on DAG Run:example_setup_teardown_taskflow
[2024-12-01T15:07:54.347+0500] {logging_mixin.py:190} INFO - [2024-12-01T15:07:54.346+0500] {override.py:1911} INFO - Created Permission View: can read on DAG Run:example_setup_teardown_taskflow
[2024-12-01T15:07:54.353+0500] {logging_mixin.py:190} INFO - [2024-12-01T15:07:54.353+0500] {override.py:1911} INFO - Created Permission View: can create on DAG Run:example_setup_teardown_taskflow
[2024-12-01T15:07:54.354+0500] {logging_mixin.py:190} INFO - [2024-12-01T15:07:54.354+0500] {dag.py:3239} INFO - Sync 1 DAGs
[2024-12-01T15:07:54.367+0500] {logging_mixin.py:190} INFO - [2024-12-01T15:07:54.367+0500] {dag.py:3262} INFO - Creating ORM DAG for example_setup_teardown_taskflow
[2024-12-01T15:07:54.367+0500] {logging_mixin.py:190} INFO - [2024-12-01T15:07:54.367+0500] {dag.py:4180} INFO - Setting next_dagrun for example_setup_teardown_taskflow to None, run_after=None
[2024-12-01T15:07:54.387+0500] {processor.py:208} INFO - Processing /Users/hanan-nawaz/Documents/Projects/Pakistan_AQI_Analysis/myenv/lib/python3.12/site-packages/airflow/example_dags/example_setup_teardown_taskflow.py took 0.529 seconds
[2024-12-01T15:12:17.635+0500] {processor.py:186} INFO - Started process (PID=28626) to work on /Users/hanan-nawaz/Documents/Projects/Pakistan_AQI_Analysis/myenv/lib/python3.12/site-packages/airflow/example_dags/example_setup_teardown_taskflow.py
[2024-12-01T15:12:17.636+0500] {processor.py:914} INFO - Processing file /Users/hanan-nawaz/Documents/Projects/Pakistan_AQI_Analysis/myenv/lib/python3.12/site-packages/airflow/example_dags/example_setup_teardown_taskflow.py for tasks to queue
[2024-12-01T15:12:17.637+0500] {logging_mixin.py:190} INFO - [2024-12-01T15:12:17.637+0500] {dagbag.py:588} INFO - Filling up the DagBag from /Users/hanan-nawaz/Documents/Projects/Pakistan_AQI_Analysis/myenv/lib/python3.12/site-packages/airflow/example_dags/example_setup_teardown_taskflow.py
[2024-12-01T15:12:17.678+0500] {processor.py:925} INFO - DAG(s) 'example_setup_teardown_taskflow' retrieved from /Users/hanan-nawaz/Documents/Projects/Pakistan_AQI_Analysis/myenv/lib/python3.12/site-packages/airflow/example_dags/example_setup_teardown_taskflow.py
[2024-12-01T15:12:17.820+0500] {logging_mixin.py:190} INFO - [2024-12-01T15:12:17.820+0500] {dag.py:3239} INFO - Sync 1 DAGs
[2024-12-01T15:12:17.844+0500] {logging_mixin.py:190} INFO - [2024-12-01T15:12:17.844+0500] {dag.py:4180} INFO - Setting next_dagrun for example_setup_teardown_taskflow to None, run_after=None
[2024-12-01T15:12:17.868+0500] {processor.py:208} INFO - Processing /Users/hanan-nawaz/Documents/Projects/Pakistan_AQI_Analysis/myenv/lib/python3.12/site-packages/airflow/example_dags/example_setup_teardown_taskflow.py took 0.238 seconds
[2024-12-01T15:15:32.836+0500] {processor.py:186} INFO - Started process (PID=29014) to work on /Users/hanan-nawaz/Documents/Projects/Pakistan_AQI_Analysis/myenv/lib/python3.12/site-packages/airflow/example_dags/example_setup_teardown_taskflow.py
[2024-12-01T15:15:32.837+0500] {processor.py:914} INFO - Processing file /Users/hanan-nawaz/Documents/Projects/Pakistan_AQI_Analysis/myenv/lib/python3.12/site-packages/airflow/example_dags/example_setup_teardown_taskflow.py for tasks to queue
[2024-12-01T15:15:32.838+0500] {logging_mixin.py:190} INFO - [2024-12-01T15:15:32.838+0500] {dagbag.py:588} INFO - Filling up the DagBag from /Users/hanan-nawaz/Documents/Projects/Pakistan_AQI_Analysis/myenv/lib/python3.12/site-packages/airflow/example_dags/example_setup_teardown_taskflow.py
[2024-12-01T15:15:32.883+0500] {processor.py:925} INFO - DAG(s) 'example_setup_teardown_taskflow' retrieved from /Users/hanan-nawaz/Documents/Projects/Pakistan_AQI_Analysis/myenv/lib/python3.12/site-packages/airflow/example_dags/example_setup_teardown_taskflow.py
[2024-12-01T15:15:33.007+0500] {logging_mixin.py:190} INFO - [2024-12-01T15:15:33.007+0500] {dag.py:3239} INFO - Sync 1 DAGs
[2024-12-01T15:15:33.021+0500] {logging_mixin.py:190} INFO - [2024-12-01T15:15:33.021+0500] {dag.py:4180} INFO - Setting next_dagrun for example_setup_teardown_taskflow to None, run_after=None
[2024-12-01T15:15:33.042+0500] {processor.py:208} INFO - Processing /Users/hanan-nawaz/Documents/Projects/Pakistan_AQI_Analysis/myenv/lib/python3.12/site-packages/airflow/example_dags/example_setup_teardown_taskflow.py took 0.211 seconds
[2024-12-01T15:19:12.467+0500] {processor.py:186} INFO - Started process (PID=29355) to work on /Users/hanan-nawaz/Documents/Projects/Pakistan_AQI_Analysis/myenv/lib/python3.12/site-packages/airflow/example_dags/example_setup_teardown_taskflow.py
[2024-12-01T15:19:12.468+0500] {processor.py:914} INFO - Processing file /Users/hanan-nawaz/Documents/Projects/Pakistan_AQI_Analysis/myenv/lib/python3.12/site-packages/airflow/example_dags/example_setup_teardown_taskflow.py for tasks to queue
[2024-12-01T15:19:12.469+0500] {logging_mixin.py:190} INFO - [2024-12-01T15:19:12.469+0500] {dagbag.py:588} INFO - Filling up the DagBag from /Users/hanan-nawaz/Documents/Projects/Pakistan_AQI_Analysis/myenv/lib/python3.12/site-packages/airflow/example_dags/example_setup_teardown_taskflow.py
[2024-12-01T15:19:12.524+0500] {processor.py:925} INFO - DAG(s) 'example_setup_teardown_taskflow' retrieved from /Users/hanan-nawaz/Documents/Projects/Pakistan_AQI_Analysis/myenv/lib/python3.12/site-packages/airflow/example_dags/example_setup_teardown_taskflow.py
[2024-12-01T15:19:12.703+0500] {logging_mixin.py:190} INFO - [2024-12-01T15:19:12.702+0500] {dag.py:3239} INFO - Sync 1 DAGs
[2024-12-01T15:19:12.738+0500] {logging_mixin.py:190} INFO - [2024-12-01T15:19:12.737+0500] {dag.py:4180} INFO - Setting next_dagrun for example_setup_teardown_taskflow to None, run_after=None
[2024-12-01T15:19:12.775+0500] {processor.py:208} INFO - Processing /Users/hanan-nawaz/Documents/Projects/Pakistan_AQI_Analysis/myenv/lib/python3.12/site-packages/airflow/example_dags/example_setup_teardown_taskflow.py took 0.315 seconds
