[2024-12-01T15:08:32.635+0500] {processor.py:186} INFO - Started process (PID=28129) to work on /Users/hanan-nawaz/Documents/Projects/Pakistan_AQI_Analysis/myenv/lib/python3.12/site-packages/airflow/example_dags/example_outlet_event_extra.py
[2024-12-01T15:08:32.636+0500] {processor.py:914} INFO - Processing file /Users/hanan-nawaz/Documents/Projects/Pakistan_AQI_Analysis/myenv/lib/python3.12/site-packages/airflow/example_dags/example_outlet_event_extra.py for tasks to queue
[2024-12-01T15:08:32.637+0500] {logging_mixin.py:190} INFO - [2024-12-01T15:08:32.637+0500] {dagbag.py:588} INFO - Filling up the DagBag from /Users/hanan-nawaz/Documents/Projects/Pakistan_AQI_Analysis/myenv/lib/python3.12/site-packages/airflow/example_dags/example_outlet_event_extra.py
[2024-12-01T15:08:32.738+0500] {processor.py:925} INFO - DAG(s) 'dataset_with_extra_from_classic_operator', 'dataset_with_extra_by_yield', 'dataset_with_extra_by_context' retrieved from /Users/hanan-nawaz/Documents/Projects/Pakistan_AQI_Analysis/myenv/lib/python3.12/site-packages/airflow/example_dags/example_outlet_event_extra.py
[2024-12-01T15:08:33.108+0500] {logging_mixin.py:190} INFO - [2024-12-01T15:08:33.107+0500] {override.py:1911} INFO - Created Permission View: can delete on DAG:dataset_with_extra_from_classic_operator
[2024-12-01T15:08:33.122+0500] {logging_mixin.py:190} INFO - [2024-12-01T15:08:33.122+0500] {override.py:1911} INFO - Created Permission View: can edit on DAG:dataset_with_extra_from_classic_operator
[2024-12-01T15:08:33.129+0500] {logging_mixin.py:190} INFO - [2024-12-01T15:08:33.128+0500] {override.py:1911} INFO - Created Permission View: can read on DAG:dataset_with_extra_from_classic_operator
[2024-12-01T15:08:33.138+0500] {logging_mixin.py:190} INFO - [2024-12-01T15:08:33.137+0500] {override.py:1911} INFO - Created Permission View: can delete on DAG Run:dataset_with_extra_from_classic_operator
[2024-12-01T15:08:33.144+0500] {logging_mixin.py:190} INFO - [2024-12-01T15:08:33.143+0500] {override.py:1911} INFO - Created Permission View: menu access on DAG Run:dataset_with_extra_from_classic_operator
[2024-12-01T15:08:33.152+0500] {logging_mixin.py:190} INFO - [2024-12-01T15:08:33.152+0500] {override.py:1911} INFO - Created Permission View: can create on DAG Run:dataset_with_extra_from_classic_operator
[2024-12-01T15:08:33.161+0500] {logging_mixin.py:190} INFO - [2024-12-01T15:08:33.160+0500] {override.py:1911} INFO - Created Permission View: can read on DAG Run:dataset_with_extra_from_classic_operator
[2024-12-01T15:08:33.175+0500] {logging_mixin.py:190} INFO - [2024-12-01T15:08:33.174+0500] {override.py:1911} INFO - Created Permission View: can delete on DAG:dataset_with_extra_by_yield
[2024-12-01T15:08:33.181+0500] {logging_mixin.py:190} INFO - [2024-12-01T15:08:33.181+0500] {override.py:1911} INFO - Created Permission View: can edit on DAG:dataset_with_extra_by_yield
[2024-12-01T15:08:33.188+0500] {logging_mixin.py:190} INFO - [2024-12-01T15:08:33.188+0500] {override.py:1911} INFO - Created Permission View: can read on DAG:dataset_with_extra_by_yield
[2024-12-01T15:08:33.197+0500] {logging_mixin.py:190} INFO - [2024-12-01T15:08:33.197+0500] {override.py:1911} INFO - Created Permission View: can delete on DAG Run:dataset_with_extra_by_yield
[2024-12-01T15:08:33.210+0500] {logging_mixin.py:190} INFO - [2024-12-01T15:08:33.209+0500] {override.py:1911} INFO - Created Permission View: menu access on DAG Run:dataset_with_extra_by_yield
[2024-12-01T15:08:33.219+0500] {logging_mixin.py:190} INFO - [2024-12-01T15:08:33.219+0500] {override.py:1911} INFO - Created Permission View: can create on DAG Run:dataset_with_extra_by_yield
[2024-12-01T15:08:33.227+0500] {logging_mixin.py:190} INFO - [2024-12-01T15:08:33.226+0500] {override.py:1911} INFO - Created Permission View: can read on DAG Run:dataset_with_extra_by_yield
[2024-12-01T15:08:33.242+0500] {logging_mixin.py:190} INFO - [2024-12-01T15:08:33.241+0500] {override.py:1911} INFO - Created Permission View: can delete on DAG:dataset_with_extra_by_context
[2024-12-01T15:08:33.250+0500] {logging_mixin.py:190} INFO - [2024-12-01T15:08:33.249+0500] {override.py:1911} INFO - Created Permission View: can edit on DAG:dataset_with_extra_by_context
[2024-12-01T15:08:33.264+0500] {logging_mixin.py:190} INFO - [2024-12-01T15:08:33.263+0500] {override.py:1911} INFO - Created Permission View: can read on DAG:dataset_with_extra_by_context
[2024-12-01T15:08:33.275+0500] {logging_mixin.py:190} INFO - [2024-12-01T15:08:33.274+0500] {override.py:1911} INFO - Created Permission View: can delete on DAG Run:dataset_with_extra_by_context
[2024-12-01T15:08:33.282+0500] {logging_mixin.py:190} INFO - [2024-12-01T15:08:33.282+0500] {override.py:1911} INFO - Created Permission View: menu access on DAG Run:dataset_with_extra_by_context
[2024-12-01T15:08:33.289+0500] {logging_mixin.py:190} INFO - [2024-12-01T15:08:33.289+0500] {override.py:1911} INFO - Created Permission View: can create on DAG Run:dataset_with_extra_by_context
[2024-12-01T15:08:33.295+0500] {logging_mixin.py:190} INFO - [2024-12-01T15:08:33.295+0500] {override.py:1911} INFO - Created Permission View: can read on DAG Run:dataset_with_extra_by_context
[2024-12-01T15:08:33.295+0500] {logging_mixin.py:190} INFO - [2024-12-01T15:08:33.295+0500] {dag.py:3239} INFO - Sync 3 DAGs
[2024-12-01T15:08:33.310+0500] {logging_mixin.py:190} INFO - [2024-12-01T15:08:33.310+0500] {dag.py:3262} INFO - Creating ORM DAG for dataset_with_extra_by_yield
[2024-12-01T15:08:33.311+0500] {logging_mixin.py:190} INFO - [2024-12-01T15:08:33.311+0500] {dag.py:3262} INFO - Creating ORM DAG for dataset_with_extra_from_classic_operator
[2024-12-01T15:08:33.311+0500] {logging_mixin.py:190} INFO - [2024-12-01T15:08:33.311+0500] {dag.py:3262} INFO - Creating ORM DAG for dataset_with_extra_by_context
[2024-12-01T15:08:33.321+0500] {logging_mixin.py:190} INFO - [2024-12-01T15:08:33.321+0500] {dag.py:4180} INFO - Setting next_dagrun for dataset_with_extra_by_context to 2024-11-30 00:00:00+00:00, run_after=2024-12-01 00:00:00+00:00
[2024-12-01T15:08:33.323+0500] {logging_mixin.py:190} INFO - [2024-12-01T15:08:33.323+0500] {dag.py:4180} INFO - Setting next_dagrun for dataset_with_extra_by_yield to 2024-11-30 00:00:00+00:00, run_after=2024-12-01 00:00:00+00:00
[2024-12-01T15:08:33.325+0500] {logging_mixin.py:190} INFO - [2024-12-01T15:08:33.324+0500] {dag.py:4180} INFO - Setting next_dagrun for dataset_with_extra_from_classic_operator to 2024-11-30 00:00:00+00:00, run_after=2024-12-01 00:00:00+00:00
[2024-12-01T15:08:33.340+0500] {logging_mixin.py:190} INFO - [2024-12-01T15:08:33.339+0500] {workday.py:41} WARNING - Could not import pandas. Holidays will not be considered.
[2024-12-01T15:08:33.356+0500] {processor.py:208} INFO - Processing /Users/hanan-nawaz/Documents/Projects/Pakistan_AQI_Analysis/myenv/lib/python3.12/site-packages/airflow/example_dags/example_outlet_event_extra.py took 0.725 seconds
[2024-12-01T15:12:57.954+0500] {processor.py:186} INFO - Started process (PID=28660) to work on /Users/hanan-nawaz/Documents/Projects/Pakistan_AQI_Analysis/myenv/lib/python3.12/site-packages/airflow/example_dags/example_outlet_event_extra.py
[2024-12-01T15:12:57.955+0500] {processor.py:914} INFO - Processing file /Users/hanan-nawaz/Documents/Projects/Pakistan_AQI_Analysis/myenv/lib/python3.12/site-packages/airflow/example_dags/example_outlet_event_extra.py for tasks to queue
[2024-12-01T15:12:57.957+0500] {logging_mixin.py:190} INFO - [2024-12-01T15:12:57.956+0500] {dagbag.py:588} INFO - Filling up the DagBag from /Users/hanan-nawaz/Documents/Projects/Pakistan_AQI_Analysis/myenv/lib/python3.12/site-packages/airflow/example_dags/example_outlet_event_extra.py
[2024-12-01T15:12:58.125+0500] {processor.py:925} INFO - DAG(s) 'dataset_with_extra_from_classic_operator', 'dataset_with_extra_by_context', 'dataset_with_extra_by_yield' retrieved from /Users/hanan-nawaz/Documents/Projects/Pakistan_AQI_Analysis/myenv/lib/python3.12/site-packages/airflow/example_dags/example_outlet_event_extra.py
[2024-12-01T15:12:58.342+0500] {logging_mixin.py:190} INFO - [2024-12-01T15:12:58.342+0500] {dag.py:3239} INFO - Sync 3 DAGs
[2024-12-01T15:12:58.371+0500] {logging_mixin.py:190} INFO - [2024-12-01T15:12:58.371+0500] {dag.py:4180} INFO - Setting next_dagrun for dataset_with_extra_by_context to 2024-11-30 00:00:00+00:00, run_after=2024-12-01 00:00:00+00:00
[2024-12-01T15:12:58.380+0500] {logging_mixin.py:190} INFO - [2024-12-01T15:12:58.380+0500] {dag.py:4180} INFO - Setting next_dagrun for dataset_with_extra_by_yield to 2024-11-30 00:00:00+00:00, run_after=2024-12-01 00:00:00+00:00
[2024-12-01T15:12:58.385+0500] {logging_mixin.py:190} INFO - [2024-12-01T15:12:58.385+0500] {dag.py:4180} INFO - Setting next_dagrun for dataset_with_extra_from_classic_operator to 2024-11-30 00:00:00+00:00, run_after=2024-12-01 00:00:00+00:00
[2024-12-01T15:12:58.420+0500] {processor.py:208} INFO - Processing /Users/hanan-nawaz/Documents/Projects/Pakistan_AQI_Analysis/myenv/lib/python3.12/site-packages/airflow/example_dags/example_outlet_event_extra.py took 0.476 seconds
[2024-12-01T15:16:19.954+0500] {processor.py:186} INFO - Started process (PID=29074) to work on /Users/hanan-nawaz/Documents/Projects/Pakistan_AQI_Analysis/myenv/lib/python3.12/site-packages/airflow/example_dags/example_outlet_event_extra.py
[2024-12-01T15:16:19.956+0500] {processor.py:914} INFO - Processing file /Users/hanan-nawaz/Documents/Projects/Pakistan_AQI_Analysis/myenv/lib/python3.12/site-packages/airflow/example_dags/example_outlet_event_extra.py for tasks to queue
[2024-12-01T15:16:19.959+0500] {logging_mixin.py:190} INFO - [2024-12-01T15:16:19.958+0500] {dagbag.py:588} INFO - Filling up the DagBag from /Users/hanan-nawaz/Documents/Projects/Pakistan_AQI_Analysis/myenv/lib/python3.12/site-packages/airflow/example_dags/example_outlet_event_extra.py
[2024-12-01T15:16:20.080+0500] {processor.py:925} INFO - DAG(s) 'dataset_with_extra_by_context', 'dataset_with_extra_from_classic_operator', 'dataset_with_extra_by_yield' retrieved from /Users/hanan-nawaz/Documents/Projects/Pakistan_AQI_Analysis/myenv/lib/python3.12/site-packages/airflow/example_dags/example_outlet_event_extra.py
[2024-12-01T15:16:20.297+0500] {logging_mixin.py:190} INFO - [2024-12-01T15:16:20.297+0500] {dag.py:3239} INFO - Sync 3 DAGs
[2024-12-01T15:16:20.334+0500] {logging_mixin.py:190} INFO - [2024-12-01T15:16:20.334+0500] {dag.py:4180} INFO - Setting next_dagrun for dataset_with_extra_by_context to 2024-11-30 00:00:00+00:00, run_after=2024-12-01 00:00:00+00:00
[2024-12-01T15:16:20.343+0500] {logging_mixin.py:190} INFO - [2024-12-01T15:16:20.342+0500] {dag.py:4180} INFO - Setting next_dagrun for dataset_with_extra_by_yield to 2024-11-30 00:00:00+00:00, run_after=2024-12-01 00:00:00+00:00
[2024-12-01T15:16:20.348+0500] {logging_mixin.py:190} INFO - [2024-12-01T15:16:20.347+0500] {dag.py:4180} INFO - Setting next_dagrun for dataset_with_extra_from_classic_operator to 2024-11-30 00:00:00+00:00, run_after=2024-12-01 00:00:00+00:00
[2024-12-01T15:16:20.384+0500] {processor.py:208} INFO - Processing /Users/hanan-nawaz/Documents/Projects/Pakistan_AQI_Analysis/myenv/lib/python3.12/site-packages/airflow/example_dags/example_outlet_event_extra.py took 0.439 seconds
[2024-12-01T15:19:52.484+0500] {processor.py:186} INFO - Started process (PID=29398) to work on /Users/hanan-nawaz/Documents/Projects/Pakistan_AQI_Analysis/myenv/lib/python3.12/site-packages/airflow/example_dags/example_outlet_event_extra.py
[2024-12-01T15:19:52.487+0500] {processor.py:914} INFO - Processing file /Users/hanan-nawaz/Documents/Projects/Pakistan_AQI_Analysis/myenv/lib/python3.12/site-packages/airflow/example_dags/example_outlet_event_extra.py for tasks to queue
[2024-12-01T15:19:52.491+0500] {logging_mixin.py:190} INFO - [2024-12-01T15:19:52.490+0500] {dagbag.py:588} INFO - Filling up the DagBag from /Users/hanan-nawaz/Documents/Projects/Pakistan_AQI_Analysis/myenv/lib/python3.12/site-packages/airflow/example_dags/example_outlet_event_extra.py
[2024-12-01T15:19:52.633+0500] {processor.py:925} INFO - DAG(s) 'dataset_with_extra_by_context', 'dataset_with_extra_by_yield', 'dataset_with_extra_from_classic_operator' retrieved from /Users/hanan-nawaz/Documents/Projects/Pakistan_AQI_Analysis/myenv/lib/python3.12/site-packages/airflow/example_dags/example_outlet_event_extra.py
[2024-12-01T15:19:52.834+0500] {logging_mixin.py:190} INFO - [2024-12-01T15:19:52.834+0500] {dag.py:3239} INFO - Sync 3 DAGs
[2024-12-01T15:19:52.868+0500] {logging_mixin.py:190} INFO - [2024-12-01T15:19:52.867+0500] {dag.py:4180} INFO - Setting next_dagrun for dataset_with_extra_by_context to 2024-11-30 00:00:00+00:00, run_after=2024-12-01 00:00:00+00:00
[2024-12-01T15:19:52.874+0500] {logging_mixin.py:190} INFO - [2024-12-01T15:19:52.873+0500] {dag.py:4180} INFO - Setting next_dagrun for dataset_with_extra_by_yield to 2024-11-30 00:00:00+00:00, run_after=2024-12-01 00:00:00+00:00
[2024-12-01T15:19:52.877+0500] {logging_mixin.py:190} INFO - [2024-12-01T15:19:52.877+0500] {dag.py:4180} INFO - Setting next_dagrun for dataset_with_extra_from_classic_operator to 2024-11-30 00:00:00+00:00, run_after=2024-12-01 00:00:00+00:00
[2024-12-01T15:19:52.907+0500] {processor.py:208} INFO - Processing /Users/hanan-nawaz/Documents/Projects/Pakistan_AQI_Analysis/myenv/lib/python3.12/site-packages/airflow/example_dags/example_outlet_event_extra.py took 0.432 seconds
