[2024-12-01T15:08:27.719+0500] {processor.py:186} INFO - Started process (PID=28126) to work on /Users/hanan-nawaz/Documents/Projects/Pakistan_AQI_Analysis/myenv/lib/python3.12/site-packages/airflow/example_dags/example_params_trigger_ui.py
[2024-12-01T15:08:27.721+0500] {processor.py:914} INFO - Processing file /Users/hanan-nawaz/Documents/Projects/Pakistan_AQI_Analysis/myenv/lib/python3.12/site-packages/airflow/example_dags/example_params_trigger_ui.py for tasks to queue
[2024-12-01T15:08:27.722+0500] {logging_mixin.py:190} INFO - [2024-12-01T15:08:27.722+0500] {dagbag.py:588} INFO - Filling up the DagBag from /Users/hanan-nawaz/Documents/Projects/Pakistan_AQI_Analysis/myenv/lib/python3.12/site-packages/airflow/example_dags/example_params_trigger_ui.py
[2024-12-01T15:08:27.768+0500] {processor.py:925} INFO - DAG(s) 'example_params_trigger_ui' retrieved from /Users/hanan-nawaz/Documents/Projects/Pakistan_AQI_Analysis/myenv/lib/python3.12/site-packages/airflow/example_dags/example_params_trigger_ui.py
[2024-12-01T15:08:28.111+0500] {logging_mixin.py:190} INFO - [2024-12-01T15:08:28.110+0500] {override.py:1911} INFO - Created Permission View: can read on DAG:example_params_trigger_ui
[2024-12-01T15:08:28.120+0500] {logging_mixin.py:190} INFO - [2024-12-01T15:08:28.120+0500] {override.py:1911} INFO - Created Permission View: can delete on DAG:example_params_trigger_ui
[2024-12-01T15:08:28.127+0500] {logging_mixin.py:190} INFO - [2024-12-01T15:08:28.127+0500] {override.py:1911} INFO - Created Permission View: can edit on DAG:example_params_trigger_ui
[2024-12-01T15:08:28.136+0500] {logging_mixin.py:190} INFO - [2024-12-01T15:08:28.136+0500] {override.py:1911} INFO - Created Permission View: can read on DAG Run:example_params_trigger_ui
[2024-12-01T15:08:28.142+0500] {logging_mixin.py:190} INFO - [2024-12-01T15:08:28.142+0500] {override.py:1911} INFO - Created Permission View: can create on DAG Run:example_params_trigger_ui
[2024-12-01T15:08:28.148+0500] {logging_mixin.py:190} INFO - [2024-12-01T15:08:28.148+0500] {override.py:1911} INFO - Created Permission View: can delete on DAG Run:example_params_trigger_ui
[2024-12-01T15:08:28.155+0500] {logging_mixin.py:190} INFO - [2024-12-01T15:08:28.155+0500] {override.py:1911} INFO - Created Permission View: menu access on DAG Run:example_params_trigger_ui
[2024-12-01T15:08:28.156+0500] {logging_mixin.py:190} INFO - [2024-12-01T15:08:28.155+0500] {dag.py:3239} INFO - Sync 1 DAGs
[2024-12-01T15:08:28.168+0500] {logging_mixin.py:190} INFO - [2024-12-01T15:08:28.168+0500] {dag.py:3262} INFO - Creating ORM DAG for example_params_trigger_ui
[2024-12-01T15:08:28.169+0500] {logging_mixin.py:190} INFO - [2024-12-01T15:08:28.169+0500] {dag.py:4180} INFO - Setting next_dagrun for example_params_trigger_ui to None, run_after=None
[2024-12-01T15:08:28.186+0500] {processor.py:208} INFO - Processing /Users/hanan-nawaz/Documents/Projects/Pakistan_AQI_Analysis/myenv/lib/python3.12/site-packages/airflow/example_dags/example_params_trigger_ui.py took 0.476 seconds
[2024-12-01T15:12:53.055+0500] {processor.py:186} INFO - Started process (PID=28656) to work on /Users/hanan-nawaz/Documents/Projects/Pakistan_AQI_Analysis/myenv/lib/python3.12/site-packages/airflow/example_dags/example_params_trigger_ui.py
[2024-12-01T15:12:53.057+0500] {processor.py:914} INFO - Processing file /Users/hanan-nawaz/Documents/Projects/Pakistan_AQI_Analysis/myenv/lib/python3.12/site-packages/airflow/example_dags/example_params_trigger_ui.py for tasks to queue
[2024-12-01T15:12:53.059+0500] {logging_mixin.py:190} INFO - [2024-12-01T15:12:53.058+0500] {dagbag.py:588} INFO - Filling up the DagBag from /Users/hanan-nawaz/Documents/Projects/Pakistan_AQI_Analysis/myenv/lib/python3.12/site-packages/airflow/example_dags/example_params_trigger_ui.py
[2024-12-01T15:12:53.128+0500] {processor.py:925} INFO - DAG(s) 'example_params_trigger_ui' retrieved from /Users/hanan-nawaz/Documents/Projects/Pakistan_AQI_Analysis/myenv/lib/python3.12/site-packages/airflow/example_dags/example_params_trigger_ui.py
[2024-12-01T15:12:53.376+0500] {logging_mixin.py:190} INFO - [2024-12-01T15:12:53.375+0500] {dag.py:3239} INFO - Sync 1 DAGs
[2024-12-01T15:12:53.389+0500] {logging_mixin.py:190} INFO - [2024-12-01T15:12:53.389+0500] {dag.py:4180} INFO - Setting next_dagrun for example_params_trigger_ui to None, run_after=None
[2024-12-01T15:12:53.412+0500] {processor.py:208} INFO - Processing /Users/hanan-nawaz/Documents/Projects/Pakistan_AQI_Analysis/myenv/lib/python3.12/site-packages/airflow/example_dags/example_params_trigger_ui.py took 0.365 seconds
[2024-12-01T15:16:14.650+0500] {processor.py:186} INFO - Started process (PID=29065) to work on /Users/hanan-nawaz/Documents/Projects/Pakistan_AQI_Analysis/myenv/lib/python3.12/site-packages/airflow/example_dags/example_params_trigger_ui.py
[2024-12-01T15:16:14.652+0500] {processor.py:914} INFO - Processing file /Users/hanan-nawaz/Documents/Projects/Pakistan_AQI_Analysis/myenv/lib/python3.12/site-packages/airflow/example_dags/example_params_trigger_ui.py for tasks to queue
[2024-12-01T15:16:14.654+0500] {logging_mixin.py:190} INFO - [2024-12-01T15:16:14.654+0500] {dagbag.py:588} INFO - Filling up the DagBag from /Users/hanan-nawaz/Documents/Projects/Pakistan_AQI_Analysis/myenv/lib/python3.12/site-packages/airflow/example_dags/example_params_trigger_ui.py
[2024-12-01T15:16:14.733+0500] {processor.py:925} INFO - DAG(s) 'example_params_trigger_ui' retrieved from /Users/hanan-nawaz/Documents/Projects/Pakistan_AQI_Analysis/myenv/lib/python3.12/site-packages/airflow/example_dags/example_params_trigger_ui.py
[2024-12-01T15:16:15.174+0500] {logging_mixin.py:190} INFO - [2024-12-01T15:16:15.174+0500] {dag.py:3239} INFO - Sync 1 DAGs
[2024-12-01T15:16:15.199+0500] {logging_mixin.py:190} INFO - [2024-12-01T15:16:15.198+0500] {dag.py:4180} INFO - Setting next_dagrun for example_params_trigger_ui to None, run_after=None
[2024-12-01T15:16:15.239+0500] {processor.py:208} INFO - Processing /Users/hanan-nawaz/Documents/Projects/Pakistan_AQI_Analysis/myenv/lib/python3.12/site-packages/airflow/example_dags/example_params_trigger_ui.py took 0.597 seconds
[2024-12-01T15:19:46.732+0500] {processor.py:186} INFO - Started process (PID=29390) to work on /Users/hanan-nawaz/Documents/Projects/Pakistan_AQI_Analysis/myenv/lib/python3.12/site-packages/airflow/example_dags/example_params_trigger_ui.py
[2024-12-01T15:19:46.734+0500] {processor.py:914} INFO - Processing file /Users/hanan-nawaz/Documents/Projects/Pakistan_AQI_Analysis/myenv/lib/python3.12/site-packages/airflow/example_dags/example_params_trigger_ui.py for tasks to queue
[2024-12-01T15:19:46.736+0500] {logging_mixin.py:190} INFO - [2024-12-01T15:19:46.736+0500] {dagbag.py:588} INFO - Filling up the DagBag from /Users/hanan-nawaz/Documents/Projects/Pakistan_AQI_Analysis/myenv/lib/python3.12/site-packages/airflow/example_dags/example_params_trigger_ui.py
[2024-12-01T15:19:46.799+0500] {processor.py:925} INFO - DAG(s) 'example_params_trigger_ui' retrieved from /Users/hanan-nawaz/Documents/Projects/Pakistan_AQI_Analysis/myenv/lib/python3.12/site-packages/airflow/example_dags/example_params_trigger_ui.py
[2024-12-01T15:19:47.019+0500] {logging_mixin.py:190} INFO - [2024-12-01T15:19:47.018+0500] {dag.py:3239} INFO - Sync 1 DAGs
[2024-12-01T15:19:47.038+0500] {logging_mixin.py:190} INFO - [2024-12-01T15:19:47.038+0500] {dag.py:4180} INFO - Setting next_dagrun for example_params_trigger_ui to None, run_after=None
[2024-12-01T15:19:47.076+0500] {processor.py:208} INFO - Processing /Users/hanan-nawaz/Documents/Projects/Pakistan_AQI_Analysis/myenv/lib/python3.12/site-packages/airflow/example_dags/example_params_trigger_ui.py took 0.352 seconds
