[2024-12-01T15:09:13.454+0500] {processor.py:186} INFO - Started process (PID=28243) to work on /Users/hanan-nawaz/Documents/Projects/Pakistan_AQI_Analysis/myenv/lib/python3.12/site-packages/airflow/example_dags/example_display_name.py
[2024-12-01T15:09:13.456+0500] {processor.py:914} INFO - Processing file /Users/hanan-nawaz/Documents/Projects/Pakistan_AQI_Analysis/myenv/lib/python3.12/site-packages/airflow/example_dags/example_display_name.py for tasks to queue
[2024-12-01T15:09:13.458+0500] {logging_mixin.py:190} INFO - [2024-12-01T15:09:13.458+0500] {dagbag.py:588} INFO - Filling up the DagBag from /Users/hanan-nawaz/Documents/Projects/Pakistan_AQI_Analysis/myenv/lib/python3.12/site-packages/airflow/example_dags/example_display_name.py
[2024-12-01T15:09:13.554+0500] {processor.py:925} INFO - DAG(s) 'example_display_name' retrieved from /Users/hanan-nawaz/Documents/Projects/Pakistan_AQI_Analysis/myenv/lib/python3.12/site-packages/airflow/example_dags/example_display_name.py
[2024-12-01T15:09:13.909+0500] {logging_mixin.py:190} INFO - [2024-12-01T15:09:13.908+0500] {override.py:1911} INFO - Created Permission View: can read on DAG:example_display_name
[2024-12-01T15:09:14.127+0500] {logging_mixin.py:190} INFO - [2024-12-01T15:09:14.126+0500] {override.py:1911} INFO - Created Permission View: can delete on DAG:example_display_name
[2024-12-01T15:09:14.138+0500] {logging_mixin.py:190} INFO - [2024-12-01T15:09:14.137+0500] {override.py:1911} INFO - Created Permission View: can edit on DAG:example_display_name
[2024-12-01T15:09:14.151+0500] {logging_mixin.py:190} INFO - [2024-12-01T15:09:14.150+0500] {override.py:1911} INFO - Created Permission View: menu access on DAG Run:example_display_name
[2024-12-01T15:09:14.157+0500] {logging_mixin.py:190} INFO - [2024-12-01T15:09:14.156+0500] {override.py:1911} INFO - Created Permission View: can read on DAG Run:example_display_name
[2024-12-01T15:09:14.163+0500] {logging_mixin.py:190} INFO - [2024-12-01T15:09:14.163+0500] {override.py:1911} INFO - Created Permission View: can create on DAG Run:example_display_name
[2024-12-01T15:09:14.174+0500] {logging_mixin.py:190} INFO - [2024-12-01T15:09:14.174+0500] {override.py:1911} INFO - Created Permission View: can delete on DAG Run:example_display_name
[2024-12-01T15:09:14.175+0500] {logging_mixin.py:190} INFO - [2024-12-01T15:09:14.174+0500] {dag.py:3239} INFO - Sync 1 DAGs
[2024-12-01T15:09:14.187+0500] {logging_mixin.py:190} INFO - [2024-12-01T15:09:14.187+0500] {dag.py:3262} INFO - Creating ORM DAG for example_display_name
[2024-12-01T15:09:14.188+0500] {logging_mixin.py:190} INFO - [2024-12-01T15:09:14.187+0500] {dag.py:4180} INFO - Setting next_dagrun for example_display_name to None, run_after=None
[2024-12-01T15:09:14.207+0500] {processor.py:208} INFO - Processing /Users/hanan-nawaz/Documents/Projects/Pakistan_AQI_Analysis/myenv/lib/python3.12/site-packages/airflow/example_dags/example_display_name.py took 0.763 seconds
[2024-12-01T15:13:36.985+0500] {processor.py:186} INFO - Started process (PID=28729) to work on /Users/hanan-nawaz/Documents/Projects/Pakistan_AQI_Analysis/myenv/lib/python3.12/site-packages/airflow/example_dags/example_display_name.py
[2024-12-01T15:13:36.986+0500] {processor.py:914} INFO - Processing file /Users/hanan-nawaz/Documents/Projects/Pakistan_AQI_Analysis/myenv/lib/python3.12/site-packages/airflow/example_dags/example_display_name.py for tasks to queue
[2024-12-01T15:13:36.988+0500] {logging_mixin.py:190} INFO - [2024-12-01T15:13:36.987+0500] {dagbag.py:588} INFO - Filling up the DagBag from /Users/hanan-nawaz/Documents/Projects/Pakistan_AQI_Analysis/myenv/lib/python3.12/site-packages/airflow/example_dags/example_display_name.py
[2024-12-01T15:13:37.027+0500] {processor.py:925} INFO - DAG(s) 'example_display_name' retrieved from /Users/hanan-nawaz/Documents/Projects/Pakistan_AQI_Analysis/myenv/lib/python3.12/site-packages/airflow/example_dags/example_display_name.py
[2024-12-01T15:13:37.148+0500] {logging_mixin.py:190} INFO - [2024-12-01T15:13:37.148+0500] {dag.py:3239} INFO - Sync 1 DAGs
[2024-12-01T15:13:37.174+0500] {logging_mixin.py:190} INFO - [2024-12-01T15:13:37.174+0500] {dag.py:4180} INFO - Setting next_dagrun for example_display_name to None, run_after=None
[2024-12-01T15:13:37.206+0500] {processor.py:208} INFO - Processing /Users/hanan-nawaz/Documents/Projects/Pakistan_AQI_Analysis/myenv/lib/python3.12/site-packages/airflow/example_dags/example_display_name.py took 0.225 seconds
[2024-12-01T15:20:37.925+0500] {processor.py:186} INFO - Started process (PID=29505) to work on /Users/hanan-nawaz/Documents/Projects/Pakistan_AQI_Analysis/myenv/lib/python3.12/site-packages/airflow/example_dags/example_display_name.py
[2024-12-01T15:20:37.926+0500] {processor.py:914} INFO - Processing file /Users/hanan-nawaz/Documents/Projects/Pakistan_AQI_Analysis/myenv/lib/python3.12/site-packages/airflow/example_dags/example_display_name.py for tasks to queue
[2024-12-01T15:20:37.927+0500] {logging_mixin.py:190} INFO - [2024-12-01T15:20:37.927+0500] {dagbag.py:588} INFO - Filling up the DagBag from /Users/hanan-nawaz/Documents/Projects/Pakistan_AQI_Analysis/myenv/lib/python3.12/site-packages/airflow/example_dags/example_display_name.py
[2024-12-01T15:20:37.969+0500] {processor.py:925} INFO - DAG(s) 'example_display_name' retrieved from /Users/hanan-nawaz/Documents/Projects/Pakistan_AQI_Analysis/myenv/lib/python3.12/site-packages/airflow/example_dags/example_display_name.py
[2024-12-01T15:20:38.121+0500] {logging_mixin.py:190} INFO - [2024-12-01T15:20:38.121+0500] {dag.py:3239} INFO - Sync 1 DAGs
[2024-12-01T15:20:38.136+0500] {logging_mixin.py:190} INFO - [2024-12-01T15:20:38.136+0500] {dag.py:4180} INFO - Setting next_dagrun for example_display_name to None, run_after=None
[2024-12-01T15:20:38.160+0500] {processor.py:208} INFO - Processing /Users/hanan-nawaz/Documents/Projects/Pakistan_AQI_Analysis/myenv/lib/python3.12/site-packages/airflow/example_dags/example_display_name.py took 0.240 seconds
