[2024-12-01T15:07:20.610+0500] {processor.py:186} INFO - Started process (PID=27989) to work on /Users/hanan-nawaz/Documents/Projects/Pakistan_AQI_Analysis/myenv/lib/python3.12/site-packages/airflow/example_dags/example_time_delta_sensor_async.py
[2024-12-01T15:07:20.613+0500] {processor.py:914} INFO - Processing file /Users/hanan-nawaz/Documents/Projects/Pakistan_AQI_Analysis/myenv/lib/python3.12/site-packages/airflow/example_dags/example_time_delta_sensor_async.py for tasks to queue
[2024-12-01T15:07:20.616+0500] {logging_mixin.py:190} INFO - [2024-12-01T15:07:20.615+0500] {dagbag.py:588} INFO - Filling up the DagBag from /Users/hanan-nawaz/Documents/Projects/Pakistan_AQI_Analysis/myenv/lib/python3.12/site-packages/airflow/example_dags/example_time_delta_sensor_async.py
[2024-12-01T15:07:20.632+0500] {processor.py:925} INFO - DAG(s) 'example_time_delta_sensor_async' retrieved from /Users/hanan-nawaz/Documents/Projects/Pakistan_AQI_Analysis/myenv/lib/python3.12/site-packages/airflow/example_dags/example_time_delta_sensor_async.py
[2024-12-01T15:07:20.832+0500] {logging_mixin.py:190} INFO - [2024-12-01T15:07:20.831+0500] {workday.py:41} WARNING - Could not import pandas. Holidays will not be considered.
[2024-12-01T15:07:21.038+0500] {logging_mixin.py:190} INFO - [2024-12-01T15:07:21.037+0500] {override.py:1911} INFO - Created Permission View: can delete on DAG:example_time_delta_sensor_async
[2024-12-01T15:07:21.054+0500] {logging_mixin.py:190} INFO - [2024-12-01T15:07:21.053+0500] {override.py:1911} INFO - Created Permission View: can edit on DAG:example_time_delta_sensor_async
[2024-12-01T15:07:21.064+0500] {logging_mixin.py:190} INFO - [2024-12-01T15:07:21.063+0500] {override.py:1911} INFO - Created Permission View: can read on DAG:example_time_delta_sensor_async
[2024-12-01T15:07:21.078+0500] {logging_mixin.py:190} INFO - [2024-12-01T15:07:21.077+0500] {override.py:1911} INFO - Created Permission View: can create on DAG Run:example_time_delta_sensor_async
[2024-12-01T15:07:21.088+0500] {logging_mixin.py:190} INFO - [2024-12-01T15:07:21.087+0500] {override.py:1911} INFO - Created Permission View: menu access on DAG Run:example_time_delta_sensor_async
[2024-12-01T15:07:21.094+0500] {logging_mixin.py:190} INFO - [2024-12-01T15:07:21.093+0500] {override.py:1911} INFO - Created Permission View: can read on DAG Run:example_time_delta_sensor_async
[2024-12-01T15:07:21.100+0500] {logging_mixin.py:190} INFO - [2024-12-01T15:07:21.100+0500] {override.py:1911} INFO - Created Permission View: can delete on DAG Run:example_time_delta_sensor_async
[2024-12-01T15:07:21.101+0500] {logging_mixin.py:190} INFO - [2024-12-01T15:07:21.100+0500] {dag.py:3239} INFO - Sync 1 DAGs
[2024-12-01T15:07:21.116+0500] {logging_mixin.py:190} INFO - [2024-12-01T15:07:21.115+0500] {dag.py:3262} INFO - Creating ORM DAG for example_time_delta_sensor_async
[2024-12-01T15:07:21.116+0500] {logging_mixin.py:190} INFO - [2024-12-01T15:07:21.116+0500] {dag.py:4180} INFO - Setting next_dagrun for example_time_delta_sensor_async to None, run_after=None
[2024-12-01T15:07:21.202+0500] {processor.py:208} INFO - Processing /Users/hanan-nawaz/Documents/Projects/Pakistan_AQI_Analysis/myenv/lib/python3.12/site-packages/airflow/example_dags/example_time_delta_sensor_async.py took 0.600 seconds
[2024-12-01T15:11:37.674+0500] {processor.py:186} INFO - Started process (PID=28581) to work on /Users/hanan-nawaz/Documents/Projects/Pakistan_AQI_Analysis/myenv/lib/python3.12/site-packages/airflow/example_dags/example_time_delta_sensor_async.py
[2024-12-01T15:11:37.676+0500] {processor.py:914} INFO - Processing file /Users/hanan-nawaz/Documents/Projects/Pakistan_AQI_Analysis/myenv/lib/python3.12/site-packages/airflow/example_dags/example_time_delta_sensor_async.py for tasks to queue
[2024-12-01T15:11:37.683+0500] {logging_mixin.py:190} INFO - [2024-12-01T15:11:37.683+0500] {dagbag.py:588} INFO - Filling up the DagBag from /Users/hanan-nawaz/Documents/Projects/Pakistan_AQI_Analysis/myenv/lib/python3.12/site-packages/airflow/example_dags/example_time_delta_sensor_async.py
[2024-12-01T15:11:37.713+0500] {processor.py:925} INFO - DAG(s) 'example_time_delta_sensor_async' retrieved from /Users/hanan-nawaz/Documents/Projects/Pakistan_AQI_Analysis/myenv/lib/python3.12/site-packages/airflow/example_dags/example_time_delta_sensor_async.py
[2024-12-01T15:11:38.021+0500] {logging_mixin.py:190} INFO - [2024-12-01T15:11:38.021+0500] {workday.py:41} WARNING - Could not import pandas. Holidays will not be considered.
[2024-12-01T15:11:38.138+0500] {logging_mixin.py:190} INFO - [2024-12-01T15:11:38.137+0500] {dag.py:3239} INFO - Sync 1 DAGs
[2024-12-01T15:11:38.161+0500] {logging_mixin.py:190} INFO - [2024-12-01T15:11:38.160+0500] {dag.py:4180} INFO - Setting next_dagrun for example_time_delta_sensor_async to None, run_after=None
[2024-12-01T15:11:38.203+0500] {processor.py:208} INFO - Processing /Users/hanan-nawaz/Documents/Projects/Pakistan_AQI_Analysis/myenv/lib/python3.12/site-packages/airflow/example_dags/example_time_delta_sensor_async.py took 0.535 seconds
[2024-12-01T15:15:01.051+0500] {processor.py:186} INFO - Started process (PID=28950) to work on /Users/hanan-nawaz/Documents/Projects/Pakistan_AQI_Analysis/myenv/lib/python3.12/site-packages/airflow/example_dags/example_time_delta_sensor_async.py
[2024-12-01T15:15:01.053+0500] {processor.py:914} INFO - Processing file /Users/hanan-nawaz/Documents/Projects/Pakistan_AQI_Analysis/myenv/lib/python3.12/site-packages/airflow/example_dags/example_time_delta_sensor_async.py for tasks to queue
[2024-12-01T15:15:01.055+0500] {logging_mixin.py:190} INFO - [2024-12-01T15:15:01.055+0500] {dagbag.py:588} INFO - Filling up the DagBag from /Users/hanan-nawaz/Documents/Projects/Pakistan_AQI_Analysis/myenv/lib/python3.12/site-packages/airflow/example_dags/example_time_delta_sensor_async.py
[2024-12-01T15:15:01.066+0500] {processor.py:925} INFO - DAG(s) 'example_time_delta_sensor_async' retrieved from /Users/hanan-nawaz/Documents/Projects/Pakistan_AQI_Analysis/myenv/lib/python3.12/site-packages/airflow/example_dags/example_time_delta_sensor_async.py
[2024-12-01T15:15:01.237+0500] {logging_mixin.py:190} INFO - [2024-12-01T15:15:01.236+0500] {workday.py:41} WARNING - Could not import pandas. Holidays will not be considered.
[2024-12-01T15:15:01.271+0500] {logging_mixin.py:190} INFO - [2024-12-01T15:15:01.271+0500] {dag.py:3239} INFO - Sync 1 DAGs
[2024-12-01T15:15:01.291+0500] {logging_mixin.py:190} INFO - [2024-12-01T15:15:01.290+0500] {dag.py:4180} INFO - Setting next_dagrun for example_time_delta_sensor_async to None, run_after=None
[2024-12-01T15:15:01.318+0500] {processor.py:208} INFO - Processing /Users/hanan-nawaz/Documents/Projects/Pakistan_AQI_Analysis/myenv/lib/python3.12/site-packages/airflow/example_dags/example_time_delta_sensor_async.py took 0.275 seconds
[2024-12-01T15:18:37.682+0500] {processor.py:186} INFO - Started process (PID=29325) to work on /Users/hanan-nawaz/Documents/Projects/Pakistan_AQI_Analysis/myenv/lib/python3.12/site-packages/airflow/example_dags/example_time_delta_sensor_async.py
[2024-12-01T15:18:37.684+0500] {processor.py:914} INFO - Processing file /Users/hanan-nawaz/Documents/Projects/Pakistan_AQI_Analysis/myenv/lib/python3.12/site-packages/airflow/example_dags/example_time_delta_sensor_async.py for tasks to queue
[2024-12-01T15:18:37.689+0500] {logging_mixin.py:190} INFO - [2024-12-01T15:18:37.688+0500] {dagbag.py:588} INFO - Filling up the DagBag from /Users/hanan-nawaz/Documents/Projects/Pakistan_AQI_Analysis/myenv/lib/python3.12/site-packages/airflow/example_dags/example_time_delta_sensor_async.py
[2024-12-01T15:18:37.713+0500] {processor.py:925} INFO - DAG(s) 'example_time_delta_sensor_async' retrieved from /Users/hanan-nawaz/Documents/Projects/Pakistan_AQI_Analysis/myenv/lib/python3.12/site-packages/airflow/example_dags/example_time_delta_sensor_async.py
[2024-12-01T15:18:37.891+0500] {logging_mixin.py:190} INFO - [2024-12-01T15:18:37.884+0500] {workday.py:41} WARNING - Could not import pandas. Holidays will not be considered.
[2024-12-01T15:18:37.931+0500] {logging_mixin.py:190} INFO - [2024-12-01T15:18:37.930+0500] {dag.py:3239} INFO - Sync 1 DAGs
[2024-12-01T15:18:37.951+0500] {logging_mixin.py:190} INFO - [2024-12-01T15:18:37.950+0500] {dag.py:4180} INFO - Setting next_dagrun for example_time_delta_sensor_async to None, run_after=None
[2024-12-01T15:18:37.976+0500] {processor.py:208} INFO - Processing /Users/hanan-nawaz/Documents/Projects/Pakistan_AQI_Analysis/myenv/lib/python3.12/site-packages/airflow/example_dags/example_time_delta_sensor_async.py took 0.299 seconds
