[2024-12-01T15:09:26.598+0500] {processor.py:186} INFO - Started process (PID=28296) to work on /Users/hanan-nawaz/Documents/Projects/Pakistan_AQI_Analysis/myenv/lib/python3.12/site-packages/airflow/example_dags/example_dataset_alias_with_no_taskflow.py
[2024-12-01T15:09:26.599+0500] {processor.py:914} INFO - Processing file /Users/hanan-nawaz/Documents/Projects/Pakistan_AQI_Analysis/myenv/lib/python3.12/site-packages/airflow/example_dags/example_dataset_alias_with_no_taskflow.py for tasks to queue
[2024-12-01T15:09:26.601+0500] {logging_mixin.py:190} INFO - [2024-12-01T15:09:26.600+0500] {dagbag.py:588} INFO - Filling up the DagBag from /Users/hanan-nawaz/Documents/Projects/Pakistan_AQI_Analysis/myenv/lib/python3.12/site-packages/airflow/example_dags/example_dataset_alias_with_no_taskflow.py
[2024-12-01T15:09:26.920+0500] {processor.py:925} INFO - DAG(s) 'dataset_alias_example_alias_consumer_with_no_taskflow', 'dataset_alias_example_alias_producer_with_no_taskflow', 'dataset_s3_bucket_consumer_with_no_taskflow', 'dataset_s3_bucket_producer_with_no_taskflow' retrieved from /Users/hanan-nawaz/Documents/Projects/Pakistan_AQI_Analysis/myenv/lib/python3.12/site-packages/airflow/example_dags/example_dataset_alias_with_no_taskflow.py
[2024-12-01T15:09:27.092+0500] {logging_mixin.py:190} INFO - [2024-12-01T15:09:27.091+0500] {override.py:1911} INFO - Created Permission View: can read on DAG:dataset_alias_example_alias_consumer_with_no_taskflow
[2024-12-01T15:09:27.189+0500] {logging_mixin.py:190} INFO - [2024-12-01T15:09:27.189+0500] {override.py:1911} INFO - Created Permission View: can delete on DAG:dataset_alias_example_alias_consumer_with_no_taskflow
[2024-12-01T15:09:27.199+0500] {logging_mixin.py:190} INFO - [2024-12-01T15:09:27.199+0500] {override.py:1911} INFO - Created Permission View: can edit on DAG:dataset_alias_example_alias_consumer_with_no_taskflow
[2024-12-01T15:09:27.210+0500] {logging_mixin.py:190} INFO - [2024-12-01T15:09:27.209+0500] {override.py:1911} INFO - Created Permission View: menu access on DAG Run:dataset_alias_example_alias_consumer_with_no_taskflow
[2024-12-01T15:09:27.219+0500] {logging_mixin.py:190} INFO - [2024-12-01T15:09:27.218+0500] {override.py:1911} INFO - Created Permission View: can create on DAG Run:dataset_alias_example_alias_consumer_with_no_taskflow
[2024-12-01T15:09:27.226+0500] {logging_mixin.py:190} INFO - [2024-12-01T15:09:27.225+0500] {override.py:1911} INFO - Created Permission View: can read on DAG Run:dataset_alias_example_alias_consumer_with_no_taskflow
[2024-12-01T15:09:27.239+0500] {logging_mixin.py:190} INFO - [2024-12-01T15:09:27.239+0500] {override.py:1911} INFO - Created Permission View: can delete on DAG Run:dataset_alias_example_alias_consumer_with_no_taskflow
[2024-12-01T15:09:27.261+0500] {logging_mixin.py:190} INFO - [2024-12-01T15:09:27.260+0500] {override.py:1911} INFO - Created Permission View: can read on DAG:dataset_alias_example_alias_producer_with_no_taskflow
[2024-12-01T15:09:27.270+0500] {logging_mixin.py:190} INFO - [2024-12-01T15:09:27.269+0500] {override.py:1911} INFO - Created Permission View: can delete on DAG:dataset_alias_example_alias_producer_with_no_taskflow
[2024-12-01T15:09:27.277+0500] {logging_mixin.py:190} INFO - [2024-12-01T15:09:27.277+0500] {override.py:1911} INFO - Created Permission View: can edit on DAG:dataset_alias_example_alias_producer_with_no_taskflow
[2024-12-01T15:09:27.289+0500] {logging_mixin.py:190} INFO - [2024-12-01T15:09:27.289+0500] {override.py:1911} INFO - Created Permission View: menu access on DAG Run:dataset_alias_example_alias_producer_with_no_taskflow
[2024-12-01T15:09:27.298+0500] {logging_mixin.py:190} INFO - [2024-12-01T15:09:27.298+0500] {override.py:1911} INFO - Created Permission View: can create on DAG Run:dataset_alias_example_alias_producer_with_no_taskflow
[2024-12-01T15:09:27.306+0500] {logging_mixin.py:190} INFO - [2024-12-01T15:09:27.305+0500] {override.py:1911} INFO - Created Permission View: can read on DAG Run:dataset_alias_example_alias_producer_with_no_taskflow
[2024-12-01T15:09:27.314+0500] {logging_mixin.py:190} INFO - [2024-12-01T15:09:27.313+0500] {override.py:1911} INFO - Created Permission View: can delete on DAG Run:dataset_alias_example_alias_producer_with_no_taskflow
[2024-12-01T15:09:27.334+0500] {logging_mixin.py:190} INFO - [2024-12-01T15:09:27.333+0500] {override.py:1911} INFO - Created Permission View: can read on DAG:dataset_s3_bucket_consumer_with_no_taskflow
[2024-12-01T15:09:27.344+0500] {logging_mixin.py:190} INFO - [2024-12-01T15:09:27.344+0500] {override.py:1911} INFO - Created Permission View: can delete on DAG:dataset_s3_bucket_consumer_with_no_taskflow
[2024-12-01T15:09:27.354+0500] {logging_mixin.py:190} INFO - [2024-12-01T15:09:27.354+0500] {override.py:1911} INFO - Created Permission View: can edit on DAG:dataset_s3_bucket_consumer_with_no_taskflow
[2024-12-01T15:09:27.372+0500] {logging_mixin.py:190} INFO - [2024-12-01T15:09:27.371+0500] {override.py:1911} INFO - Created Permission View: menu access on DAG Run:dataset_s3_bucket_consumer_with_no_taskflow
[2024-12-01T15:09:27.385+0500] {logging_mixin.py:190} INFO - [2024-12-01T15:09:27.384+0500] {override.py:1911} INFO - Created Permission View: can create on DAG Run:dataset_s3_bucket_consumer_with_no_taskflow
[2024-12-01T15:09:27.399+0500] {logging_mixin.py:190} INFO - [2024-12-01T15:09:27.399+0500] {override.py:1911} INFO - Created Permission View: can read on DAG Run:dataset_s3_bucket_consumer_with_no_taskflow
[2024-12-01T15:09:27.414+0500] {logging_mixin.py:190} INFO - [2024-12-01T15:09:27.413+0500] {override.py:1911} INFO - Created Permission View: can delete on DAG Run:dataset_s3_bucket_consumer_with_no_taskflow
[2024-12-01T15:09:27.434+0500] {logging_mixin.py:190} INFO - [2024-12-01T15:09:27.433+0500] {override.py:1911} INFO - Created Permission View: can read on DAG:dataset_s3_bucket_producer_with_no_taskflow
[2024-12-01T15:09:27.441+0500] {logging_mixin.py:190} INFO - [2024-12-01T15:09:27.441+0500] {override.py:1911} INFO - Created Permission View: can delete on DAG:dataset_s3_bucket_producer_with_no_taskflow
[2024-12-01T15:09:27.449+0500] {logging_mixin.py:190} INFO - [2024-12-01T15:09:27.449+0500] {override.py:1911} INFO - Created Permission View: can edit on DAG:dataset_s3_bucket_producer_with_no_taskflow
[2024-12-01T15:09:27.458+0500] {logging_mixin.py:190} INFO - [2024-12-01T15:09:27.458+0500] {override.py:1911} INFO - Created Permission View: menu access on DAG Run:dataset_s3_bucket_producer_with_no_taskflow
[2024-12-01T15:09:27.464+0500] {logging_mixin.py:190} INFO - [2024-12-01T15:09:27.464+0500] {override.py:1911} INFO - Created Permission View: can create on DAG Run:dataset_s3_bucket_producer_with_no_taskflow
[2024-12-01T15:09:27.471+0500] {logging_mixin.py:190} INFO - [2024-12-01T15:09:27.471+0500] {override.py:1911} INFO - Created Permission View: can read on DAG Run:dataset_s3_bucket_producer_with_no_taskflow
[2024-12-01T15:09:27.478+0500] {logging_mixin.py:190} INFO - [2024-12-01T15:09:27.478+0500] {override.py:1911} INFO - Created Permission View: can delete on DAG Run:dataset_s3_bucket_producer_with_no_taskflow
[2024-12-01T15:09:27.478+0500] {logging_mixin.py:190} INFO - [2024-12-01T15:09:27.478+0500] {dag.py:3239} INFO - Sync 4 DAGs
[2024-12-01T15:09:27.491+0500] {logging_mixin.py:190} INFO - [2024-12-01T15:09:27.491+0500] {dag.py:3262} INFO - Creating ORM DAG for dataset_s3_bucket_consumer_with_no_taskflow
[2024-12-01T15:09:27.492+0500] {logging_mixin.py:190} INFO - [2024-12-01T15:09:27.492+0500] {dag.py:3262} INFO - Creating ORM DAG for dataset_alias_example_alias_producer_with_no_taskflow
[2024-12-01T15:09:27.493+0500] {logging_mixin.py:190} INFO - [2024-12-01T15:09:27.493+0500] {dag.py:3262} INFO - Creating ORM DAG for dataset_alias_example_alias_consumer_with_no_taskflow
[2024-12-01T15:09:27.493+0500] {logging_mixin.py:190} INFO - [2024-12-01T15:09:27.493+0500] {dag.py:3262} INFO - Creating ORM DAG for dataset_s3_bucket_producer_with_no_taskflow
[2024-12-01T15:09:27.502+0500] {logging_mixin.py:190} INFO - [2024-12-01T15:09:27.502+0500] {dag.py:4180} INFO - Setting next_dagrun for dataset_alias_example_alias_consumer_with_no_taskflow to None, run_after=None
[2024-12-01T15:09:27.503+0500] {logging_mixin.py:190} INFO - [2024-12-01T15:09:27.503+0500] {dag.py:4180} INFO - Setting next_dagrun for dataset_alias_example_alias_producer_with_no_taskflow to None, run_after=None
[2024-12-01T15:09:27.504+0500] {logging_mixin.py:190} INFO - [2024-12-01T15:09:27.504+0500] {dag.py:4180} INFO - Setting next_dagrun for dataset_s3_bucket_consumer_with_no_taskflow to None, run_after=None
[2024-12-01T15:09:27.504+0500] {logging_mixin.py:190} INFO - [2024-12-01T15:09:27.504+0500] {dag.py:4180} INFO - Setting next_dagrun for dataset_s3_bucket_producer_with_no_taskflow to None, run_after=None
[2024-12-01T15:09:27.521+0500] {logging_mixin.py:190} INFO - [2024-12-01T15:09:27.520+0500] {workday.py:41} WARNING - Could not import pandas. Holidays will not be considered.
[2024-12-01T15:09:27.542+0500] {processor.py:208} INFO - Processing /Users/hanan-nawaz/Documents/Projects/Pakistan_AQI_Analysis/myenv/lib/python3.12/site-packages/airflow/example_dags/example_dataset_alias_with_no_taskflow.py took 0.952 seconds
[2024-12-01T15:13:45.160+0500] {processor.py:186} INFO - Started process (PID=28740) to work on /Users/hanan-nawaz/Documents/Projects/Pakistan_AQI_Analysis/myenv/lib/python3.12/site-packages/airflow/example_dags/example_dataset_alias_with_no_taskflow.py
[2024-12-01T15:13:45.162+0500] {processor.py:914} INFO - Processing file /Users/hanan-nawaz/Documents/Projects/Pakistan_AQI_Analysis/myenv/lib/python3.12/site-packages/airflow/example_dags/example_dataset_alias_with_no_taskflow.py for tasks to queue
[2024-12-01T15:13:45.163+0500] {logging_mixin.py:190} INFO - [2024-12-01T15:13:45.163+0500] {dagbag.py:588} INFO - Filling up the DagBag from /Users/hanan-nawaz/Documents/Projects/Pakistan_AQI_Analysis/myenv/lib/python3.12/site-packages/airflow/example_dags/example_dataset_alias_with_no_taskflow.py
[2024-12-01T15:13:45.497+0500] {processor.py:925} INFO - DAG(s) 'dataset_s3_bucket_consumer_with_no_taskflow', 'dataset_alias_example_alias_producer_with_no_taskflow', 'dataset_alias_example_alias_consumer_with_no_taskflow', 'dataset_s3_bucket_producer_with_no_taskflow' retrieved from /Users/hanan-nawaz/Documents/Projects/Pakistan_AQI_Analysis/myenv/lib/python3.12/site-packages/airflow/example_dags/example_dataset_alias_with_no_taskflow.py
[2024-12-01T15:13:45.533+0500] {logging_mixin.py:190} INFO - [2024-12-01T15:13:45.532+0500] {dag.py:3239} INFO - Sync 4 DAGs
[2024-12-01T15:13:45.563+0500] {logging_mixin.py:190} INFO - [2024-12-01T15:13:45.562+0500] {dag.py:4180} INFO - Setting next_dagrun for dataset_alias_example_alias_consumer_with_no_taskflow to None, run_after=None
[2024-12-01T15:13:45.568+0500] {logging_mixin.py:190} INFO - [2024-12-01T15:13:45.568+0500] {dag.py:4180} INFO - Setting next_dagrun for dataset_alias_example_alias_producer_with_no_taskflow to None, run_after=None
[2024-12-01T15:13:45.570+0500] {logging_mixin.py:190} INFO - [2024-12-01T15:13:45.570+0500] {dag.py:4180} INFO - Setting next_dagrun for dataset_s3_bucket_consumer_with_no_taskflow to None, run_after=None
[2024-12-01T15:13:45.572+0500] {logging_mixin.py:190} INFO - [2024-12-01T15:13:45.571+0500] {dag.py:4180} INFO - Setting next_dagrun for dataset_s3_bucket_producer_with_no_taskflow to None, run_after=None
[2024-12-01T15:13:45.603+0500] {processor.py:208} INFO - Processing /Users/hanan-nawaz/Documents/Projects/Pakistan_AQI_Analysis/myenv/lib/python3.12/site-packages/airflow/example_dags/example_dataset_alias_with_no_taskflow.py took 0.449 seconds
[2024-12-01T15:20:48.529+0500] {processor.py:186} INFO - Started process (PID=29521) to work on /Users/hanan-nawaz/Documents/Projects/Pakistan_AQI_Analysis/myenv/lib/python3.12/site-packages/airflow/example_dags/example_dataset_alias_with_no_taskflow.py
[2024-12-01T15:20:48.530+0500] {processor.py:914} INFO - Processing file /Users/hanan-nawaz/Documents/Projects/Pakistan_AQI_Analysis/myenv/lib/python3.12/site-packages/airflow/example_dags/example_dataset_alias_with_no_taskflow.py for tasks to queue
[2024-12-01T15:20:48.532+0500] {logging_mixin.py:190} INFO - [2024-12-01T15:20:48.531+0500] {dagbag.py:588} INFO - Filling up the DagBag from /Users/hanan-nawaz/Documents/Projects/Pakistan_AQI_Analysis/myenv/lib/python3.12/site-packages/airflow/example_dags/example_dataset_alias_with_no_taskflow.py
[2024-12-01T15:20:48.770+0500] {processor.py:925} INFO - DAG(s) 'dataset_alias_example_alias_consumer_with_no_taskflow', 'dataset_s3_bucket_producer_with_no_taskflow', 'dataset_alias_example_alias_producer_with_no_taskflow', 'dataset_s3_bucket_consumer_with_no_taskflow' retrieved from /Users/hanan-nawaz/Documents/Projects/Pakistan_AQI_Analysis/myenv/lib/python3.12/site-packages/airflow/example_dags/example_dataset_alias_with_no_taskflow.py
[2024-12-01T15:20:48.808+0500] {logging_mixin.py:190} INFO - [2024-12-01T15:20:48.807+0500] {dag.py:3239} INFO - Sync 4 DAGs
[2024-12-01T15:20:48.836+0500] {logging_mixin.py:190} INFO - [2024-12-01T15:20:48.836+0500] {dag.py:4180} INFO - Setting next_dagrun for dataset_alias_example_alias_consumer_with_no_taskflow to None, run_after=None
[2024-12-01T15:20:48.838+0500] {logging_mixin.py:190} INFO - [2024-12-01T15:20:48.838+0500] {dag.py:4180} INFO - Setting next_dagrun for dataset_alias_example_alias_producer_with_no_taskflow to None, run_after=None
[2024-12-01T15:20:48.839+0500] {logging_mixin.py:190} INFO - [2024-12-01T15:20:48.839+0500] {dag.py:4180} INFO - Setting next_dagrun for dataset_s3_bucket_consumer_with_no_taskflow to None, run_after=None
[2024-12-01T15:20:48.841+0500] {logging_mixin.py:190} INFO - [2024-12-01T15:20:48.841+0500] {dag.py:4180} INFO - Setting next_dagrun for dataset_s3_bucket_producer_with_no_taskflow to None, run_after=None
[2024-12-01T15:20:48.871+0500] {processor.py:208} INFO - Processing /Users/hanan-nawaz/Documents/Projects/Pakistan_AQI_Analysis/myenv/lib/python3.12/site-packages/airflow/example_dags/example_dataset_alias_with_no_taskflow.py took 0.349 seconds
