[2024-12-01T15:08:45.255+0500] {processor.py:186} INFO - Started process (PID=28164) to work on /Users/hanan-nawaz/Documents/Projects/Pakistan_AQI_Analysis/myenv/lib/python3.12/site-packages/airflow/example_dags/example_latest_only_with_trigger.py
[2024-12-01T15:08:45.257+0500] {processor.py:914} INFO - Processing file /Users/hanan-nawaz/Documents/Projects/Pakistan_AQI_Analysis/myenv/lib/python3.12/site-packages/airflow/example_dags/example_latest_only_with_trigger.py for tasks to queue
[2024-12-01T15:08:45.259+0500] {logging_mixin.py:190} INFO - [2024-12-01T15:08:45.259+0500] {dagbag.py:588} INFO - Filling up the DagBag from /Users/hanan-nawaz/Documents/Projects/Pakistan_AQI_Analysis/myenv/lib/python3.12/site-packages/airflow/example_dags/example_latest_only_with_trigger.py
[2024-12-01T15:08:45.274+0500] {processor.py:925} INFO - DAG(s) 'latest_only_with_trigger' retrieved from /Users/hanan-nawaz/Documents/Projects/Pakistan_AQI_Analysis/myenv/lib/python3.12/site-packages/airflow/example_dags/example_latest_only_with_trigger.py
[2024-12-01T15:08:45.564+0500] {logging_mixin.py:190} INFO - [2024-12-01T15:08:45.564+0500] {override.py:1911} INFO - Created Permission View: can edit on DAG:latest_only_with_trigger
[2024-12-01T15:08:45.577+0500] {logging_mixin.py:190} INFO - [2024-12-01T15:08:45.577+0500] {override.py:1911} INFO - Created Permission View: can read on DAG:latest_only_with_trigger
[2024-12-01T15:08:45.584+0500] {logging_mixin.py:190} INFO - [2024-12-01T15:08:45.583+0500] {override.py:1911} INFO - Created Permission View: can delete on DAG:latest_only_with_trigger
[2024-12-01T15:08:45.594+0500] {logging_mixin.py:190} INFO - [2024-12-01T15:08:45.594+0500] {override.py:1911} INFO - Created Permission View: menu access on DAG Run:latest_only_with_trigger
[2024-12-01T15:08:45.602+0500] {logging_mixin.py:190} INFO - [2024-12-01T15:08:45.602+0500] {override.py:1911} INFO - Created Permission View: can create on DAG Run:latest_only_with_trigger
[2024-12-01T15:08:45.610+0500] {logging_mixin.py:190} INFO - [2024-12-01T15:08:45.610+0500] {override.py:1911} INFO - Created Permission View: can read on DAG Run:latest_only_with_trigger
[2024-12-01T15:08:45.619+0500] {logging_mixin.py:190} INFO - [2024-12-01T15:08:45.618+0500] {override.py:1911} INFO - Created Permission View: can delete on DAG Run:latest_only_with_trigger
[2024-12-01T15:08:45.619+0500] {logging_mixin.py:190} INFO - [2024-12-01T15:08:45.619+0500] {dag.py:3239} INFO - Sync 1 DAGs
[2024-12-01T15:08:45.634+0500] {logging_mixin.py:190} INFO - [2024-12-01T15:08:45.634+0500] {dag.py:3262} INFO - Creating ORM DAG for latest_only_with_trigger
[2024-12-01T15:08:45.645+0500] {logging_mixin.py:190} INFO - [2024-12-01T15:08:45.645+0500] {dag.py:4180} INFO - Setting next_dagrun for latest_only_with_trigger to 2024-12-01 04:00:00+00:00, run_after=2024-12-01 08:00:00+00:00
[2024-12-01T15:08:45.763+0500] {processor.py:208} INFO - Processing /Users/hanan-nawaz/Documents/Projects/Pakistan_AQI_Analysis/myenv/lib/python3.12/site-packages/airflow/example_dags/example_latest_only_with_trigger.py took 0.517 seconds
[2024-12-01T15:13:12.101+0500] {processor.py:186} INFO - Started process (PID=28672) to work on /Users/hanan-nawaz/Documents/Projects/Pakistan_AQI_Analysis/myenv/lib/python3.12/site-packages/airflow/example_dags/example_latest_only_with_trigger.py
[2024-12-01T15:13:12.103+0500] {processor.py:914} INFO - Processing file /Users/hanan-nawaz/Documents/Projects/Pakistan_AQI_Analysis/myenv/lib/python3.12/site-packages/airflow/example_dags/example_latest_only_with_trigger.py for tasks to queue
[2024-12-01T15:13:12.105+0500] {logging_mixin.py:190} INFO - [2024-12-01T15:13:12.105+0500] {dagbag.py:588} INFO - Filling up the DagBag from /Users/hanan-nawaz/Documents/Projects/Pakistan_AQI_Analysis/myenv/lib/python3.12/site-packages/airflow/example_dags/example_latest_only_with_trigger.py
[2024-12-01T15:13:12.114+0500] {processor.py:925} INFO - DAG(s) 'latest_only_with_trigger' retrieved from /Users/hanan-nawaz/Documents/Projects/Pakistan_AQI_Analysis/myenv/lib/python3.12/site-packages/airflow/example_dags/example_latest_only_with_trigger.py
[2024-12-01T15:13:12.295+0500] {logging_mixin.py:190} INFO - [2024-12-01T15:13:12.294+0500] {dag.py:3239} INFO - Sync 1 DAGs
[2024-12-01T15:13:12.319+0500] {logging_mixin.py:190} INFO - [2024-12-01T15:13:12.319+0500] {dag.py:4180} INFO - Setting next_dagrun for latest_only_with_trigger to 2024-12-01 04:00:00+00:00, run_after=2024-12-01 08:00:00+00:00
[2024-12-01T15:13:12.350+0500] {processor.py:208} INFO - Processing /Users/hanan-nawaz/Documents/Projects/Pakistan_AQI_Analysis/myenv/lib/python3.12/site-packages/airflow/example_dags/example_latest_only_with_trigger.py took 0.256 seconds
[2024-12-01T15:16:32.325+0500] {processor.py:186} INFO - Started process (PID=29115) to work on /Users/hanan-nawaz/Documents/Projects/Pakistan_AQI_Analysis/myenv/lib/python3.12/site-packages/airflow/example_dags/example_latest_only_with_trigger.py
[2024-12-01T15:16:32.327+0500] {processor.py:914} INFO - Processing file /Users/hanan-nawaz/Documents/Projects/Pakistan_AQI_Analysis/myenv/lib/python3.12/site-packages/airflow/example_dags/example_latest_only_with_trigger.py for tasks to queue
[2024-12-01T15:16:32.329+0500] {logging_mixin.py:190} INFO - [2024-12-01T15:16:32.329+0500] {dagbag.py:588} INFO - Filling up the DagBag from /Users/hanan-nawaz/Documents/Projects/Pakistan_AQI_Analysis/myenv/lib/python3.12/site-packages/airflow/example_dags/example_latest_only_with_trigger.py
[2024-12-01T15:16:32.338+0500] {processor.py:925} INFO - DAG(s) 'latest_only_with_trigger' retrieved from /Users/hanan-nawaz/Documents/Projects/Pakistan_AQI_Analysis/myenv/lib/python3.12/site-packages/airflow/example_dags/example_latest_only_with_trigger.py
[2024-12-01T15:16:32.469+0500] {logging_mixin.py:190} INFO - [2024-12-01T15:16:32.468+0500] {dag.py:3239} INFO - Sync 1 DAGs
[2024-12-01T15:16:32.491+0500] {logging_mixin.py:190} INFO - [2024-12-01T15:16:32.491+0500] {dag.py:4180} INFO - Setting next_dagrun for latest_only_with_trigger to 2024-12-01 04:00:00+00:00, run_after=2024-12-01 08:00:00+00:00
[2024-12-01T15:16:32.516+0500] {processor.py:208} INFO - Processing /Users/hanan-nawaz/Documents/Projects/Pakistan_AQI_Analysis/myenv/lib/python3.12/site-packages/airflow/example_dags/example_latest_only_with_trigger.py took 0.196 seconds
[2024-12-01T15:20:08.286+0500] {processor.py:186} INFO - Started process (PID=29427) to work on /Users/hanan-nawaz/Documents/Projects/Pakistan_AQI_Analysis/myenv/lib/python3.12/site-packages/airflow/example_dags/example_latest_only_with_trigger.py
[2024-12-01T15:20:08.287+0500] {processor.py:914} INFO - Processing file /Users/hanan-nawaz/Documents/Projects/Pakistan_AQI_Analysis/myenv/lib/python3.12/site-packages/airflow/example_dags/example_latest_only_with_trigger.py for tasks to queue
[2024-12-01T15:20:08.288+0500] {logging_mixin.py:190} INFO - [2024-12-01T15:20:08.288+0500] {dagbag.py:588} INFO - Filling up the DagBag from /Users/hanan-nawaz/Documents/Projects/Pakistan_AQI_Analysis/myenv/lib/python3.12/site-packages/airflow/example_dags/example_latest_only_with_trigger.py
[2024-12-01T15:20:08.300+0500] {processor.py:925} INFO - DAG(s) 'latest_only_with_trigger' retrieved from /Users/hanan-nawaz/Documents/Projects/Pakistan_AQI_Analysis/myenv/lib/python3.12/site-packages/airflow/example_dags/example_latest_only_with_trigger.py
[2024-12-01T15:20:08.437+0500] {logging_mixin.py:190} INFO - [2024-12-01T15:20:08.436+0500] {dag.py:3239} INFO - Sync 1 DAGs
[2024-12-01T15:20:08.461+0500] {logging_mixin.py:190} INFO - [2024-12-01T15:20:08.461+0500] {dag.py:4180} INFO - Setting next_dagrun for latest_only_with_trigger to 2024-12-01 04:00:00+00:00, run_after=2024-12-01 08:00:00+00:00
[2024-12-01T15:20:08.483+0500] {processor.py:208} INFO - Processing /Users/hanan-nawaz/Documents/Projects/Pakistan_AQI_Analysis/myenv/lib/python3.12/site-packages/airflow/example_dags/example_latest_only_with_trigger.py took 0.202 seconds
