[2024-12-01T15:07:16.022+0500] {processor.py:186} INFO - Started process (PID=27974) to work on /Users/hanan-nawaz/Documents/Projects/Pakistan_AQI_Analysis/myenv/lib/python3.12/site-packages/airflow/example_dags/example_trigger_controller_dag.py
[2024-12-01T15:07:16.024+0500] {processor.py:914} INFO - Processing file /Users/hanan-nawaz/Documents/Projects/Pakistan_AQI_Analysis/myenv/lib/python3.12/site-packages/airflow/example_dags/example_trigger_controller_dag.py for tasks to queue
[2024-12-01T15:07:16.026+0500] {logging_mixin.py:190} INFO - [2024-12-01T15:07:16.025+0500] {dagbag.py:588} INFO - Filling up the DagBag from /Users/hanan-nawaz/Documents/Projects/Pakistan_AQI_Analysis/myenv/lib/python3.12/site-packages/airflow/example_dags/example_trigger_controller_dag.py
[2024-12-01T15:07:16.047+0500] {processor.py:925} INFO - DAG(s) 'example_trigger_controller_dag' retrieved from /Users/hanan-nawaz/Documents/Projects/Pakistan_AQI_Analysis/myenv/lib/python3.12/site-packages/airflow/example_dags/example_trigger_controller_dag.py
[2024-12-01T15:07:16.394+0500] {logging_mixin.py:190} INFO - [2024-12-01T15:07:16.393+0500] {override.py:1911} INFO - Created Permission View: can edit on DAG:example_trigger_controller_dag
[2024-12-01T15:07:16.404+0500] {logging_mixin.py:190} INFO - [2024-12-01T15:07:16.403+0500] {override.py:1911} INFO - Created Permission View: can delete on DAG:example_trigger_controller_dag
[2024-12-01T15:07:16.410+0500] {logging_mixin.py:190} INFO - [2024-12-01T15:07:16.410+0500] {override.py:1911} INFO - Created Permission View: can read on DAG:example_trigger_controller_dag
[2024-12-01T15:07:16.419+0500] {logging_mixin.py:190} INFO - [2024-12-01T15:07:16.418+0500] {override.py:1911} INFO - Created Permission View: menu access on DAG Run:example_trigger_controller_dag
[2024-12-01T15:07:16.425+0500] {logging_mixin.py:190} INFO - [2024-12-01T15:07:16.424+0500] {override.py:1911} INFO - Created Permission View: can delete on DAG Run:example_trigger_controller_dag
[2024-12-01T15:07:16.431+0500] {logging_mixin.py:190} INFO - [2024-12-01T15:07:16.431+0500] {override.py:1911} INFO - Created Permission View: can read on DAG Run:example_trigger_controller_dag
[2024-12-01T15:07:16.437+0500] {logging_mixin.py:190} INFO - [2024-12-01T15:07:16.437+0500] {override.py:1911} INFO - Created Permission View: can create on DAG Run:example_trigger_controller_dag
[2024-12-01T15:07:16.438+0500] {logging_mixin.py:190} INFO - [2024-12-01T15:07:16.438+0500] {dag.py:3239} INFO - Sync 1 DAGs
[2024-12-01T15:07:16.450+0500] {logging_mixin.py:190} INFO - [2024-12-01T15:07:16.450+0500] {dag.py:3262} INFO - Creating ORM DAG for example_trigger_controller_dag
[2024-12-01T15:07:16.461+0500] {logging_mixin.py:190} INFO - [2024-12-01T15:07:16.461+0500] {dag.py:4180} INFO - Setting next_dagrun for example_trigger_controller_dag to 2021-01-01 00:00:00+00:00, run_after=2021-01-01 00:00:00+00:00
[2024-12-01T15:07:16.552+0500] {processor.py:208} INFO - Processing /Users/hanan-nawaz/Documents/Projects/Pakistan_AQI_Analysis/myenv/lib/python3.12/site-packages/airflow/example_dags/example_trigger_controller_dag.py took 0.539 seconds
[2024-12-01T15:11:33.339+0500] {processor.py:186} INFO - Started process (PID=28577) to work on /Users/hanan-nawaz/Documents/Projects/Pakistan_AQI_Analysis/myenv/lib/python3.12/site-packages/airflow/example_dags/example_trigger_controller_dag.py
[2024-12-01T15:11:33.340+0500] {processor.py:914} INFO - Processing file /Users/hanan-nawaz/Documents/Projects/Pakistan_AQI_Analysis/myenv/lib/python3.12/site-packages/airflow/example_dags/example_trigger_controller_dag.py for tasks to queue
[2024-12-01T15:11:33.342+0500] {logging_mixin.py:190} INFO - [2024-12-01T15:11:33.341+0500] {dagbag.py:588} INFO - Filling up the DagBag from /Users/hanan-nawaz/Documents/Projects/Pakistan_AQI_Analysis/myenv/lib/python3.12/site-packages/airflow/example_dags/example_trigger_controller_dag.py
[2024-12-01T15:11:33.355+0500] {processor.py:925} INFO - DAG(s) 'example_trigger_controller_dag' retrieved from /Users/hanan-nawaz/Documents/Projects/Pakistan_AQI_Analysis/myenv/lib/python3.12/site-packages/airflow/example_dags/example_trigger_controller_dag.py
[2024-12-01T15:11:33.471+0500] {logging_mixin.py:190} INFO - [2024-12-01T15:11:33.471+0500] {dag.py:3239} INFO - Sync 1 DAGs
[2024-12-01T15:11:33.491+0500] {logging_mixin.py:190} INFO - [2024-12-01T15:11:33.491+0500] {dag.py:4180} INFO - Setting next_dagrun for example_trigger_controller_dag to 2021-01-01 00:00:00+00:00, run_after=2021-01-01 00:00:00+00:00
[2024-12-01T15:11:33.515+0500] {processor.py:208} INFO - Processing /Users/hanan-nawaz/Documents/Projects/Pakistan_AQI_Analysis/myenv/lib/python3.12/site-packages/airflow/example_dags/example_trigger_controller_dag.py took 0.180 seconds
[2024-12-01T15:14:57.379+0500] {processor.py:186} INFO - Started process (PID=28945) to work on /Users/hanan-nawaz/Documents/Projects/Pakistan_AQI_Analysis/myenv/lib/python3.12/site-packages/airflow/example_dags/example_trigger_controller_dag.py
[2024-12-01T15:14:57.381+0500] {processor.py:914} INFO - Processing file /Users/hanan-nawaz/Documents/Projects/Pakistan_AQI_Analysis/myenv/lib/python3.12/site-packages/airflow/example_dags/example_trigger_controller_dag.py for tasks to queue
[2024-12-01T15:14:57.383+0500] {logging_mixin.py:190} INFO - [2024-12-01T15:14:57.383+0500] {dagbag.py:588} INFO - Filling up the DagBag from /Users/hanan-nawaz/Documents/Projects/Pakistan_AQI_Analysis/myenv/lib/python3.12/site-packages/airflow/example_dags/example_trigger_controller_dag.py
[2024-12-01T15:14:57.403+0500] {processor.py:925} INFO - DAG(s) 'example_trigger_controller_dag' retrieved from /Users/hanan-nawaz/Documents/Projects/Pakistan_AQI_Analysis/myenv/lib/python3.12/site-packages/airflow/example_dags/example_trigger_controller_dag.py
[2024-12-01T15:14:57.519+0500] {logging_mixin.py:190} INFO - [2024-12-01T15:14:57.518+0500] {dag.py:3239} INFO - Sync 1 DAGs
[2024-12-01T15:14:57.538+0500] {logging_mixin.py:190} INFO - [2024-12-01T15:14:57.538+0500] {dag.py:4180} INFO - Setting next_dagrun for example_trigger_controller_dag to 2021-01-01 00:00:00+00:00, run_after=2021-01-01 00:00:00+00:00
[2024-12-01T15:14:57.560+0500] {processor.py:208} INFO - Processing /Users/hanan-nawaz/Documents/Projects/Pakistan_AQI_Analysis/myenv/lib/python3.12/site-packages/airflow/example_dags/example_trigger_controller_dag.py took 0.190 seconds
[2024-12-01T15:18:33.772+0500] {processor.py:186} INFO - Started process (PID=29321) to work on /Users/hanan-nawaz/Documents/Projects/Pakistan_AQI_Analysis/myenv/lib/python3.12/site-packages/airflow/example_dags/example_trigger_controller_dag.py
[2024-12-01T15:18:33.776+0500] {processor.py:914} INFO - Processing file /Users/hanan-nawaz/Documents/Projects/Pakistan_AQI_Analysis/myenv/lib/python3.12/site-packages/airflow/example_dags/example_trigger_controller_dag.py for tasks to queue
[2024-12-01T15:18:33.777+0500] {logging_mixin.py:190} INFO - [2024-12-01T15:18:33.777+0500] {dagbag.py:588} INFO - Filling up the DagBag from /Users/hanan-nawaz/Documents/Projects/Pakistan_AQI_Analysis/myenv/lib/python3.12/site-packages/airflow/example_dags/example_trigger_controller_dag.py
[2024-12-01T15:18:33.799+0500] {processor.py:925} INFO - DAG(s) 'example_trigger_controller_dag' retrieved from /Users/hanan-nawaz/Documents/Projects/Pakistan_AQI_Analysis/myenv/lib/python3.12/site-packages/airflow/example_dags/example_trigger_controller_dag.py
[2024-12-01T15:18:33.975+0500] {logging_mixin.py:190} INFO - [2024-12-01T15:18:33.974+0500] {dag.py:3239} INFO - Sync 1 DAGs
[2024-12-01T15:18:34.002+0500] {logging_mixin.py:190} INFO - [2024-12-01T15:18:34.001+0500] {dag.py:4180} INFO - Setting next_dagrun for example_trigger_controller_dag to 2021-01-01 00:00:00+00:00, run_after=2021-01-01 00:00:00+00:00
[2024-12-01T15:18:34.035+0500] {processor.py:208} INFO - Processing /Users/hanan-nawaz/Documents/Projects/Pakistan_AQI_Analysis/myenv/lib/python3.12/site-packages/airflow/example_dags/example_trigger_controller_dag.py took 0.270 seconds
