[2024-12-01T15:07:36.986+0500] {processor.py:186} INFO - Started process (PID=28055) to work on /Users/hanan-nawaz/Documents/Projects/Pakistan_AQI_Analysis/myenv/lib/python3.12/site-packages/airflow/example_dags/example_sla_dag.py
[2024-12-01T15:07:36.987+0500] {processor.py:914} INFO - Processing file /Users/hanan-nawaz/Documents/Projects/Pakistan_AQI_Analysis/myenv/lib/python3.12/site-packages/airflow/example_dags/example_sla_dag.py for tasks to queue
[2024-12-01T15:07:36.989+0500] {logging_mixin.py:190} INFO - [2024-12-01T15:07:36.988+0500] {dagbag.py:588} INFO - Filling up the DagBag from /Users/hanan-nawaz/Documents/Projects/Pakistan_AQI_Analysis/myenv/lib/python3.12/site-packages/airflow/example_dags/example_sla_dag.py
[2024-12-01T15:07:37.033+0500] {processor.py:925} INFO - DAG(s) 'example_sla_dag' retrieved from /Users/hanan-nawaz/Documents/Projects/Pakistan_AQI_Analysis/myenv/lib/python3.12/site-packages/airflow/example_dags/example_sla_dag.py
[2024-12-01T15:07:37.262+0500] {logging_mixin.py:190} INFO - [2024-12-01T15:07:37.261+0500] {override.py:1911} INFO - Created Permission View: can delete on DAG:example_sla_dag
[2024-12-01T15:07:37.343+0500] {logging_mixin.py:190} INFO - [2024-12-01T15:07:37.342+0500] {override.py:1911} INFO - Created Permission View: can read on DAG:example_sla_dag
[2024-12-01T15:07:37.349+0500] {logging_mixin.py:190} INFO - [2024-12-01T15:07:37.349+0500] {override.py:1911} INFO - Created Permission View: can edit on DAG:example_sla_dag
[2024-12-01T15:07:37.358+0500] {logging_mixin.py:190} INFO - [2024-12-01T15:07:37.358+0500] {override.py:1911} INFO - Created Permission View: menu access on DAG Run:example_sla_dag
[2024-12-01T15:07:37.365+0500] {logging_mixin.py:190} INFO - [2024-12-01T15:07:37.365+0500] {override.py:1911} INFO - Created Permission View: can read on DAG Run:example_sla_dag
[2024-12-01T15:07:37.371+0500] {logging_mixin.py:190} INFO - [2024-12-01T15:07:37.371+0500] {override.py:1911} INFO - Created Permission View: can delete on DAG Run:example_sla_dag
[2024-12-01T15:07:37.378+0500] {logging_mixin.py:190} INFO - [2024-12-01T15:07:37.377+0500] {override.py:1911} INFO - Created Permission View: can create on DAG Run:example_sla_dag
[2024-12-01T15:07:37.378+0500] {logging_mixin.py:190} INFO - [2024-12-01T15:07:37.378+0500] {dag.py:3239} INFO - Sync 1 DAGs
[2024-12-01T15:07:37.390+0500] {logging_mixin.py:190} INFO - [2024-12-01T15:07:37.390+0500] {dag.py:3262} INFO - Creating ORM DAG for example_sla_dag
[2024-12-01T15:07:37.402+0500] {logging_mixin.py:190} INFO - [2024-12-01T15:07:37.401+0500] {dag.py:4180} INFO - Setting next_dagrun for example_sla_dag to 2024-12-01 10:04:00+00:00, run_after=2024-12-01 10:06:00+00:00
[2024-12-01T15:07:37.418+0500] {processor.py:208} INFO - Processing /Users/hanan-nawaz/Documents/Projects/Pakistan_AQI_Analysis/myenv/lib/python3.12/site-packages/airflow/example_dags/example_sla_dag.py took 0.437 seconds
[2024-12-01T15:11:56.928+0500] {processor.py:186} INFO - Started process (PID=28610) to work on /Users/hanan-nawaz/Documents/Projects/Pakistan_AQI_Analysis/myenv/lib/python3.12/site-packages/airflow/example_dags/example_sla_dag.py
[2024-12-01T15:11:56.930+0500] {processor.py:914} INFO - Processing file /Users/hanan-nawaz/Documents/Projects/Pakistan_AQI_Analysis/myenv/lib/python3.12/site-packages/airflow/example_dags/example_sla_dag.py for tasks to queue
[2024-12-01T15:11:56.932+0500] {logging_mixin.py:190} INFO - [2024-12-01T15:11:56.931+0500] {dagbag.py:588} INFO - Filling up the DagBag from /Users/hanan-nawaz/Documents/Projects/Pakistan_AQI_Analysis/myenv/lib/python3.12/site-packages/airflow/example_dags/example_sla_dag.py
[2024-12-01T15:11:56.998+0500] {processor.py:925} INFO - DAG(s) 'example_sla_dag' retrieved from /Users/hanan-nawaz/Documents/Projects/Pakistan_AQI_Analysis/myenv/lib/python3.12/site-packages/airflow/example_dags/example_sla_dag.py
[2024-12-01T15:11:57.228+0500] {logging_mixin.py:190} INFO - [2024-12-01T15:11:57.228+0500] {dag.py:3239} INFO - Sync 1 DAGs
[2024-12-01T15:11:57.268+0500] {logging_mixin.py:190} INFO - [2024-12-01T15:11:57.268+0500] {dag.py:4180} INFO - Setting next_dagrun for example_sla_dag to 2024-12-01 10:08:00+00:00, run_after=2024-12-01 10:10:00+00:00
[2024-12-01T15:11:57.307+0500] {processor.py:208} INFO - Processing /Users/hanan-nawaz/Documents/Projects/Pakistan_AQI_Analysis/myenv/lib/python3.12/site-packages/airflow/example_dags/example_sla_dag.py took 0.389 seconds
[2024-12-01T15:15:17.510+0500] {processor.py:186} INFO - Started process (PID=28997) to work on /Users/hanan-nawaz/Documents/Projects/Pakistan_AQI_Analysis/myenv/lib/python3.12/site-packages/airflow/example_dags/example_sla_dag.py
[2024-12-01T15:15:17.513+0500] {processor.py:914} INFO - Processing file /Users/hanan-nawaz/Documents/Projects/Pakistan_AQI_Analysis/myenv/lib/python3.12/site-packages/airflow/example_dags/example_sla_dag.py for tasks to queue
[2024-12-01T15:15:17.515+0500] {logging_mixin.py:190} INFO - [2024-12-01T15:15:17.514+0500] {dagbag.py:588} INFO - Filling up the DagBag from /Users/hanan-nawaz/Documents/Projects/Pakistan_AQI_Analysis/myenv/lib/python3.12/site-packages/airflow/example_dags/example_sla_dag.py
[2024-12-01T15:15:17.589+0500] {processor.py:925} INFO - DAG(s) 'example_sla_dag' retrieved from /Users/hanan-nawaz/Documents/Projects/Pakistan_AQI_Analysis/myenv/lib/python3.12/site-packages/airflow/example_dags/example_sla_dag.py
[2024-12-01T15:15:17.779+0500] {logging_mixin.py:190} INFO - [2024-12-01T15:15:17.779+0500] {dag.py:3239} INFO - Sync 1 DAGs
[2024-12-01T15:15:17.814+0500] {logging_mixin.py:190} INFO - [2024-12-01T15:15:17.814+0500] {dag.py:4180} INFO - Setting next_dagrun for example_sla_dag to 2024-12-01 10:12:00+00:00, run_after=2024-12-01 10:14:00+00:00
[2024-12-01T15:15:17.840+0500] {processor.py:208} INFO - Processing /Users/hanan-nawaz/Documents/Projects/Pakistan_AQI_Analysis/myenv/lib/python3.12/site-packages/airflow/example_dags/example_sla_dag.py took 0.343 seconds
[2024-12-01T15:18:54.826+0500] {processor.py:186} INFO - Started process (PID=29339) to work on /Users/hanan-nawaz/Documents/Projects/Pakistan_AQI_Analysis/myenv/lib/python3.12/site-packages/airflow/example_dags/example_sla_dag.py
[2024-12-01T15:18:54.827+0500] {processor.py:914} INFO - Processing file /Users/hanan-nawaz/Documents/Projects/Pakistan_AQI_Analysis/myenv/lib/python3.12/site-packages/airflow/example_dags/example_sla_dag.py for tasks to queue
[2024-12-01T15:18:54.829+0500] {logging_mixin.py:190} INFO - [2024-12-01T15:18:54.829+0500] {dagbag.py:588} INFO - Filling up the DagBag from /Users/hanan-nawaz/Documents/Projects/Pakistan_AQI_Analysis/myenv/lib/python3.12/site-packages/airflow/example_dags/example_sla_dag.py
[2024-12-01T15:18:54.873+0500] {processor.py:925} INFO - DAG(s) 'example_sla_dag' retrieved from /Users/hanan-nawaz/Documents/Projects/Pakistan_AQI_Analysis/myenv/lib/python3.12/site-packages/airflow/example_dags/example_sla_dag.py
[2024-12-01T15:18:55.005+0500] {logging_mixin.py:190} INFO - [2024-12-01T15:18:55.005+0500] {dag.py:3239} INFO - Sync 1 DAGs
[2024-12-01T15:18:55.056+0500] {logging_mixin.py:190} INFO - [2024-12-01T15:18:55.056+0500] {dag.py:4180} INFO - Setting next_dagrun for example_sla_dag to 2024-12-01 10:16:00+00:00, run_after=2024-12-01 10:18:00+00:00
[2024-12-01T15:18:55.080+0500] {processor.py:208} INFO - Processing /Users/hanan-nawaz/Documents/Projects/Pakistan_AQI_Analysis/myenv/lib/python3.12/site-packages/airflow/example_dags/example_sla_dag.py took 0.260 seconds
