[2024-12-01T15:10:20.321+0500] {processor.py:186} INFO - Started process (PID=28410) to work on /Users/hanan-nawaz/Documents/Projects/Pakistan_AQI_Analysis/myenv/lib/python3.12/site-packages/airflow/example_dags/example_bash_decorator.py
[2024-12-01T15:10:20.324+0500] {processor.py:914} INFO - Processing file /Users/hanan-nawaz/Documents/Projects/Pakistan_AQI_Analysis/myenv/lib/python3.12/site-packages/airflow/example_dags/example_bash_decorator.py for tasks to queue
[2024-12-01T15:10:20.326+0500] {logging_mixin.py:190} INFO - [2024-12-01T15:10:20.325+0500] {dagbag.py:588} INFO - Filling up the DagBag from /Users/hanan-nawaz/Documents/Projects/Pakistan_AQI_Analysis/myenv/lib/python3.12/site-packages/airflow/example_dags/example_bash_decorator.py
[2024-12-01T15:10:20.400+0500] {processor.py:925} INFO - DAG(s) 'example_bash_decorator' retrieved from /Users/hanan-nawaz/Documents/Projects/Pakistan_AQI_Analysis/myenv/lib/python3.12/site-packages/airflow/example_dags/example_bash_decorator.py
[2024-12-01T15:10:20.901+0500] {logging_mixin.py:190} INFO - [2024-12-01T15:10:20.900+0500] {override.py:1911} INFO - Created Permission View: can read on DAG:example_bash_decorator
[2024-12-01T15:10:20.911+0500] {logging_mixin.py:190} INFO - [2024-12-01T15:10:20.910+0500] {override.py:1911} INFO - Created Permission View: can delete on DAG:example_bash_decorator
[2024-12-01T15:10:20.923+0500] {logging_mixin.py:190} INFO - [2024-12-01T15:10:20.923+0500] {override.py:1911} INFO - Created Permission View: can edit on DAG:example_bash_decorator
[2024-12-01T15:10:20.939+0500] {logging_mixin.py:190} INFO - [2024-12-01T15:10:20.938+0500] {override.py:1911} INFO - Created Permission View: can read on DAG Run:example_bash_decorator
[2024-12-01T15:10:20.950+0500] {logging_mixin.py:190} INFO - [2024-12-01T15:10:20.949+0500] {override.py:1911} INFO - Created Permission View: menu access on DAG Run:example_bash_decorator
[2024-12-01T15:10:20.958+0500] {logging_mixin.py:190} INFO - [2024-12-01T15:10:20.957+0500] {override.py:1911} INFO - Created Permission View: can delete on DAG Run:example_bash_decorator
[2024-12-01T15:10:20.966+0500] {logging_mixin.py:190} INFO - [2024-12-01T15:10:20.965+0500] {override.py:1911} INFO - Created Permission View: can create on DAG Run:example_bash_decorator
[2024-12-01T15:10:20.966+0500] {logging_mixin.py:190} INFO - [2024-12-01T15:10:20.966+0500] {dag.py:3239} INFO - Sync 1 DAGs
[2024-12-01T15:10:20.982+0500] {logging_mixin.py:190} INFO - [2024-12-01T15:10:20.981+0500] {dag.py:3262} INFO - Creating ORM DAG for example_bash_decorator
[2024-12-01T15:10:20.982+0500] {logging_mixin.py:190} INFO - [2024-12-01T15:10:20.982+0500] {dag.py:4180} INFO - Setting next_dagrun for example_bash_decorator to None, run_after=None
[2024-12-01T15:10:20.999+0500] {processor.py:208} INFO - Processing /Users/hanan-nawaz/Documents/Projects/Pakistan_AQI_Analysis/myenv/lib/python3.12/site-packages/airflow/example_dags/example_bash_decorator.py took 0.687 seconds
[2024-12-01T15:17:24.711+0500] {processor.py:186} INFO - Started process (PID=29218) to work on /Users/hanan-nawaz/Documents/Projects/Pakistan_AQI_Analysis/myenv/lib/python3.12/site-packages/airflow/example_dags/example_bash_decorator.py
[2024-12-01T15:17:24.712+0500] {processor.py:914} INFO - Processing file /Users/hanan-nawaz/Documents/Projects/Pakistan_AQI_Analysis/myenv/lib/python3.12/site-packages/airflow/example_dags/example_bash_decorator.py for tasks to queue
[2024-12-01T15:17:24.713+0500] {logging_mixin.py:190} INFO - [2024-12-01T15:17:24.713+0500] {dagbag.py:588} INFO - Filling up the DagBag from /Users/hanan-nawaz/Documents/Projects/Pakistan_AQI_Analysis/myenv/lib/python3.12/site-packages/airflow/example_dags/example_bash_decorator.py
[2024-12-01T15:17:24.761+0500] {processor.py:925} INFO - DAG(s) 'example_bash_decorator' retrieved from /Users/hanan-nawaz/Documents/Projects/Pakistan_AQI_Analysis/myenv/lib/python3.12/site-packages/airflow/example_dags/example_bash_decorator.py
[2024-12-01T15:17:25.206+0500] {logging_mixin.py:190} INFO - [2024-12-01T15:17:25.205+0500] {dag.py:3239} INFO - Sync 1 DAGs
[2024-12-01T15:17:25.225+0500] {logging_mixin.py:190} INFO - [2024-12-01T15:17:25.224+0500] {dag.py:4180} INFO - Setting next_dagrun for example_bash_decorator to None, run_after=None
[2024-12-01T15:17:25.314+0500] {processor.py:208} INFO - Processing /Users/hanan-nawaz/Documents/Projects/Pakistan_AQI_Analysis/myenv/lib/python3.12/site-packages/airflow/example_dags/example_bash_decorator.py took 0.608 seconds
