[2024-12-01T15:09:20.153+0500] {processor.py:186} INFO - Started process (PID=28256) to work on /Users/hanan-nawaz/Documents/Projects/Pakistan_AQI_Analysis/myenv/lib/python3.12/site-packages/airflow/example_dags/example_datasets.py
[2024-12-01T15:09:20.155+0500] {processor.py:914} INFO - Processing file /Users/hanan-nawaz/Documents/Projects/Pakistan_AQI_Analysis/myenv/lib/python3.12/site-packages/airflow/example_dags/example_datasets.py for tasks to queue
[2024-12-01T15:09:20.157+0500] {logging_mixin.py:190} INFO - [2024-12-01T15:09:20.156+0500] {dagbag.py:588} INFO - Filling up the DagBag from /Users/hanan-nawaz/Documents/Projects/Pakistan_AQI_Analysis/myenv/lib/python3.12/site-packages/airflow/example_dags/example_datasets.py
[2024-12-01T15:09:20.299+0500] {processor.py:925} INFO - DAG(s) 'dataset_produces_1', 'consume_1_and_2_with_dataset_expressions', 'consume_1_or_2_with_dataset_expressions', 'dataset_consumes_1_never_scheduled', 'dataset_consumes_unknown_never_scheduled', 'conditional_dataset_and_time_based_timetable', 'dataset_consumes_1', 'dataset_produces_2', 'consume_1_or_both_2_and_3_with_dataset_expressions', 'dataset_consumes_1_and_2' retrieved from /Users/hanan-nawaz/Documents/Projects/Pakistan_AQI_Analysis/myenv/lib/python3.12/site-packages/airflow/example_dags/example_datasets.py
[2024-12-01T15:09:20.754+0500] {logging_mixin.py:190} INFO - [2024-12-01T15:09:20.752+0500] {override.py:1911} INFO - Created Permission View: can read on DAG:dataset_produces_1
[2024-12-01T15:09:20.779+0500] {logging_mixin.py:190} INFO - [2024-12-01T15:09:20.779+0500] {override.py:1911} INFO - Created Permission View: can delete on DAG:dataset_produces_1
[2024-12-01T15:09:20.790+0500] {logging_mixin.py:190} INFO - [2024-12-01T15:09:20.790+0500] {override.py:1911} INFO - Created Permission View: can edit on DAG:dataset_produces_1
[2024-12-01T15:09:20.819+0500] {logging_mixin.py:190} INFO - [2024-12-01T15:09:20.818+0500] {override.py:1911} INFO - Created Permission View: can delete on DAG Run:dataset_produces_1
[2024-12-01T15:09:20.836+0500] {logging_mixin.py:190} INFO - [2024-12-01T15:09:20.835+0500] {override.py:1911} INFO - Created Permission View: can read on DAG Run:dataset_produces_1
[2024-12-01T15:09:20.856+0500] {logging_mixin.py:190} INFO - [2024-12-01T15:09:20.855+0500] {override.py:1911} INFO - Created Permission View: can create on DAG Run:dataset_produces_1
[2024-12-01T15:09:20.872+0500] {logging_mixin.py:190} INFO - [2024-12-01T15:09:20.872+0500] {override.py:1911} INFO - Created Permission View: menu access on DAG Run:dataset_produces_1
[2024-12-01T15:09:20.953+0500] {logging_mixin.py:190} INFO - [2024-12-01T15:09:20.952+0500] {override.py:1911} INFO - Created Permission View: can read on DAG:consume_1_and_2_with_dataset_expressions
[2024-12-01T15:09:20.969+0500] {logging_mixin.py:190} INFO - [2024-12-01T15:09:20.969+0500] {override.py:1911} INFO - Created Permission View: can delete on DAG:consume_1_and_2_with_dataset_expressions
[2024-12-01T15:09:20.985+0500] {logging_mixin.py:190} INFO - [2024-12-01T15:09:20.985+0500] {override.py:1911} INFO - Created Permission View: can edit on DAG:consume_1_and_2_with_dataset_expressions
[2024-12-01T15:09:21.000+0500] {logging_mixin.py:190} INFO - [2024-12-01T15:09:21.000+0500] {override.py:1911} INFO - Created Permission View: can delete on DAG Run:consume_1_and_2_with_dataset_expressions
[2024-12-01T15:09:21.013+0500] {logging_mixin.py:190} INFO - [2024-12-01T15:09:21.012+0500] {override.py:1911} INFO - Created Permission View: can read on DAG Run:consume_1_and_2_with_dataset_expressions
[2024-12-01T15:09:21.024+0500] {logging_mixin.py:190} INFO - [2024-12-01T15:09:21.023+0500] {override.py:1911} INFO - Created Permission View: can create on DAG Run:consume_1_and_2_with_dataset_expressions
[2024-12-01T15:09:21.036+0500] {logging_mixin.py:190} INFO - [2024-12-01T15:09:21.036+0500] {override.py:1911} INFO - Created Permission View: menu access on DAG Run:consume_1_and_2_with_dataset_expressions
[2024-12-01T15:09:21.057+0500] {logging_mixin.py:190} INFO - [2024-12-01T15:09:21.056+0500] {override.py:1911} INFO - Created Permission View: can read on DAG:consume_1_or_2_with_dataset_expressions
[2024-12-01T15:09:21.068+0500] {logging_mixin.py:190} INFO - [2024-12-01T15:09:21.068+0500] {override.py:1911} INFO - Created Permission View: can delete on DAG:consume_1_or_2_with_dataset_expressions
[2024-12-01T15:09:21.077+0500] {logging_mixin.py:190} INFO - [2024-12-01T15:09:21.076+0500] {override.py:1911} INFO - Created Permission View: can edit on DAG:consume_1_or_2_with_dataset_expressions
[2024-12-01T15:09:21.091+0500] {logging_mixin.py:190} INFO - [2024-12-01T15:09:21.091+0500] {override.py:1911} INFO - Created Permission View: can delete on DAG Run:consume_1_or_2_with_dataset_expressions
[2024-12-01T15:09:21.099+0500] {logging_mixin.py:190} INFO - [2024-12-01T15:09:21.099+0500] {override.py:1911} INFO - Created Permission View: can read on DAG Run:consume_1_or_2_with_dataset_expressions
[2024-12-01T15:09:21.106+0500] {logging_mixin.py:190} INFO - [2024-12-01T15:09:21.106+0500] {override.py:1911} INFO - Created Permission View: can create on DAG Run:consume_1_or_2_with_dataset_expressions
[2024-12-01T15:09:21.115+0500] {logging_mixin.py:190} INFO - [2024-12-01T15:09:21.115+0500] {override.py:1911} INFO - Created Permission View: menu access on DAG Run:consume_1_or_2_with_dataset_expressions
[2024-12-01T15:09:21.131+0500] {logging_mixin.py:190} INFO - [2024-12-01T15:09:21.130+0500] {override.py:1911} INFO - Created Permission View: can read on DAG:dataset_consumes_1_never_scheduled
[2024-12-01T15:09:21.140+0500] {logging_mixin.py:190} INFO - [2024-12-01T15:09:21.139+0500] {override.py:1911} INFO - Created Permission View: can delete on DAG:dataset_consumes_1_never_scheduled
[2024-12-01T15:09:21.152+0500] {logging_mixin.py:190} INFO - [2024-12-01T15:09:21.152+0500] {override.py:1911} INFO - Created Permission View: can edit on DAG:dataset_consumes_1_never_scheduled
[2024-12-01T15:09:21.171+0500] {logging_mixin.py:190} INFO - [2024-12-01T15:09:21.170+0500] {override.py:1911} INFO - Created Permission View: can delete on DAG Run:dataset_consumes_1_never_scheduled
[2024-12-01T15:09:21.191+0500] {logging_mixin.py:190} INFO - [2024-12-01T15:09:21.190+0500] {override.py:1911} INFO - Created Permission View: can read on DAG Run:dataset_consumes_1_never_scheduled
[2024-12-01T15:09:21.207+0500] {logging_mixin.py:190} INFO - [2024-12-01T15:09:21.206+0500] {override.py:1911} INFO - Created Permission View: can create on DAG Run:dataset_consumes_1_never_scheduled
[2024-12-01T15:09:21.220+0500] {logging_mixin.py:190} INFO - [2024-12-01T15:09:21.219+0500] {override.py:1911} INFO - Created Permission View: menu access on DAG Run:dataset_consumes_1_never_scheduled
[2024-12-01T15:09:21.275+0500] {logging_mixin.py:190} INFO - [2024-12-01T15:09:21.274+0500] {override.py:1911} INFO - Created Permission View: can read on DAG:dataset_consumes_unknown_never_scheduled
[2024-12-01T15:09:21.287+0500] {logging_mixin.py:190} INFO - [2024-12-01T15:09:21.287+0500] {override.py:1911} INFO - Created Permission View: can delete on DAG:dataset_consumes_unknown_never_scheduled
[2024-12-01T15:09:21.303+0500] {logging_mixin.py:190} INFO - [2024-12-01T15:09:21.303+0500] {override.py:1911} INFO - Created Permission View: can edit on DAG:dataset_consumes_unknown_never_scheduled
[2024-12-01T15:09:21.319+0500] {logging_mixin.py:190} INFO - [2024-12-01T15:09:21.319+0500] {override.py:1911} INFO - Created Permission View: can delete on DAG Run:dataset_consumes_unknown_never_scheduled
[2024-12-01T15:09:21.336+0500] {logging_mixin.py:190} INFO - [2024-12-01T15:09:21.336+0500] {override.py:1911} INFO - Created Permission View: can read on DAG Run:dataset_consumes_unknown_never_scheduled
[2024-12-01T15:09:21.354+0500] {logging_mixin.py:190} INFO - [2024-12-01T15:09:21.353+0500] {override.py:1911} INFO - Created Permission View: can create on DAG Run:dataset_consumes_unknown_never_scheduled
[2024-12-01T15:09:21.368+0500] {logging_mixin.py:190} INFO - [2024-12-01T15:09:21.368+0500] {override.py:1911} INFO - Created Permission View: menu access on DAG Run:dataset_consumes_unknown_never_scheduled
[2024-12-01T15:09:21.433+0500] {logging_mixin.py:190} INFO - [2024-12-01T15:09:21.432+0500] {override.py:1911} INFO - Created Permission View: can read on DAG:conditional_dataset_and_time_based_timetable
[2024-12-01T15:09:21.444+0500] {logging_mixin.py:190} INFO - [2024-12-01T15:09:21.444+0500] {override.py:1911} INFO - Created Permission View: can delete on DAG:conditional_dataset_and_time_based_timetable
[2024-12-01T15:09:21.464+0500] {logging_mixin.py:190} INFO - [2024-12-01T15:09:21.464+0500] {override.py:1911} INFO - Created Permission View: can edit on DAG:conditional_dataset_and_time_based_timetable
[2024-12-01T15:09:21.482+0500] {logging_mixin.py:190} INFO - [2024-12-01T15:09:21.480+0500] {override.py:1911} INFO - Created Permission View: can delete on DAG Run:conditional_dataset_and_time_based_timetable
[2024-12-01T15:09:21.497+0500] {logging_mixin.py:190} INFO - [2024-12-01T15:09:21.497+0500] {override.py:1911} INFO - Created Permission View: can read on DAG Run:conditional_dataset_and_time_based_timetable
[2024-12-01T15:09:21.513+0500] {logging_mixin.py:190} INFO - [2024-12-01T15:09:21.513+0500] {override.py:1911} INFO - Created Permission View: can create on DAG Run:conditional_dataset_and_time_based_timetable
[2024-12-01T15:09:21.529+0500] {logging_mixin.py:190} INFO - [2024-12-01T15:09:21.528+0500] {override.py:1911} INFO - Created Permission View: menu access on DAG Run:conditional_dataset_and_time_based_timetable
[2024-12-01T15:09:21.565+0500] {logging_mixin.py:190} INFO - [2024-12-01T15:09:21.564+0500] {override.py:1911} INFO - Created Permission View: can read on DAG:dataset_consumes_1
[2024-12-01T15:09:21.602+0500] {logging_mixin.py:190} INFO - [2024-12-01T15:09:21.600+0500] {override.py:1911} INFO - Created Permission View: can delete on DAG:dataset_consumes_1
[2024-12-01T15:09:21.632+0500] {logging_mixin.py:190} INFO - [2024-12-01T15:09:21.632+0500] {override.py:1911} INFO - Created Permission View: can edit on DAG:dataset_consumes_1
[2024-12-01T15:09:21.668+0500] {logging_mixin.py:190} INFO - [2024-12-01T15:09:21.668+0500] {override.py:1911} INFO - Created Permission View: can delete on DAG Run:dataset_consumes_1
[2024-12-01T15:09:21.686+0500] {logging_mixin.py:190} INFO - [2024-12-01T15:09:21.685+0500] {override.py:1911} INFO - Created Permission View: can read on DAG Run:dataset_consumes_1
[2024-12-01T15:09:21.729+0500] {logging_mixin.py:190} INFO - [2024-12-01T15:09:21.727+0500] {override.py:1911} INFO - Created Permission View: can create on DAG Run:dataset_consumes_1
[2024-12-01T15:09:21.930+0500] {logging_mixin.py:190} INFO - [2024-12-01T15:09:21.930+0500] {override.py:1911} INFO - Created Permission View: menu access on DAG Run:dataset_consumes_1
[2024-12-01T15:09:21.973+0500] {logging_mixin.py:190} INFO - [2024-12-01T15:09:21.972+0500] {override.py:1911} INFO - Created Permission View: can read on DAG:dataset_produces_2
[2024-12-01T15:09:22.002+0500] {logging_mixin.py:190} INFO - [2024-12-01T15:09:22.002+0500] {override.py:1911} INFO - Created Permission View: can delete on DAG:dataset_produces_2
[2024-12-01T15:09:22.023+0500] {logging_mixin.py:190} INFO - [2024-12-01T15:09:22.022+0500] {override.py:1911} INFO - Created Permission View: can edit on DAG:dataset_produces_2
[2024-12-01T15:09:22.040+0500] {logging_mixin.py:190} INFO - [2024-12-01T15:09:22.039+0500] {override.py:1911} INFO - Created Permission View: can delete on DAG Run:dataset_produces_2
[2024-12-01T15:09:22.056+0500] {logging_mixin.py:190} INFO - [2024-12-01T15:09:22.056+0500] {override.py:1911} INFO - Created Permission View: can read on DAG Run:dataset_produces_2
[2024-12-01T15:09:22.071+0500] {logging_mixin.py:190} INFO - [2024-12-01T15:09:22.071+0500] {override.py:1911} INFO - Created Permission View: can create on DAG Run:dataset_produces_2
[2024-12-01T15:09:22.085+0500] {logging_mixin.py:190} INFO - [2024-12-01T15:09:22.084+0500] {override.py:1911} INFO - Created Permission View: menu access on DAG Run:dataset_produces_2
[2024-12-01T15:09:22.165+0500] {logging_mixin.py:190} INFO - [2024-12-01T15:09:22.157+0500] {override.py:1911} INFO - Created Permission View: can read on DAG:consume_1_or_both_2_and_3_with_dataset_expressions
[2024-12-01T15:09:22.184+0500] {logging_mixin.py:190} INFO - [2024-12-01T15:09:22.183+0500] {override.py:1911} INFO - Created Permission View: can delete on DAG:consume_1_or_both_2_and_3_with_dataset_expressions
[2024-12-01T15:09:22.201+0500] {logging_mixin.py:190} INFO - [2024-12-01T15:09:22.200+0500] {override.py:1911} INFO - Created Permission View: can edit on DAG:consume_1_or_both_2_and_3_with_dataset_expressions
[2024-12-01T15:09:22.221+0500] {logging_mixin.py:190} INFO - [2024-12-01T15:09:22.220+0500] {override.py:1911} INFO - Created Permission View: can delete on DAG Run:consume_1_or_both_2_and_3_with_dataset_expressions
[2024-12-01T15:09:22.235+0500] {logging_mixin.py:190} INFO - [2024-12-01T15:09:22.235+0500] {override.py:1911} INFO - Created Permission View: can read on DAG Run:consume_1_or_both_2_and_3_with_dataset_expressions
[2024-12-01T15:09:22.260+0500] {logging_mixin.py:190} INFO - [2024-12-01T15:09:22.260+0500] {override.py:1911} INFO - Created Permission View: can create on DAG Run:consume_1_or_both_2_and_3_with_dataset_expressions
[2024-12-01T15:09:22.278+0500] {logging_mixin.py:190} INFO - [2024-12-01T15:09:22.278+0500] {override.py:1911} INFO - Created Permission View: menu access on DAG Run:consume_1_or_both_2_and_3_with_dataset_expressions
[2024-12-01T15:09:22.304+0500] {logging_mixin.py:190} INFO - [2024-12-01T15:09:22.303+0500] {override.py:1911} INFO - Created Permission View: can read on DAG:dataset_consumes_1_and_2
[2024-12-01T15:09:22.314+0500] {logging_mixin.py:190} INFO - [2024-12-01T15:09:22.314+0500] {override.py:1911} INFO - Created Permission View: can delete on DAG:dataset_consumes_1_and_2
[2024-12-01T15:09:22.323+0500] {logging_mixin.py:190} INFO - [2024-12-01T15:09:22.323+0500] {override.py:1911} INFO - Created Permission View: can edit on DAG:dataset_consumes_1_and_2
[2024-12-01T15:09:22.342+0500] {logging_mixin.py:190} INFO - [2024-12-01T15:09:22.341+0500] {override.py:1911} INFO - Created Permission View: can delete on DAG Run:dataset_consumes_1_and_2
[2024-12-01T15:09:22.351+0500] {logging_mixin.py:190} INFO - [2024-12-01T15:09:22.350+0500] {override.py:1911} INFO - Created Permission View: can read on DAG Run:dataset_consumes_1_and_2
[2024-12-01T15:09:22.360+0500] {logging_mixin.py:190} INFO - [2024-12-01T15:09:22.359+0500] {override.py:1911} INFO - Created Permission View: can create on DAG Run:dataset_consumes_1_and_2
[2024-12-01T15:09:22.370+0500] {logging_mixin.py:190} INFO - [2024-12-01T15:09:22.369+0500] {override.py:1911} INFO - Created Permission View: menu access on DAG Run:dataset_consumes_1_and_2
[2024-12-01T15:09:22.370+0500] {logging_mixin.py:190} INFO - [2024-12-01T15:09:22.370+0500] {dag.py:3239} INFO - Sync 10 DAGs
[2024-12-01T15:09:22.390+0500] {logging_mixin.py:190} INFO - [2024-12-01T15:09:22.390+0500] {dag.py:3262} INFO - Creating ORM DAG for conditional_dataset_and_time_based_timetable
[2024-12-01T15:09:22.391+0500] {logging_mixin.py:190} INFO - [2024-12-01T15:09:22.391+0500] {dag.py:3262} INFO - Creating ORM DAG for dataset_consumes_1_and_2
[2024-12-01T15:09:22.392+0500] {logging_mixin.py:190} INFO - [2024-12-01T15:09:22.392+0500] {dag.py:3262} INFO - Creating ORM DAG for consume_1_or_both_2_and_3_with_dataset_expressions
[2024-12-01T15:09:22.393+0500] {logging_mixin.py:190} INFO - [2024-12-01T15:09:22.393+0500] {dag.py:3262} INFO - Creating ORM DAG for consume_1_or_2_with_dataset_expressions
[2024-12-01T15:09:22.394+0500] {logging_mixin.py:190} INFO - [2024-12-01T15:09:22.394+0500] {dag.py:3262} INFO - Creating ORM DAG for dataset_consumes_unknown_never_scheduled
[2024-12-01T15:09:22.395+0500] {logging_mixin.py:190} INFO - [2024-12-01T15:09:22.395+0500] {dag.py:3262} INFO - Creating ORM DAG for dataset_produces_2
[2024-12-01T15:09:22.396+0500] {logging_mixin.py:190} INFO - [2024-12-01T15:09:22.396+0500] {dag.py:3262} INFO - Creating ORM DAG for dataset_consumes_1_never_scheduled
[2024-12-01T15:09:22.397+0500] {logging_mixin.py:190} INFO - [2024-12-01T15:09:22.397+0500] {dag.py:3262} INFO - Creating ORM DAG for dataset_consumes_1
[2024-12-01T15:09:22.400+0500] {logging_mixin.py:190} INFO - [2024-12-01T15:09:22.400+0500] {dag.py:3262} INFO - Creating ORM DAG for consume_1_and_2_with_dataset_expressions
[2024-12-01T15:09:22.401+0500] {logging_mixin.py:190} INFO - [2024-12-01T15:09:22.401+0500] {dag.py:3262} INFO - Creating ORM DAG for dataset_produces_1
[2024-12-01T15:09:22.413+0500] {logging_mixin.py:190} INFO - [2024-12-01T15:09:22.413+0500] {dag.py:4180} INFO - Setting next_dagrun for conditional_dataset_and_time_based_timetable to 2024-11-27 01:00:00+00:00, run_after=2024-11-27 01:00:00+00:00
[2024-12-01T15:09:22.414+0500] {logging_mixin.py:190} INFO - [2024-12-01T15:09:22.414+0500] {dag.py:4180} INFO - Setting next_dagrun for consume_1_and_2_with_dataset_expressions to None, run_after=None
[2024-12-01T15:09:22.414+0500] {logging_mixin.py:190} INFO - [2024-12-01T15:09:22.414+0500] {dag.py:4180} INFO - Setting next_dagrun for consume_1_or_2_with_dataset_expressions to None, run_after=None
[2024-12-01T15:09:22.415+0500] {logging_mixin.py:190} INFO - [2024-12-01T15:09:22.415+0500] {dag.py:4180} INFO - Setting next_dagrun for consume_1_or_both_2_and_3_with_dataset_expressions to None, run_after=None
[2024-12-01T15:09:22.415+0500] {logging_mixin.py:190} INFO - [2024-12-01T15:09:22.415+0500] {dag.py:4180} INFO - Setting next_dagrun for dataset_consumes_1 to None, run_after=None
[2024-12-01T15:09:22.416+0500] {logging_mixin.py:190} INFO - [2024-12-01T15:09:22.416+0500] {dag.py:4180} INFO - Setting next_dagrun for dataset_consumes_1_and_2 to None, run_after=None
[2024-12-01T15:09:22.417+0500] {logging_mixin.py:190} INFO - [2024-12-01T15:09:22.416+0500] {dag.py:4180} INFO - Setting next_dagrun for dataset_consumes_1_never_scheduled to None, run_after=None
[2024-12-01T15:09:22.417+0500] {logging_mixin.py:190} INFO - [2024-12-01T15:09:22.417+0500] {dag.py:4180} INFO - Setting next_dagrun for dataset_consumes_unknown_never_scheduled to None, run_after=None
[2024-12-01T15:09:22.420+0500] {logging_mixin.py:190} INFO - [2024-12-01T15:09:22.419+0500] {dag.py:4180} INFO - Setting next_dagrun for dataset_produces_1 to 2024-11-30 00:00:00+00:00, run_after=2024-12-01 00:00:00+00:00
[2024-12-01T15:09:22.422+0500] {logging_mixin.py:190} INFO - [2024-12-01T15:09:22.422+0500] {dag.py:4180} INFO - Setting next_dagrun for dataset_produces_2 to None, run_after=None
[2024-12-01T15:09:22.449+0500] {logging_mixin.py:190} INFO - [2024-12-01T15:09:22.449+0500] {workday.py:41} WARNING - Could not import pandas. Holidays will not be considered.
[2024-12-01T15:09:22.469+0500] {processor.py:208} INFO - Processing /Users/hanan-nawaz/Documents/Projects/Pakistan_AQI_Analysis/myenv/lib/python3.12/site-packages/airflow/example_dags/example_datasets.py took 2.334 seconds
[2024-12-01T15:13:40.670+0500] {processor.py:186} INFO - Started process (PID=28738) to work on /Users/hanan-nawaz/Documents/Projects/Pakistan_AQI_Analysis/myenv/lib/python3.12/site-packages/airflow/example_dags/example_datasets.py
[2024-12-01T15:13:40.671+0500] {processor.py:914} INFO - Processing file /Users/hanan-nawaz/Documents/Projects/Pakistan_AQI_Analysis/myenv/lib/python3.12/site-packages/airflow/example_dags/example_datasets.py for tasks to queue
[2024-12-01T15:13:40.672+0500] {logging_mixin.py:190} INFO - [2024-12-01T15:13:40.672+0500] {dagbag.py:588} INFO - Filling up the DagBag from /Users/hanan-nawaz/Documents/Projects/Pakistan_AQI_Analysis/myenv/lib/python3.12/site-packages/airflow/example_dags/example_datasets.py
[2024-12-01T15:13:40.729+0500] {processor.py:925} INFO - DAG(s) 'dataset_produces_1', 'dataset_produces_2', 'dataset_consumes_1_and_2', 'consume_1_and_2_with_dataset_expressions', 'consume_1_or_2_with_dataset_expressions', 'dataset_consumes_1_never_scheduled', 'conditional_dataset_and_time_based_timetable', 'consume_1_or_both_2_and_3_with_dataset_expressions', 'dataset_consumes_unknown_never_scheduled', 'dataset_consumes_1' retrieved from /Users/hanan-nawaz/Documents/Projects/Pakistan_AQI_Analysis/myenv/lib/python3.12/site-packages/airflow/example_dags/example_datasets.py
[2024-12-01T15:13:40.889+0500] {logging_mixin.py:190} INFO - [2024-12-01T15:13:40.889+0500] {dag.py:3239} INFO - Sync 10 DAGs
[2024-12-01T15:13:40.919+0500] {logging_mixin.py:190} INFO - [2024-12-01T15:13:40.918+0500] {dag.py:4180} INFO - Setting next_dagrun for conditional_dataset_and_time_based_timetable to 2024-11-27 01:00:00+00:00, run_after=2024-11-27 01:00:00+00:00
[2024-12-01T15:13:40.924+0500] {logging_mixin.py:190} INFO - [2024-12-01T15:13:40.923+0500] {dag.py:4180} INFO - Setting next_dagrun for consume_1_and_2_with_dataset_expressions to None, run_after=None
[2024-12-01T15:13:40.926+0500] {logging_mixin.py:190} INFO - [2024-12-01T15:13:40.926+0500] {dag.py:4180} INFO - Setting next_dagrun for consume_1_or_2_with_dataset_expressions to None, run_after=None
[2024-12-01T15:13:40.928+0500] {logging_mixin.py:190} INFO - [2024-12-01T15:13:40.927+0500] {dag.py:4180} INFO - Setting next_dagrun for consume_1_or_both_2_and_3_with_dataset_expressions to None, run_after=None
[2024-12-01T15:13:40.930+0500] {logging_mixin.py:190} INFO - [2024-12-01T15:13:40.929+0500] {dag.py:4180} INFO - Setting next_dagrun for dataset_consumes_1 to None, run_after=None
[2024-12-01T15:13:40.932+0500] {logging_mixin.py:190} INFO - [2024-12-01T15:13:40.931+0500] {dag.py:4180} INFO - Setting next_dagrun for dataset_consumes_1_and_2 to None, run_after=None
[2024-12-01T15:13:40.933+0500] {logging_mixin.py:190} INFO - [2024-12-01T15:13:40.933+0500] {dag.py:4180} INFO - Setting next_dagrun for dataset_consumes_1_never_scheduled to None, run_after=None
[2024-12-01T15:13:40.935+0500] {logging_mixin.py:190} INFO - [2024-12-01T15:13:40.935+0500] {dag.py:4180} INFO - Setting next_dagrun for dataset_consumes_unknown_never_scheduled to None, run_after=None
[2024-12-01T15:13:40.939+0500] {logging_mixin.py:190} INFO - [2024-12-01T15:13:40.939+0500] {dag.py:4180} INFO - Setting next_dagrun for dataset_produces_1 to 2024-11-30 00:00:00+00:00, run_after=2024-12-01 00:00:00+00:00
[2024-12-01T15:13:40.941+0500] {logging_mixin.py:190} INFO - [2024-12-01T15:13:40.941+0500] {dag.py:4180} INFO - Setting next_dagrun for dataset_produces_2 to None, run_after=None
[2024-12-01T15:13:40.984+0500] {processor.py:208} INFO - Processing /Users/hanan-nawaz/Documents/Projects/Pakistan_AQI_Analysis/myenv/lib/python3.12/site-packages/airflow/example_dags/example_datasets.py took 0.320 seconds
[2024-12-01T15:20:43.205+0500] {processor.py:186} INFO - Started process (PID=29510) to work on /Users/hanan-nawaz/Documents/Projects/Pakistan_AQI_Analysis/myenv/lib/python3.12/site-packages/airflow/example_dags/example_datasets.py
[2024-12-01T15:20:43.209+0500] {processor.py:914} INFO - Processing file /Users/hanan-nawaz/Documents/Projects/Pakistan_AQI_Analysis/myenv/lib/python3.12/site-packages/airflow/example_dags/example_datasets.py for tasks to queue
[2024-12-01T15:20:43.211+0500] {logging_mixin.py:190} INFO - [2024-12-01T15:20:43.211+0500] {dagbag.py:588} INFO - Filling up the DagBag from /Users/hanan-nawaz/Documents/Projects/Pakistan_AQI_Analysis/myenv/lib/python3.12/site-packages/airflow/example_dags/example_datasets.py
[2024-12-01T15:20:43.331+0500] {processor.py:925} INFO - DAG(s) 'conditional_dataset_and_time_based_timetable', 'dataset_consumes_1', 'dataset_consumes_unknown_never_scheduled', 'dataset_produces_2', 'dataset_consumes_1_and_2', 'consume_1_and_2_with_dataset_expressions', 'consume_1_or_2_with_dataset_expressions', 'dataset_consumes_1_never_scheduled', 'dataset_produces_1', 'consume_1_or_both_2_and_3_with_dataset_expressions' retrieved from /Users/hanan-nawaz/Documents/Projects/Pakistan_AQI_Analysis/myenv/lib/python3.12/site-packages/airflow/example_dags/example_datasets.py
[2024-12-01T15:20:43.611+0500] {logging_mixin.py:190} INFO - [2024-12-01T15:20:43.611+0500] {dag.py:3239} INFO - Sync 10 DAGs
[2024-12-01T15:20:43.656+0500] {logging_mixin.py:190} INFO - [2024-12-01T15:20:43.656+0500] {dag.py:4180} INFO - Setting next_dagrun for conditional_dataset_and_time_based_timetable to 2024-11-27 01:00:00+00:00, run_after=2024-11-27 01:00:00+00:00
[2024-12-01T15:20:43.664+0500] {logging_mixin.py:190} INFO - [2024-12-01T15:20:43.664+0500] {dag.py:4180} INFO - Setting next_dagrun for consume_1_and_2_with_dataset_expressions to None, run_after=None
[2024-12-01T15:20:43.666+0500] {logging_mixin.py:190} INFO - [2024-12-01T15:20:43.666+0500] {dag.py:4180} INFO - Setting next_dagrun for consume_1_or_2_with_dataset_expressions to None, run_after=None
[2024-12-01T15:20:43.667+0500] {logging_mixin.py:190} INFO - [2024-12-01T15:20:43.667+0500] {dag.py:4180} INFO - Setting next_dagrun for consume_1_or_both_2_and_3_with_dataset_expressions to None, run_after=None
[2024-12-01T15:20:43.669+0500] {logging_mixin.py:190} INFO - [2024-12-01T15:20:43.669+0500] {dag.py:4180} INFO - Setting next_dagrun for dataset_consumes_1 to None, run_after=None
[2024-12-01T15:20:43.671+0500] {logging_mixin.py:190} INFO - [2024-12-01T15:20:43.671+0500] {dag.py:4180} INFO - Setting next_dagrun for dataset_consumes_1_and_2 to None, run_after=None
[2024-12-01T15:20:43.675+0500] {logging_mixin.py:190} INFO - [2024-12-01T15:20:43.674+0500] {dag.py:4180} INFO - Setting next_dagrun for dataset_consumes_1_never_scheduled to None, run_after=None
[2024-12-01T15:20:43.677+0500] {logging_mixin.py:190} INFO - [2024-12-01T15:20:43.677+0500] {dag.py:4180} INFO - Setting next_dagrun for dataset_consumes_unknown_never_scheduled to None, run_after=None
[2024-12-01T15:20:43.680+0500] {logging_mixin.py:190} INFO - [2024-12-01T15:20:43.680+0500] {dag.py:4180} INFO - Setting next_dagrun for dataset_produces_1 to 2024-11-30 00:00:00+00:00, run_after=2024-12-01 00:00:00+00:00
[2024-12-01T15:20:43.685+0500] {logging_mixin.py:190} INFO - [2024-12-01T15:20:43.684+0500] {dag.py:4180} INFO - Setting next_dagrun for dataset_produces_2 to None, run_after=None
[2024-12-01T15:20:43.760+0500] {processor.py:208} INFO - Processing /Users/hanan-nawaz/Documents/Projects/Pakistan_AQI_Analysis/myenv/lib/python3.12/site-packages/airflow/example_dags/example_datasets.py took 0.565 seconds
