[2024-12-01T15:08:10.342+0500] {processor.py:186} INFO - Started process (PID=28110) to work on /Users/hanan-nawaz/Documents/Projects/Pakistan_AQI_Analysis/myenv/lib/python3.12/site-packages/airflow/example_dags/example_python_operator.py
[2024-12-01T15:08:10.344+0500] {processor.py:914} INFO - Processing file /Users/hanan-nawaz/Documents/Projects/Pakistan_AQI_Analysis/myenv/lib/python3.12/site-packages/airflow/example_dags/example_python_operator.py for tasks to queue
[2024-12-01T15:08:10.346+0500] {logging_mixin.py:190} INFO - [2024-12-01T15:08:10.346+0500] {dagbag.py:588} INFO - Filling up the DagBag from /Users/hanan-nawaz/Documents/Projects/Pakistan_AQI_Analysis/myenv/lib/python3.12/site-packages/airflow/example_dags/example_python_operator.py
[2024-12-01T15:08:10.377+0500] {logging_mixin.py:190} INFO - [2024-12-01T15:08:10.377+0500] {example_python_operator.py:93} WARNING - The virtalenv_python example task requires virtualenv, please install it.
[2024-12-01T15:08:10.381+0500] {processor.py:925} INFO - DAG(s) 'example_python_operator' retrieved from /Users/hanan-nawaz/Documents/Projects/Pakistan_AQI_Analysis/myenv/lib/python3.12/site-packages/airflow/example_dags/example_python_operator.py
[2024-12-01T15:08:10.586+0500] {logging_mixin.py:190} INFO - [2024-12-01T15:08:10.586+0500] {override.py:1911} INFO - Created Permission View: can edit on DAG:example_python_operator
[2024-12-01T15:08:10.596+0500] {logging_mixin.py:190} INFO - [2024-12-01T15:08:10.596+0500] {override.py:1911} INFO - Created Permission View: can read on DAG:example_python_operator
[2024-12-01T15:08:10.605+0500] {logging_mixin.py:190} INFO - [2024-12-01T15:08:10.604+0500] {override.py:1911} INFO - Created Permission View: can delete on DAG:example_python_operator
[2024-12-01T15:08:10.613+0500] {logging_mixin.py:190} INFO - [2024-12-01T15:08:10.613+0500] {override.py:1911} INFO - Created Permission View: can create on DAG Run:example_python_operator
[2024-12-01T15:08:10.620+0500] {logging_mixin.py:190} INFO - [2024-12-01T15:08:10.620+0500] {override.py:1911} INFO - Created Permission View: can read on DAG Run:example_python_operator
[2024-12-01T15:08:10.626+0500] {logging_mixin.py:190} INFO - [2024-12-01T15:08:10.626+0500] {override.py:1911} INFO - Created Permission View: menu access on DAG Run:example_python_operator
[2024-12-01T15:08:10.633+0500] {logging_mixin.py:190} INFO - [2024-12-01T15:08:10.633+0500] {override.py:1911} INFO - Created Permission View: can delete on DAG Run:example_python_operator
[2024-12-01T15:08:10.634+0500] {logging_mixin.py:190} INFO - [2024-12-01T15:08:10.633+0500] {dag.py:3239} INFO - Sync 1 DAGs
[2024-12-01T15:08:10.712+0500] {logging_mixin.py:190} INFO - [2024-12-01T15:08:10.712+0500] {dag.py:3262} INFO - Creating ORM DAG for example_python_operator
[2024-12-01T15:08:10.713+0500] {logging_mixin.py:190} INFO - [2024-12-01T15:08:10.712+0500] {dag.py:4180} INFO - Setting next_dagrun for example_python_operator to None, run_after=None
[2024-12-01T15:08:10.732+0500] {processor.py:208} INFO - Processing /Users/hanan-nawaz/Documents/Projects/Pakistan_AQI_Analysis/myenv/lib/python3.12/site-packages/airflow/example_dags/example_python_operator.py took 0.398 seconds
[2024-12-01T15:12:35.909+0500] {processor.py:186} INFO - Started process (PID=28642) to work on /Users/hanan-nawaz/Documents/Projects/Pakistan_AQI_Analysis/myenv/lib/python3.12/site-packages/airflow/example_dags/example_python_operator.py
[2024-12-01T15:12:35.910+0500] {processor.py:914} INFO - Processing file /Users/hanan-nawaz/Documents/Projects/Pakistan_AQI_Analysis/myenv/lib/python3.12/site-packages/airflow/example_dags/example_python_operator.py for tasks to queue
[2024-12-01T15:12:35.912+0500] {logging_mixin.py:190} INFO - [2024-12-01T15:12:35.911+0500] {dagbag.py:588} INFO - Filling up the DagBag from /Users/hanan-nawaz/Documents/Projects/Pakistan_AQI_Analysis/myenv/lib/python3.12/site-packages/airflow/example_dags/example_python_operator.py
[2024-12-01T15:12:35.935+0500] {logging_mixin.py:190} INFO - [2024-12-01T15:12:35.934+0500] {example_python_operator.py:93} WARNING - The virtalenv_python example task requires virtualenv, please install it.
[2024-12-01T15:12:35.939+0500] {processor.py:925} INFO - DAG(s) 'example_python_operator' retrieved from /Users/hanan-nawaz/Documents/Projects/Pakistan_AQI_Analysis/myenv/lib/python3.12/site-packages/airflow/example_dags/example_python_operator.py
[2024-12-01T15:12:36.079+0500] {logging_mixin.py:190} INFO - [2024-12-01T15:12:36.079+0500] {dag.py:3239} INFO - Sync 1 DAGs
[2024-12-01T15:12:36.102+0500] {logging_mixin.py:190} INFO - [2024-12-01T15:12:36.102+0500] {dag.py:4180} INFO - Setting next_dagrun for example_python_operator to None, run_after=None
[2024-12-01T15:12:36.130+0500] {processor.py:208} INFO - Processing /Users/hanan-nawaz/Documents/Projects/Pakistan_AQI_Analysis/myenv/lib/python3.12/site-packages/airflow/example_dags/example_python_operator.py took 0.227 seconds
[2024-12-01T15:15:50.609+0500] {processor.py:186} INFO - Started process (PID=29029) to work on /Users/hanan-nawaz/Documents/Projects/Pakistan_AQI_Analysis/myenv/lib/python3.12/site-packages/airflow/example_dags/example_python_operator.py
[2024-12-01T15:15:50.610+0500] {processor.py:914} INFO - Processing file /Users/hanan-nawaz/Documents/Projects/Pakistan_AQI_Analysis/myenv/lib/python3.12/site-packages/airflow/example_dags/example_python_operator.py for tasks to queue
[2024-12-01T15:15:50.611+0500] {logging_mixin.py:190} INFO - [2024-12-01T15:15:50.611+0500] {dagbag.py:588} INFO - Filling up the DagBag from /Users/hanan-nawaz/Documents/Projects/Pakistan_AQI_Analysis/myenv/lib/python3.12/site-packages/airflow/example_dags/example_python_operator.py
[2024-12-01T15:15:50.642+0500] {logging_mixin.py:190} INFO - [2024-12-01T15:15:50.641+0500] {example_python_operator.py:93} WARNING - The virtalenv_python example task requires virtualenv, please install it.
[2024-12-01T15:15:50.649+0500] {processor.py:925} INFO - DAG(s) 'example_python_operator' retrieved from /Users/hanan-nawaz/Documents/Projects/Pakistan_AQI_Analysis/myenv/lib/python3.12/site-packages/airflow/example_dags/example_python_operator.py
[2024-12-01T15:15:50.821+0500] {logging_mixin.py:190} INFO - [2024-12-01T15:15:50.820+0500] {dag.py:3239} INFO - Sync 1 DAGs
[2024-12-01T15:15:50.840+0500] {logging_mixin.py:190} INFO - [2024-12-01T15:15:50.840+0500] {dag.py:4180} INFO - Setting next_dagrun for example_python_operator to None, run_after=None
[2024-12-01T15:15:50.869+0500] {processor.py:208} INFO - Processing /Users/hanan-nawaz/Documents/Projects/Pakistan_AQI_Analysis/myenv/lib/python3.12/site-packages/airflow/example_dags/example_python_operator.py took 0.268 seconds
[2024-12-01T15:19:28.786+0500] {processor.py:186} INFO - Started process (PID=29370) to work on /Users/hanan-nawaz/Documents/Projects/Pakistan_AQI_Analysis/myenv/lib/python3.12/site-packages/airflow/example_dags/example_python_operator.py
[2024-12-01T15:19:28.787+0500] {processor.py:914} INFO - Processing file /Users/hanan-nawaz/Documents/Projects/Pakistan_AQI_Analysis/myenv/lib/python3.12/site-packages/airflow/example_dags/example_python_operator.py for tasks to queue
[2024-12-01T15:19:28.788+0500] {logging_mixin.py:190} INFO - [2024-12-01T15:19:28.788+0500] {dagbag.py:588} INFO - Filling up the DagBag from /Users/hanan-nawaz/Documents/Projects/Pakistan_AQI_Analysis/myenv/lib/python3.12/site-packages/airflow/example_dags/example_python_operator.py
[2024-12-01T15:19:28.822+0500] {logging_mixin.py:190} INFO - [2024-12-01T15:19:28.822+0500] {example_python_operator.py:93} WARNING - The virtalenv_python example task requires virtualenv, please install it.
[2024-12-01T15:19:28.828+0500] {processor.py:925} INFO - DAG(s) 'example_python_operator' retrieved from /Users/hanan-nawaz/Documents/Projects/Pakistan_AQI_Analysis/myenv/lib/python3.12/site-packages/airflow/example_dags/example_python_operator.py
[2024-12-01T15:19:28.984+0500] {logging_mixin.py:190} INFO - [2024-12-01T15:19:28.983+0500] {dag.py:3239} INFO - Sync 1 DAGs
[2024-12-01T15:19:29.012+0500] {logging_mixin.py:190} INFO - [2024-12-01T15:19:29.012+0500] {dag.py:4180} INFO - Setting next_dagrun for example_python_operator to None, run_after=None
[2024-12-01T15:19:29.039+0500] {processor.py:208} INFO - Processing /Users/hanan-nawaz/Documents/Projects/Pakistan_AQI_Analysis/myenv/lib/python3.12/site-packages/airflow/example_dags/example_python_operator.py took 0.259 seconds
