[2024-12-01T15:07:07.153+0500] {processor.py:186} INFO - Started process (PID=27938) to work on /Users/hanan-nawaz/Documents/Projects/Pakistan_AQI_Analysis/myenv/lib/python3.12/site-packages/airflow/example_dags/example_workday_timetable.py
[2024-12-01T15:07:07.155+0500] {processor.py:914} INFO - Processing file /Users/hanan-nawaz/Documents/Projects/Pakistan_AQI_Analysis/myenv/lib/python3.12/site-packages/airflow/example_dags/example_workday_timetable.py for tasks to queue
[2024-12-01T15:07:07.157+0500] {logging_mixin.py:190} INFO - [2024-12-01T15:07:07.157+0500] {dagbag.py:588} INFO - Filling up the DagBag from /Users/hanan-nawaz/Documents/Projects/Pakistan_AQI_Analysis/myenv/lib/python3.12/site-packages/airflow/example_dags/example_workday_timetable.py
[2024-12-01T15:07:07.162+0500] {logging_mixin.py:190} INFO - [2024-12-01T15:07:07.161+0500] {workday.py:41} WARNING - Could not import pandas. Holidays will not be considered.
[2024-12-01T15:07:07.176+0500] {processor.py:925} INFO - DAG(s) 'example_workday_timetable' retrieved from /Users/hanan-nawaz/Documents/Projects/Pakistan_AQI_Analysis/myenv/lib/python3.12/site-packages/airflow/example_dags/example_workday_timetable.py
[2024-12-01T15:07:07.534+0500] {logging_mixin.py:190} INFO - [2024-12-01T15:07:07.534+0500] {workday.py:41} WARNING - Could not import pandas. Holidays will not be considered.
[2024-12-01T15:07:07.808+0500] {logging_mixin.py:190} INFO - [2024-12-01T15:07:07.807+0500] {override.py:1911} INFO - Created Permission View: can edit on DAG:example_workday_timetable
[2024-12-01T15:07:07.825+0500] {logging_mixin.py:190} INFO - [2024-12-01T15:07:07.824+0500] {override.py:1911} INFO - Created Permission View: can delete on DAG:example_workday_timetable
[2024-12-01T15:07:07.862+0500] {logging_mixin.py:190} INFO - [2024-12-01T15:07:07.861+0500] {override.py:1911} INFO - Created Permission View: can read on DAG:example_workday_timetable
[2024-12-01T15:07:07.877+0500] {logging_mixin.py:190} INFO - [2024-12-01T15:07:07.877+0500] {override.py:1911} INFO - Created Permission View: can create on DAG Run:example_workday_timetable
[2024-12-01T15:07:07.890+0500] {logging_mixin.py:190} INFO - [2024-12-01T15:07:07.889+0500] {override.py:1911} INFO - Created Permission View: menu access on DAG Run:example_workday_timetable
[2024-12-01T15:07:07.900+0500] {logging_mixin.py:190} INFO - [2024-12-01T15:07:07.899+0500] {override.py:1911} INFO - Created Permission View: can delete on DAG Run:example_workday_timetable
[2024-12-01T15:07:07.910+0500] {logging_mixin.py:190} INFO - [2024-12-01T15:07:07.909+0500] {override.py:1911} INFO - Created Permission View: can read on DAG Run:example_workday_timetable
[2024-12-01T15:07:07.911+0500] {logging_mixin.py:190} INFO - [2024-12-01T15:07:07.910+0500] {dag.py:3239} INFO - Sync 1 DAGs
[2024-12-01T15:07:07.954+0500] {logging_mixin.py:190} INFO - [2024-12-01T15:07:07.953+0500] {dag.py:3262} INFO - Creating ORM DAG for example_workday_timetable
[2024-12-01T15:07:07.972+0500] {logging_mixin.py:190} INFO - [2024-12-01T15:07:07.971+0500] {dag.py:4180} INFO - Setting next_dagrun for example_workday_timetable to 2021-01-01 00:00:00+00:00, run_after=2021-01-02 00:00:00+00:00
[2024-12-01T15:07:08.062+0500] {processor.py:208} INFO - Processing /Users/hanan-nawaz/Documents/Projects/Pakistan_AQI_Analysis/myenv/lib/python3.12/site-packages/airflow/example_dags/example_workday_timetable.py took 0.918 seconds
[2024-12-01T15:11:25.724+0500] {processor.py:186} INFO - Started process (PID=28553) to work on /Users/hanan-nawaz/Documents/Projects/Pakistan_AQI_Analysis/myenv/lib/python3.12/site-packages/airflow/example_dags/example_workday_timetable.py
[2024-12-01T15:11:25.725+0500] {processor.py:914} INFO - Processing file /Users/hanan-nawaz/Documents/Projects/Pakistan_AQI_Analysis/myenv/lib/python3.12/site-packages/airflow/example_dags/example_workday_timetable.py for tasks to queue
[2024-12-01T15:11:25.728+0500] {logging_mixin.py:190} INFO - [2024-12-01T15:11:25.726+0500] {dagbag.py:588} INFO - Filling up the DagBag from /Users/hanan-nawaz/Documents/Projects/Pakistan_AQI_Analysis/myenv/lib/python3.12/site-packages/airflow/example_dags/example_workday_timetable.py
[2024-12-01T15:11:25.731+0500] {logging_mixin.py:190} INFO - [2024-12-01T15:11:25.730+0500] {workday.py:41} WARNING - Could not import pandas. Holidays will not be considered.
[2024-12-01T15:11:25.739+0500] {processor.py:925} INFO - DAG(s) 'example_workday_timetable' retrieved from /Users/hanan-nawaz/Documents/Projects/Pakistan_AQI_Analysis/myenv/lib/python3.12/site-packages/airflow/example_dags/example_workday_timetable.py
[2024-12-01T15:11:25.896+0500] {logging_mixin.py:190} INFO - [2024-12-01T15:11:25.895+0500] {workday.py:41} WARNING - Could not import pandas. Holidays will not be considered.
[2024-12-01T15:11:25.931+0500] {logging_mixin.py:190} INFO - [2024-12-01T15:11:25.930+0500] {dag.py:3239} INFO - Sync 1 DAGs
[2024-12-01T15:11:25.954+0500] {logging_mixin.py:190} INFO - [2024-12-01T15:11:25.954+0500] {dag.py:4180} INFO - Setting next_dagrun for example_workday_timetable to 2021-01-01 00:00:00+00:00, run_after=2021-01-02 00:00:00+00:00
[2024-12-01T15:11:25.977+0500] {processor.py:208} INFO - Processing /Users/hanan-nawaz/Documents/Projects/Pakistan_AQI_Analysis/myenv/lib/python3.12/site-packages/airflow/example_dags/example_workday_timetable.py took 0.262 seconds
[2024-12-01T15:14:50.897+0500] {processor.py:186} INFO - Started process (PID=28924) to work on /Users/hanan-nawaz/Documents/Projects/Pakistan_AQI_Analysis/myenv/lib/python3.12/site-packages/airflow/example_dags/example_workday_timetable.py
[2024-12-01T15:14:50.899+0500] {processor.py:914} INFO - Processing file /Users/hanan-nawaz/Documents/Projects/Pakistan_AQI_Analysis/myenv/lib/python3.12/site-packages/airflow/example_dags/example_workday_timetable.py for tasks to queue
[2024-12-01T15:14:50.901+0500] {logging_mixin.py:190} INFO - [2024-12-01T15:14:50.901+0500] {dagbag.py:588} INFO - Filling up the DagBag from /Users/hanan-nawaz/Documents/Projects/Pakistan_AQI_Analysis/myenv/lib/python3.12/site-packages/airflow/example_dags/example_workday_timetable.py
[2024-12-01T15:14:50.906+0500] {logging_mixin.py:190} INFO - [2024-12-01T15:14:50.906+0500] {workday.py:41} WARNING - Could not import pandas. Holidays will not be considered.
[2024-12-01T15:14:50.914+0500] {processor.py:925} INFO - DAG(s) 'example_workday_timetable' retrieved from /Users/hanan-nawaz/Documents/Projects/Pakistan_AQI_Analysis/myenv/lib/python3.12/site-packages/airflow/example_dags/example_workday_timetable.py
[2024-12-01T15:14:51.048+0500] {logging_mixin.py:190} INFO - [2024-12-01T15:14:51.048+0500] {workday.py:41} WARNING - Could not import pandas. Holidays will not be considered.
[2024-12-01T15:14:51.074+0500] {logging_mixin.py:190} INFO - [2024-12-01T15:14:51.074+0500] {dag.py:3239} INFO - Sync 1 DAGs
[2024-12-01T15:14:51.096+0500] {logging_mixin.py:190} INFO - [2024-12-01T15:14:51.095+0500] {dag.py:4180} INFO - Setting next_dagrun for example_workday_timetable to 2021-01-01 00:00:00+00:00, run_after=2021-01-02 00:00:00+00:00
[2024-12-01T15:14:51.117+0500] {processor.py:208} INFO - Processing /Users/hanan-nawaz/Documents/Projects/Pakistan_AQI_Analysis/myenv/lib/python3.12/site-packages/airflow/example_dags/example_workday_timetable.py took 0.229 seconds
[2024-12-01T15:18:23.390+0500] {processor.py:186} INFO - Started process (PID=29313) to work on /Users/hanan-nawaz/Documents/Projects/Pakistan_AQI_Analysis/myenv/lib/python3.12/site-packages/airflow/example_dags/example_workday_timetable.py
[2024-12-01T15:18:23.391+0500] {processor.py:914} INFO - Processing file /Users/hanan-nawaz/Documents/Projects/Pakistan_AQI_Analysis/myenv/lib/python3.12/site-packages/airflow/example_dags/example_workday_timetable.py for tasks to queue
[2024-12-01T15:18:23.395+0500] {logging_mixin.py:190} INFO - [2024-12-01T15:18:23.393+0500] {dagbag.py:588} INFO - Filling up the DagBag from /Users/hanan-nawaz/Documents/Projects/Pakistan_AQI_Analysis/myenv/lib/python3.12/site-packages/airflow/example_dags/example_workday_timetable.py
[2024-12-01T15:18:23.398+0500] {logging_mixin.py:190} INFO - [2024-12-01T15:18:23.398+0500] {workday.py:41} WARNING - Could not import pandas. Holidays will not be considered.
[2024-12-01T15:18:23.416+0500] {processor.py:925} INFO - DAG(s) 'example_workday_timetable' retrieved from /Users/hanan-nawaz/Documents/Projects/Pakistan_AQI_Analysis/myenv/lib/python3.12/site-packages/airflow/example_dags/example_workday_timetable.py
[2024-12-01T15:18:23.649+0500] {logging_mixin.py:190} INFO - [2024-12-01T15:18:23.649+0500] {workday.py:41} WARNING - Could not import pandas. Holidays will not be considered.
[2024-12-01T15:18:23.711+0500] {logging_mixin.py:190} INFO - [2024-12-01T15:18:23.710+0500] {dag.py:3239} INFO - Sync 1 DAGs
[2024-12-01T15:18:23.744+0500] {logging_mixin.py:190} INFO - [2024-12-01T15:18:23.743+0500] {dag.py:4180} INFO - Setting next_dagrun for example_workday_timetable to 2021-01-01 00:00:00+00:00, run_after=2021-01-02 00:00:00+00:00
[2024-12-01T15:18:23.783+0500] {processor.py:208} INFO - Processing /Users/hanan-nawaz/Documents/Projects/Pakistan_AQI_Analysis/myenv/lib/python3.12/site-packages/airflow/example_dags/example_workday_timetable.py took 0.402 seconds
