[2024-12-01T15:10:11.221+0500] {processor.py:186} INFO - Started process (PID=28390) to work on /Users/hanan-nawaz/Documents/Projects/Pakistan_AQI_Analysis/myenv/lib/python3.12/site-packages/airflow/example_dags/example_branch_datetime_operator.py
[2024-12-01T15:10:11.223+0500] {processor.py:914} INFO - Processing file /Users/hanan-nawaz/Documents/Projects/Pakistan_AQI_Analysis/myenv/lib/python3.12/site-packages/airflow/example_dags/example_branch_datetime_operator.py for tasks to queue
[2024-12-01T15:10:11.225+0500] {logging_mixin.py:190} INFO - [2024-12-01T15:10:11.224+0500] {dagbag.py:588} INFO - Filling up the DagBag from /Users/hanan-nawaz/Documents/Projects/Pakistan_AQI_Analysis/myenv/lib/python3.12/site-packages/airflow/example_dags/example_branch_datetime_operator.py
[2024-12-01T15:10:11.250+0500] {processor.py:925} INFO - DAG(s) 'example_branch_datetime_operator', 'example_branch_datetime_operator_3', 'example_branch_datetime_operator_2' retrieved from /Users/hanan-nawaz/Documents/Projects/Pakistan_AQI_Analysis/myenv/lib/python3.12/site-packages/airflow/example_dags/example_branch_datetime_operator.py
[2024-12-01T15:10:11.567+0500] {logging_mixin.py:190} INFO - [2024-12-01T15:10:11.566+0500] {override.py:1911} INFO - Created Permission View: can edit on DAG:example_branch_datetime_operator
[2024-12-01T15:10:11.578+0500] {logging_mixin.py:190} INFO - [2024-12-01T15:10:11.577+0500] {override.py:1911} INFO - Created Permission View: can delete on DAG:example_branch_datetime_operator
[2024-12-01T15:10:11.587+0500] {logging_mixin.py:190} INFO - [2024-12-01T15:10:11.587+0500] {override.py:1911} INFO - Created Permission View: can read on DAG:example_branch_datetime_operator
[2024-12-01T15:10:11.596+0500] {logging_mixin.py:190} INFO - [2024-12-01T15:10:11.596+0500] {override.py:1911} INFO - Created Permission View: can create on DAG Run:example_branch_datetime_operator
[2024-12-01T15:10:11.605+0500] {logging_mixin.py:190} INFO - [2024-12-01T15:10:11.605+0500] {override.py:1911} INFO - Created Permission View: can delete on DAG Run:example_branch_datetime_operator
[2024-12-01T15:10:11.612+0500] {logging_mixin.py:190} INFO - [2024-12-01T15:10:11.611+0500] {override.py:1911} INFO - Created Permission View: can read on DAG Run:example_branch_datetime_operator
[2024-12-01T15:10:11.622+0500] {logging_mixin.py:190} INFO - [2024-12-01T15:10:11.621+0500] {override.py:1911} INFO - Created Permission View: menu access on DAG Run:example_branch_datetime_operator
[2024-12-01T15:10:11.638+0500] {logging_mixin.py:190} INFO - [2024-12-01T15:10:11.638+0500] {override.py:1911} INFO - Created Permission View: can edit on DAG:example_branch_datetime_operator_3
[2024-12-01T15:10:11.645+0500] {logging_mixin.py:190} INFO - [2024-12-01T15:10:11.644+0500] {override.py:1911} INFO - Created Permission View: can delete on DAG:example_branch_datetime_operator_3
[2024-12-01T15:10:11.653+0500] {logging_mixin.py:190} INFO - [2024-12-01T15:10:11.652+0500] {override.py:1911} INFO - Created Permission View: can read on DAG:example_branch_datetime_operator_3
[2024-12-01T15:10:11.662+0500] {logging_mixin.py:190} INFO - [2024-12-01T15:10:11.661+0500] {override.py:1911} INFO - Created Permission View: can create on DAG Run:example_branch_datetime_operator_3
[2024-12-01T15:10:11.670+0500] {logging_mixin.py:190} INFO - [2024-12-01T15:10:11.670+0500] {override.py:1911} INFO - Created Permission View: can delete on DAG Run:example_branch_datetime_operator_3
[2024-12-01T15:10:11.677+0500] {logging_mixin.py:190} INFO - [2024-12-01T15:10:11.676+0500] {override.py:1911} INFO - Created Permission View: can read on DAG Run:example_branch_datetime_operator_3
[2024-12-01T15:10:11.685+0500] {logging_mixin.py:190} INFO - [2024-12-01T15:10:11.685+0500] {override.py:1911} INFO - Created Permission View: menu access on DAG Run:example_branch_datetime_operator_3
[2024-12-01T15:10:11.699+0500] {logging_mixin.py:190} INFO - [2024-12-01T15:10:11.699+0500] {override.py:1911} INFO - Created Permission View: can edit on DAG:example_branch_datetime_operator_2
[2024-12-01T15:10:11.709+0500] {logging_mixin.py:190} INFO - [2024-12-01T15:10:11.709+0500] {override.py:1911} INFO - Created Permission View: can delete on DAG:example_branch_datetime_operator_2
[2024-12-01T15:10:11.717+0500] {logging_mixin.py:190} INFO - [2024-12-01T15:10:11.716+0500] {override.py:1911} INFO - Created Permission View: can read on DAG:example_branch_datetime_operator_2
[2024-12-01T15:10:11.726+0500] {logging_mixin.py:190} INFO - [2024-12-01T15:10:11.726+0500] {override.py:1911} INFO - Created Permission View: can create on DAG Run:example_branch_datetime_operator_2
[2024-12-01T15:10:11.734+0500] {logging_mixin.py:190} INFO - [2024-12-01T15:10:11.733+0500] {override.py:1911} INFO - Created Permission View: can delete on DAG Run:example_branch_datetime_operator_2
[2024-12-01T15:10:11.741+0500] {logging_mixin.py:190} INFO - [2024-12-01T15:10:11.740+0500] {override.py:1911} INFO - Created Permission View: can read on DAG Run:example_branch_datetime_operator_2
[2024-12-01T15:10:11.747+0500] {logging_mixin.py:190} INFO - [2024-12-01T15:10:11.747+0500] {override.py:1911} INFO - Created Permission View: menu access on DAG Run:example_branch_datetime_operator_2
[2024-12-01T15:10:11.748+0500] {logging_mixin.py:190} INFO - [2024-12-01T15:10:11.748+0500] {dag.py:3239} INFO - Sync 3 DAGs
[2024-12-01T15:10:11.761+0500] {logging_mixin.py:190} INFO - [2024-12-01T15:10:11.760+0500] {dag.py:3262} INFO - Creating ORM DAG for example_branch_datetime_operator_3
[2024-12-01T15:10:11.761+0500] {logging_mixin.py:190} INFO - [2024-12-01T15:10:11.761+0500] {dag.py:3262} INFO - Creating ORM DAG for example_branch_datetime_operator
[2024-12-01T15:10:11.762+0500] {logging_mixin.py:190} INFO - [2024-12-01T15:10:11.762+0500] {dag.py:3262} INFO - Creating ORM DAG for example_branch_datetime_operator_2
[2024-12-01T15:10:11.852+0500] {logging_mixin.py:190} INFO - [2024-12-01T15:10:11.852+0500] {dag.py:4180} INFO - Setting next_dagrun for example_branch_datetime_operator to 2024-11-30 00:00:00+00:00, run_after=2024-12-01 00:00:00+00:00
[2024-12-01T15:10:11.854+0500] {logging_mixin.py:190} INFO - [2024-12-01T15:10:11.854+0500] {dag.py:4180} INFO - Setting next_dagrun for example_branch_datetime_operator_2 to 2024-11-30 00:00:00+00:00, run_after=2024-12-01 00:00:00+00:00
[2024-12-01T15:10:11.856+0500] {logging_mixin.py:190} INFO - [2024-12-01T15:10:11.856+0500] {dag.py:4180} INFO - Setting next_dagrun for example_branch_datetime_operator_3 to 2024-11-30 00:00:00+00:00, run_after=2024-12-01 00:00:00+00:00
[2024-12-01T15:10:11.875+0500] {processor.py:208} INFO - Processing /Users/hanan-nawaz/Documents/Projects/Pakistan_AQI_Analysis/myenv/lib/python3.12/site-packages/airflow/example_dags/example_branch_datetime_operator.py took 0.664 seconds
[2024-12-01T15:17:15.386+0500] {processor.py:186} INFO - Started process (PID=29188) to work on /Users/hanan-nawaz/Documents/Projects/Pakistan_AQI_Analysis/myenv/lib/python3.12/site-packages/airflow/example_dags/example_branch_datetime_operator.py
[2024-12-01T15:17:15.388+0500] {processor.py:914} INFO - Processing file /Users/hanan-nawaz/Documents/Projects/Pakistan_AQI_Analysis/myenv/lib/python3.12/site-packages/airflow/example_dags/example_branch_datetime_operator.py for tasks to queue
[2024-12-01T15:17:15.390+0500] {logging_mixin.py:190} INFO - [2024-12-01T15:17:15.390+0500] {dagbag.py:588} INFO - Filling up the DagBag from /Users/hanan-nawaz/Documents/Projects/Pakistan_AQI_Analysis/myenv/lib/python3.12/site-packages/airflow/example_dags/example_branch_datetime_operator.py
[2024-12-01T15:17:15.416+0500] {processor.py:925} INFO - DAG(s) 'example_branch_datetime_operator', 'example_branch_datetime_operator_2', 'example_branch_datetime_operator_3' retrieved from /Users/hanan-nawaz/Documents/Projects/Pakistan_AQI_Analysis/myenv/lib/python3.12/site-packages/airflow/example_dags/example_branch_datetime_operator.py
[2024-12-01T15:17:15.708+0500] {logging_mixin.py:190} INFO - [2024-12-01T15:17:15.708+0500] {dag.py:3239} INFO - Sync 3 DAGs
[2024-12-01T15:17:15.732+0500] {logging_mixin.py:190} INFO - [2024-12-01T15:17:15.732+0500] {dag.py:4180} INFO - Setting next_dagrun for example_branch_datetime_operator to 2024-11-30 00:00:00+00:00, run_after=2024-12-01 00:00:00+00:00
[2024-12-01T15:17:15.741+0500] {logging_mixin.py:190} INFO - [2024-12-01T15:17:15.740+0500] {dag.py:4180} INFO - Setting next_dagrun for example_branch_datetime_operator_2 to 2024-11-30 00:00:00+00:00, run_after=2024-12-01 00:00:00+00:00
[2024-12-01T15:17:15.746+0500] {logging_mixin.py:190} INFO - [2024-12-01T15:17:15.745+0500] {dag.py:4180} INFO - Setting next_dagrun for example_branch_datetime_operator_3 to 2024-11-30 00:00:00+00:00, run_after=2024-12-01 00:00:00+00:00
[2024-12-01T15:17:15.769+0500] {processor.py:208} INFO - Processing /Users/hanan-nawaz/Documents/Projects/Pakistan_AQI_Analysis/myenv/lib/python3.12/site-packages/airflow/example_dags/example_branch_datetime_operator.py took 0.391 seconds
