[2024-12-01T15:07:32.834+0500] {processor.py:186} INFO - Started process (PID=28044) to work on /Users/hanan-nawaz/Documents/Projects/Pakistan_AQI_Analysis/myenv/lib/python3.12/site-packages/airflow/example_dags/example_subdag_operator.py
[2024-12-01T15:07:32.836+0500] {processor.py:914} INFO - Processing file /Users/hanan-nawaz/Documents/Projects/Pakistan_AQI_Analysis/myenv/lib/python3.12/site-packages/airflow/example_dags/example_subdag_operator.py for tasks to queue
[2024-12-01T15:07:32.838+0500] {logging_mixin.py:190} INFO - [2024-12-01T15:07:32.837+0500] {dagbag.py:588} INFO - Filling up the DagBag from /Users/hanan-nawaz/Documents/Projects/Pakistan_AQI_Analysis/myenv/lib/python3.12/site-packages/airflow/example_dags/example_subdag_operator.py
[2024-12-01T15:07:33.005+0500] {processor.py:925} INFO - DAG(s) 'example_subdag_operator.section-1', 'example_subdag_operator.section-2', 'example_subdag_operator' retrieved from /Users/hanan-nawaz/Documents/Projects/Pakistan_AQI_Analysis/myenv/lib/python3.12/site-packages/airflow/example_dags/example_subdag_operator.py
[2024-12-01T15:07:33.028+0500] {logging_mixin.py:190} INFO - [2024-12-01T15:07:33.028+0500] {workday.py:41} WARNING - Could not import pandas. Holidays will not be considered.
[2024-12-01T15:07:33.147+0500] {logging_mixin.py:190} INFO - [2024-12-01T15:07:33.146+0500] {override.py:1911} INFO - Created Permission View: can read on DAG:example_subdag_operator
[2024-12-01T15:07:33.160+0500] {logging_mixin.py:190} INFO - [2024-12-01T15:07:33.159+0500] {override.py:1911} INFO - Created Permission View: can edit on DAG:example_subdag_operator
[2024-12-01T15:07:33.166+0500] {logging_mixin.py:190} INFO - [2024-12-01T15:07:33.166+0500] {override.py:1911} INFO - Created Permission View: can delete on DAG:example_subdag_operator
[2024-12-01T15:07:33.175+0500] {logging_mixin.py:190} INFO - [2024-12-01T15:07:33.175+0500] {override.py:1911} INFO - Created Permission View: menu access on DAG Run:example_subdag_operator
[2024-12-01T15:07:33.182+0500] {logging_mixin.py:190} INFO - [2024-12-01T15:07:33.181+0500] {override.py:1911} INFO - Created Permission View: can read on DAG Run:example_subdag_operator
[2024-12-01T15:07:33.194+0500] {logging_mixin.py:190} INFO - [2024-12-01T15:07:33.194+0500] {override.py:1911} INFO - Created Permission View: can delete on DAG Run:example_subdag_operator
[2024-12-01T15:07:33.208+0500] {logging_mixin.py:190} INFO - [2024-12-01T15:07:33.207+0500] {override.py:1911} INFO - Created Permission View: can create on DAG Run:example_subdag_operator
[2024-12-01T15:07:33.209+0500] {logging_mixin.py:190} INFO - [2024-12-01T15:07:33.208+0500] {dag.py:3239} INFO - Sync 3 DAGs
[2024-12-01T15:07:33.237+0500] {logging_mixin.py:190} INFO - [2024-12-01T15:07:33.236+0500] {dag.py:3262} INFO - Creating ORM DAG for example_subdag_operator
[2024-12-01T15:07:33.239+0500] {logging_mixin.py:190} INFO - [2024-12-01T15:07:33.238+0500] {dag.py:3262} INFO - Creating ORM DAG for example_subdag_operator.section-2
[2024-12-01T15:07:33.241+0500] {logging_mixin.py:190} INFO - [2024-12-01T15:07:33.239+0500] {dag.py:3262} INFO - Creating ORM DAG for example_subdag_operator.section-1
[2024-12-01T15:07:33.384+0500] {logging_mixin.py:190} INFO - [2024-12-01T15:07:33.384+0500] {dag.py:4180} INFO - Setting next_dagrun for example_subdag_operator to 2022-01-01 00:00:00+00:00, run_after=2022-01-01 00:00:00+00:00
[2024-12-01T15:07:33.385+0500] {logging_mixin.py:190} INFO - [2024-12-01T15:07:33.385+0500] {dag.py:4180} INFO - Setting next_dagrun for example_subdag_operator.section-1 to None, run_after=None
[2024-12-01T15:07:33.386+0500] {logging_mixin.py:190} INFO - [2024-12-01T15:07:33.385+0500] {dag.py:4180} INFO - Setting next_dagrun for example_subdag_operator.section-2 to None, run_after=None
[2024-12-01T15:07:33.395+0500] {logging_mixin.py:190} INFO - [2024-12-01T15:07:33.395+0500] {dag.py:3239} INFO - Sync 2 DAGs
[2024-12-01T15:07:33.406+0500] {logging_mixin.py:190} INFO - [2024-12-01T15:07:33.405+0500] {dag.py:4180} INFO - Setting next_dagrun for example_subdag_operator.section-1 to None, run_after=None
[2024-12-01T15:07:33.409+0500] {logging_mixin.py:190} INFO - [2024-12-01T15:07:33.409+0500] {dag.py:4180} INFO - Setting next_dagrun for example_subdag_operator.section-2 to None, run_after=None
[2024-12-01T15:07:33.425+0500] {processor.py:208} INFO - Processing /Users/hanan-nawaz/Documents/Projects/Pakistan_AQI_Analysis/myenv/lib/python3.12/site-packages/airflow/example_dags/example_subdag_operator.py took 0.600 seconds
[2024-12-01T15:11:53.475+0500] {processor.py:186} INFO - Started process (PID=28606) to work on /Users/hanan-nawaz/Documents/Projects/Pakistan_AQI_Analysis/myenv/lib/python3.12/site-packages/airflow/example_dags/example_subdag_operator.py
[2024-12-01T15:11:53.478+0500] {processor.py:914} INFO - Processing file /Users/hanan-nawaz/Documents/Projects/Pakistan_AQI_Analysis/myenv/lib/python3.12/site-packages/airflow/example_dags/example_subdag_operator.py for tasks to queue
[2024-12-01T15:11:53.480+0500] {logging_mixin.py:190} INFO - [2024-12-01T15:11:53.479+0500] {dagbag.py:588} INFO - Filling up the DagBag from /Users/hanan-nawaz/Documents/Projects/Pakistan_AQI_Analysis/myenv/lib/python3.12/site-packages/airflow/example_dags/example_subdag_operator.py
[2024-12-01T15:11:53.704+0500] {processor.py:925} INFO - DAG(s) 'example_subdag_operator.section-1', 'example_subdag_operator.section-2', 'example_subdag_operator' retrieved from /Users/hanan-nawaz/Documents/Projects/Pakistan_AQI_Analysis/myenv/lib/python3.12/site-packages/airflow/example_dags/example_subdag_operator.py
[2024-12-01T15:11:53.725+0500] {logging_mixin.py:190} INFO - [2024-12-01T15:11:53.725+0500] {workday.py:41} WARNING - Could not import pandas. Holidays will not be considered.
[2024-12-01T15:11:53.759+0500] {logging_mixin.py:190} INFO - [2024-12-01T15:11:53.759+0500] {dag.py:3239} INFO - Sync 3 DAGs
[2024-12-01T15:11:53.790+0500] {logging_mixin.py:190} INFO - [2024-12-01T15:11:53.790+0500] {dag.py:4180} INFO - Setting next_dagrun for example_subdag_operator to 2022-01-01 00:00:00+00:00, run_after=2022-01-01 00:00:00+00:00
[2024-12-01T15:11:53.797+0500] {logging_mixin.py:190} INFO - [2024-12-01T15:11:53.797+0500] {dag.py:4180} INFO - Setting next_dagrun for example_subdag_operator.section-1 to None, run_after=None
[2024-12-01T15:11:53.799+0500] {logging_mixin.py:190} INFO - [2024-12-01T15:11:53.799+0500] {dag.py:4180} INFO - Setting next_dagrun for example_subdag_operator.section-2 to None, run_after=None
[2024-12-01T15:11:53.807+0500] {logging_mixin.py:190} INFO - [2024-12-01T15:11:53.806+0500] {dag.py:3239} INFO - Sync 2 DAGs
[2024-12-01T15:11:53.811+0500] {logging_mixin.py:190} INFO - [2024-12-01T15:11:53.810+0500] {dag.py:4180} INFO - Setting next_dagrun for example_subdag_operator.section-1 to None, run_after=None
[2024-12-01T15:11:53.811+0500] {logging_mixin.py:190} INFO - [2024-12-01T15:11:53.811+0500] {dag.py:4180} INFO - Setting next_dagrun for example_subdag_operator.section-2 to None, run_after=None
[2024-12-01T15:11:53.830+0500] {processor.py:208} INFO - Processing /Users/hanan-nawaz/Documents/Projects/Pakistan_AQI_Analysis/myenv/lib/python3.12/site-packages/airflow/example_dags/example_subdag_operator.py took 0.365 seconds
[2024-12-01T15:15:13.433+0500] {processor.py:186} INFO - Started process (PID=28989) to work on /Users/hanan-nawaz/Documents/Projects/Pakistan_AQI_Analysis/myenv/lib/python3.12/site-packages/airflow/example_dags/example_subdag_operator.py
[2024-12-01T15:15:13.437+0500] {processor.py:914} INFO - Processing file /Users/hanan-nawaz/Documents/Projects/Pakistan_AQI_Analysis/myenv/lib/python3.12/site-packages/airflow/example_dags/example_subdag_operator.py for tasks to queue
[2024-12-01T15:15:13.440+0500] {logging_mixin.py:190} INFO - [2024-12-01T15:15:13.440+0500] {dagbag.py:588} INFO - Filling up the DagBag from /Users/hanan-nawaz/Documents/Projects/Pakistan_AQI_Analysis/myenv/lib/python3.12/site-packages/airflow/example_dags/example_subdag_operator.py
[2024-12-01T15:15:13.649+0500] {processor.py:925} INFO - DAG(s) 'example_subdag_operator.section-1', 'example_subdag_operator.section-2', 'example_subdag_operator' retrieved from /Users/hanan-nawaz/Documents/Projects/Pakistan_AQI_Analysis/myenv/lib/python3.12/site-packages/airflow/example_dags/example_subdag_operator.py
[2024-12-01T15:15:13.669+0500] {logging_mixin.py:190} INFO - [2024-12-01T15:15:13.669+0500] {workday.py:41} WARNING - Could not import pandas. Holidays will not be considered.
[2024-12-01T15:15:13.704+0500] {logging_mixin.py:190} INFO - [2024-12-01T15:15:13.703+0500] {dag.py:3239} INFO - Sync 3 DAGs
[2024-12-01T15:15:13.727+0500] {logging_mixin.py:190} INFO - [2024-12-01T15:15:13.726+0500] {dag.py:4180} INFO - Setting next_dagrun for example_subdag_operator to 2022-01-01 00:00:00+00:00, run_after=2022-01-01 00:00:00+00:00
[2024-12-01T15:15:13.733+0500] {logging_mixin.py:190} INFO - [2024-12-01T15:15:13.733+0500] {dag.py:4180} INFO - Setting next_dagrun for example_subdag_operator.section-1 to None, run_after=None
[2024-12-01T15:15:13.735+0500] {logging_mixin.py:190} INFO - [2024-12-01T15:15:13.735+0500] {dag.py:4180} INFO - Setting next_dagrun for example_subdag_operator.section-2 to None, run_after=None
[2024-12-01T15:15:13.746+0500] {logging_mixin.py:190} INFO - [2024-12-01T15:15:13.746+0500] {dag.py:3239} INFO - Sync 2 DAGs
[2024-12-01T15:15:13.753+0500] {logging_mixin.py:190} INFO - [2024-12-01T15:15:13.753+0500] {dag.py:4180} INFO - Setting next_dagrun for example_subdag_operator.section-1 to None, run_after=None
[2024-12-01T15:15:13.754+0500] {logging_mixin.py:190} INFO - [2024-12-01T15:15:13.754+0500] {dag.py:4180} INFO - Setting next_dagrun for example_subdag_operator.section-2 to None, run_after=None
[2024-12-01T15:15:13.768+0500] {processor.py:208} INFO - Processing /Users/hanan-nawaz/Documents/Projects/Pakistan_AQI_Analysis/myenv/lib/python3.12/site-packages/airflow/example_dags/example_subdag_operator.py took 0.344 seconds
[2024-12-01T15:18:51.138+0500] {processor.py:186} INFO - Started process (PID=29335) to work on /Users/hanan-nawaz/Documents/Projects/Pakistan_AQI_Analysis/myenv/lib/python3.12/site-packages/airflow/example_dags/example_subdag_operator.py
[2024-12-01T15:18:51.139+0500] {processor.py:914} INFO - Processing file /Users/hanan-nawaz/Documents/Projects/Pakistan_AQI_Analysis/myenv/lib/python3.12/site-packages/airflow/example_dags/example_subdag_operator.py for tasks to queue
[2024-12-01T15:18:51.140+0500] {logging_mixin.py:190} INFO - [2024-12-01T15:18:51.140+0500] {dagbag.py:588} INFO - Filling up the DagBag from /Users/hanan-nawaz/Documents/Projects/Pakistan_AQI_Analysis/myenv/lib/python3.12/site-packages/airflow/example_dags/example_subdag_operator.py
[2024-12-01T15:18:51.254+0500] {processor.py:925} INFO - DAG(s) 'example_subdag_operator.section-1', 'example_subdag_operator.section-2', 'example_subdag_operator' retrieved from /Users/hanan-nawaz/Documents/Projects/Pakistan_AQI_Analysis/myenv/lib/python3.12/site-packages/airflow/example_dags/example_subdag_operator.py
[2024-12-01T15:18:51.270+0500] {logging_mixin.py:190} INFO - [2024-12-01T15:18:51.270+0500] {workday.py:41} WARNING - Could not import pandas. Holidays will not be considered.
[2024-12-01T15:18:51.289+0500] {logging_mixin.py:190} INFO - [2024-12-01T15:18:51.289+0500] {dag.py:3239} INFO - Sync 3 DAGs
[2024-12-01T15:18:51.308+0500] {logging_mixin.py:190} INFO - [2024-12-01T15:18:51.308+0500] {dag.py:4180} INFO - Setting next_dagrun for example_subdag_operator to 2022-01-01 00:00:00+00:00, run_after=2022-01-01 00:00:00+00:00
[2024-12-01T15:18:51.312+0500] {logging_mixin.py:190} INFO - [2024-12-01T15:18:51.311+0500] {dag.py:4180} INFO - Setting next_dagrun for example_subdag_operator.section-1 to None, run_after=None
[2024-12-01T15:18:51.313+0500] {logging_mixin.py:190} INFO - [2024-12-01T15:18:51.313+0500] {dag.py:4180} INFO - Setting next_dagrun for example_subdag_operator.section-2 to None, run_after=None
[2024-12-01T15:18:51.319+0500] {logging_mixin.py:190} INFO - [2024-12-01T15:18:51.319+0500] {dag.py:3239} INFO - Sync 2 DAGs
[2024-12-01T15:18:51.323+0500] {logging_mixin.py:190} INFO - [2024-12-01T15:18:51.323+0500] {dag.py:4180} INFO - Setting next_dagrun for example_subdag_operator.section-1 to None, run_after=None
[2024-12-01T15:18:51.324+0500] {logging_mixin.py:190} INFO - [2024-12-01T15:18:51.323+0500] {dag.py:4180} INFO - Setting next_dagrun for example_subdag_operator.section-2 to None, run_after=None
[2024-12-01T15:18:51.347+0500] {processor.py:208} INFO - Processing /Users/hanan-nawaz/Documents/Projects/Pakistan_AQI_Analysis/myenv/lib/python3.12/site-packages/airflow/example_dags/example_subdag_operator.py took 0.215 seconds
