[2024-12-01T15:09:31.109+0500] {processor.py:186} INFO - Started process (PID=28308) to work on /Users/hanan-nawaz/Documents/Projects/Pakistan_AQI_Analysis/myenv/lib/python3.12/site-packages/airflow/example_dags/example_dataset_alias.py
[2024-12-01T15:09:31.110+0500] {processor.py:914} INFO - Processing file /Users/hanan-nawaz/Documents/Projects/Pakistan_AQI_Analysis/myenv/lib/python3.12/site-packages/airflow/example_dags/example_dataset_alias.py for tasks to queue
[2024-12-01T15:09:31.111+0500] {logging_mixin.py:190} INFO - [2024-12-01T15:09:31.111+0500] {dagbag.py:588} INFO - Filling up the DagBag from /Users/hanan-nawaz/Documents/Projects/Pakistan_AQI_Analysis/myenv/lib/python3.12/site-packages/airflow/example_dags/example_dataset_alias.py
[2024-12-01T15:09:31.315+0500] {processor.py:925} INFO - DAG(s) 'dataset_alias_example_alias_producer', 'dataset_s3_bucket_consumer', 'dataset_alias_example_alias_consumer', 'dataset_s3_bucket_producer' retrieved from /Users/hanan-nawaz/Documents/Projects/Pakistan_AQI_Analysis/myenv/lib/python3.12/site-packages/airflow/example_dags/example_dataset_alias.py
[2024-12-01T15:09:31.544+0500] {logging_mixin.py:190} INFO - [2024-12-01T15:09:31.543+0500] {override.py:1911} INFO - Created Permission View: can read on DAG:dataset_alias_example_alias_producer
[2024-12-01T15:09:31.555+0500] {logging_mixin.py:190} INFO - [2024-12-01T15:09:31.555+0500] {override.py:1911} INFO - Created Permission View: can edit on DAG:dataset_alias_example_alias_producer
[2024-12-01T15:09:31.562+0500] {logging_mixin.py:190} INFO - [2024-12-01T15:09:31.562+0500] {override.py:1911} INFO - Created Permission View: can delete on DAG:dataset_alias_example_alias_producer
[2024-12-01T15:09:31.573+0500] {logging_mixin.py:190} INFO - [2024-12-01T15:09:31.573+0500] {override.py:1911} INFO - Created Permission View: can read on DAG Run:dataset_alias_example_alias_producer
[2024-12-01T15:09:31.580+0500] {logging_mixin.py:190} INFO - [2024-12-01T15:09:31.579+0500] {override.py:1911} INFO - Created Permission View: can create on DAG Run:dataset_alias_example_alias_producer
[2024-12-01T15:09:31.586+0500] {logging_mixin.py:190} INFO - [2024-12-01T15:09:31.586+0500] {override.py:1911} INFO - Created Permission View: menu access on DAG Run:dataset_alias_example_alias_producer
[2024-12-01T15:09:31.593+0500] {logging_mixin.py:190} INFO - [2024-12-01T15:09:31.593+0500] {override.py:1911} INFO - Created Permission View: can delete on DAG Run:dataset_alias_example_alias_producer
[2024-12-01T15:09:31.610+0500] {logging_mixin.py:190} INFO - [2024-12-01T15:09:31.610+0500] {override.py:1911} INFO - Created Permission View: can read on DAG:dataset_s3_bucket_consumer
[2024-12-01T15:09:31.619+0500] {logging_mixin.py:190} INFO - [2024-12-01T15:09:31.618+0500] {override.py:1911} INFO - Created Permission View: can edit on DAG:dataset_s3_bucket_consumer
[2024-12-01T15:09:31.625+0500] {logging_mixin.py:190} INFO - [2024-12-01T15:09:31.625+0500] {override.py:1911} INFO - Created Permission View: can delete on DAG:dataset_s3_bucket_consumer
[2024-12-01T15:09:31.634+0500] {logging_mixin.py:190} INFO - [2024-12-01T15:09:31.634+0500] {override.py:1911} INFO - Created Permission View: can read on DAG Run:dataset_s3_bucket_consumer
[2024-12-01T15:09:31.642+0500] {logging_mixin.py:190} INFO - [2024-12-01T15:09:31.641+0500] {override.py:1911} INFO - Created Permission View: can create on DAG Run:dataset_s3_bucket_consumer
[2024-12-01T15:09:31.650+0500] {logging_mixin.py:190} INFO - [2024-12-01T15:09:31.650+0500] {override.py:1911} INFO - Created Permission View: menu access on DAG Run:dataset_s3_bucket_consumer
[2024-12-01T15:09:31.657+0500] {logging_mixin.py:190} INFO - [2024-12-01T15:09:31.657+0500] {override.py:1911} INFO - Created Permission View: can delete on DAG Run:dataset_s3_bucket_consumer
[2024-12-01T15:09:31.674+0500] {logging_mixin.py:190} INFO - [2024-12-01T15:09:31.674+0500] {override.py:1911} INFO - Created Permission View: can read on DAG:dataset_alias_example_alias_consumer
[2024-12-01T15:09:31.681+0500] {logging_mixin.py:190} INFO - [2024-12-01T15:09:31.680+0500] {override.py:1911} INFO - Created Permission View: can edit on DAG:dataset_alias_example_alias_consumer
[2024-12-01T15:09:31.688+0500] {logging_mixin.py:190} INFO - [2024-12-01T15:09:31.687+0500] {override.py:1911} INFO - Created Permission View: can delete on DAG:dataset_alias_example_alias_consumer
[2024-12-01T15:09:31.704+0500] {logging_mixin.py:190} INFO - [2024-12-01T15:09:31.704+0500] {override.py:1911} INFO - Created Permission View: can read on DAG Run:dataset_alias_example_alias_consumer
[2024-12-01T15:09:31.710+0500] {logging_mixin.py:190} INFO - [2024-12-01T15:09:31.710+0500] {override.py:1911} INFO - Created Permission View: can create on DAG Run:dataset_alias_example_alias_consumer
[2024-12-01T15:09:31.718+0500] {logging_mixin.py:190} INFO - [2024-12-01T15:09:31.718+0500] {override.py:1911} INFO - Created Permission View: menu access on DAG Run:dataset_alias_example_alias_consumer
[2024-12-01T15:09:31.725+0500] {logging_mixin.py:190} INFO - [2024-12-01T15:09:31.725+0500] {override.py:1911} INFO - Created Permission View: can delete on DAG Run:dataset_alias_example_alias_consumer
[2024-12-01T15:09:31.738+0500] {logging_mixin.py:190} INFO - [2024-12-01T15:09:31.738+0500] {override.py:1911} INFO - Created Permission View: can read on DAG:dataset_s3_bucket_producer
[2024-12-01T15:09:31.745+0500] {logging_mixin.py:190} INFO - [2024-12-01T15:09:31.745+0500] {override.py:1911} INFO - Created Permission View: can edit on DAG:dataset_s3_bucket_producer
[2024-12-01T15:09:31.756+0500] {logging_mixin.py:190} INFO - [2024-12-01T15:09:31.755+0500] {override.py:1911} INFO - Created Permission View: can delete on DAG:dataset_s3_bucket_producer
[2024-12-01T15:09:31.770+0500] {logging_mixin.py:190} INFO - [2024-12-01T15:09:31.770+0500] {override.py:1911} INFO - Created Permission View: can read on DAG Run:dataset_s3_bucket_producer
[2024-12-01T15:09:31.777+0500] {logging_mixin.py:190} INFO - [2024-12-01T15:09:31.777+0500] {override.py:1911} INFO - Created Permission View: can create on DAG Run:dataset_s3_bucket_producer
[2024-12-01T15:09:31.786+0500] {logging_mixin.py:190} INFO - [2024-12-01T15:09:31.786+0500] {override.py:1911} INFO - Created Permission View: menu access on DAG Run:dataset_s3_bucket_producer
[2024-12-01T15:09:31.793+0500] {logging_mixin.py:190} INFO - [2024-12-01T15:09:31.793+0500] {override.py:1911} INFO - Created Permission View: can delete on DAG Run:dataset_s3_bucket_producer
[2024-12-01T15:09:31.794+0500] {logging_mixin.py:190} INFO - [2024-12-01T15:09:31.793+0500] {dag.py:3239} INFO - Sync 4 DAGs
[2024-12-01T15:09:31.808+0500] {logging_mixin.py:190} INFO - [2024-12-01T15:09:31.808+0500] {dag.py:3262} INFO - Creating ORM DAG for dataset_s3_bucket_producer
[2024-12-01T15:09:31.809+0500] {logging_mixin.py:190} INFO - [2024-12-01T15:09:31.809+0500] {dag.py:3262} INFO - Creating ORM DAG for dataset_alias_example_alias_producer
[2024-12-01T15:09:31.810+0500] {logging_mixin.py:190} INFO - [2024-12-01T15:09:31.810+0500] {dag.py:3262} INFO - Creating ORM DAG for dataset_s3_bucket_consumer
[2024-12-01T15:09:31.810+0500] {logging_mixin.py:190} INFO - [2024-12-01T15:09:31.810+0500] {dag.py:3262} INFO - Creating ORM DAG for dataset_alias_example_alias_consumer
[2024-12-01T15:09:31.821+0500] {logging_mixin.py:190} INFO - [2024-12-01T15:09:31.820+0500] {dag.py:4180} INFO - Setting next_dagrun for dataset_alias_example_alias_consumer to None, run_after=None
[2024-12-01T15:09:31.821+0500] {logging_mixin.py:190} INFO - [2024-12-01T15:09:31.821+0500] {dag.py:4180} INFO - Setting next_dagrun for dataset_alias_example_alias_producer to None, run_after=None
[2024-12-01T15:09:31.822+0500] {logging_mixin.py:190} INFO - [2024-12-01T15:09:31.822+0500] {dag.py:4180} INFO - Setting next_dagrun for dataset_s3_bucket_consumer to None, run_after=None
[2024-12-01T15:09:31.822+0500] {logging_mixin.py:190} INFO - [2024-12-01T15:09:31.822+0500] {dag.py:4180} INFO - Setting next_dagrun for dataset_s3_bucket_producer to None, run_after=None
[2024-12-01T15:09:31.843+0500] {logging_mixin.py:190} INFO - [2024-12-01T15:09:31.843+0500] {workday.py:41} WARNING - Could not import pandas. Holidays will not be considered.
[2024-12-01T15:09:31.892+0500] {processor.py:208} INFO - Processing /Users/hanan-nawaz/Documents/Projects/Pakistan_AQI_Analysis/myenv/lib/python3.12/site-packages/airflow/example_dags/example_dataset_alias.py took 0.787 seconds
[2024-12-01T15:13:48.697+0500] {processor.py:186} INFO - Started process (PID=28760) to work on /Users/hanan-nawaz/Documents/Projects/Pakistan_AQI_Analysis/myenv/lib/python3.12/site-packages/airflow/example_dags/example_dataset_alias.py
[2024-12-01T15:13:48.698+0500] {processor.py:914} INFO - Processing file /Users/hanan-nawaz/Documents/Projects/Pakistan_AQI_Analysis/myenv/lib/python3.12/site-packages/airflow/example_dags/example_dataset_alias.py for tasks to queue
[2024-12-01T15:13:48.699+0500] {logging_mixin.py:190} INFO - [2024-12-01T15:13:48.699+0500] {dagbag.py:588} INFO - Filling up the DagBag from /Users/hanan-nawaz/Documents/Projects/Pakistan_AQI_Analysis/myenv/lib/python3.12/site-packages/airflow/example_dags/example_dataset_alias.py
[2024-12-01T15:13:48.894+0500] {processor.py:925} INFO - DAG(s) 'dataset_alias_example_alias_consumer', 'dataset_s3_bucket_consumer', 'dataset_s3_bucket_producer', 'dataset_alias_example_alias_producer' retrieved from /Users/hanan-nawaz/Documents/Projects/Pakistan_AQI_Analysis/myenv/lib/python3.12/site-packages/airflow/example_dags/example_dataset_alias.py
[2024-12-01T15:13:48.919+0500] {logging_mixin.py:190} INFO - [2024-12-01T15:13:48.919+0500] {dag.py:3239} INFO - Sync 4 DAGs
[2024-12-01T15:13:48.939+0500] {logging_mixin.py:190} INFO - [2024-12-01T15:13:48.939+0500] {dag.py:4180} INFO - Setting next_dagrun for dataset_alias_example_alias_consumer to None, run_after=None
[2024-12-01T15:13:48.941+0500] {logging_mixin.py:190} INFO - [2024-12-01T15:13:48.941+0500] {dag.py:4180} INFO - Setting next_dagrun for dataset_alias_example_alias_producer to None, run_after=None
[2024-12-01T15:13:48.943+0500] {logging_mixin.py:190} INFO - [2024-12-01T15:13:48.942+0500] {dag.py:4180} INFO - Setting next_dagrun for dataset_s3_bucket_consumer to None, run_after=None
[2024-12-01T15:13:48.944+0500] {logging_mixin.py:190} INFO - [2024-12-01T15:13:48.943+0500] {dag.py:4180} INFO - Setting next_dagrun for dataset_s3_bucket_producer to None, run_after=None
[2024-12-01T15:13:48.968+0500] {processor.py:208} INFO - Processing /Users/hanan-nawaz/Documents/Projects/Pakistan_AQI_Analysis/myenv/lib/python3.12/site-packages/airflow/example_dags/example_dataset_alias.py took 0.278 seconds
[2024-12-01T15:20:53.315+0500] {processor.py:186} INFO - Started process (PID=29528) to work on /Users/hanan-nawaz/Documents/Projects/Pakistan_AQI_Analysis/myenv/lib/python3.12/site-packages/airflow/example_dags/example_dataset_alias.py
[2024-12-01T15:20:53.317+0500] {processor.py:914} INFO - Processing file /Users/hanan-nawaz/Documents/Projects/Pakistan_AQI_Analysis/myenv/lib/python3.12/site-packages/airflow/example_dags/example_dataset_alias.py for tasks to queue
[2024-12-01T15:20:53.318+0500] {logging_mixin.py:190} INFO - [2024-12-01T15:20:53.318+0500] {dagbag.py:588} INFO - Filling up the DagBag from /Users/hanan-nawaz/Documents/Projects/Pakistan_AQI_Analysis/myenv/lib/python3.12/site-packages/airflow/example_dags/example_dataset_alias.py
[2024-12-01T15:20:53.558+0500] {processor.py:925} INFO - DAG(s) 'dataset_alias_example_alias_consumer', 'dataset_s3_bucket_producer', 'dataset_alias_example_alias_producer', 'dataset_s3_bucket_consumer' retrieved from /Users/hanan-nawaz/Documents/Projects/Pakistan_AQI_Analysis/myenv/lib/python3.12/site-packages/airflow/example_dags/example_dataset_alias.py
[2024-12-01T15:20:53.591+0500] {logging_mixin.py:190} INFO - [2024-12-01T15:20:53.591+0500] {dag.py:3239} INFO - Sync 4 DAGs
[2024-12-01T15:20:53.623+0500] {logging_mixin.py:190} INFO - [2024-12-01T15:20:53.622+0500] {dag.py:4180} INFO - Setting next_dagrun for dataset_alias_example_alias_consumer to None, run_after=None
[2024-12-01T15:20:53.626+0500] {logging_mixin.py:190} INFO - [2024-12-01T15:20:53.625+0500] {dag.py:4180} INFO - Setting next_dagrun for dataset_alias_example_alias_producer to None, run_after=None
[2024-12-01T15:20:53.627+0500] {logging_mixin.py:190} INFO - [2024-12-01T15:20:53.627+0500] {dag.py:4180} INFO - Setting next_dagrun for dataset_s3_bucket_consumer to None, run_after=None
[2024-12-01T15:20:53.629+0500] {logging_mixin.py:190} INFO - [2024-12-01T15:20:53.628+0500] {dag.py:4180} INFO - Setting next_dagrun for dataset_s3_bucket_producer to None, run_after=None
[2024-12-01T15:20:53.664+0500] {processor.py:208} INFO - Processing /Users/hanan-nawaz/Documents/Projects/Pakistan_AQI_Analysis/myenv/lib/python3.12/site-packages/airflow/example_dags/example_dataset_alias.py took 0.357 seconds
