[2024-12-01T15:06:53.614+0500] {processor.py:186} INFO - Started process (PID=27912) to work on /Users/hanan-nawaz/Documents/Projects/Pakistan_AQI_Analysis/myenv/lib/python3.12/site-packages/airflow/example_dags/example_xcomargs.py
[2024-12-01T15:06:53.623+0500] {processor.py:914} INFO - Processing file /Users/hanan-nawaz/Documents/Projects/Pakistan_AQI_Analysis/myenv/lib/python3.12/site-packages/airflow/example_dags/example_xcomargs.py for tasks to queue
[2024-12-01T15:06:53.630+0500] {logging_mixin.py:190} INFO - [2024-12-01T15:06:53.629+0500] {dagbag.py:588} INFO - Filling up the DagBag from /Users/hanan-nawaz/Documents/Projects/Pakistan_AQI_Analysis/myenv/lib/python3.12/site-packages/airflow/example_dags/example_xcomargs.py
[2024-12-01T15:06:53.965+0500] {processor.py:925} INFO - DAG(s) 'example_xcom_args_with_operators', 'example_xcom_args' retrieved from /Users/hanan-nawaz/Documents/Projects/Pakistan_AQI_Analysis/myenv/lib/python3.12/site-packages/airflow/example_dags/example_xcomargs.py
[2024-12-01T15:06:54.500+0500] {logging_mixin.py:190} INFO - [2024-12-01T15:06:54.499+0500] {override.py:1911} INFO - Created Permission View: can delete on DAG:example_xcom_args_with_operators
[2024-12-01T15:06:54.617+0500] {logging_mixin.py:190} INFO - [2024-12-01T15:06:54.616+0500] {override.py:1911} INFO - Created Permission View: can read on DAG:example_xcom_args_with_operators
[2024-12-01T15:06:54.628+0500] {logging_mixin.py:190} INFO - [2024-12-01T15:06:54.627+0500] {override.py:1911} INFO - Created Permission View: can edit on DAG:example_xcom_args_with_operators
[2024-12-01T15:06:54.643+0500] {logging_mixin.py:190} INFO - [2024-12-01T15:06:54.642+0500] {override.py:1911} INFO - Created Permission View: can delete on DAG Run:example_xcom_args_with_operators
[2024-12-01T15:06:54.653+0500] {logging_mixin.py:190} INFO - [2024-12-01T15:06:54.652+0500] {override.py:1911} INFO - Created Permission View: can create on DAG Run:example_xcom_args_with_operators
[2024-12-01T15:06:54.663+0500] {logging_mixin.py:190} INFO - [2024-12-01T15:06:54.663+0500] {override.py:1911} INFO - Created Permission View: menu access on DAG Run:example_xcom_args_with_operators
[2024-12-01T15:06:54.674+0500] {logging_mixin.py:190} INFO - [2024-12-01T15:06:54.674+0500] {override.py:1911} INFO - Created Permission View: can read on DAG Run:example_xcom_args_with_operators
[2024-12-01T15:06:54.696+0500] {logging_mixin.py:190} INFO - [2024-12-01T15:06:54.696+0500] {override.py:1911} INFO - Created Permission View: can delete on DAG:example_xcom_args
[2024-12-01T15:06:54.706+0500] {logging_mixin.py:190} INFO - [2024-12-01T15:06:54.706+0500] {override.py:1911} INFO - Created Permission View: can read on DAG:example_xcom_args
[2024-12-01T15:06:54.715+0500] {logging_mixin.py:190} INFO - [2024-12-01T15:06:54.715+0500] {override.py:1911} INFO - Created Permission View: can edit on DAG:example_xcom_args
[2024-12-01T15:06:54.728+0500] {logging_mixin.py:190} INFO - [2024-12-01T15:06:54.727+0500] {override.py:1911} INFO - Created Permission View: can delete on DAG Run:example_xcom_args
[2024-12-01T15:06:54.739+0500] {logging_mixin.py:190} INFO - [2024-12-01T15:06:54.739+0500] {override.py:1911} INFO - Created Permission View: can create on DAG Run:example_xcom_args
[2024-12-01T15:06:54.749+0500] {logging_mixin.py:190} INFO - [2024-12-01T15:06:54.748+0500] {override.py:1911} INFO - Created Permission View: menu access on DAG Run:example_xcom_args
[2024-12-01T15:06:54.759+0500] {logging_mixin.py:190} INFO - [2024-12-01T15:06:54.759+0500] {override.py:1911} INFO - Created Permission View: can read on DAG Run:example_xcom_args
[2024-12-01T15:06:54.760+0500] {logging_mixin.py:190} INFO - [2024-12-01T15:06:54.760+0500] {dag.py:3239} INFO - Sync 2 DAGs
[2024-12-01T15:06:54.779+0500] {logging_mixin.py:190} INFO - [2024-12-01T15:06:54.779+0500] {dag.py:3262} INFO - Creating ORM DAG for example_xcom_args
[2024-12-01T15:06:54.781+0500] {logging_mixin.py:190} INFO - [2024-12-01T15:06:54.780+0500] {dag.py:3262} INFO - Creating ORM DAG for example_xcom_args_with_operators
[2024-12-01T15:06:54.781+0500] {logging_mixin.py:190} INFO - [2024-12-01T15:06:54.781+0500] {dag.py:4180} INFO - Setting next_dagrun for example_xcom_args to None, run_after=None
[2024-12-01T15:06:54.782+0500] {logging_mixin.py:190} INFO - [2024-12-01T15:06:54.782+0500] {dag.py:4180} INFO - Setting next_dagrun for example_xcom_args_with_operators to None, run_after=None
[2024-12-01T15:06:54.808+0500] {processor.py:208} INFO - Processing /Users/hanan-nawaz/Documents/Projects/Pakistan_AQI_Analysis/myenv/lib/python3.12/site-packages/airflow/example_dags/example_xcomargs.py took 1.212 seconds
[2024-12-01T15:11:16.507+0500] {processor.py:186} INFO - Started process (PID=28537) to work on /Users/hanan-nawaz/Documents/Projects/Pakistan_AQI_Analysis/myenv/lib/python3.12/site-packages/airflow/example_dags/example_xcomargs.py
[2024-12-01T15:11:16.509+0500] {processor.py:914} INFO - Processing file /Users/hanan-nawaz/Documents/Projects/Pakistan_AQI_Analysis/myenv/lib/python3.12/site-packages/airflow/example_dags/example_xcomargs.py for tasks to queue
[2024-12-01T15:11:16.511+0500] {logging_mixin.py:190} INFO - [2024-12-01T15:11:16.510+0500] {dagbag.py:588} INFO - Filling up the DagBag from /Users/hanan-nawaz/Documents/Projects/Pakistan_AQI_Analysis/myenv/lib/python3.12/site-packages/airflow/example_dags/example_xcomargs.py
[2024-12-01T15:11:16.596+0500] {processor.py:925} INFO - DAG(s) 'example_xcom_args_with_operators', 'example_xcom_args' retrieved from /Users/hanan-nawaz/Documents/Projects/Pakistan_AQI_Analysis/myenv/lib/python3.12/site-packages/airflow/example_dags/example_xcomargs.py
[2024-12-01T15:11:16.793+0500] {logging_mixin.py:190} INFO - [2024-12-01T15:11:16.793+0500] {dag.py:3239} INFO - Sync 2 DAGs
[2024-12-01T15:11:16.806+0500] {logging_mixin.py:190} INFO - [2024-12-01T15:11:16.806+0500] {dag.py:4180} INFO - Setting next_dagrun for example_xcom_args to None, run_after=None
[2024-12-01T15:11:16.810+0500] {logging_mixin.py:190} INFO - [2024-12-01T15:11:16.810+0500] {dag.py:4180} INFO - Setting next_dagrun for example_xcom_args_with_operators to None, run_after=None
[2024-12-01T15:11:16.828+0500] {processor.py:208} INFO - Processing /Users/hanan-nawaz/Documents/Projects/Pakistan_AQI_Analysis/myenv/lib/python3.12/site-packages/airflow/example_dags/example_xcomargs.py took 0.331 seconds
[2024-12-01T15:14:43.428+0500] {processor.py:186} INFO - Started process (PID=28910) to work on /Users/hanan-nawaz/Documents/Projects/Pakistan_AQI_Analysis/myenv/lib/python3.12/site-packages/airflow/example_dags/example_xcomargs.py
[2024-12-01T15:14:43.430+0500] {processor.py:914} INFO - Processing file /Users/hanan-nawaz/Documents/Projects/Pakistan_AQI_Analysis/myenv/lib/python3.12/site-packages/airflow/example_dags/example_xcomargs.py for tasks to queue
[2024-12-01T15:14:43.432+0500] {logging_mixin.py:190} INFO - [2024-12-01T15:14:43.431+0500] {dagbag.py:588} INFO - Filling up the DagBag from /Users/hanan-nawaz/Documents/Projects/Pakistan_AQI_Analysis/myenv/lib/python3.12/site-packages/airflow/example_dags/example_xcomargs.py
[2024-12-01T15:14:43.489+0500] {processor.py:925} INFO - DAG(s) 'example_xcom_args_with_operators', 'example_xcom_args' retrieved from /Users/hanan-nawaz/Documents/Projects/Pakistan_AQI_Analysis/myenv/lib/python3.12/site-packages/airflow/example_dags/example_xcomargs.py
[2024-12-01T15:14:43.618+0500] {logging_mixin.py:190} INFO - [2024-12-01T15:14:43.618+0500] {dag.py:3239} INFO - Sync 2 DAGs
[2024-12-01T15:14:43.632+0500] {logging_mixin.py:190} INFO - [2024-12-01T15:14:43.632+0500] {dag.py:4180} INFO - Setting next_dagrun for example_xcom_args to None, run_after=None
[2024-12-01T15:14:43.635+0500] {logging_mixin.py:190} INFO - [2024-12-01T15:14:43.635+0500] {dag.py:4180} INFO - Setting next_dagrun for example_xcom_args_with_operators to None, run_after=None
[2024-12-01T15:14:43.655+0500] {processor.py:208} INFO - Processing /Users/hanan-nawaz/Documents/Projects/Pakistan_AQI_Analysis/myenv/lib/python3.12/site-packages/airflow/example_dags/example_xcomargs.py took 0.234 seconds
[2024-12-01T15:18:13.585+0500] {processor.py:186} INFO - Started process (PID=29305) to work on /Users/hanan-nawaz/Documents/Projects/Pakistan_AQI_Analysis/myenv/lib/python3.12/site-packages/airflow/example_dags/example_xcomargs.py
[2024-12-01T15:18:13.586+0500] {processor.py:914} INFO - Processing file /Users/hanan-nawaz/Documents/Projects/Pakistan_AQI_Analysis/myenv/lib/python3.12/site-packages/airflow/example_dags/example_xcomargs.py for tasks to queue
[2024-12-01T15:18:13.588+0500] {logging_mixin.py:190} INFO - [2024-12-01T15:18:13.588+0500] {dagbag.py:588} INFO - Filling up the DagBag from /Users/hanan-nawaz/Documents/Projects/Pakistan_AQI_Analysis/myenv/lib/python3.12/site-packages/airflow/example_dags/example_xcomargs.py
[2024-12-01T15:18:13.648+0500] {processor.py:925} INFO - DAG(s) 'example_xcom_args_with_operators', 'example_xcom_args' retrieved from /Users/hanan-nawaz/Documents/Projects/Pakistan_AQI_Analysis/myenv/lib/python3.12/site-packages/airflow/example_dags/example_xcomargs.py
[2024-12-01T15:18:13.811+0500] {logging_mixin.py:190} INFO - [2024-12-01T15:18:13.811+0500] {dag.py:3239} INFO - Sync 2 DAGs
[2024-12-01T15:18:13.824+0500] {logging_mixin.py:190} INFO - [2024-12-01T15:18:13.824+0500] {dag.py:4180} INFO - Setting next_dagrun for example_xcom_args to None, run_after=None
[2024-12-01T15:18:13.828+0500] {logging_mixin.py:190} INFO - [2024-12-01T15:18:13.828+0500] {dag.py:4180} INFO - Setting next_dagrun for example_xcom_args_with_operators to None, run_after=None
[2024-12-01T15:18:13.854+0500] {processor.py:208} INFO - Processing /Users/hanan-nawaz/Documents/Projects/Pakistan_AQI_Analysis/myenv/lib/python3.12/site-packages/airflow/example_dags/example_xcomargs.py took 0.275 seconds
