[2024-12-01T15:08:37.626+0500] {processor.py:186} INFO - Started process (PID=28141) to work on /Users/hanan-nawaz/Documents/Projects/Pakistan_AQI_Analysis/myenv/lib/python3.12/site-packages/airflow/example_dags/example_nested_branch_dag.py
[2024-12-01T15:08:37.627+0500] {processor.py:914} INFO - Processing file /Users/hanan-nawaz/Documents/Projects/Pakistan_AQI_Analysis/myenv/lib/python3.12/site-packages/airflow/example_dags/example_nested_branch_dag.py for tasks to queue
[2024-12-01T15:08:37.628+0500] {logging_mixin.py:190} INFO - [2024-12-01T15:08:37.628+0500] {dagbag.py:588} INFO - Filling up the DagBag from /Users/hanan-nawaz/Documents/Projects/Pakistan_AQI_Analysis/myenv/lib/python3.12/site-packages/airflow/example_dags/example_nested_branch_dag.py
[2024-12-01T15:08:37.669+0500] {processor.py:925} INFO - DAG(s) 'example_nested_branch_dag' retrieved from /Users/hanan-nawaz/Documents/Projects/Pakistan_AQI_Analysis/myenv/lib/python3.12/site-packages/airflow/example_dags/example_nested_branch_dag.py
[2024-12-01T15:08:37.921+0500] {logging_mixin.py:190} INFO - [2024-12-01T15:08:37.920+0500] {override.py:1911} INFO - Created Permission View: can read on DAG:example_nested_branch_dag
[2024-12-01T15:08:38.017+0500] {logging_mixin.py:190} INFO - [2024-12-01T15:08:38.017+0500] {override.py:1911} INFO - Created Permission View: can delete on DAG:example_nested_branch_dag
[2024-12-01T15:08:38.023+0500] {logging_mixin.py:190} INFO - [2024-12-01T15:08:38.023+0500] {override.py:1911} INFO - Created Permission View: can edit on DAG:example_nested_branch_dag
[2024-12-01T15:08:38.033+0500] {logging_mixin.py:190} INFO - [2024-12-01T15:08:38.033+0500] {override.py:1911} INFO - Created Permission View: can read on DAG Run:example_nested_branch_dag
[2024-12-01T15:08:38.040+0500] {logging_mixin.py:190} INFO - [2024-12-01T15:08:38.039+0500] {override.py:1911} INFO - Created Permission View: can create on DAG Run:example_nested_branch_dag
[2024-12-01T15:08:38.046+0500] {logging_mixin.py:190} INFO - [2024-12-01T15:08:38.046+0500] {override.py:1911} INFO - Created Permission View: can delete on DAG Run:example_nested_branch_dag
[2024-12-01T15:08:38.052+0500] {logging_mixin.py:190} INFO - [2024-12-01T15:08:38.052+0500] {override.py:1911} INFO - Created Permission View: menu access on DAG Run:example_nested_branch_dag
[2024-12-01T15:08:38.053+0500] {logging_mixin.py:190} INFO - [2024-12-01T15:08:38.053+0500] {dag.py:3239} INFO - Sync 1 DAGs
[2024-12-01T15:08:38.065+0500] {logging_mixin.py:190} INFO - [2024-12-01T15:08:38.065+0500] {dag.py:3262} INFO - Creating ORM DAG for example_nested_branch_dag
[2024-12-01T15:08:38.075+0500] {logging_mixin.py:190} INFO - [2024-12-01T15:08:38.075+0500] {dag.py:4180} INFO - Setting next_dagrun for example_nested_branch_dag to 2024-11-30 00:00:00+00:00, run_after=2024-12-01 00:00:00+00:00
[2024-12-01T15:08:38.093+0500] {processor.py:208} INFO - Processing /Users/hanan-nawaz/Documents/Projects/Pakistan_AQI_Analysis/myenv/lib/python3.12/site-packages/airflow/example_dags/example_nested_branch_dag.py took 0.471 seconds
[2024-12-01T15:13:03.584+0500] {processor.py:186} INFO - Started process (PID=28664) to work on /Users/hanan-nawaz/Documents/Projects/Pakistan_AQI_Analysis/myenv/lib/python3.12/site-packages/airflow/example_dags/example_nested_branch_dag.py
[2024-12-01T15:13:03.586+0500] {processor.py:914} INFO - Processing file /Users/hanan-nawaz/Documents/Projects/Pakistan_AQI_Analysis/myenv/lib/python3.12/site-packages/airflow/example_dags/example_nested_branch_dag.py for tasks to queue
[2024-12-01T15:13:03.591+0500] {logging_mixin.py:190} INFO - [2024-12-01T15:13:03.590+0500] {dagbag.py:588} INFO - Filling up the DagBag from /Users/hanan-nawaz/Documents/Projects/Pakistan_AQI_Analysis/myenv/lib/python3.12/site-packages/airflow/example_dags/example_nested_branch_dag.py
[2024-12-01T15:13:03.717+0500] {processor.py:925} INFO - DAG(s) 'example_nested_branch_dag' retrieved from /Users/hanan-nawaz/Documents/Projects/Pakistan_AQI_Analysis/myenv/lib/python3.12/site-packages/airflow/example_dags/example_nested_branch_dag.py
[2024-12-01T15:13:04.000+0500] {logging_mixin.py:190} INFO - [2024-12-01T15:13:04.000+0500] {dag.py:3239} INFO - Sync 1 DAGs
[2024-12-01T15:13:04.060+0500] {logging_mixin.py:190} INFO - [2024-12-01T15:13:04.060+0500] {dag.py:4180} INFO - Setting next_dagrun for example_nested_branch_dag to 2024-11-30 00:00:00+00:00, run_after=2024-12-01 00:00:00+00:00
[2024-12-01T15:13:04.103+0500] {processor.py:208} INFO - Processing /Users/hanan-nawaz/Documents/Projects/Pakistan_AQI_Analysis/myenv/lib/python3.12/site-packages/airflow/example_dags/example_nested_branch_dag.py took 0.534 seconds
[2024-12-01T15:16:24.654+0500] {processor.py:186} INFO - Started process (PID=29089) to work on /Users/hanan-nawaz/Documents/Projects/Pakistan_AQI_Analysis/myenv/lib/python3.12/site-packages/airflow/example_dags/example_nested_branch_dag.py
[2024-12-01T15:16:24.656+0500] {processor.py:914} INFO - Processing file /Users/hanan-nawaz/Documents/Projects/Pakistan_AQI_Analysis/myenv/lib/python3.12/site-packages/airflow/example_dags/example_nested_branch_dag.py for tasks to queue
[2024-12-01T15:16:24.658+0500] {logging_mixin.py:190} INFO - [2024-12-01T15:16:24.657+0500] {dagbag.py:588} INFO - Filling up the DagBag from /Users/hanan-nawaz/Documents/Projects/Pakistan_AQI_Analysis/myenv/lib/python3.12/site-packages/airflow/example_dags/example_nested_branch_dag.py
[2024-12-01T15:16:24.715+0500] {processor.py:925} INFO - DAG(s) 'example_nested_branch_dag' retrieved from /Users/hanan-nawaz/Documents/Projects/Pakistan_AQI_Analysis/myenv/lib/python3.12/site-packages/airflow/example_dags/example_nested_branch_dag.py
[2024-12-01T15:16:24.851+0500] {logging_mixin.py:190} INFO - [2024-12-01T15:16:24.851+0500] {dag.py:3239} INFO - Sync 1 DAGs
[2024-12-01T15:16:24.873+0500] {logging_mixin.py:190} INFO - [2024-12-01T15:16:24.872+0500] {dag.py:4180} INFO - Setting next_dagrun for example_nested_branch_dag to 2024-11-30 00:00:00+00:00, run_after=2024-12-01 00:00:00+00:00
[2024-12-01T15:16:24.894+0500] {processor.py:208} INFO - Processing /Users/hanan-nawaz/Documents/Projects/Pakistan_AQI_Analysis/myenv/lib/python3.12/site-packages/airflow/example_dags/example_nested_branch_dag.py took 0.247 seconds
[2024-12-01T15:19:57.623+0500] {processor.py:186} INFO - Started process (PID=29410) to work on /Users/hanan-nawaz/Documents/Projects/Pakistan_AQI_Analysis/myenv/lib/python3.12/site-packages/airflow/example_dags/example_nested_branch_dag.py
[2024-12-01T15:19:57.628+0500] {processor.py:914} INFO - Processing file /Users/hanan-nawaz/Documents/Projects/Pakistan_AQI_Analysis/myenv/lib/python3.12/site-packages/airflow/example_dags/example_nested_branch_dag.py for tasks to queue
[2024-12-01T15:19:57.630+0500] {logging_mixin.py:190} INFO - [2024-12-01T15:19:57.630+0500] {dagbag.py:588} INFO - Filling up the DagBag from /Users/hanan-nawaz/Documents/Projects/Pakistan_AQI_Analysis/myenv/lib/python3.12/site-packages/airflow/example_dags/example_nested_branch_dag.py
[2024-12-01T15:19:57.690+0500] {processor.py:925} INFO - DAG(s) 'example_nested_branch_dag' retrieved from /Users/hanan-nawaz/Documents/Projects/Pakistan_AQI_Analysis/myenv/lib/python3.12/site-packages/airflow/example_dags/example_nested_branch_dag.py
[2024-12-01T15:19:57.838+0500] {logging_mixin.py:190} INFO - [2024-12-01T15:19:57.837+0500] {dag.py:3239} INFO - Sync 1 DAGs
[2024-12-01T15:19:57.915+0500] {logging_mixin.py:190} INFO - [2024-12-01T15:19:57.914+0500] {dag.py:4180} INFO - Setting next_dagrun for example_nested_branch_dag to 2024-11-30 00:00:00+00:00, run_after=2024-12-01 00:00:00+00:00
[2024-12-01T15:19:57.965+0500] {processor.py:208} INFO - Processing /Users/hanan-nawaz/Documents/Projects/Pakistan_AQI_Analysis/myenv/lib/python3.12/site-packages/airflow/example_dags/example_nested_branch_dag.py took 0.348 seconds
