[2024-12-01T15:06:48.411+0500] {processor.py:186} INFO - Started process (PID=27903) to work on /Users/hanan-nawaz/Documents/Projects/Pakistan_AQI_Analysis/myenv/lib/python3.12/site-packages/airflow/example_dags/tutorial.py
[2024-12-01T15:06:48.413+0500] {processor.py:914} INFO - Processing file /Users/hanan-nawaz/Documents/Projects/Pakistan_AQI_Analysis/myenv/lib/python3.12/site-packages/airflow/example_dags/tutorial.py for tasks to queue
[2024-12-01T15:06:48.415+0500] {logging_mixin.py:190} INFO - [2024-12-01T15:06:48.414+0500] {dagbag.py:588} INFO - Filling up the DagBag from /Users/hanan-nawaz/Documents/Projects/Pakistan_AQI_Analysis/myenv/lib/python3.12/site-packages/airflow/example_dags/tutorial.py
[2024-12-01T15:06:48.431+0500] {processor.py:925} INFO - DAG(s) 'tutorial' retrieved from /Users/hanan-nawaz/Documents/Projects/Pakistan_AQI_Analysis/myenv/lib/python3.12/site-packages/airflow/example_dags/tutorial.py
[2024-12-01T15:06:48.825+0500] {logging_mixin.py:190} INFO - [2024-12-01T15:06:48.825+0500] {override.py:1911} INFO - Created Permission View: can delete on DAG:tutorial
[2024-12-01T15:06:48.840+0500] {logging_mixin.py:190} INFO - [2024-12-01T15:06:48.839+0500] {override.py:1911} INFO - Created Permission View: can read on DAG:tutorial
[2024-12-01T15:06:48.852+0500] {logging_mixin.py:190} INFO - [2024-12-01T15:06:48.851+0500] {override.py:1911} INFO - Created Permission View: can edit on DAG:tutorial
[2024-12-01T15:06:48.865+0500] {logging_mixin.py:190} INFO - [2024-12-01T15:06:48.865+0500] {override.py:1911} INFO - Created Permission View: can delete on DAG Run:tutorial
[2024-12-01T15:06:48.877+0500] {logging_mixin.py:190} INFO - [2024-12-01T15:06:48.876+0500] {override.py:1911} INFO - Created Permission View: can read on DAG Run:tutorial
[2024-12-01T15:06:48.890+0500] {logging_mixin.py:190} INFO - [2024-12-01T15:06:48.890+0500] {override.py:1911} INFO - Created Permission View: can create on DAG Run:tutorial
[2024-12-01T15:06:48.901+0500] {logging_mixin.py:190} INFO - [2024-12-01T15:06:48.901+0500] {override.py:1911} INFO - Created Permission View: menu access on DAG Run:tutorial
[2024-12-01T15:06:48.902+0500] {logging_mixin.py:190} INFO - [2024-12-01T15:06:48.902+0500] {dag.py:3239} INFO - Sync 1 DAGs
[2024-12-01T15:06:48.922+0500] {logging_mixin.py:190} INFO - [2024-12-01T15:06:48.921+0500] {dag.py:3262} INFO - Creating ORM DAG for tutorial
[2024-12-01T15:06:48.932+0500] {logging_mixin.py:190} INFO - [2024-12-01T15:06:48.931+0500] {dag.py:4180} INFO - Setting next_dagrun for tutorial to 2024-11-30 00:00:00+00:00, run_after=2024-12-01 00:00:00+00:00
[2024-12-01T15:06:49.027+0500] {processor.py:208} INFO - Processing /Users/hanan-nawaz/Documents/Projects/Pakistan_AQI_Analysis/myenv/lib/python3.12/site-packages/airflow/example_dags/tutorial.py took 0.625 seconds
[2024-12-01T15:11:11.803+0500] {processor.py:186} INFO - Started process (PID=28525) to work on /Users/hanan-nawaz/Documents/Projects/Pakistan_AQI_Analysis/myenv/lib/python3.12/site-packages/airflow/example_dags/tutorial.py
[2024-12-01T15:11:11.805+0500] {processor.py:914} INFO - Processing file /Users/hanan-nawaz/Documents/Projects/Pakistan_AQI_Analysis/myenv/lib/python3.12/site-packages/airflow/example_dags/tutorial.py for tasks to queue
[2024-12-01T15:11:11.807+0500] {logging_mixin.py:190} INFO - [2024-12-01T15:11:11.806+0500] {dagbag.py:588} INFO - Filling up the DagBag from /Users/hanan-nawaz/Documents/Projects/Pakistan_AQI_Analysis/myenv/lib/python3.12/site-packages/airflow/example_dags/tutorial.py
[2024-12-01T15:11:11.847+0500] {processor.py:925} INFO - DAG(s) 'tutorial' retrieved from /Users/hanan-nawaz/Documents/Projects/Pakistan_AQI_Analysis/myenv/lib/python3.12/site-packages/airflow/example_dags/tutorial.py
[2024-12-01T15:11:12.041+0500] {logging_mixin.py:190} INFO - [2024-12-01T15:11:12.041+0500] {dag.py:3239} INFO - Sync 1 DAGs
[2024-12-01T15:11:12.069+0500] {logging_mixin.py:190} INFO - [2024-12-01T15:11:12.069+0500] {dag.py:4180} INFO - Setting next_dagrun for tutorial to 2024-11-30 00:00:00+00:00, run_after=2024-12-01 00:00:00+00:00
[2024-12-01T15:11:12.101+0500] {processor.py:208} INFO - Processing /Users/hanan-nawaz/Documents/Projects/Pakistan_AQI_Analysis/myenv/lib/python3.12/site-packages/airflow/example_dags/tutorial.py took 0.307 seconds
[2024-12-01T15:14:39.723+0500] {processor.py:186} INFO - Started process (PID=28898) to work on /Users/hanan-nawaz/Documents/Projects/Pakistan_AQI_Analysis/myenv/lib/python3.12/site-packages/airflow/example_dags/tutorial.py
[2024-12-01T15:14:39.725+0500] {processor.py:914} INFO - Processing file /Users/hanan-nawaz/Documents/Projects/Pakistan_AQI_Analysis/myenv/lib/python3.12/site-packages/airflow/example_dags/tutorial.py for tasks to queue
[2024-12-01T15:14:39.727+0500] {logging_mixin.py:190} INFO - [2024-12-01T15:14:39.727+0500] {dagbag.py:588} INFO - Filling up the DagBag from /Users/hanan-nawaz/Documents/Projects/Pakistan_AQI_Analysis/myenv/lib/python3.12/site-packages/airflow/example_dags/tutorial.py
[2024-12-01T15:14:39.744+0500] {processor.py:925} INFO - DAG(s) 'tutorial' retrieved from /Users/hanan-nawaz/Documents/Projects/Pakistan_AQI_Analysis/myenv/lib/python3.12/site-packages/airflow/example_dags/tutorial.py
[2024-12-01T15:14:39.916+0500] {logging_mixin.py:190} INFO - [2024-12-01T15:14:39.916+0500] {dag.py:3239} INFO - Sync 1 DAGs
[2024-12-01T15:14:39.945+0500] {logging_mixin.py:190} INFO - [2024-12-01T15:14:39.945+0500] {dag.py:4180} INFO - Setting next_dagrun for tutorial to 2024-11-30 00:00:00+00:00, run_after=2024-12-01 00:00:00+00:00
[2024-12-01T15:14:39.966+0500] {processor.py:208} INFO - Processing /Users/hanan-nawaz/Documents/Projects/Pakistan_AQI_Analysis/myenv/lib/python3.12/site-packages/airflow/example_dags/tutorial.py took 0.250 seconds
[2024-12-01T15:18:08.841+0500] {processor.py:186} INFO - Started process (PID=29301) to work on /Users/hanan-nawaz/Documents/Projects/Pakistan_AQI_Analysis/myenv/lib/python3.12/site-packages/airflow/example_dags/tutorial.py
[2024-12-01T15:18:08.843+0500] {processor.py:914} INFO - Processing file /Users/hanan-nawaz/Documents/Projects/Pakistan_AQI_Analysis/myenv/lib/python3.12/site-packages/airflow/example_dags/tutorial.py for tasks to queue
[2024-12-01T15:18:08.846+0500] {logging_mixin.py:190} INFO - [2024-12-01T15:18:08.845+0500] {dagbag.py:588} INFO - Filling up the DagBag from /Users/hanan-nawaz/Documents/Projects/Pakistan_AQI_Analysis/myenv/lib/python3.12/site-packages/airflow/example_dags/tutorial.py
[2024-12-01T15:18:08.862+0500] {processor.py:925} INFO - DAG(s) 'tutorial' retrieved from /Users/hanan-nawaz/Documents/Projects/Pakistan_AQI_Analysis/myenv/lib/python3.12/site-packages/airflow/example_dags/tutorial.py
[2024-12-01T15:18:09.013+0500] {logging_mixin.py:190} INFO - [2024-12-01T15:18:09.012+0500] {dag.py:3239} INFO - Sync 1 DAGs
[2024-12-01T15:18:09.031+0500] {logging_mixin.py:190} INFO - [2024-12-01T15:18:09.031+0500] {dag.py:4180} INFO - Setting next_dagrun for tutorial to 2024-11-30 00:00:00+00:00, run_after=2024-12-01 00:00:00+00:00
[2024-12-01T15:18:09.062+0500] {processor.py:208} INFO - Processing /Users/hanan-nawaz/Documents/Projects/Pakistan_AQI_Analysis/myenv/lib/python3.12/site-packages/airflow/example_dags/tutorial.py took 0.229 seconds
