[2024-12-01T15:06:27.286+0500] {processor.py:186} INFO - Started process (PID=27821) to work on /Users/hanan-nawaz/Documents/Projects/Pakistan_AQI_Analysis/myenv/lib/python3.12/site-packages/airflow/example_dags/tutorial_taskflow_templates.py
[2024-12-01T15:06:27.297+0500] {processor.py:914} INFO - Processing file /Users/hanan-nawaz/Documents/Projects/Pakistan_AQI_Analysis/myenv/lib/python3.12/site-packages/airflow/example_dags/tutorial_taskflow_templates.py for tasks to queue
[2024-12-01T15:06:27.300+0500] {logging_mixin.py:190} INFO - [2024-12-01T15:06:27.299+0500] {dagbag.py:588} INFO - Filling up the DagBag from /Users/hanan-nawaz/Documents/Projects/Pakistan_AQI_Analysis/myenv/lib/python3.12/site-packages/airflow/example_dags/tutorial_taskflow_templates.py
[2024-12-01T15:06:27.486+0500] {processor.py:925} INFO - DAG(s) 'tutorial_taskflow_templates' retrieved from /Users/hanan-nawaz/Documents/Projects/Pakistan_AQI_Analysis/myenv/lib/python3.12/site-packages/airflow/example_dags/tutorial_taskflow_templates.py
[2024-12-01T15:06:27.804+0500] {logging_mixin.py:190} INFO - [2024-12-01T15:06:27.804+0500] {override.py:1911} INFO - Created Permission View: can read on DAG:tutorial_taskflow_templates
[2024-12-01T15:06:27.886+0500] {logging_mixin.py:190} INFO - [2024-12-01T15:06:27.886+0500] {override.py:1911} INFO - Created Permission View: can delete on DAG:tutorial_taskflow_templates
[2024-12-01T15:06:27.895+0500] {logging_mixin.py:190} INFO - [2024-12-01T15:06:27.894+0500] {override.py:1911} INFO - Created Permission View: can edit on DAG:tutorial_taskflow_templates
[2024-12-01T15:06:27.904+0500] {logging_mixin.py:190} INFO - [2024-12-01T15:06:27.903+0500] {override.py:1911} INFO - Created Permission View: can create on DAG Run:tutorial_taskflow_templates
[2024-12-01T15:06:27.912+0500] {logging_mixin.py:190} INFO - [2024-12-01T15:06:27.911+0500] {override.py:1911} INFO - Created Permission View: menu access on DAG Run:tutorial_taskflow_templates
[2024-12-01T15:06:27.918+0500] {logging_mixin.py:190} INFO - [2024-12-01T15:06:27.918+0500] {override.py:1911} INFO - Created Permission View: can read on DAG Run:tutorial_taskflow_templates
[2024-12-01T15:06:27.926+0500] {logging_mixin.py:190} INFO - [2024-12-01T15:06:27.926+0500] {override.py:1911} INFO - Created Permission View: can delete on DAG Run:tutorial_taskflow_templates
[2024-12-01T15:06:27.927+0500] {logging_mixin.py:190} INFO - [2024-12-01T15:06:27.926+0500] {dag.py:3239} INFO - Sync 1 DAGs
[2024-12-01T15:06:27.938+0500] {logging_mixin.py:190} INFO - [2024-12-01T15:06:27.938+0500] {dag.py:3262} INFO - Creating ORM DAG for tutorial_taskflow_templates
[2024-12-01T15:06:27.950+0500] {logging_mixin.py:190} INFO - [2024-12-01T15:06:27.949+0500] {dag.py:4180} INFO - Setting next_dagrun for tutorial_taskflow_templates to 2024-11-30 00:00:00+00:00, run_after=2024-12-01 00:00:00+00:00
[2024-12-01T15:06:27.973+0500] {processor.py:208} INFO - Processing /Users/hanan-nawaz/Documents/Projects/Pakistan_AQI_Analysis/myenv/lib/python3.12/site-packages/airflow/example_dags/tutorial_taskflow_templates.py took 0.723 seconds
[2024-12-01T15:10:48.339+0500] {processor.py:186} INFO - Started process (PID=28466) to work on /Users/hanan-nawaz/Documents/Projects/Pakistan_AQI_Analysis/myenv/lib/python3.12/site-packages/airflow/example_dags/tutorial_taskflow_templates.py
[2024-12-01T15:10:48.340+0500] {processor.py:914} INFO - Processing file /Users/hanan-nawaz/Documents/Projects/Pakistan_AQI_Analysis/myenv/lib/python3.12/site-packages/airflow/example_dags/tutorial_taskflow_templates.py for tasks to queue
[2024-12-01T15:10:48.341+0500] {logging_mixin.py:190} INFO - [2024-12-01T15:10:48.341+0500] {dagbag.py:588} INFO - Filling up the DagBag from /Users/hanan-nawaz/Documents/Projects/Pakistan_AQI_Analysis/myenv/lib/python3.12/site-packages/airflow/example_dags/tutorial_taskflow_templates.py
[2024-12-01T15:10:48.388+0500] {processor.py:925} INFO - DAG(s) 'tutorial_taskflow_templates' retrieved from /Users/hanan-nawaz/Documents/Projects/Pakistan_AQI_Analysis/myenv/lib/python3.12/site-packages/airflow/example_dags/tutorial_taskflow_templates.py
[2024-12-01T15:10:48.537+0500] {logging_mixin.py:190} INFO - [2024-12-01T15:10:48.537+0500] {dag.py:3239} INFO - Sync 1 DAGs
[2024-12-01T15:10:48.560+0500] {logging_mixin.py:190} INFO - [2024-12-01T15:10:48.560+0500] {dag.py:4180} INFO - Setting next_dagrun for tutorial_taskflow_templates to 2024-11-30 00:00:00+00:00, run_after=2024-12-01 00:00:00+00:00
[2024-12-01T15:10:48.581+0500] {processor.py:208} INFO - Processing /Users/hanan-nawaz/Documents/Projects/Pakistan_AQI_Analysis/myenv/lib/python3.12/site-packages/airflow/example_dags/tutorial_taskflow_templates.py took 0.248 seconds
[2024-12-01T15:14:21.935+0500] {processor.py:186} INFO - Started process (PID=28853) to work on /Users/hanan-nawaz/Documents/Projects/Pakistan_AQI_Analysis/myenv/lib/python3.12/site-packages/airflow/example_dags/tutorial_taskflow_templates.py
[2024-12-01T15:14:21.937+0500] {processor.py:914} INFO - Processing file /Users/hanan-nawaz/Documents/Projects/Pakistan_AQI_Analysis/myenv/lib/python3.12/site-packages/airflow/example_dags/tutorial_taskflow_templates.py for tasks to queue
[2024-12-01T15:14:21.938+0500] {logging_mixin.py:190} INFO - [2024-12-01T15:14:21.938+0500] {dagbag.py:588} INFO - Filling up the DagBag from /Users/hanan-nawaz/Documents/Projects/Pakistan_AQI_Analysis/myenv/lib/python3.12/site-packages/airflow/example_dags/tutorial_taskflow_templates.py
[2024-12-01T15:14:21.983+0500] {processor.py:925} INFO - DAG(s) 'tutorial_taskflow_templates' retrieved from /Users/hanan-nawaz/Documents/Projects/Pakistan_AQI_Analysis/myenv/lib/python3.12/site-packages/airflow/example_dags/tutorial_taskflow_templates.py
[2024-12-01T15:14:22.104+0500] {logging_mixin.py:190} INFO - [2024-12-01T15:14:22.103+0500] {dag.py:3239} INFO - Sync 1 DAGs
[2024-12-01T15:14:22.126+0500] {logging_mixin.py:190} INFO - [2024-12-01T15:14:22.126+0500] {dag.py:4180} INFO - Setting next_dagrun for tutorial_taskflow_templates to 2024-11-30 00:00:00+00:00, run_after=2024-12-01 00:00:00+00:00
[2024-12-01T15:14:22.148+0500] {processor.py:208} INFO - Processing /Users/hanan-nawaz/Documents/Projects/Pakistan_AQI_Analysis/myenv/lib/python3.12/site-packages/airflow/example_dags/tutorial_taskflow_templates.py took 0.219 seconds
[2024-12-01T15:17:49.708+0500] {processor.py:186} INFO - Started process (PID=29265) to work on /Users/hanan-nawaz/Documents/Projects/Pakistan_AQI_Analysis/myenv/lib/python3.12/site-packages/airflow/example_dags/tutorial_taskflow_templates.py
[2024-12-01T15:17:49.709+0500] {processor.py:914} INFO - Processing file /Users/hanan-nawaz/Documents/Projects/Pakistan_AQI_Analysis/myenv/lib/python3.12/site-packages/airflow/example_dags/tutorial_taskflow_templates.py for tasks to queue
[2024-12-01T15:17:49.710+0500] {logging_mixin.py:190} INFO - [2024-12-01T15:17:49.710+0500] {dagbag.py:588} INFO - Filling up the DagBag from /Users/hanan-nawaz/Documents/Projects/Pakistan_AQI_Analysis/myenv/lib/python3.12/site-packages/airflow/example_dags/tutorial_taskflow_templates.py
[2024-12-01T15:17:49.764+0500] {processor.py:925} INFO - DAG(s) 'tutorial_taskflow_templates' retrieved from /Users/hanan-nawaz/Documents/Projects/Pakistan_AQI_Analysis/myenv/lib/python3.12/site-packages/airflow/example_dags/tutorial_taskflow_templates.py
[2024-12-01T15:17:49.882+0500] {logging_mixin.py:190} INFO - [2024-12-01T15:17:49.881+0500] {dag.py:3239} INFO - Sync 1 DAGs
[2024-12-01T15:17:49.923+0500] {logging_mixin.py:190} INFO - [2024-12-01T15:17:49.922+0500] {dag.py:4180} INFO - Setting next_dagrun for tutorial_taskflow_templates to 2024-11-30 00:00:00+00:00, run_after=2024-12-01 00:00:00+00:00
[2024-12-01T15:17:49.958+0500] {processor.py:208} INFO - Processing /Users/hanan-nawaz/Documents/Projects/Pakistan_AQI_Analysis/myenv/lib/python3.12/site-packages/airflow/example_dags/tutorial_taskflow_templates.py took 0.254 seconds
