[2024-12-01T15:06:35.724+0500] {processor.py:186} INFO - Started process (PID=27854) to work on /Users/hanan-nawaz/Documents/Projects/Pakistan_AQI_Analysis/myenv/lib/python3.12/site-packages/airflow/example_dags/tutorial_taskflow_api.py
[2024-12-01T15:06:35.727+0500] {processor.py:914} INFO - Processing file /Users/hanan-nawaz/Documents/Projects/Pakistan_AQI_Analysis/myenv/lib/python3.12/site-packages/airflow/example_dags/tutorial_taskflow_api.py for tasks to queue
[2024-12-01T15:06:35.729+0500] {logging_mixin.py:190} INFO - [2024-12-01T15:06:35.729+0500] {dagbag.py:588} INFO - Filling up the DagBag from /Users/hanan-nawaz/Documents/Projects/Pakistan_AQI_Analysis/myenv/lib/python3.12/site-packages/airflow/example_dags/tutorial_taskflow_api.py
[2024-12-01T15:06:35.801+0500] {processor.py:925} INFO - DAG(s) 'tutorial_taskflow_api' retrieved from /Users/hanan-nawaz/Documents/Projects/Pakistan_AQI_Analysis/myenv/lib/python3.12/site-packages/airflow/example_dags/tutorial_taskflow_api.py
[2024-12-01T15:06:36.181+0500] {logging_mixin.py:190} INFO - [2024-12-01T15:06:36.180+0500] {override.py:1911} INFO - Created Permission View: can read on DAG:tutorial_taskflow_api
[2024-12-01T15:06:36.263+0500] {logging_mixin.py:190} INFO - [2024-12-01T15:06:36.263+0500] {override.py:1911} INFO - Created Permission View: can delete on DAG:tutorial_taskflow_api
[2024-12-01T15:06:36.270+0500] {logging_mixin.py:190} INFO - [2024-12-01T15:06:36.269+0500] {override.py:1911} INFO - Created Permission View: can edit on DAG:tutorial_taskflow_api
[2024-12-01T15:06:36.279+0500] {logging_mixin.py:190} INFO - [2024-12-01T15:06:36.278+0500] {override.py:1911} INFO - Created Permission View: can create on DAG Run:tutorial_taskflow_api
[2024-12-01T15:06:36.285+0500] {logging_mixin.py:190} INFO - [2024-12-01T15:06:36.285+0500] {override.py:1911} INFO - Created Permission View: menu access on DAG Run:tutorial_taskflow_api
[2024-12-01T15:06:36.292+0500] {logging_mixin.py:190} INFO - [2024-12-01T15:06:36.292+0500] {override.py:1911} INFO - Created Permission View: can read on DAG Run:tutorial_taskflow_api
[2024-12-01T15:06:36.299+0500] {logging_mixin.py:190} INFO - [2024-12-01T15:06:36.299+0500] {override.py:1911} INFO - Created Permission View: can delete on DAG Run:tutorial_taskflow_api
[2024-12-01T15:06:36.300+0500] {logging_mixin.py:190} INFO - [2024-12-01T15:06:36.299+0500] {dag.py:3239} INFO - Sync 1 DAGs
[2024-12-01T15:06:36.312+0500] {logging_mixin.py:190} INFO - [2024-12-01T15:06:36.311+0500] {dag.py:3262} INFO - Creating ORM DAG for tutorial_taskflow_api
[2024-12-01T15:06:36.312+0500] {logging_mixin.py:190} INFO - [2024-12-01T15:06:36.312+0500] {dag.py:4180} INFO - Setting next_dagrun for tutorial_taskflow_api to None, run_after=None
[2024-12-01T15:06:36.333+0500] {processor.py:208} INFO - Processing /Users/hanan-nawaz/Documents/Projects/Pakistan_AQI_Analysis/myenv/lib/python3.12/site-packages/airflow/example_dags/tutorial_taskflow_api.py took 0.618 seconds
[2024-12-01T15:10:58.320+0500] {processor.py:186} INFO - Started process (PID=28495) to work on /Users/hanan-nawaz/Documents/Projects/Pakistan_AQI_Analysis/myenv/lib/python3.12/site-packages/airflow/example_dags/tutorial_taskflow_api.py
[2024-12-01T15:10:58.322+0500] {processor.py:914} INFO - Processing file /Users/hanan-nawaz/Documents/Projects/Pakistan_AQI_Analysis/myenv/lib/python3.12/site-packages/airflow/example_dags/tutorial_taskflow_api.py for tasks to queue
[2024-12-01T15:10:58.323+0500] {logging_mixin.py:190} INFO - [2024-12-01T15:10:58.322+0500] {dagbag.py:588} INFO - Filling up the DagBag from /Users/hanan-nawaz/Documents/Projects/Pakistan_AQI_Analysis/myenv/lib/python3.12/site-packages/airflow/example_dags/tutorial_taskflow_api.py
[2024-12-01T15:10:58.364+0500] {processor.py:925} INFO - DAG(s) 'tutorial_taskflow_api' retrieved from /Users/hanan-nawaz/Documents/Projects/Pakistan_AQI_Analysis/myenv/lib/python3.12/site-packages/airflow/example_dags/tutorial_taskflow_api.py
[2024-12-01T15:10:58.512+0500] {logging_mixin.py:190} INFO - [2024-12-01T15:10:58.511+0500] {dag.py:3239} INFO - Sync 1 DAGs
[2024-12-01T15:10:58.535+0500] {logging_mixin.py:190} INFO - [2024-12-01T15:10:58.535+0500] {dag.py:4180} INFO - Setting next_dagrun for tutorial_taskflow_api to None, run_after=None
[2024-12-01T15:10:58.564+0500] {processor.py:208} INFO - Processing /Users/hanan-nawaz/Documents/Projects/Pakistan_AQI_Analysis/myenv/lib/python3.12/site-packages/airflow/example_dags/tutorial_taskflow_api.py took 0.248 seconds
[2024-12-01T15:14:29.141+0500] {processor.py:186} INFO - Started process (PID=28869) to work on /Users/hanan-nawaz/Documents/Projects/Pakistan_AQI_Analysis/myenv/lib/python3.12/site-packages/airflow/example_dags/tutorial_taskflow_api.py
[2024-12-01T15:14:29.143+0500] {processor.py:914} INFO - Processing file /Users/hanan-nawaz/Documents/Projects/Pakistan_AQI_Analysis/myenv/lib/python3.12/site-packages/airflow/example_dags/tutorial_taskflow_api.py for tasks to queue
[2024-12-01T15:14:29.145+0500] {logging_mixin.py:190} INFO - [2024-12-01T15:14:29.145+0500] {dagbag.py:588} INFO - Filling up the DagBag from /Users/hanan-nawaz/Documents/Projects/Pakistan_AQI_Analysis/myenv/lib/python3.12/site-packages/airflow/example_dags/tutorial_taskflow_api.py
[2024-12-01T15:14:29.192+0500] {processor.py:925} INFO - DAG(s) 'tutorial_taskflow_api' retrieved from /Users/hanan-nawaz/Documents/Projects/Pakistan_AQI_Analysis/myenv/lib/python3.12/site-packages/airflow/example_dags/tutorial_taskflow_api.py
[2024-12-01T15:14:29.324+0500] {logging_mixin.py:190} INFO - [2024-12-01T15:14:29.324+0500] {dag.py:3239} INFO - Sync 1 DAGs
[2024-12-01T15:14:29.349+0500] {logging_mixin.py:190} INFO - [2024-12-01T15:14:29.349+0500] {dag.py:4180} INFO - Setting next_dagrun for tutorial_taskflow_api to None, run_after=None
[2024-12-01T15:14:29.373+0500] {processor.py:208} INFO - Processing /Users/hanan-nawaz/Documents/Projects/Pakistan_AQI_Analysis/myenv/lib/python3.12/site-packages/airflow/example_dags/tutorial_taskflow_api.py took 0.239 seconds
[2024-12-01T15:17:57.278+0500] {processor.py:186} INFO - Started process (PID=29289) to work on /Users/hanan-nawaz/Documents/Projects/Pakistan_AQI_Analysis/myenv/lib/python3.12/site-packages/airflow/example_dags/tutorial_taskflow_api.py
[2024-12-01T15:17:57.280+0500] {processor.py:914} INFO - Processing file /Users/hanan-nawaz/Documents/Projects/Pakistan_AQI_Analysis/myenv/lib/python3.12/site-packages/airflow/example_dags/tutorial_taskflow_api.py for tasks to queue
[2024-12-01T15:17:57.281+0500] {logging_mixin.py:190} INFO - [2024-12-01T15:17:57.281+0500] {dagbag.py:588} INFO - Filling up the DagBag from /Users/hanan-nawaz/Documents/Projects/Pakistan_AQI_Analysis/myenv/lib/python3.12/site-packages/airflow/example_dags/tutorial_taskflow_api.py
[2024-12-01T15:17:57.343+0500] {processor.py:925} INFO - DAG(s) 'tutorial_taskflow_api' retrieved from /Users/hanan-nawaz/Documents/Projects/Pakistan_AQI_Analysis/myenv/lib/python3.12/site-packages/airflow/example_dags/tutorial_taskflow_api.py
[2024-12-01T15:17:57.482+0500] {logging_mixin.py:190} INFO - [2024-12-01T15:17:57.481+0500] {dag.py:3239} INFO - Sync 1 DAGs
[2024-12-01T15:17:57.498+0500] {logging_mixin.py:190} INFO - [2024-12-01T15:17:57.497+0500] {dag.py:4180} INFO - Setting next_dagrun for tutorial_taskflow_api to None, run_after=None
[2024-12-01T15:17:57.522+0500] {processor.py:208} INFO - Processing /Users/hanan-nawaz/Documents/Projects/Pakistan_AQI_Analysis/myenv/lib/python3.12/site-packages/airflow/example_dags/tutorial_taskflow_api.py took 0.249 seconds
