[2024-12-01T15:06:40.142+0500] {processor.py:186} INFO - Started process (PID=27872) to work on /Users/hanan-nawaz/Documents/Projects/Pakistan_AQI_Analysis/myenv/lib/python3.12/site-packages/airflow/example_dags/tutorial_objectstorage.py
[2024-12-01T15:06:40.144+0500] {processor.py:914} INFO - Processing file /Users/hanan-nawaz/Documents/Projects/Pakistan_AQI_Analysis/myenv/lib/python3.12/site-packages/airflow/example_dags/tutorial_objectstorage.py for tasks to queue
[2024-12-01T15:06:40.148+0500] {logging_mixin.py:190} INFO - [2024-12-01T15:06:40.147+0500] {dagbag.py:588} INFO - Filling up the DagBag from /Users/hanan-nawaz/Documents/Projects/Pakistan_AQI_Analysis/myenv/lib/python3.12/site-packages/airflow/example_dags/tutorial_objectstorage.py
[2024-12-01T15:06:40.207+0500] {processor.py:925} INFO - DAG(s) 'tutorial_objectstorage' retrieved from /Users/hanan-nawaz/Documents/Projects/Pakistan_AQI_Analysis/myenv/lib/python3.12/site-packages/airflow/example_dags/tutorial_objectstorage.py
[2024-12-01T15:06:40.418+0500] {logging_mixin.py:190} INFO - [2024-12-01T15:06:40.417+0500] {override.py:1911} INFO - Created Permission View: can edit on DAG:tutorial_objectstorage
[2024-12-01T15:06:40.493+0500] {logging_mixin.py:190} INFO - [2024-12-01T15:06:40.493+0500] {override.py:1911} INFO - Created Permission View: can read on DAG:tutorial_objectstorage
[2024-12-01T15:06:40.500+0500] {logging_mixin.py:190} INFO - [2024-12-01T15:06:40.499+0500] {override.py:1911} INFO - Created Permission View: can delete on DAG:tutorial_objectstorage
[2024-12-01T15:06:40.509+0500] {logging_mixin.py:190} INFO - [2024-12-01T15:06:40.509+0500] {override.py:1911} INFO - Created Permission View: can create on DAG Run:tutorial_objectstorage
[2024-12-01T15:06:40.515+0500] {logging_mixin.py:190} INFO - [2024-12-01T15:06:40.515+0500] {override.py:1911} INFO - Created Permission View: can read on DAG Run:tutorial_objectstorage
[2024-12-01T15:06:40.522+0500] {logging_mixin.py:190} INFO - [2024-12-01T15:06:40.521+0500] {override.py:1911} INFO - Created Permission View: can delete on DAG Run:tutorial_objectstorage
[2024-12-01T15:06:40.528+0500] {logging_mixin.py:190} INFO - [2024-12-01T15:06:40.528+0500] {override.py:1911} INFO - Created Permission View: menu access on DAG Run:tutorial_objectstorage
[2024-12-01T15:06:40.529+0500] {logging_mixin.py:190} INFO - [2024-12-01T15:06:40.529+0500] {dag.py:3239} INFO - Sync 1 DAGs
[2024-12-01T15:06:40.543+0500] {logging_mixin.py:190} INFO - [2024-12-01T15:06:40.543+0500] {dag.py:3262} INFO - Creating ORM DAG for tutorial_objectstorage
[2024-12-01T15:06:40.544+0500] {logging_mixin.py:190} INFO - [2024-12-01T15:06:40.543+0500] {dag.py:4180} INFO - Setting next_dagrun for tutorial_objectstorage to None, run_after=None
[2024-12-01T15:06:40.573+0500] {processor.py:208} INFO - Processing /Users/hanan-nawaz/Documents/Projects/Pakistan_AQI_Analysis/myenv/lib/python3.12/site-packages/airflow/example_dags/tutorial_objectstorage.py took 0.439 seconds
[2024-12-01T15:11:02.195+0500] {processor.py:186} INFO - Started process (PID=28504) to work on /Users/hanan-nawaz/Documents/Projects/Pakistan_AQI_Analysis/myenv/lib/python3.12/site-packages/airflow/example_dags/tutorial_objectstorage.py
[2024-12-01T15:11:02.196+0500] {processor.py:914} INFO - Processing file /Users/hanan-nawaz/Documents/Projects/Pakistan_AQI_Analysis/myenv/lib/python3.12/site-packages/airflow/example_dags/tutorial_objectstorage.py for tasks to queue
[2024-12-01T15:11:02.197+0500] {logging_mixin.py:190} INFO - [2024-12-01T15:11:02.197+0500] {dagbag.py:588} INFO - Filling up the DagBag from /Users/hanan-nawaz/Documents/Projects/Pakistan_AQI_Analysis/myenv/lib/python3.12/site-packages/airflow/example_dags/tutorial_objectstorage.py
[2024-12-01T15:11:02.241+0500] {processor.py:925} INFO - DAG(s) 'tutorial_objectstorage' retrieved from /Users/hanan-nawaz/Documents/Projects/Pakistan_AQI_Analysis/myenv/lib/python3.12/site-packages/airflow/example_dags/tutorial_objectstorage.py
[2024-12-01T15:11:02.400+0500] {logging_mixin.py:190} INFO - [2024-12-01T15:11:02.400+0500] {dag.py:3239} INFO - Sync 1 DAGs
[2024-12-01T15:11:02.413+0500] {logging_mixin.py:190} INFO - [2024-12-01T15:11:02.413+0500] {dag.py:4180} INFO - Setting next_dagrun for tutorial_objectstorage to None, run_after=None
[2024-12-01T15:11:02.434+0500] {processor.py:208} INFO - Processing /Users/hanan-nawaz/Documents/Projects/Pakistan_AQI_Analysis/myenv/lib/python3.12/site-packages/airflow/example_dags/tutorial_objectstorage.py took 0.245 seconds
[2024-12-01T15:14:32.839+0500] {processor.py:186} INFO - Started process (PID=28884) to work on /Users/hanan-nawaz/Documents/Projects/Pakistan_AQI_Analysis/myenv/lib/python3.12/site-packages/airflow/example_dags/tutorial_objectstorage.py
[2024-12-01T15:14:32.841+0500] {processor.py:914} INFO - Processing file /Users/hanan-nawaz/Documents/Projects/Pakistan_AQI_Analysis/myenv/lib/python3.12/site-packages/airflow/example_dags/tutorial_objectstorage.py for tasks to queue
[2024-12-01T15:14:32.843+0500] {logging_mixin.py:190} INFO - [2024-12-01T15:14:32.843+0500] {dagbag.py:588} INFO - Filling up the DagBag from /Users/hanan-nawaz/Documents/Projects/Pakistan_AQI_Analysis/myenv/lib/python3.12/site-packages/airflow/example_dags/tutorial_objectstorage.py
[2024-12-01T15:14:32.903+0500] {processor.py:925} INFO - DAG(s) 'tutorial_objectstorage' retrieved from /Users/hanan-nawaz/Documents/Projects/Pakistan_AQI_Analysis/myenv/lib/python3.12/site-packages/airflow/example_dags/tutorial_objectstorage.py
[2024-12-01T15:14:33.069+0500] {logging_mixin.py:190} INFO - [2024-12-01T15:14:33.069+0500] {dag.py:3239} INFO - Sync 1 DAGs
[2024-12-01T15:14:33.092+0500] {logging_mixin.py:190} INFO - [2024-12-01T15:14:33.092+0500] {dag.py:4180} INFO - Setting next_dagrun for tutorial_objectstorage to None, run_after=None
[2024-12-01T15:14:33.121+0500] {processor.py:208} INFO - Processing /Users/hanan-nawaz/Documents/Projects/Pakistan_AQI_Analysis/myenv/lib/python3.12/site-packages/airflow/example_dags/tutorial_objectstorage.py took 0.295 seconds
[2024-12-01T15:18:00.918+0500] {processor.py:186} INFO - Started process (PID=29295) to work on /Users/hanan-nawaz/Documents/Projects/Pakistan_AQI_Analysis/myenv/lib/python3.12/site-packages/airflow/example_dags/tutorial_objectstorage.py
[2024-12-01T15:18:00.920+0500] {processor.py:914} INFO - Processing file /Users/hanan-nawaz/Documents/Projects/Pakistan_AQI_Analysis/myenv/lib/python3.12/site-packages/airflow/example_dags/tutorial_objectstorage.py for tasks to queue
[2024-12-01T15:18:00.921+0500] {logging_mixin.py:190} INFO - [2024-12-01T15:18:00.920+0500] {dagbag.py:588} INFO - Filling up the DagBag from /Users/hanan-nawaz/Documents/Projects/Pakistan_AQI_Analysis/myenv/lib/python3.12/site-packages/airflow/example_dags/tutorial_objectstorage.py
[2024-12-01T15:18:00.975+0500] {processor.py:925} INFO - DAG(s) 'tutorial_objectstorage' retrieved from /Users/hanan-nawaz/Documents/Projects/Pakistan_AQI_Analysis/myenv/lib/python3.12/site-packages/airflow/example_dags/tutorial_objectstorage.py
[2024-12-01T15:18:01.121+0500] {logging_mixin.py:190} INFO - [2024-12-01T15:18:01.120+0500] {dag.py:3239} INFO - Sync 1 DAGs
[2024-12-01T15:18:01.135+0500] {logging_mixin.py:190} INFO - [2024-12-01T15:18:01.135+0500] {dag.py:4180} INFO - Setting next_dagrun for tutorial_objectstorage to None, run_after=None
[2024-12-01T15:18:01.159+0500] {processor.py:208} INFO - Processing /Users/hanan-nawaz/Documents/Projects/Pakistan_AQI_Analysis/myenv/lib/python3.12/site-packages/airflow/example_dags/tutorial_objectstorage.py took 0.246 seconds
