[2024-12-01T15:16:09.729+0500] {processor.py:186} INFO - Started process (PID=29046) to work on /Users/hanan-nawaz/Documents/Projects/Pakistan_AQI_Analysis/dags/etl_dag.py
[2024-12-01T15:16:09.730+0500] {processor.py:914} INFO - Processing file /Users/hanan-nawaz/Documents/Projects/Pakistan_AQI_Analysis/dags/etl_dag.py for tasks to queue
[2024-12-01T15:16:09.732+0500] {logging_mixin.py:190} INFO - [2024-12-01T15:16:09.732+0500] {dagbag.py:588} INFO - Filling up the DagBag from /Users/hanan-nawaz/Documents/Projects/Pakistan_AQI_Analysis/dags/etl_dag.py
[2024-12-01T15:16:09.735+0500] {logging_mixin.py:190} INFO - [2024-12-01T15:16:09.734+0500] {dagbag.py:387} ERROR - Failed to import: /Users/hanan-nawaz/Documents/Projects/Pakistan_AQI_Analysis/dags/etl_dag.py
Traceback (most recent call last):
  File "/Users/hanan-nawaz/Documents/Projects/Pakistan_AQI_Analysis/myenv/lib/python3.12/site-packages/airflow/models/dagbag.py", line 383, in parse
    loader.exec_module(new_module)
  File "<frozen importlib._bootstrap_external>", line 991, in exec_module
  File "<frozen importlib._bootstrap_external>", line 1129, in get_code
  File "<frozen importlib._bootstrap_external>", line 1059, in source_to_code
  File "<frozen importlib._bootstrap>", line 488, in _call_with_frames_removed
  File "/Users/hanan-nawaz/Documents/Projects/Pakistan_AQI_Analysis/dags/etl_dag.py", line 16
    extract_task = 
                   ^
SyntaxError: invalid syntax
[2024-12-01T15:16:09.736+0500] {processor.py:927} WARNING - No viable dags retrieved from /Users/hanan-nawaz/Documents/Projects/Pakistan_AQI_Analysis/dags/etl_dag.py
[2024-12-01T15:16:09.988+0500] {logging_mixin.py:190} INFO - [2024-12-01T15:16:09.987+0500] {workday.py:41} WARNING - Could not import pandas. Holidays will not be considered.
[2024-12-01T15:16:10.033+0500] {processor.py:208} INFO - Processing /Users/hanan-nawaz/Documents/Projects/Pakistan_AQI_Analysis/dags/etl_dag.py took 0.310 seconds
[2024-12-01T15:17:29.150+0500] {processor.py:186} INFO - Started process (PID=29234) to work on /Users/hanan-nawaz/Documents/Projects/Pakistan_AQI_Analysis/dags/etl_dag.py
[2024-12-01T15:17:29.155+0500] {processor.py:914} INFO - Processing file /Users/hanan-nawaz/Documents/Projects/Pakistan_AQI_Analysis/dags/etl_dag.py for tasks to queue
[2024-12-01T15:17:29.166+0500] {logging_mixin.py:190} INFO - [2024-12-01T15:17:29.165+0500] {dagbag.py:588} INFO - Filling up the DagBag from /Users/hanan-nawaz/Documents/Projects/Pakistan_AQI_Analysis/dags/etl_dag.py
[2024-12-01T15:17:29.173+0500] {logging_mixin.py:190} INFO - [2024-12-01T15:17:29.171+0500] {dagbag.py:387} ERROR - Failed to import: /Users/hanan-nawaz/Documents/Projects/Pakistan_AQI_Analysis/dags/etl_dag.py
Traceback (most recent call last):
  File "/Users/hanan-nawaz/Documents/Projects/Pakistan_AQI_Analysis/myenv/lib/python3.12/site-packages/airflow/models/dagbag.py", line 383, in parse
    loader.exec_module(new_module)
  File "<frozen importlib._bootstrap_external>", line 995, in exec_module
  File "<frozen importlib._bootstrap>", line 488, in _call_with_frames_removed
  File "/Users/hanan-nawaz/Documents/Projects/Pakistan_AQI_Analysis/dags/etl_dag.py", line 3, in <module>
    from airflow.operators import PythonOperator
ImportError: cannot import name 'PythonOperator' from 'airflow.operators' (/Users/hanan-nawaz/Documents/Projects/Pakistan_AQI_Analysis/myenv/lib/python3.12/site-packages/airflow/operators/__init__.py)
[2024-12-01T15:17:29.175+0500] {processor.py:927} WARNING - No viable dags retrieved from /Users/hanan-nawaz/Documents/Projects/Pakistan_AQI_Analysis/dags/etl_dag.py
[2024-12-01T15:17:29.304+0500] {logging_mixin.py:190} INFO - [2024-12-01T15:17:29.303+0500] {workday.py:41} WARNING - Could not import pandas. Holidays will not be considered.
[2024-12-01T15:17:29.325+0500] {processor.py:208} INFO - Processing /Users/hanan-nawaz/Documents/Projects/Pakistan_AQI_Analysis/dags/etl_dag.py took 0.181 seconds
[2024-12-01T15:21:12.759+0500] {processor.py:186} INFO - Started process (PID=29556) to work on /Users/hanan-nawaz/Documents/Projects/Pakistan_AQI_Analysis/dags/etl_dag.py
[2024-12-01T15:21:12.762+0500] {processor.py:914} INFO - Processing file /Users/hanan-nawaz/Documents/Projects/Pakistan_AQI_Analysis/dags/etl_dag.py for tasks to queue
[2024-12-01T15:21:12.766+0500] {logging_mixin.py:190} INFO - [2024-12-01T15:21:12.765+0500] {dagbag.py:588} INFO - Filling up the DagBag from /Users/hanan-nawaz/Documents/Projects/Pakistan_AQI_Analysis/dags/etl_dag.py
[2024-12-01T15:21:12.797+0500] {logging_mixin.py:190} INFO - [2024-12-01T15:21:12.794+0500] {dagbag.py:387} ERROR - Failed to import: /Users/hanan-nawaz/Documents/Projects/Pakistan_AQI_Analysis/dags/etl_dag.py
Traceback (most recent call last):
  File "/Users/hanan-nawaz/Documents/Projects/Pakistan_AQI_Analysis/myenv/lib/python3.12/site-packages/airflow/models/dagbag.py", line 383, in parse
    loader.exec_module(new_module)
  File "<frozen importlib._bootstrap_external>", line 995, in exec_module
  File "<frozen importlib._bootstrap>", line 488, in _call_with_frames_removed
  File "/Users/hanan-nawaz/Documents/Projects/Pakistan_AQI_Analysis/dags/etl_dag.py", line 11, in <module>
    etl_dag = DAG(
              ^^^^
  File "/Users/hanan-nawaz/Documents/Projects/Pakistan_AQI_Analysis/myenv/lib/python3.12/site-packages/airflow/models/dag.py", line 574, in __init__
    raise TypeError("default_args must be a dict")
TypeError: default_args must be a dict
[2024-12-01T15:21:12.798+0500] {processor.py:927} WARNING - No viable dags retrieved from /Users/hanan-nawaz/Documents/Projects/Pakistan_AQI_Analysis/dags/etl_dag.py
[2024-12-01T15:21:12.973+0500] {processor.py:208} INFO - Processing /Users/hanan-nawaz/Documents/Projects/Pakistan_AQI_Analysis/dags/etl_dag.py took 0.224 seconds
[2024-12-01T15:42:57.703+0500] {processor.py:186} INFO - Started process (PID=33644) to work on /Users/hanan-nawaz/Documents/Projects/Pakistan_AQI_Analysis/dags/etl_dag.py
[2024-12-01T15:42:57.711+0500] {processor.py:914} INFO - Processing file /Users/hanan-nawaz/Documents/Projects/Pakistan_AQI_Analysis/dags/etl_dag.py for tasks to queue
[2024-12-01T15:42:57.718+0500] {logging_mixin.py:190} INFO - [2024-12-01T15:42:57.712+0500] {dagbag.py:588} INFO - Filling up the DagBag from /Users/hanan-nawaz/Documents/Projects/Pakistan_AQI_Analysis/dags/etl_dag.py
[2024-12-01T15:42:57.766+0500] {processor.py:925} INFO - DAG(s) 'etl_open_weather' retrieved from /Users/hanan-nawaz/Documents/Projects/Pakistan_AQI_Analysis/dags/etl_dag.py
[2024-12-01T15:42:58.058+0500] {logging_mixin.py:190} INFO - [2024-12-01T15:42:58.057+0500] {override.py:1911} INFO - Created Permission View: can read on DAG:etl_open_weather
[2024-12-01T15:42:58.070+0500] {logging_mixin.py:190} INFO - [2024-12-01T15:42:58.069+0500] {override.py:1911} INFO - Created Permission View: can delete on DAG:etl_open_weather
[2024-12-01T15:42:58.086+0500] {logging_mixin.py:190} INFO - [2024-12-01T15:42:58.086+0500] {override.py:1911} INFO - Created Permission View: can edit on DAG:etl_open_weather
[2024-12-01T15:42:58.102+0500] {logging_mixin.py:190} INFO - [2024-12-01T15:42:58.102+0500] {override.py:1911} INFO - Created Permission View: can read on DAG Run:etl_open_weather
[2024-12-01T15:42:58.116+0500] {logging_mixin.py:190} INFO - [2024-12-01T15:42:58.115+0500] {override.py:1911} INFO - Created Permission View: can delete on DAG Run:etl_open_weather
[2024-12-01T15:42:58.187+0500] {logging_mixin.py:190} INFO - [2024-12-01T15:42:58.186+0500] {override.py:1911} INFO - Created Permission View: menu access on DAG Run:etl_open_weather
[2024-12-01T15:42:58.200+0500] {logging_mixin.py:190} INFO - [2024-12-01T15:42:58.199+0500] {override.py:1911} INFO - Created Permission View: can create on DAG Run:etl_open_weather
[2024-12-01T15:42:58.201+0500] {logging_mixin.py:190} INFO - [2024-12-01T15:42:58.200+0500] {dag.py:3239} INFO - Sync 1 DAGs
[2024-12-01T15:42:58.306+0500] {logging_mixin.py:190} INFO - [2024-12-01T15:42:58.306+0500] {dag.py:3262} INFO - Creating ORM DAG for etl_open_weather
[2024-12-01T15:42:58.319+0500] {logging_mixin.py:190} INFO - [2024-12-01T15:42:58.319+0500] {dag.py:4180} INFO - Setting next_dagrun for etl_open_weather to 2024-12-07 07:00:00+00:00, run_after=2024-12-14 07:00:00+00:00
[2024-12-01T15:42:58.347+0500] {processor.py:208} INFO - Processing /Users/hanan-nawaz/Documents/Projects/Pakistan_AQI_Analysis/dags/etl_dag.py took 0.653 seconds
[2024-12-01T15:43:32.414+0500] {processor.py:186} INFO - Started process (PID=33738) to work on /Users/hanan-nawaz/Documents/Projects/Pakistan_AQI_Analysis/dags/etl_dag.py
[2024-12-01T15:43:32.416+0500] {processor.py:914} INFO - Processing file /Users/hanan-nawaz/Documents/Projects/Pakistan_AQI_Analysis/dags/etl_dag.py for tasks to queue
[2024-12-01T15:43:32.418+0500] {logging_mixin.py:190} INFO - [2024-12-01T15:43:32.417+0500] {dagbag.py:588} INFO - Filling up the DagBag from /Users/hanan-nawaz/Documents/Projects/Pakistan_AQI_Analysis/dags/etl_dag.py
[2024-12-01T15:43:32.456+0500] {processor.py:925} INFO - DAG(s) 'etl_open_weather' retrieved from /Users/hanan-nawaz/Documents/Projects/Pakistan_AQI_Analysis/dags/etl_dag.py
[2024-12-01T15:43:32.643+0500] {logging_mixin.py:190} INFO - [2024-12-01T15:43:32.643+0500] {dag.py:3239} INFO - Sync 1 DAGs
[2024-12-01T15:43:32.672+0500] {logging_mixin.py:190} INFO - [2024-12-01T15:43:32.672+0500] {dag.py:4180} INFO - Setting next_dagrun for etl_open_weather to 2024-12-07 07:00:00+00:00, run_after=2024-12-14 07:00:00+00:00
[2024-12-01T15:43:32.711+0500] {processor.py:208} INFO - Processing /Users/hanan-nawaz/Documents/Projects/Pakistan_AQI_Analysis/dags/etl_dag.py took 0.303 seconds
[2024-12-01T15:44:05.888+0500] {processor.py:186} INFO - Started process (PID=33811) to work on /Users/hanan-nawaz/Documents/Projects/Pakistan_AQI_Analysis/dags/etl_dag.py
[2024-12-01T15:44:05.889+0500] {processor.py:914} INFO - Processing file /Users/hanan-nawaz/Documents/Projects/Pakistan_AQI_Analysis/dags/etl_dag.py for tasks to queue
[2024-12-01T15:44:05.890+0500] {logging_mixin.py:190} INFO - [2024-12-01T15:44:05.890+0500] {dagbag.py:588} INFO - Filling up the DagBag from /Users/hanan-nawaz/Documents/Projects/Pakistan_AQI_Analysis/dags/etl_dag.py
[2024-12-01T15:44:05.919+0500] {processor.py:925} INFO - DAG(s) 'etl_open_weather' retrieved from /Users/hanan-nawaz/Documents/Projects/Pakistan_AQI_Analysis/dags/etl_dag.py
[2024-12-01T15:44:06.071+0500] {logging_mixin.py:190} INFO - [2024-12-01T15:44:06.070+0500] {dag.py:3239} INFO - Sync 1 DAGs
[2024-12-01T15:44:06.099+0500] {logging_mixin.py:190} INFO - [2024-12-01T15:44:06.099+0500] {dag.py:4180} INFO - Setting next_dagrun for etl_open_weather to 2024-12-07 07:00:00+00:00, run_after=2024-12-14 07:00:00+00:00
[2024-12-01T15:44:06.124+0500] {processor.py:208} INFO - Processing /Users/hanan-nawaz/Documents/Projects/Pakistan_AQI_Analysis/dags/etl_dag.py took 0.244 seconds
[2024-12-01T15:45:40.961+0500] {processor.py:186} INFO - Started process (PID=34015) to work on /Users/hanan-nawaz/Documents/Projects/Pakistan_AQI_Analysis/dags/etl_dag.py
[2024-12-01T15:45:40.962+0500] {processor.py:914} INFO - Processing file /Users/hanan-nawaz/Documents/Projects/Pakistan_AQI_Analysis/dags/etl_dag.py for tasks to queue
[2024-12-01T15:45:40.963+0500] {logging_mixin.py:190} INFO - [2024-12-01T15:45:40.963+0500] {dagbag.py:588} INFO - Filling up the DagBag from /Users/hanan-nawaz/Documents/Projects/Pakistan_AQI_Analysis/dags/etl_dag.py
[2024-12-01T15:45:40.988+0500] {processor.py:925} INFO - DAG(s) 'etl_open_weather' retrieved from /Users/hanan-nawaz/Documents/Projects/Pakistan_AQI_Analysis/dags/etl_dag.py
[2024-12-01T15:45:41.094+0500] {logging_mixin.py:190} INFO - [2024-12-01T15:45:41.094+0500] {dag.py:3239} INFO - Sync 1 DAGs
[2024-12-01T15:45:41.114+0500] {logging_mixin.py:190} INFO - [2024-12-01T15:45:41.114+0500] {dag.py:4180} INFO - Setting next_dagrun for etl_open_weather to 2024-12-07 07:00:00+00:00, run_after=2024-12-14 07:00:00+00:00
[2024-12-01T15:45:41.138+0500] {processor.py:208} INFO - Processing /Users/hanan-nawaz/Documents/Projects/Pakistan_AQI_Analysis/dags/etl_dag.py took 0.183 seconds
[2024-12-01T15:46:15.953+0500] {processor.py:186} INFO - Started process (PID=34072) to work on /Users/hanan-nawaz/Documents/Projects/Pakistan_AQI_Analysis/dags/etl_dag.py
[2024-12-01T15:46:15.954+0500] {processor.py:914} INFO - Processing file /Users/hanan-nawaz/Documents/Projects/Pakistan_AQI_Analysis/dags/etl_dag.py for tasks to queue
[2024-12-01T15:46:15.955+0500] {logging_mixin.py:190} INFO - [2024-12-01T15:46:15.955+0500] {dagbag.py:588} INFO - Filling up the DagBag from /Users/hanan-nawaz/Documents/Projects/Pakistan_AQI_Analysis/dags/etl_dag.py
[2024-12-01T15:46:15.982+0500] {processor.py:925} INFO - DAG(s) 'etl_open_weather' retrieved from /Users/hanan-nawaz/Documents/Projects/Pakistan_AQI_Analysis/dags/etl_dag.py
[2024-12-01T15:46:16.105+0500] {logging_mixin.py:190} INFO - [2024-12-01T15:46:16.105+0500] {dag.py:3239} INFO - Sync 1 DAGs
[2024-12-01T15:46:16.125+0500] {logging_mixin.py:190} INFO - [2024-12-01T15:46:16.124+0500] {dag.py:4180} INFO - Setting next_dagrun for etl_open_weather to 2024-12-07 07:00:00+00:00, run_after=2024-12-14 07:00:00+00:00
[2024-12-01T15:46:16.147+0500] {processor.py:208} INFO - Processing /Users/hanan-nawaz/Documents/Projects/Pakistan_AQI_Analysis/dags/etl_dag.py took 0.199 seconds
[2024-12-01T15:48:07.679+0500] {processor.py:186} INFO - Started process (PID=34241) to work on /Users/hanan-nawaz/Documents/Projects/Pakistan_AQI_Analysis/dags/etl_dag.py
[2024-12-01T15:48:07.680+0500] {processor.py:914} INFO - Processing file /Users/hanan-nawaz/Documents/Projects/Pakistan_AQI_Analysis/dags/etl_dag.py for tasks to queue
[2024-12-01T15:48:07.681+0500] {logging_mixin.py:190} INFO - [2024-12-01T15:48:07.681+0500] {dagbag.py:588} INFO - Filling up the DagBag from /Users/hanan-nawaz/Documents/Projects/Pakistan_AQI_Analysis/dags/etl_dag.py
[2024-12-01T15:48:07.709+0500] {processor.py:925} INFO - DAG(s) 'etl_open_weather' retrieved from /Users/hanan-nawaz/Documents/Projects/Pakistan_AQI_Analysis/dags/etl_dag.py
[2024-12-01T15:48:07.817+0500] {logging_mixin.py:190} INFO - [2024-12-01T15:48:07.817+0500] {dag.py:3239} INFO - Sync 1 DAGs
[2024-12-01T15:48:07.836+0500] {logging_mixin.py:190} INFO - [2024-12-01T15:48:07.836+0500] {dag.py:4180} INFO - Setting next_dagrun for etl_open_weather to 2024-12-07 07:00:00+00:00, run_after=2024-12-14 07:00:00+00:00
[2024-12-01T15:48:07.857+0500] {processor.py:208} INFO - Processing /Users/hanan-nawaz/Documents/Projects/Pakistan_AQI_Analysis/dags/etl_dag.py took 0.183 seconds
[2024-12-01T15:48:42.652+0500] {processor.py:186} INFO - Started process (PID=34256) to work on /Users/hanan-nawaz/Documents/Projects/Pakistan_AQI_Analysis/dags/etl_dag.py
[2024-12-01T15:48:42.655+0500] {processor.py:914} INFO - Processing file /Users/hanan-nawaz/Documents/Projects/Pakistan_AQI_Analysis/dags/etl_dag.py for tasks to queue
[2024-12-01T15:48:42.659+0500] {logging_mixin.py:190} INFO - [2024-12-01T15:48:42.659+0500] {dagbag.py:588} INFO - Filling up the DagBag from /Users/hanan-nawaz/Documents/Projects/Pakistan_AQI_Analysis/dags/etl_dag.py
[2024-12-01T15:48:42.717+0500] {processor.py:925} INFO - DAG(s) 'etl_open_weather' retrieved from /Users/hanan-nawaz/Documents/Projects/Pakistan_AQI_Analysis/dags/etl_dag.py
[2024-12-01T15:48:42.959+0500] {logging_mixin.py:190} INFO - [2024-12-01T15:48:42.959+0500] {dag.py:3239} INFO - Sync 1 DAGs
[2024-12-01T15:48:42.986+0500] {logging_mixin.py:190} INFO - [2024-12-01T15:48:42.986+0500] {dag.py:4180} INFO - Setting next_dagrun for etl_open_weather to 2024-12-07 07:00:00+00:00, run_after=2024-12-14 07:00:00+00:00
[2024-12-01T15:48:43.035+0500] {processor.py:208} INFO - Processing /Users/hanan-nawaz/Documents/Projects/Pakistan_AQI_Analysis/dags/etl_dag.py took 0.390 seconds
[2024-12-01T16:11:03.380+0500] {processor.py:186} INFO - Started process (PID=34874) to work on /Users/hanan-nawaz/Documents/Projects/Pakistan_AQI_Analysis/dags/etl_dag.py
[2024-12-01T16:11:03.381+0500] {processor.py:914} INFO - Processing file /Users/hanan-nawaz/Documents/Projects/Pakistan_AQI_Analysis/dags/etl_dag.py for tasks to queue
[2024-12-01T16:11:03.382+0500] {logging_mixin.py:190} INFO - [2024-12-01T16:11:03.382+0500] {dagbag.py:588} INFO - Filling up the DagBag from /Users/hanan-nawaz/Documents/Projects/Pakistan_AQI_Analysis/dags/etl_dag.py
[2024-12-01T16:11:03.407+0500] {processor.py:925} INFO - DAG(s) 'etl_open_weather' retrieved from /Users/hanan-nawaz/Documents/Projects/Pakistan_AQI_Analysis/dags/etl_dag.py
[2024-12-01T16:11:03.525+0500] {logging_mixin.py:190} INFO - [2024-12-01T16:11:03.524+0500] {dag.py:3239} INFO - Sync 1 DAGs
[2024-12-01T16:11:03.544+0500] {logging_mixin.py:190} INFO - [2024-12-01T16:11:03.543+0500] {dag.py:4180} INFO - Setting next_dagrun for etl_open_weather to 2024-12-07 07:00:00+00:00, run_after=2024-12-14 07:00:00+00:00
[2024-12-01T16:11:03.566+0500] {processor.py:208} INFO - Processing /Users/hanan-nawaz/Documents/Projects/Pakistan_AQI_Analysis/dags/etl_dag.py took 0.190 seconds
[2024-12-01T16:21:01.189+0500] {processor.py:186} INFO - Started process (PID=35755) to work on /Users/hanan-nawaz/Documents/Projects/Pakistan_AQI_Analysis/dags/etl_dag.py
[2024-12-01T16:21:01.193+0500] {processor.py:914} INFO - Processing file /Users/hanan-nawaz/Documents/Projects/Pakistan_AQI_Analysis/dags/etl_dag.py for tasks to queue
[2024-12-01T16:21:01.196+0500] {logging_mixin.py:190} INFO - [2024-12-01T16:21:01.194+0500] {dagbag.py:588} INFO - Filling up the DagBag from /Users/hanan-nawaz/Documents/Projects/Pakistan_AQI_Analysis/dags/etl_dag.py
[2024-12-01T16:21:01.236+0500] {processor.py:925} INFO - DAG(s) 'etl_open_weather' retrieved from /Users/hanan-nawaz/Documents/Projects/Pakistan_AQI_Analysis/dags/etl_dag.py
[2024-12-01T16:21:01.385+0500] {logging_mixin.py:190} INFO - [2024-12-01T16:21:01.384+0500] {dag.py:3239} INFO - Sync 1 DAGs
[2024-12-01T16:21:01.411+0500] {logging_mixin.py:190} INFO - [2024-12-01T16:21:01.411+0500] {dag.py:4180} INFO - Setting next_dagrun for etl_open_weather to 2024-12-07 07:00:00+00:00, run_after=2024-12-14 07:00:00+00:00
[2024-12-01T16:21:01.444+0500] {processor.py:208} INFO - Processing /Users/hanan-nawaz/Documents/Projects/Pakistan_AQI_Analysis/dags/etl_dag.py took 0.260 seconds
[2024-12-01T16:21:34.689+0500] {processor.py:186} INFO - Started process (PID=35790) to work on /Users/hanan-nawaz/Documents/Projects/Pakistan_AQI_Analysis/dags/etl_dag.py
[2024-12-01T16:21:34.690+0500] {processor.py:914} INFO - Processing file /Users/hanan-nawaz/Documents/Projects/Pakistan_AQI_Analysis/dags/etl_dag.py for tasks to queue
[2024-12-01T16:21:34.691+0500] {logging_mixin.py:190} INFO - [2024-12-01T16:21:34.691+0500] {dagbag.py:588} INFO - Filling up the DagBag from /Users/hanan-nawaz/Documents/Projects/Pakistan_AQI_Analysis/dags/etl_dag.py
[2024-12-01T16:21:34.727+0500] {processor.py:925} INFO - DAG(s) 'etl_open_weather' retrieved from /Users/hanan-nawaz/Documents/Projects/Pakistan_AQI_Analysis/dags/etl_dag.py
[2024-12-01T16:21:34.868+0500] {logging_mixin.py:190} INFO - [2024-12-01T16:21:34.867+0500] {dag.py:3239} INFO - Sync 1 DAGs
[2024-12-01T16:21:34.891+0500] {logging_mixin.py:190} INFO - [2024-12-01T16:21:34.890+0500] {dag.py:4180} INFO - Setting next_dagrun for etl_open_weather to 2024-12-07 07:00:00+00:00, run_after=2024-12-14 07:00:00+00:00
[2024-12-01T16:21:34.915+0500] {processor.py:208} INFO - Processing /Users/hanan-nawaz/Documents/Projects/Pakistan_AQI_Analysis/dags/etl_dag.py took 0.233 seconds
[2024-12-01T16:22:07.727+0500] {processor.py:186} INFO - Started process (PID=35804) to work on /Users/hanan-nawaz/Documents/Projects/Pakistan_AQI_Analysis/dags/etl_dag.py
[2024-12-01T16:22:07.729+0500] {processor.py:914} INFO - Processing file /Users/hanan-nawaz/Documents/Projects/Pakistan_AQI_Analysis/dags/etl_dag.py for tasks to queue
[2024-12-01T16:22:07.730+0500] {logging_mixin.py:190} INFO - [2024-12-01T16:22:07.730+0500] {dagbag.py:588} INFO - Filling up the DagBag from /Users/hanan-nawaz/Documents/Projects/Pakistan_AQI_Analysis/dags/etl_dag.py
[2024-12-01T16:22:07.763+0500] {processor.py:925} INFO - DAG(s) 'etl_open_weather' retrieved from /Users/hanan-nawaz/Documents/Projects/Pakistan_AQI_Analysis/dags/etl_dag.py
[2024-12-01T16:22:07.887+0500] {logging_mixin.py:190} INFO - [2024-12-01T16:22:07.887+0500] {dag.py:3239} INFO - Sync 1 DAGs
[2024-12-01T16:22:07.909+0500] {logging_mixin.py:190} INFO - [2024-12-01T16:22:07.909+0500] {dag.py:4180} INFO - Setting next_dagrun for etl_open_weather to 2024-12-07 07:00:00+00:00, run_after=2024-12-14 07:00:00+00:00
[2024-12-01T16:22:07.932+0500] {processor.py:208} INFO - Processing /Users/hanan-nawaz/Documents/Projects/Pakistan_AQI_Analysis/dags/etl_dag.py took 0.212 seconds
[2024-12-01T16:22:41.024+0500] {processor.py:186} INFO - Started process (PID=35820) to work on /Users/hanan-nawaz/Documents/Projects/Pakistan_AQI_Analysis/dags/etl_dag.py
[2024-12-01T16:22:41.026+0500] {processor.py:914} INFO - Processing file /Users/hanan-nawaz/Documents/Projects/Pakistan_AQI_Analysis/dags/etl_dag.py for tasks to queue
[2024-12-01T16:22:41.027+0500] {logging_mixin.py:190} INFO - [2024-12-01T16:22:41.026+0500] {dagbag.py:588} INFO - Filling up the DagBag from /Users/hanan-nawaz/Documents/Projects/Pakistan_AQI_Analysis/dags/etl_dag.py
[2024-12-01T16:22:41.063+0500] {processor.py:925} INFO - DAG(s) 'etl_open_weather' retrieved from /Users/hanan-nawaz/Documents/Projects/Pakistan_AQI_Analysis/dags/etl_dag.py
[2024-12-01T16:22:41.223+0500] {logging_mixin.py:190} INFO - [2024-12-01T16:22:41.222+0500] {dag.py:3239} INFO - Sync 1 DAGs
[2024-12-01T16:22:41.247+0500] {logging_mixin.py:190} INFO - [2024-12-01T16:22:41.247+0500] {dag.py:4180} INFO - Setting next_dagrun for etl_open_weather to 2024-12-07 07:00:00+00:00, run_after=2024-12-14 07:00:00+00:00
[2024-12-01T16:22:41.277+0500] {processor.py:208} INFO - Processing /Users/hanan-nawaz/Documents/Projects/Pakistan_AQI_Analysis/dags/etl_dag.py took 0.259 seconds
[2024-12-01T16:23:13.993+0500] {processor.py:186} INFO - Started process (PID=35851) to work on /Users/hanan-nawaz/Documents/Projects/Pakistan_AQI_Analysis/dags/etl_dag.py
[2024-12-01T16:23:13.995+0500] {processor.py:914} INFO - Processing file /Users/hanan-nawaz/Documents/Projects/Pakistan_AQI_Analysis/dags/etl_dag.py for tasks to queue
[2024-12-01T16:23:13.996+0500] {logging_mixin.py:190} INFO - [2024-12-01T16:23:13.996+0500] {dagbag.py:588} INFO - Filling up the DagBag from /Users/hanan-nawaz/Documents/Projects/Pakistan_AQI_Analysis/dags/etl_dag.py
[2024-12-01T16:23:14.032+0500] {processor.py:925} INFO - DAG(s) 'etl_open_weather' retrieved from /Users/hanan-nawaz/Documents/Projects/Pakistan_AQI_Analysis/dags/etl_dag.py
[2024-12-01T16:23:14.189+0500] {logging_mixin.py:190} INFO - [2024-12-01T16:23:14.189+0500] {dag.py:3239} INFO - Sync 1 DAGs
[2024-12-01T16:23:14.213+0500] {logging_mixin.py:190} INFO - [2024-12-01T16:23:14.213+0500] {dag.py:4180} INFO - Setting next_dagrun for etl_open_weather to 2024-12-07 07:00:00+00:00, run_after=2024-12-14 07:00:00+00:00
[2024-12-01T16:23:14.241+0500] {processor.py:208} INFO - Processing /Users/hanan-nawaz/Documents/Projects/Pakistan_AQI_Analysis/dags/etl_dag.py took 0.254 seconds
[2024-12-01T16:23:47.168+0500] {processor.py:186} INFO - Started process (PID=35863) to work on /Users/hanan-nawaz/Documents/Projects/Pakistan_AQI_Analysis/dags/etl_dag.py
[2024-12-01T16:23:47.170+0500] {processor.py:914} INFO - Processing file /Users/hanan-nawaz/Documents/Projects/Pakistan_AQI_Analysis/dags/etl_dag.py for tasks to queue
[2024-12-01T16:23:47.171+0500] {logging_mixin.py:190} INFO - [2024-12-01T16:23:47.170+0500] {dagbag.py:588} INFO - Filling up the DagBag from /Users/hanan-nawaz/Documents/Projects/Pakistan_AQI_Analysis/dags/etl_dag.py
[2024-12-01T16:23:47.198+0500] {processor.py:925} INFO - DAG(s) 'etl_open_weather' retrieved from /Users/hanan-nawaz/Documents/Projects/Pakistan_AQI_Analysis/dags/etl_dag.py
[2024-12-01T16:23:47.321+0500] {logging_mixin.py:190} INFO - [2024-12-01T16:23:47.320+0500] {dag.py:3239} INFO - Sync 1 DAGs
[2024-12-01T16:23:47.344+0500] {logging_mixin.py:190} INFO - [2024-12-01T16:23:47.343+0500] {dag.py:4180} INFO - Setting next_dagrun for etl_open_weather to 2024-12-07 07:00:00+00:00, run_after=2024-12-14 07:00:00+00:00
[2024-12-01T16:23:47.367+0500] {processor.py:208} INFO - Processing /Users/hanan-nawaz/Documents/Projects/Pakistan_AQI_Analysis/dags/etl_dag.py took 0.203 seconds
[2024-12-01T16:24:19.745+0500] {processor.py:186} INFO - Started process (PID=35870) to work on /Users/hanan-nawaz/Documents/Projects/Pakistan_AQI_Analysis/dags/etl_dag.py
[2024-12-01T16:24:19.747+0500] {processor.py:914} INFO - Processing file /Users/hanan-nawaz/Documents/Projects/Pakistan_AQI_Analysis/dags/etl_dag.py for tasks to queue
[2024-12-01T16:24:19.748+0500] {logging_mixin.py:190} INFO - [2024-12-01T16:24:19.748+0500] {dagbag.py:588} INFO - Filling up the DagBag from /Users/hanan-nawaz/Documents/Projects/Pakistan_AQI_Analysis/dags/etl_dag.py
[2024-12-01T16:24:19.784+0500] {processor.py:925} INFO - DAG(s) 'etl_open_weather' retrieved from /Users/hanan-nawaz/Documents/Projects/Pakistan_AQI_Analysis/dags/etl_dag.py
[2024-12-01T16:24:19.916+0500] {logging_mixin.py:190} INFO - [2024-12-01T16:24:19.915+0500] {dag.py:3239} INFO - Sync 1 DAGs
[2024-12-01T16:24:19.938+0500] {logging_mixin.py:190} INFO - [2024-12-01T16:24:19.938+0500] {dag.py:4180} INFO - Setting next_dagrun for etl_open_weather to 2024-12-07 07:00:00+00:00, run_after=2024-12-14 07:00:00+00:00
[2024-12-01T16:24:19.963+0500] {processor.py:208} INFO - Processing /Users/hanan-nawaz/Documents/Projects/Pakistan_AQI_Analysis/dags/etl_dag.py took 0.223 seconds
[2024-12-01T16:24:38.696+0500] {processor.py:186} INFO - Started process (PID=35874) to work on /Users/hanan-nawaz/Documents/Projects/Pakistan_AQI_Analysis/dags/etl_dag.py
[2024-12-01T16:24:38.697+0500] {processor.py:914} INFO - Processing file /Users/hanan-nawaz/Documents/Projects/Pakistan_AQI_Analysis/dags/etl_dag.py for tasks to queue
[2024-12-01T16:24:38.698+0500] {logging_mixin.py:190} INFO - [2024-12-01T16:24:38.698+0500] {dagbag.py:588} INFO - Filling up the DagBag from /Users/hanan-nawaz/Documents/Projects/Pakistan_AQI_Analysis/dags/etl_dag.py
[2024-12-01T16:24:38.729+0500] {processor.py:925} INFO - DAG(s) 'etl_open_weather' retrieved from /Users/hanan-nawaz/Documents/Projects/Pakistan_AQI_Analysis/dags/etl_dag.py
[2024-12-01T16:24:38.913+0500] {logging_mixin.py:190} INFO - [2024-12-01T16:24:38.912+0500] {dag.py:3239} INFO - Sync 1 DAGs
[2024-12-01T16:24:38.934+0500] {logging_mixin.py:190} INFO - [2024-12-01T16:24:38.934+0500] {dag.py:4180} INFO - Setting next_dagrun for etl_open_weather to 2024-12-07 07:00:00+00:00, run_after=2024-12-14 07:00:00+00:00
[2024-12-01T16:24:38.959+0500] {processor.py:208} INFO - Processing /Users/hanan-nawaz/Documents/Projects/Pakistan_AQI_Analysis/dags/etl_dag.py took 0.269 seconds
[2024-12-01T16:25:12.643+0500] {processor.py:186} INFO - Started process (PID=35887) to work on /Users/hanan-nawaz/Documents/Projects/Pakistan_AQI_Analysis/dags/etl_dag.py
[2024-12-01T16:25:12.645+0500] {processor.py:914} INFO - Processing file /Users/hanan-nawaz/Documents/Projects/Pakistan_AQI_Analysis/dags/etl_dag.py for tasks to queue
[2024-12-01T16:25:12.646+0500] {logging_mixin.py:190} INFO - [2024-12-01T16:25:12.646+0500] {dagbag.py:588} INFO - Filling up the DagBag from /Users/hanan-nawaz/Documents/Projects/Pakistan_AQI_Analysis/dags/etl_dag.py
[2024-12-01T16:25:12.682+0500] {processor.py:925} INFO - DAG(s) 'etl_open_weather' retrieved from /Users/hanan-nawaz/Documents/Projects/Pakistan_AQI_Analysis/dags/etl_dag.py
[2024-12-01T16:25:12.824+0500] {logging_mixin.py:190} INFO - [2024-12-01T16:25:12.824+0500] {dag.py:3239} INFO - Sync 1 DAGs
[2024-12-01T16:25:12.861+0500] {logging_mixin.py:190} INFO - [2024-12-01T16:25:12.860+0500] {dag.py:4180} INFO - Setting next_dagrun for etl_open_weather to 2024-12-07 07:00:00+00:00, run_after=2024-12-14 07:00:00+00:00
[2024-12-01T16:25:12.898+0500] {processor.py:208} INFO - Processing /Users/hanan-nawaz/Documents/Projects/Pakistan_AQI_Analysis/dags/etl_dag.py took 0.262 seconds
[2024-12-01T16:25:45.575+0500] {processor.py:186} INFO - Started process (PID=35891) to work on /Users/hanan-nawaz/Documents/Projects/Pakistan_AQI_Analysis/dags/etl_dag.py
[2024-12-01T16:25:45.576+0500] {processor.py:914} INFO - Processing file /Users/hanan-nawaz/Documents/Projects/Pakistan_AQI_Analysis/dags/etl_dag.py for tasks to queue
[2024-12-01T16:25:45.578+0500] {logging_mixin.py:190} INFO - [2024-12-01T16:25:45.578+0500] {dagbag.py:588} INFO - Filling up the DagBag from /Users/hanan-nawaz/Documents/Projects/Pakistan_AQI_Analysis/dags/etl_dag.py
[2024-12-01T16:25:45.609+0500] {processor.py:925} INFO - DAG(s) 'etl_open_weather' retrieved from /Users/hanan-nawaz/Documents/Projects/Pakistan_AQI_Analysis/dags/etl_dag.py
[2024-12-01T16:25:45.740+0500] {logging_mixin.py:190} INFO - [2024-12-01T16:25:45.740+0500] {dag.py:3239} INFO - Sync 1 DAGs
[2024-12-01T16:25:45.760+0500] {logging_mixin.py:190} INFO - [2024-12-01T16:25:45.760+0500] {dag.py:4180} INFO - Setting next_dagrun for etl_open_weather to 2024-12-07 07:00:00+00:00, run_after=2024-12-14 07:00:00+00:00
[2024-12-01T16:25:45.782+0500] {processor.py:208} INFO - Processing /Users/hanan-nawaz/Documents/Projects/Pakistan_AQI_Analysis/dags/etl_dag.py took 0.215 seconds
[2024-12-01T16:26:17.928+0500] {processor.py:186} INFO - Started process (PID=35904) to work on /Users/hanan-nawaz/Documents/Projects/Pakistan_AQI_Analysis/dags/etl_dag.py
[2024-12-01T16:26:17.929+0500] {processor.py:914} INFO - Processing file /Users/hanan-nawaz/Documents/Projects/Pakistan_AQI_Analysis/dags/etl_dag.py for tasks to queue
[2024-12-01T16:26:17.930+0500] {logging_mixin.py:190} INFO - [2024-12-01T16:26:17.930+0500] {dagbag.py:588} INFO - Filling up the DagBag from /Users/hanan-nawaz/Documents/Projects/Pakistan_AQI_Analysis/dags/etl_dag.py
[2024-12-01T16:26:17.954+0500] {processor.py:925} INFO - DAG(s) 'etl_open_weather' retrieved from /Users/hanan-nawaz/Documents/Projects/Pakistan_AQI_Analysis/dags/etl_dag.py
[2024-12-01T16:26:18.059+0500] {logging_mixin.py:190} INFO - [2024-12-01T16:26:18.058+0500] {dag.py:3239} INFO - Sync 1 DAGs
[2024-12-01T16:26:18.081+0500] {logging_mixin.py:190} INFO - [2024-12-01T16:26:18.081+0500] {dag.py:4180} INFO - Setting next_dagrun for etl_open_weather to 2024-12-07 07:00:00+00:00, run_after=2024-12-14 07:00:00+00:00
[2024-12-01T16:26:18.105+0500] {processor.py:208} INFO - Processing /Users/hanan-nawaz/Documents/Projects/Pakistan_AQI_Analysis/dags/etl_dag.py took 0.182 seconds
[2024-12-01T16:26:50.992+0500] {processor.py:186} INFO - Started process (PID=35910) to work on /Users/hanan-nawaz/Documents/Projects/Pakistan_AQI_Analysis/dags/etl_dag.py
[2024-12-01T16:26:50.994+0500] {processor.py:914} INFO - Processing file /Users/hanan-nawaz/Documents/Projects/Pakistan_AQI_Analysis/dags/etl_dag.py for tasks to queue
[2024-12-01T16:26:50.995+0500] {logging_mixin.py:190} INFO - [2024-12-01T16:26:50.994+0500] {dagbag.py:588} INFO - Filling up the DagBag from /Users/hanan-nawaz/Documents/Projects/Pakistan_AQI_Analysis/dags/etl_dag.py
[2024-12-01T16:26:51.023+0500] {processor.py:925} INFO - DAG(s) 'etl_open_weather' retrieved from /Users/hanan-nawaz/Documents/Projects/Pakistan_AQI_Analysis/dags/etl_dag.py
[2024-12-01T16:26:51.134+0500] {logging_mixin.py:190} INFO - [2024-12-01T16:26:51.134+0500] {dag.py:3239} INFO - Sync 1 DAGs
[2024-12-01T16:26:51.156+0500] {logging_mixin.py:190} INFO - [2024-12-01T16:26:51.155+0500] {dag.py:4180} INFO - Setting next_dagrun for etl_open_weather to 2024-12-07 07:00:00+00:00, run_after=2024-12-14 07:00:00+00:00
[2024-12-01T16:26:51.178+0500] {processor.py:208} INFO - Processing /Users/hanan-nawaz/Documents/Projects/Pakistan_AQI_Analysis/dags/etl_dag.py took 0.191 seconds
[2024-12-01T16:27:23.554+0500] {processor.py:186} INFO - Started process (PID=35945) to work on /Users/hanan-nawaz/Documents/Projects/Pakistan_AQI_Analysis/dags/etl_dag.py
[2024-12-01T16:27:23.555+0500] {processor.py:914} INFO - Processing file /Users/hanan-nawaz/Documents/Projects/Pakistan_AQI_Analysis/dags/etl_dag.py for tasks to queue
[2024-12-01T16:27:23.556+0500] {logging_mixin.py:190} INFO - [2024-12-01T16:27:23.556+0500] {dagbag.py:588} INFO - Filling up the DagBag from /Users/hanan-nawaz/Documents/Projects/Pakistan_AQI_Analysis/dags/etl_dag.py
[2024-12-01T16:27:23.603+0500] {processor.py:925} INFO - DAG(s) 'etl_open_weather' retrieved from /Users/hanan-nawaz/Documents/Projects/Pakistan_AQI_Analysis/dags/etl_dag.py
[2024-12-01T16:27:23.777+0500] {logging_mixin.py:190} INFO - [2024-12-01T16:27:23.777+0500] {dag.py:3239} INFO - Sync 1 DAGs
[2024-12-01T16:27:23.798+0500] {logging_mixin.py:190} INFO - [2024-12-01T16:27:23.798+0500] {dag.py:4180} INFO - Setting next_dagrun for etl_open_weather to 2024-12-07 07:00:00+00:00, run_after=2024-12-14 07:00:00+00:00
[2024-12-01T16:27:23.826+0500] {processor.py:208} INFO - Processing /Users/hanan-nawaz/Documents/Projects/Pakistan_AQI_Analysis/dags/etl_dag.py took 0.283 seconds
[2024-12-01T16:27:56.064+0500] {processor.py:186} INFO - Started process (PID=35974) to work on /Users/hanan-nawaz/Documents/Projects/Pakistan_AQI_Analysis/dags/etl_dag.py
[2024-12-01T16:27:56.065+0500] {processor.py:914} INFO - Processing file /Users/hanan-nawaz/Documents/Projects/Pakistan_AQI_Analysis/dags/etl_dag.py for tasks to queue
[2024-12-01T16:27:56.066+0500] {logging_mixin.py:190} INFO - [2024-12-01T16:27:56.066+0500] {dagbag.py:588} INFO - Filling up the DagBag from /Users/hanan-nawaz/Documents/Projects/Pakistan_AQI_Analysis/dags/etl_dag.py
[2024-12-01T16:27:56.101+0500] {processor.py:925} INFO - DAG(s) 'etl_open_weather' retrieved from /Users/hanan-nawaz/Documents/Projects/Pakistan_AQI_Analysis/dags/etl_dag.py
[2024-12-01T16:27:56.362+0500] {logging_mixin.py:190} INFO - [2024-12-01T16:27:56.361+0500] {override.py:1911} INFO - Created Permission View: can edit on DAG:etl_open_weather
[2024-12-01T16:27:56.371+0500] {logging_mixin.py:190} INFO - [2024-12-01T16:27:56.371+0500] {override.py:1911} INFO - Created Permission View: can read on DAG:etl_open_weather
[2024-12-01T16:27:56.380+0500] {logging_mixin.py:190} INFO - [2024-12-01T16:27:56.380+0500] {override.py:1911} INFO - Created Permission View: can delete on DAG:etl_open_weather
[2024-12-01T16:27:56.393+0500] {logging_mixin.py:190} INFO - [2024-12-01T16:27:56.393+0500] {override.py:1911} INFO - Created Permission View: menu access on DAG Run:etl_open_weather
[2024-12-01T16:27:56.404+0500] {logging_mixin.py:190} INFO - [2024-12-01T16:27:56.403+0500] {override.py:1911} INFO - Created Permission View: can create on DAG Run:etl_open_weather
[2024-12-01T16:27:56.420+0500] {logging_mixin.py:190} INFO - [2024-12-01T16:27:56.420+0500] {override.py:1911} INFO - Created Permission View: can read on DAG Run:etl_open_weather
[2024-12-01T16:27:56.427+0500] {logging_mixin.py:190} INFO - [2024-12-01T16:27:56.426+0500] {override.py:1911} INFO - Created Permission View: can delete on DAG Run:etl_open_weather
[2024-12-01T16:27:56.428+0500] {logging_mixin.py:190} INFO - [2024-12-01T16:27:56.427+0500] {dag.py:3239} INFO - Sync 1 DAGs
[2024-12-01T16:27:56.517+0500] {logging_mixin.py:190} INFO - [2024-12-01T16:27:56.516+0500] {dag.py:3262} INFO - Creating ORM DAG for etl_open_weather
[2024-12-01T16:27:56.525+0500] {logging_mixin.py:190} INFO - [2024-12-01T16:27:56.525+0500] {dag.py:4180} INFO - Setting next_dagrun for etl_open_weather to 2024-12-07 07:00:00+00:00, run_after=2024-12-14 07:00:00+00:00
[2024-12-01T16:27:56.542+0500] {processor.py:208} INFO - Processing /Users/hanan-nawaz/Documents/Projects/Pakistan_AQI_Analysis/dags/etl_dag.py took 0.485 seconds
[2024-12-01T16:28:28.722+0500] {processor.py:186} INFO - Started process (PID=35990) to work on /Users/hanan-nawaz/Documents/Projects/Pakistan_AQI_Analysis/dags/etl_dag.py
[2024-12-01T16:28:28.724+0500] {processor.py:914} INFO - Processing file /Users/hanan-nawaz/Documents/Projects/Pakistan_AQI_Analysis/dags/etl_dag.py for tasks to queue
[2024-12-01T16:28:28.725+0500] {logging_mixin.py:190} INFO - [2024-12-01T16:28:28.725+0500] {dagbag.py:588} INFO - Filling up the DagBag from /Users/hanan-nawaz/Documents/Projects/Pakistan_AQI_Analysis/dags/etl_dag.py
[2024-12-01T16:28:28.754+0500] {processor.py:925} INFO - DAG(s) 'etl_open_weather' retrieved from /Users/hanan-nawaz/Documents/Projects/Pakistan_AQI_Analysis/dags/etl_dag.py
[2024-12-01T16:28:28.901+0500] {logging_mixin.py:190} INFO - [2024-12-01T16:28:28.900+0500] {dag.py:3239} INFO - Sync 1 DAGs
[2024-12-01T16:28:28.926+0500] {logging_mixin.py:190} INFO - [2024-12-01T16:28:28.926+0500] {dag.py:4180} INFO - Setting next_dagrun for etl_open_weather to 2024-12-07 07:00:00+00:00, run_after=2024-12-14 07:00:00+00:00
[2024-12-01T16:28:28.953+0500] {processor.py:208} INFO - Processing /Users/hanan-nawaz/Documents/Projects/Pakistan_AQI_Analysis/dags/etl_dag.py took 0.238 seconds
