[2024-12-02T17:33:10.544+0500] {manager.py:483} INFO - Processing files using up to 1 processes at a time 
[2024-12-02T17:33:10.544+0500] {manager.py:484} INFO - Process each file at most once every 30 seconds
[2024-12-02T17:33:10.544+0500] {manager.py:485} INFO - Checking for new files in /Users/hanan-nawaz/Documents/Projects/Pakistan_AQI_Analysis/dags every 300 seconds
[2024-12-02T17:33:10.545+0500] {manager.py:821} INFO - Searching for files in /Users/hanan-nawaz/Documents/Projects/Pakistan_AQI_Analysis/dags
[2024-12-02T17:33:10.546+0500] {manager.py:824} INFO - There are 1 files in /Users/hanan-nawaz/Documents/Projects/Pakistan_AQI_Analysis/dags
[2024-12-02T17:33:14.697+0500] {manager.py:997} INFO - 
================================================================================
DAG File Processing Stats

File Path                                                                    PID    Runtime      # DAGs    # Errors  Last Runtime    Last Run               Last # of DB Queries
---------------------------------------------------------------------------  -----  ---------  --------  ----------  --------------  -------------------  ----------------------
/Users/hanan-nawaz/Documents/Projects/Pakistan_AQI_Analysis/dags/etl_dag.py                           1           0  3.83s           2024-12-02T12:33:14                      12
================================================================================
[2024-12-02T17:33:48.805+0500] {manager.py:997} INFO - 
================================================================================
DAG File Processing Stats

File Path                                                                    PID    Runtime      # DAGs    # Errors  Last Runtime    Last Run               Last # of DB Queries
---------------------------------------------------------------------------  -----  ---------  --------  ----------  --------------  -------------------  ----------------------
/Users/hanan-nawaz/Documents/Projects/Pakistan_AQI_Analysis/dags/etl_dag.py                           0           1  3.78s           2024-12-02T12:33:48                       3
================================================================================
[2024-12-02T17:34:18.963+0500] {manager.py:997} INFO - 
================================================================================
DAG File Processing Stats

File Path                                                                    PID    Runtime      # DAGs    # Errors  Last Runtime    Last Run               Last # of DB Queries
---------------------------------------------------------------------------  -----  ---------  --------  ----------  --------------  -------------------  ----------------------
/Users/hanan-nawaz/Documents/Projects/Pakistan_AQI_Analysis/dags/etl_dag.py                           1           0  3.34s           2024-12-02T12:34:17                      11
================================================================================
[2024-12-02T17:34:49.115+0500] {manager.py:997} INFO - 
================================================================================
DAG File Processing Stats

File Path                                                                    PID    Runtime      # DAGs    # Errors  Last Runtime    Last Run               Last # of DB Queries
---------------------------------------------------------------------------  -----  ---------  --------  ----------  --------------  -------------------  ----------------------
/Users/hanan-nawaz/Documents/Projects/Pakistan_AQI_Analysis/dags/etl_dag.py                           1           0  2.88s           2024-12-02T12:34:48                      12
================================================================================
[2024-12-02T17:35:19.296+0500] {manager.py:997} INFO - 
================================================================================
DAG File Processing Stats

File Path                                                                    PID    Runtime      # DAGs    # Errors  Last Runtime    Last Run               Last # of DB Queries
---------------------------------------------------------------------------  -----  ---------  --------  ----------  --------------  -------------------  ----------------------
/Users/hanan-nawaz/Documents/Projects/Pakistan_AQI_Analysis/dags/etl_dag.py                           1           0  3.01s           2024-12-02T12:35:04                      12
================================================================================
[2024-12-02T17:35:50.292+0500] {manager.py:997} INFO - 
================================================================================
DAG File Processing Stats

File Path                                                                    PID    Runtime      # DAGs    # Errors  Last Runtime    Last Run               Last # of DB Queries
---------------------------------------------------------------------------  -----  ---------  --------  ----------  --------------  -------------------  ----------------------
/Users/hanan-nawaz/Documents/Projects/Pakistan_AQI_Analysis/dags/etl_dag.py                           1           0  4.03s           2024-12-02T12:35:38                      12
================================================================================
[2024-12-02T17:36:20.380+0500] {manager.py:997} INFO - 
================================================================================
DAG File Processing Stats

File Path                                                                    PID    Runtime      # DAGs    # Errors  Last Runtime    Last Run               Last # of DB Queries
---------------------------------------------------------------------------  -----  ---------  --------  ----------  --------------  -------------------  ----------------------
/Users/hanan-nawaz/Documents/Projects/Pakistan_AQI_Analysis/dags/etl_dag.py                           1           0  5.10s           2024-12-02T12:36:14                      12
================================================================================
[2024-12-02T17:36:50.694+0500] {manager.py:997} INFO - 
================================================================================
DAG File Processing Stats

File Path                                                                    PID    Runtime      # DAGs    # Errors  Last Runtime    Last Run               Last # of DB Queries
---------------------------------------------------------------------------  -----  ---------  --------  ----------  --------------  -------------------  ----------------------
/Users/hanan-nawaz/Documents/Projects/Pakistan_AQI_Analysis/dags/etl_dag.py                           1           0  3.15s           2024-12-02T12:36:47                      12
================================================================================
[2024-12-02T17:37:22.009+0500] {manager.py:997} INFO - 
================================================================================
DAG File Processing Stats

File Path                                                                    PID    Runtime      # DAGs    # Errors  Last Runtime    Last Run               Last # of DB Queries
---------------------------------------------------------------------------  -----  ---------  --------  ----------  --------------  -------------------  ----------------------
/Users/hanan-nawaz/Documents/Projects/Pakistan_AQI_Analysis/dags/etl_dag.py                           1           0  3.75s           2024-12-02T12:37:22                      12
================================================================================
[2024-12-02T17:37:54.152+0500] {manager.py:997} INFO - 
================================================================================
DAG File Processing Stats

File Path                                                                    PID    Runtime      # DAGs    # Errors  Last Runtime    Last Run               Last # of DB Queries
---------------------------------------------------------------------------  -----  ---------  --------  ----------  --------------  -------------------  ----------------------
/Users/hanan-nawaz/Documents/Projects/Pakistan_AQI_Analysis/dags/etl_dag.py                           1           0  3.41s           2024-12-02T12:37:36                      34
================================================================================
[2024-12-02T17:38:11.602+0500] {manager.py:821} INFO - Searching for files in /Users/hanan-nawaz/Documents/Projects/Pakistan_AQI_Analysis/dags
[2024-12-02T17:38:11.604+0500] {manager.py:824} INFO - There are 1 files in /Users/hanan-nawaz/Documents/Projects/Pakistan_AQI_Analysis/dags
[2024-12-02T17:38:27.507+0500] {manager.py:997} INFO - 
================================================================================
DAG File Processing Stats

File Path                                                                    PID    Runtime      # DAGs    # Errors  Last Runtime    Last Run               Last # of DB Queries
---------------------------------------------------------------------------  -----  ---------  --------  ----------  --------------  -------------------  ----------------------
/Users/hanan-nawaz/Documents/Projects/Pakistan_AQI_Analysis/dags/etl_dag.py                           1           0  3.10s           2024-12-02T12:38:10                      12
================================================================================
[2024-12-02T17:38:57.596+0500] {manager.py:997} INFO - 
================================================================================
DAG File Processing Stats

File Path                                                                    PID    Runtime      # DAGs    # Errors  Last Runtime    Last Run               Last # of DB Queries
---------------------------------------------------------------------------  -----  ---------  --------  ----------  --------------  -------------------  ----------------------
/Users/hanan-nawaz/Documents/Projects/Pakistan_AQI_Analysis/dags/etl_dag.py                           1           0  2.80s           2024-12-02T12:38:43                      12
================================================================================
[2024-12-02T17:39:27.732+0500] {manager.py:997} INFO - 
================================================================================
DAG File Processing Stats

File Path                                                                    PID    Runtime      # DAGs    # Errors  Last Runtime    Last Run               Last # of DB Queries
---------------------------------------------------------------------------  -----  ---------  --------  ----------  --------------  -------------------  ----------------------
/Users/hanan-nawaz/Documents/Projects/Pakistan_AQI_Analysis/dags/etl_dag.py                           1           0  2.74s           2024-12-02T12:39:16                      12
================================================================================
[2024-12-02T17:39:58.638+0500] {manager.py:997} INFO - 
================================================================================
DAG File Processing Stats

File Path                                                                    PID    Runtime      # DAGs    # Errors  Last Runtime    Last Run               Last # of DB Queries
---------------------------------------------------------------------------  -----  ---------  --------  ----------  --------------  -------------------  ----------------------
/Users/hanan-nawaz/Documents/Projects/Pakistan_AQI_Analysis/dags/etl_dag.py                           1           0  2.99s           2024-12-02T12:39:49                      12
================================================================================
[2024-12-02T17:40:28.984+0500] {manager.py:997} INFO - 
================================================================================
DAG File Processing Stats

File Path                                                                    PID    Runtime      # DAGs    # Errors  Last Runtime    Last Run               Last # of DB Queries
---------------------------------------------------------------------------  -----  ---------  --------  ----------  --------------  -------------------  ----------------------
/Users/hanan-nawaz/Documents/Projects/Pakistan_AQI_Analysis/dags/etl_dag.py                           1           0  3.27s           2024-12-02T12:40:22                      12
================================================================================
[2024-12-02T17:40:59.033+0500] {manager.py:997} INFO - 
================================================================================
DAG File Processing Stats

File Path                                                                    PID    Runtime      # DAGs    # Errors  Last Runtime    Last Run               Last # of DB Queries
---------------------------------------------------------------------------  -----  ---------  --------  ----------  --------------  -------------------  ----------------------
/Users/hanan-nawaz/Documents/Projects/Pakistan_AQI_Analysis/dags/etl_dag.py                           1           0  2.88s           2024-12-02T12:40:55                      12
================================================================================
[2024-12-02T17:41:29.820+0500] {manager.py:997} INFO - 
================================================================================
DAG File Processing Stats

File Path                                                                    PID    Runtime      # DAGs    # Errors  Last Runtime    Last Run               Last # of DB Queries
---------------------------------------------------------------------------  -----  ---------  --------  ----------  --------------  -------------------  ----------------------
/Users/hanan-nawaz/Documents/Projects/Pakistan_AQI_Analysis/dags/etl_dag.py                           1           0  2.60s           2024-12-02T12:41:28                      12
================================================================================
[2024-12-02T18:20:24.054+0500] {manager.py:821} INFO - Searching for files in /Users/hanan-nawaz/Documents/Projects/Pakistan_AQI_Analysis/dags
[2024-12-02T18:20:24.060+0500] {manager.py:824} INFO - There are 1 files in /Users/hanan-nawaz/Documents/Projects/Pakistan_AQI_Analysis/dags
[2024-12-02T18:20:51.185+0500] {manager.py:997} INFO - 
================================================================================
DAG File Processing Stats

File Path                                                                    PID    Runtime      # DAGs    # Errors  Last Runtime    Last Run               Last # of DB Queries
---------------------------------------------------------------------------  -----  ---------  --------  ----------  --------------  -------------------  ----------------------
/Users/hanan-nawaz/Documents/Projects/Pakistan_AQI_Analysis/dags/etl_dag.py                           1           0  5.41s           2024-12-02T13:20:29                      12
================================================================================
[2024-12-02T18:21:21.535+0500] {manager.py:997} INFO - 
================================================================================
DAG File Processing Stats

File Path                                                                    PID    Runtime      # DAGs    # Errors  Last Runtime    Last Run               Last # of DB Queries
---------------------------------------------------------------------------  -----  ---------  --------  ----------  --------------  -------------------  ----------------------
/Users/hanan-nawaz/Documents/Projects/Pakistan_AQI_Analysis/dags/etl_dag.py                           1           0  3.97s           2024-12-02T13:21:04                      12
================================================================================
[2024-12-02T18:21:52.465+0500] {manager.py:997} INFO - 
================================================================================
DAG File Processing Stats

File Path                                                                    PID    Runtime      # DAGs    # Errors  Last Runtime    Last Run               Last # of DB Queries
---------------------------------------------------------------------------  -----  ---------  --------  ----------  --------------  -------------------  ----------------------
/Users/hanan-nawaz/Documents/Projects/Pakistan_AQI_Analysis/dags/etl_dag.py                           1           0  2.84s           2024-12-02T13:21:37                      12
================================================================================
[2024-12-02T18:22:22.586+0500] {manager.py:997} INFO - 
================================================================================
DAG File Processing Stats

File Path                                                                    PID    Runtime      # DAGs    # Errors  Last Runtime    Last Run               Last # of DB Queries
---------------------------------------------------------------------------  -----  ---------  --------  ----------  --------------  -------------------  ----------------------
/Users/hanan-nawaz/Documents/Projects/Pakistan_AQI_Analysis/dags/etl_dag.py                           1           0  4.98s           2024-12-02T13:22:12                      12
================================================================================
[2024-12-02T18:22:52.689+0500] {manager.py:997} INFO - 
================================================================================
DAG File Processing Stats

File Path                                                                    PID    Runtime      # DAGs    # Errors  Last Runtime    Last Run               Last # of DB Queries
---------------------------------------------------------------------------  -----  ---------  --------  ----------  --------------  -------------------  ----------------------
/Users/hanan-nawaz/Documents/Projects/Pakistan_AQI_Analysis/dags/etl_dag.py                           1           0  3.57s           2024-12-02T13:22:51                      12
================================================================================
[2024-12-02T18:23:25.479+0500] {manager.py:997} INFO - 
================================================================================
DAG File Processing Stats

File Path                                                                    PID    Runtime      # DAGs    # Errors  Last Runtime    Last Run               Last # of DB Queries
---------------------------------------------------------------------------  -----  ---------  --------  ----------  --------------  -------------------  ----------------------
/Users/hanan-nawaz/Documents/Projects/Pakistan_AQI_Analysis/dags/etl_dag.py                           1           0  3.19s           2024-12-02T13:23:25                      12
================================================================================
[2024-12-02T18:23:59.229+0500] {manager.py:997} INFO - 
================================================================================
DAG File Processing Stats

File Path                                                                    PID    Runtime      # DAGs    # Errors  Last Runtime    Last Run               Last # of DB Queries
---------------------------------------------------------------------------  -----  ---------  --------  ----------  --------------  -------------------  ----------------------
/Users/hanan-nawaz/Documents/Projects/Pakistan_AQI_Analysis/dags/etl_dag.py                           1           0  3.60s           2024-12-02T13:23:59                      12
================================================================================
[2024-12-02T18:24:31.829+0500] {manager.py:997} INFO - 
================================================================================
DAG File Processing Stats

File Path                                                                    PID    Runtime      # DAGs    # Errors  Last Runtime    Last Run               Last # of DB Queries
---------------------------------------------------------------------------  -----  ---------  --------  ----------  --------------  -------------------  ----------------------
/Users/hanan-nawaz/Documents/Projects/Pakistan_AQI_Analysis/dags/etl_dag.py                           0           1  3.17s           2024-12-02T13:24:31                       5
================================================================================
[2024-12-02T18:25:04.656+0500] {manager.py:997} INFO - 
================================================================================
DAG File Processing Stats

File Path                                                                    PID    Runtime      # DAGs    # Errors  Last Runtime    Last Run               Last # of DB Queries
---------------------------------------------------------------------------  -----  ---------  --------  ----------  --------------  -------------------  ----------------------
/Users/hanan-nawaz/Documents/Projects/Pakistan_AQI_Analysis/dags/etl_dag.py                           0           1  2.66s           2024-12-02T13:25:04                       5
================================================================================
[2024-12-02T18:25:27.842+0500] {manager.py:821} INFO - Searching for files in /Users/hanan-nawaz/Documents/Projects/Pakistan_AQI_Analysis/dags
[2024-12-02T18:25:27.843+0500] {manager.py:824} INFO - There are 1 files in /Users/hanan-nawaz/Documents/Projects/Pakistan_AQI_Analysis/dags
[2024-12-02T18:25:34.841+0500] {manager.py:997} INFO - 
================================================================================
DAG File Processing Stats

File Path                                                                    PID    Runtime      # DAGs    # Errors  Last Runtime    Last Run               Last # of DB Queries
---------------------------------------------------------------------------  -----  ---------  --------  ----------  --------------  -------------------  ----------------------
/Users/hanan-nawaz/Documents/Projects/Pakistan_AQI_Analysis/dags/etl_dag.py                           0           1  2.80s           2024-12-02T13:25:26                       5
================================================================================
[2024-12-02T18:26:05.780+0500] {manager.py:997} INFO - 
================================================================================
DAG File Processing Stats

File Path                                                                    PID    Runtime      # DAGs    # Errors  Last Runtime    Last Run               Last # of DB Queries
---------------------------------------------------------------------------  -----  ---------  --------  ----------  --------------  -------------------  ----------------------
/Users/hanan-nawaz/Documents/Projects/Pakistan_AQI_Analysis/dags/etl_dag.py                           0           1  2.58s           2024-12-02T13:25:51                       5
================================================================================
[2024-12-02T18:26:36.808+0500] {manager.py:997} INFO - 
================================================================================
DAG File Processing Stats

File Path                                                                    PID    Runtime      # DAGs    # Errors  Last Runtime    Last Run               Last # of DB Queries
---------------------------------------------------------------------------  -----  ---------  --------  ----------  --------------  -------------------  ----------------------
/Users/hanan-nawaz/Documents/Projects/Pakistan_AQI_Analysis/dags/etl_dag.py                           0           1  2.77s           2024-12-02T13:26:24                       5
================================================================================
[2024-12-02T18:27:06.868+0500] {manager.py:997} INFO - 
================================================================================
DAG File Processing Stats

File Path                                                                    PID    Runtime      # DAGs    # Errors  Last Runtime    Last Run               Last # of DB Queries
---------------------------------------------------------------------------  -----  ---------  --------  ----------  --------------  -------------------  ----------------------
/Users/hanan-nawaz/Documents/Projects/Pakistan_AQI_Analysis/dags/etl_dag.py                           0           1  2.94s           2024-12-02T13:26:57                       5
================================================================================
[2024-12-02T18:27:37.241+0500] {manager.py:997} INFO - 
================================================================================
DAG File Processing Stats

File Path                                                                    PID    Runtime      # DAGs    # Errors  Last Runtime    Last Run               Last # of DB Queries
---------------------------------------------------------------------------  -----  ---------  --------  ----------  --------------  -------------------  ----------------------
/Users/hanan-nawaz/Documents/Projects/Pakistan_AQI_Analysis/dags/etl_dag.py                           0           1  3.48s           2024-12-02T13:27:32                       5
================================================================================
[2024-12-02T18:28:11.051+0500] {manager.py:997} INFO - 
================================================================================
DAG File Processing Stats

File Path                                                                    PID    Runtime      # DAGs    # Errors  Last Runtime    Last Run               Last # of DB Queries
---------------------------------------------------------------------------  -----  ---------  --------  ----------  --------------  -------------------  ----------------------
/Users/hanan-nawaz/Documents/Projects/Pakistan_AQI_Analysis/dags/etl_dag.py                           1           0  3.07s           2024-12-02T13:28:11                      45
================================================================================
[2024-12-02T18:28:43.206+0500] {manager.py:997} INFO - 
================================================================================
DAG File Processing Stats

File Path                                                                    PID    Runtime      # DAGs    # Errors  Last Runtime    Last Run               Last # of DB Queries
---------------------------------------------------------------------------  -----  ---------  --------  ----------  --------------  -------------------  ----------------------
/Users/hanan-nawaz/Documents/Projects/Pakistan_AQI_Analysis/dags/etl_dag.py                           0           1  3.67s           2024-12-02T13:28:43                       3
================================================================================
[2024-12-02T18:29:14.200+0500] {manager.py:997} INFO - 
================================================================================
DAG File Processing Stats

File Path                                                                    PID    Runtime      # DAGs    # Errors  Last Runtime    Last Run               Last # of DB Queries
---------------------------------------------------------------------------  -----  ---------  --------  ----------  --------------  -------------------  ----------------------
/Users/hanan-nawaz/Documents/Projects/Pakistan_AQI_Analysis/dags/etl_dag.py                           1           0  2.74s           2024-12-02T13:29:10                      11
================================================================================
[2024-12-02T18:29:44.342+0500] {manager.py:997} INFO - 
================================================================================
DAG File Processing Stats

File Path                                                                    PID    Runtime      # DAGs    # Errors  Last Runtime    Last Run               Last # of DB Queries
---------------------------------------------------------------------------  -----  ---------  --------  ----------  --------------  -------------------  ----------------------
/Users/hanan-nawaz/Documents/Projects/Pakistan_AQI_Analysis/dags/etl_dag.py                           1           0  2.55s           2024-12-02T13:29:43                      12
================================================================================
[2024-12-02T18:30:16.274+0500] {manager.py:997} INFO - 
================================================================================
DAG File Processing Stats

File Path                                                                    PID    Runtime      # DAGs    # Errors  Last Runtime    Last Run               Last # of DB Queries
---------------------------------------------------------------------------  -----  ---------  --------  ----------  --------------  -------------------  ----------------------
/Users/hanan-nawaz/Documents/Projects/Pakistan_AQI_Analysis/dags/etl_dag.py                           1           0  2.11s           2024-12-02T13:30:16                      12
================================================================================
[2024-12-02T18:30:28.455+0500] {manager.py:821} INFO - Searching for files in /Users/hanan-nawaz/Documents/Projects/Pakistan_AQI_Analysis/dags
[2024-12-02T18:30:28.456+0500] {manager.py:824} INFO - There are 1 files in /Users/hanan-nawaz/Documents/Projects/Pakistan_AQI_Analysis/dags
[2024-12-02T18:30:48.474+0500] {manager.py:997} INFO - 
================================================================================
DAG File Processing Stats

File Path                                                                    PID    Runtime      # DAGs    # Errors  Last Runtime    Last Run               Last # of DB Queries
---------------------------------------------------------------------------  -----  ---------  --------  ----------  --------------  -------------------  ----------------------
/Users/hanan-nawaz/Documents/Projects/Pakistan_AQI_Analysis/dags/etl_dag.py                           1           0  2.10s           2024-12-02T13:30:48                      12
================================================================================
[2024-12-02T18:31:20.902+0500] {manager.py:997} INFO - 
================================================================================
DAG File Processing Stats

File Path                                                                    PID    Runtime      # DAGs    # Errors  Last Runtime    Last Run               Last # of DB Queries
---------------------------------------------------------------------------  -----  ---------  --------  ----------  --------------  -------------------  ----------------------
/Users/hanan-nawaz/Documents/Projects/Pakistan_AQI_Analysis/dags/etl_dag.py                           1           0  2.33s           2024-12-02T13:31:20                      12
================================================================================
[2024-12-02T18:31:53.147+0500] {manager.py:997} INFO - 
================================================================================
DAG File Processing Stats

File Path                                                                    PID    Runtime      # DAGs    # Errors  Last Runtime    Last Run               Last # of DB Queries
---------------------------------------------------------------------------  -----  ---------  --------  ----------  --------------  -------------------  ----------------------
/Users/hanan-nawaz/Documents/Projects/Pakistan_AQI_Analysis/dags/etl_dag.py                           1           0  2.15s           2024-12-02T13:31:53                      12
================================================================================
[2024-12-02T18:32:25.422+0500] {manager.py:997} INFO - 
================================================================================
DAG File Processing Stats

File Path                                                                    PID    Runtime      # DAGs    # Errors  Last Runtime    Last Run               Last # of DB Queries
---------------------------------------------------------------------------  -----  ---------  --------  ----------  --------------  -------------------  ----------------------
/Users/hanan-nawaz/Documents/Projects/Pakistan_AQI_Analysis/dags/etl_dag.py                           1           0  2.18s           2024-12-02T13:32:25                      12
================================================================================
[2024-12-02T18:32:57.656+0500] {manager.py:997} INFO - 
================================================================================
DAG File Processing Stats

File Path                                                                    PID    Runtime      # DAGs    # Errors  Last Runtime    Last Run               Last # of DB Queries
---------------------------------------------------------------------------  -----  ---------  --------  ----------  --------------  -------------------  ----------------------
/Users/hanan-nawaz/Documents/Projects/Pakistan_AQI_Analysis/dags/etl_dag.py                           1           0  2.14s           2024-12-02T13:32:57                      12
================================================================================
[2024-12-02T18:33:29.882+0500] {manager.py:997} INFO - 
================================================================================
DAG File Processing Stats

File Path                                                                    PID    Runtime      # DAGs    # Errors  Last Runtime    Last Run               Last # of DB Queries
---------------------------------------------------------------------------  -----  ---------  --------  ----------  --------------  -------------------  ----------------------
/Users/hanan-nawaz/Documents/Projects/Pakistan_AQI_Analysis/dags/etl_dag.py                           1           0  2.13s           2024-12-02T13:33:29                      12
================================================================================
[2024-12-02T18:34:02.119+0500] {manager.py:997} INFO - 
================================================================================
DAG File Processing Stats

File Path                                                                    PID    Runtime      # DAGs    # Errors  Last Runtime    Last Run               Last # of DB Queries
---------------------------------------------------------------------------  -----  ---------  --------  ----------  --------------  -------------------  ----------------------
/Users/hanan-nawaz/Documents/Projects/Pakistan_AQI_Analysis/dags/etl_dag.py                           1           0  2.14s           2024-12-02T13:34:02                      12
================================================================================
[2024-12-02T18:34:36.972+0500] {manager.py:997} INFO - 
================================================================================
DAG File Processing Stats

File Path                                                                    PID    Runtime      # DAGs    # Errors  Last Runtime    Last Run               Last # of DB Queries
---------------------------------------------------------------------------  -----  ---------  --------  ----------  --------------  -------------------  ----------------------
/Users/hanan-nawaz/Documents/Projects/Pakistan_AQI_Analysis/dags/etl_dag.py                           1           0  4.72s           2024-12-02T13:34:36                      12
================================================================================
[2024-12-02T18:35:09.372+0500] {manager.py:997} INFO - 
================================================================================
DAG File Processing Stats

File Path                                                                    PID    Runtime      # DAGs    # Errors  Last Runtime    Last Run               Last # of DB Queries
---------------------------------------------------------------------------  -----  ---------  --------  ----------  --------------  -------------------  ----------------------
/Users/hanan-nawaz/Documents/Projects/Pakistan_AQI_Analysis/dags/etl_dag.py                           1           0  2.26s           2024-12-02T13:35:09                      12
================================================================================
[2024-12-02T18:35:28.693+0500] {manager.py:821} INFO - Searching for files in /Users/hanan-nawaz/Documents/Projects/Pakistan_AQI_Analysis/dags
[2024-12-02T18:35:28.694+0500] {manager.py:824} INFO - There are 1 files in /Users/hanan-nawaz/Documents/Projects/Pakistan_AQI_Analysis/dags
[2024-12-02T18:35:41.600+0500] {manager.py:997} INFO - 
================================================================================
DAG File Processing Stats

File Path                                                                    PID    Runtime      # DAGs    # Errors  Last Runtime    Last Run               Last # of DB Queries
---------------------------------------------------------------------------  -----  ---------  --------  ----------  --------------  -------------------  ----------------------
/Users/hanan-nawaz/Documents/Projects/Pakistan_AQI_Analysis/dags/etl_dag.py                           1           0  2.13s           2024-12-02T13:35:41                      12
================================================================================
[2024-12-02T18:36:14.889+0500] {manager.py:997} INFO - 
================================================================================
DAG File Processing Stats

File Path                                                                    PID    Runtime      # DAGs    # Errors  Last Runtime    Last Run               Last # of DB Queries
---------------------------------------------------------------------------  -----  ---------  --------  ----------  --------------  -------------------  ----------------------
/Users/hanan-nawaz/Documents/Projects/Pakistan_AQI_Analysis/dags/etl_dag.py                           1           0  3.13s           2024-12-02T13:36:14                      12
================================================================================
[2024-12-02T18:36:47.211+0500] {manager.py:997} INFO - 
================================================================================
DAG File Processing Stats

File Path                                                                    PID    Runtime      # DAGs    # Errors  Last Runtime    Last Run               Last # of DB Queries
---------------------------------------------------------------------------  -----  ---------  --------  ----------  --------------  -------------------  ----------------------
/Users/hanan-nawaz/Documents/Projects/Pakistan_AQI_Analysis/dags/etl_dag.py                           1           0  2.22s           2024-12-02T13:36:47                      12
================================================================================
[2024-12-02T18:37:20.655+0500] {manager.py:997} INFO - 
================================================================================
DAG File Processing Stats

File Path                                                                    PID    Runtime      # DAGs    # Errors  Last Runtime    Last Run               Last # of DB Queries
---------------------------------------------------------------------------  -----  ---------  --------  ----------  --------------  -------------------  ----------------------
/Users/hanan-nawaz/Documents/Projects/Pakistan_AQI_Analysis/dags/etl_dag.py                           1           0  3.35s           2024-12-02T13:37:20                      12
================================================================================
[2024-12-02T18:37:53.095+0500] {manager.py:997} INFO - 
================================================================================
DAG File Processing Stats

File Path                                                                    PID    Runtime      # DAGs    # Errors  Last Runtime    Last Run               Last # of DB Queries
---------------------------------------------------------------------------  -----  ---------  --------  ----------  --------------  -------------------  ----------------------
/Users/hanan-nawaz/Documents/Projects/Pakistan_AQI_Analysis/dags/etl_dag.py                           1           0  2.33s           2024-12-02T13:37:53                      12
================================================================================
[2024-12-02T18:38:26.517+0500] {manager.py:997} INFO - 
================================================================================
DAG File Processing Stats

File Path                                                                    PID    Runtime      # DAGs    # Errors  Last Runtime    Last Run               Last # of DB Queries
---------------------------------------------------------------------------  -----  ---------  --------  ----------  --------------  -------------------  ----------------------
/Users/hanan-nawaz/Documents/Projects/Pakistan_AQI_Analysis/dags/etl_dag.py                           1           0  3.31s           2024-12-02T13:38:26                      12
================================================================================
[2024-12-02T18:38:59.459+0500] {manager.py:997} INFO - 
================================================================================
DAG File Processing Stats

File Path                                                                    PID    Runtime      # DAGs    # Errors  Last Runtime    Last Run               Last # of DB Queries
---------------------------------------------------------------------------  -----  ---------  --------  ----------  --------------  -------------------  ----------------------
/Users/hanan-nawaz/Documents/Projects/Pakistan_AQI_Analysis/dags/etl_dag.py                           1           0  2.82s           2024-12-02T13:38:59                      12
================================================================================
[2024-12-02T18:39:29.574+0500] {manager.py:997} INFO - 
================================================================================
DAG File Processing Stats

File Path                                                                    PID    Runtime      # DAGs    # Errors  Last Runtime    Last Run               Last # of DB Queries
---------------------------------------------------------------------------  -----  ---------  --------  ----------  --------------  -------------------  ----------------------
/Users/hanan-nawaz/Documents/Projects/Pakistan_AQI_Analysis/dags/etl_dag.py                           1           0  2.20s           2024-12-02T13:39:28                      12
================================================================================
[2024-12-02T18:39:59.935+0500] {manager.py:997} INFO - 
================================================================================
DAG File Processing Stats

File Path                                                                    PID    Runtime      # DAGs    # Errors  Last Runtime    Last Run               Last # of DB Queries
---------------------------------------------------------------------------  -----  ---------  --------  ----------  --------------  -------------------  ----------------------
/Users/hanan-nawaz/Documents/Projects/Pakistan_AQI_Analysis/dags/etl_dag.py                           1           0  3.17s           2024-12-02T13:39:57                      12
================================================================================
[2024-12-02T18:40:28.871+0500] {manager.py:821} INFO - Searching for files in /Users/hanan-nawaz/Documents/Projects/Pakistan_AQI_Analysis/dags
[2024-12-02T18:40:28.873+0500] {manager.py:824} INFO - There are 1 files in /Users/hanan-nawaz/Documents/Projects/Pakistan_AQI_Analysis/dags
[2024-12-02T18:40:30.723+0500] {manager.py:997} INFO - 
================================================================================
DAG File Processing Stats

File Path                                                                    PID    Runtime      # DAGs    # Errors  Last Runtime    Last Run               Last # of DB Queries
---------------------------------------------------------------------------  -----  ---------  --------  ----------  --------------  -------------------  ----------------------
/Users/hanan-nawaz/Documents/Projects/Pakistan_AQI_Analysis/dags/etl_dag.py                           1           0  2.36s           2024-12-02T13:40:25                      12
================================================================================
[2024-12-02T18:41:00.839+0500] {manager.py:997} INFO - 
================================================================================
DAG File Processing Stats

File Path                                                                    PID    Runtime      # DAGs    # Errors  Last Runtime    Last Run               Last # of DB Queries
---------------------------------------------------------------------------  -----  ---------  --------  ----------  --------------  -------------------  ----------------------
/Users/hanan-nawaz/Documents/Projects/Pakistan_AQI_Analysis/dags/etl_dag.py                           1           0  2.65s           2024-12-02T13:40:36                      12
================================================================================
[2024-12-02T18:41:31.492+0500] {manager.py:997} INFO - 
================================================================================
DAG File Processing Stats

File Path                                                                    PID    Runtime      # DAGs    # Errors  Last Runtime    Last Run               Last # of DB Queries
---------------------------------------------------------------------------  -----  ---------  --------  ----------  --------------  -------------------  ----------------------
/Users/hanan-nawaz/Documents/Projects/Pakistan_AQI_Analysis/dags/etl_dag.py                           1           0  2.67s           2024-12-02T13:41:09                      12
================================================================================
[2024-12-02T18:42:01.639+0500] {manager.py:997} INFO - 
================================================================================
DAG File Processing Stats

File Path                                                                    PID    Runtime      # DAGs    # Errors  Last Runtime    Last Run               Last # of DB Queries
---------------------------------------------------------------------------  -----  ---------  --------  ----------  --------------  -------------------  ----------------------
/Users/hanan-nawaz/Documents/Projects/Pakistan_AQI_Analysis/dags/etl_dag.py                           1           0  2.92s           2024-12-02T13:41:42                      12
================================================================================
[2024-12-02T18:42:32.062+0500] {manager.py:997} INFO - 
================================================================================
DAG File Processing Stats

File Path                                                                    PID    Runtime      # DAGs    # Errors  Last Runtime    Last Run               Last # of DB Queries
---------------------------------------------------------------------------  -----  ---------  --------  ----------  --------------  -------------------  ----------------------
/Users/hanan-nawaz/Documents/Projects/Pakistan_AQI_Analysis/dags/etl_dag.py                           1           0  2.51s           2024-12-02T13:42:14                      12
================================================================================
[2024-12-02T18:43:02.385+0500] {manager.py:997} INFO - 
================================================================================
DAG File Processing Stats

File Path                                                                    PID    Runtime      # DAGs    # Errors  Last Runtime    Last Run               Last # of DB Queries
---------------------------------------------------------------------------  -----  ---------  --------  ----------  --------------  -------------------  ----------------------
/Users/hanan-nawaz/Documents/Projects/Pakistan_AQI_Analysis/dags/etl_dag.py                           1           0  2.28s           2024-12-02T13:42:47                      12
================================================================================
[2024-12-02T18:43:33.006+0500] {manager.py:997} INFO - 
================================================================================
DAG File Processing Stats

File Path                                                                    PID    Runtime      # DAGs    # Errors  Last Runtime    Last Run               Last # of DB Queries
---------------------------------------------------------------------------  -----  ---------  --------  ----------  --------------  -------------------  ----------------------
/Users/hanan-nawaz/Documents/Projects/Pakistan_AQI_Analysis/dags/etl_dag.py                           1           0  2.30s           2024-12-02T13:43:19                      12
================================================================================
[2024-12-02T18:44:03.452+0500] {manager.py:997} INFO - 
================================================================================
DAG File Processing Stats

File Path                                                                    PID    Runtime      # DAGs    # Errors  Last Runtime    Last Run               Last # of DB Queries
---------------------------------------------------------------------------  -----  ---------  --------  ----------  --------------  -------------------  ----------------------
/Users/hanan-nawaz/Documents/Projects/Pakistan_AQI_Analysis/dags/etl_dag.py                           1           0  2.43s           2024-12-02T13:43:52                      12
================================================================================
[2024-12-02T18:44:33.789+0500] {manager.py:997} INFO - 
================================================================================
DAG File Processing Stats

File Path                                                                    PID    Runtime      # DAGs    # Errors  Last Runtime    Last Run               Last # of DB Queries
---------------------------------------------------------------------------  -----  ---------  --------  ----------  --------------  -------------------  ----------------------
/Users/hanan-nawaz/Documents/Projects/Pakistan_AQI_Analysis/dags/etl_dag.py                           1           0  2.17s           2024-12-02T13:44:24                      12
================================================================================
[2024-12-02T18:45:04.046+0500] {manager.py:997} INFO - 
================================================================================
DAG File Processing Stats

File Path                                                                    PID    Runtime      # DAGs    # Errors  Last Runtime    Last Run               Last # of DB Queries
---------------------------------------------------------------------------  -----  ---------  --------  ----------  --------------  -------------------  ----------------------
/Users/hanan-nawaz/Documents/Projects/Pakistan_AQI_Analysis/dags/etl_dag.py                           1           0  2.23s           2024-12-02T13:44:56                      12
================================================================================
[2024-12-02T18:45:30.933+0500] {manager.py:821} INFO - Searching for files in /Users/hanan-nawaz/Documents/Projects/Pakistan_AQI_Analysis/dags
[2024-12-02T18:45:30.935+0500] {manager.py:824} INFO - There are 1 files in /Users/hanan-nawaz/Documents/Projects/Pakistan_AQI_Analysis/dags
[2024-12-02T18:45:34.065+0500] {manager.py:997} INFO - 
================================================================================
DAG File Processing Stats

File Path                                                                    PID    Runtime      # DAGs    # Errors  Last Runtime    Last Run               Last # of DB Queries
---------------------------------------------------------------------------  -----  ---------  --------  ----------  --------------  -------------------  ----------------------
/Users/hanan-nawaz/Documents/Projects/Pakistan_AQI_Analysis/dags/etl_dag.py                           1           0  2.88s           2024-12-02T13:45:29                      12
================================================================================
[2024-12-02T18:46:04.543+0500] {manager.py:997} INFO - 
================================================================================
DAG File Processing Stats

File Path                                                                    PID    Runtime      # DAGs    # Errors  Last Runtime    Last Run               Last # of DB Queries
---------------------------------------------------------------------------  -----  ---------  --------  ----------  --------------  -------------------  ----------------------
/Users/hanan-nawaz/Documents/Projects/Pakistan_AQI_Analysis/dags/etl_dag.py                           1           0  2.36s           2024-12-02T13:46:02                      12
================================================================================
[2024-12-02T18:46:34.587+0500] {manager.py:997} INFO - 
================================================================================
DAG File Processing Stats

File Path                                                                    PID    Runtime      # DAGs    # Errors  Last Runtime    Last Run               Last # of DB Queries
---------------------------------------------------------------------------  -----  ---------  --------  ----------  --------------  -------------------  ----------------------
/Users/hanan-nawaz/Documents/Projects/Pakistan_AQI_Analysis/dags/etl_dag.py                           1           0  2.16s           2024-12-02T13:46:34                      12
================================================================================
[2024-12-02T18:47:06.800+0500] {manager.py:997} INFO - 
================================================================================
DAG File Processing Stats

File Path                                                                    PID    Runtime      # DAGs    # Errors  Last Runtime    Last Run               Last # of DB Queries
---------------------------------------------------------------------------  -----  ---------  --------  ----------  --------------  -------------------  ----------------------
/Users/hanan-nawaz/Documents/Projects/Pakistan_AQI_Analysis/dags/etl_dag.py                           1           0  2.12s           2024-12-02T13:47:06                      12
================================================================================
[2024-12-02T18:47:39.342+0500] {manager.py:997} INFO - 
================================================================================
DAG File Processing Stats

File Path                                                                    PID    Runtime      # DAGs    # Errors  Last Runtime    Last Run               Last # of DB Queries
---------------------------------------------------------------------------  -----  ---------  --------  ----------  --------------  -------------------  ----------------------
/Users/hanan-nawaz/Documents/Projects/Pakistan_AQI_Analysis/dags/etl_dag.py                           1           0  2.45s           2024-12-02T13:47:39                      12
================================================================================
[2024-12-02T18:48:11.742+0500] {manager.py:997} INFO - 
================================================================================
DAG File Processing Stats

File Path                                                                    PID    Runtime      # DAGs    # Errors  Last Runtime    Last Run               Last # of DB Queries
---------------------------------------------------------------------------  -----  ---------  --------  ----------  --------------  -------------------  ----------------------
/Users/hanan-nawaz/Documents/Projects/Pakistan_AQI_Analysis/dags/etl_dag.py                           1           0  2.31s           2024-12-02T13:48:11                      12
================================================================================
[2024-12-02T18:48:44.359+0500] {manager.py:997} INFO - 
================================================================================
DAG File Processing Stats

File Path                                                                    PID    Runtime      # DAGs    # Errors  Last Runtime    Last Run               Last # of DB Queries
---------------------------------------------------------------------------  -----  ---------  --------  ----------  --------------  -------------------  ----------------------
/Users/hanan-nawaz/Documents/Projects/Pakistan_AQI_Analysis/dags/etl_dag.py                           1           0  2.52s           2024-12-02T13:48:44                      12
================================================================================
[2024-12-02T18:49:22.858+0500] {manager.py:997} INFO - 
================================================================================
DAG File Processing Stats

File Path                                                                    PID    Runtime      # DAGs    # Errors  Last Runtime    Last Run               Last # of DB Queries
---------------------------------------------------------------------------  -----  ---------  --------  ----------  --------------  -------------------  ----------------------
/Users/hanan-nawaz/Documents/Projects/Pakistan_AQI_Analysis/dags/etl_dag.py                           1           0  2.94s           2024-12-02T13:49:22                      12
================================================================================
[2024-12-02T18:49:55.724+0500] {manager.py:997} INFO - 
================================================================================
DAG File Processing Stats

File Path                                                                    PID    Runtime      # DAGs    # Errors  Last Runtime    Last Run               Last # of DB Queries
---------------------------------------------------------------------------  -----  ---------  --------  ----------  --------------  -------------------  ----------------------
/Users/hanan-nawaz/Documents/Projects/Pakistan_AQI_Analysis/dags/etl_dag.py                           1           0  2.19s           2024-12-02T13:49:55                      12
================================================================================
[2024-12-02T18:50:27.987+0500] {manager.py:997} INFO - 
================================================================================
DAG File Processing Stats

File Path                                                                    PID    Runtime      # DAGs    # Errors  Last Runtime    Last Run               Last # of DB Queries
---------------------------------------------------------------------------  -----  ---------  --------  ----------  --------------  -------------------  ----------------------
/Users/hanan-nawaz/Documents/Projects/Pakistan_AQI_Analysis/dags/etl_dag.py                           1           0  2.13s           2024-12-02T13:50:27                      12
================================================================================
[2024-12-02T18:50:31.116+0500] {manager.py:821} INFO - Searching for files in /Users/hanan-nawaz/Documents/Projects/Pakistan_AQI_Analysis/dags
[2024-12-02T18:50:31.117+0500] {manager.py:824} INFO - There are 1 files in /Users/hanan-nawaz/Documents/Projects/Pakistan_AQI_Analysis/dags
[2024-12-02T18:51:00.243+0500] {manager.py:997} INFO - 
================================================================================
DAG File Processing Stats

File Path                                                                    PID    Runtime      # DAGs    # Errors  Last Runtime    Last Run               Last # of DB Queries
---------------------------------------------------------------------------  -----  ---------  --------  ----------  --------------  -------------------  ----------------------
/Users/hanan-nawaz/Documents/Projects/Pakistan_AQI_Analysis/dags/etl_dag.py                           1           0  2.13s           2024-12-02T13:51:00                      12
================================================================================
[2024-12-02T18:51:32.925+0500] {manager.py:997} INFO - 
================================================================================
DAG File Processing Stats

File Path                                                                    PID    Runtime      # DAGs    # Errors  Last Runtime    Last Run               Last # of DB Queries
---------------------------------------------------------------------------  -----  ---------  --------  ----------  --------------  -------------------  ----------------------
/Users/hanan-nawaz/Documents/Projects/Pakistan_AQI_Analysis/dags/etl_dag.py                           1           0  2.54s           2024-12-02T13:51:32                      12
================================================================================
[2024-12-02T18:52:05.199+0500] {manager.py:997} INFO - 
================================================================================
DAG File Processing Stats

File Path                                                                    PID    Runtime      # DAGs    # Errors  Last Runtime    Last Run               Last # of DB Queries
---------------------------------------------------------------------------  -----  ---------  --------  ----------  --------------  -------------------  ----------------------
/Users/hanan-nawaz/Documents/Projects/Pakistan_AQI_Analysis/dags/etl_dag.py                           1           0  2.14s           2024-12-02T13:52:05                      12
================================================================================
[2024-12-02T18:52:37.467+0500] {manager.py:997} INFO - 
================================================================================
DAG File Processing Stats

File Path                                                                    PID    Runtime      # DAGs    # Errors  Last Runtime    Last Run               Last # of DB Queries
---------------------------------------------------------------------------  -----  ---------  --------  ----------  --------------  -------------------  ----------------------
/Users/hanan-nawaz/Documents/Projects/Pakistan_AQI_Analysis/dags/etl_dag.py                           1           0  2.13s           2024-12-02T13:52:37                      12
================================================================================
[2024-12-02T18:53:09.686+0500] {manager.py:997} INFO - 
================================================================================
DAG File Processing Stats

File Path                                                                    PID    Runtime      # DAGs    # Errors  Last Runtime    Last Run               Last # of DB Queries
---------------------------------------------------------------------------  -----  ---------  --------  ----------  --------------  -------------------  ----------------------
/Users/hanan-nawaz/Documents/Projects/Pakistan_AQI_Analysis/dags/etl_dag.py                           1           0  2.12s           2024-12-02T13:53:09                      12
================================================================================
[2024-12-02T18:53:41.901+0500] {manager.py:997} INFO - 
================================================================================
DAG File Processing Stats

File Path                                                                    PID    Runtime      # DAGs    # Errors  Last Runtime    Last Run               Last # of DB Queries
---------------------------------------------------------------------------  -----  ---------  --------  ----------  --------------  -------------------  ----------------------
/Users/hanan-nawaz/Documents/Projects/Pakistan_AQI_Analysis/dags/etl_dag.py                           1           0  2.12s           2024-12-02T13:53:41                      12
================================================================================
[2024-12-02T18:54:14.620+0500] {manager.py:997} INFO - 
================================================================================
DAG File Processing Stats

File Path                                                                    PID    Runtime      # DAGs    # Errors  Last Runtime    Last Run               Last # of DB Queries
---------------------------------------------------------------------------  -----  ---------  --------  ----------  --------------  -------------------  ----------------------
/Users/hanan-nawaz/Documents/Projects/Pakistan_AQI_Analysis/dags/etl_dag.py                           1           0  2.62s           2024-12-02T13:54:14                      12
================================================================================
