[2024-12-01T15:06:06.141+0500] {processor.py:186} INFO - Started process (PID=27775) to work on /Users/hanan-nawaz/Documents/Projects/Pakistan_AQI_Analysis/myenv/lib/python3.12/site-packages/airflow/example_dags/subdags/subdag.py
[2024-12-01T15:06:06.144+0500] {processor.py:914} INFO - Processing file /Users/hanan-nawaz/Documents/Projects/Pakistan_AQI_Analysis/myenv/lib/python3.12/site-packages/airflow/example_dags/subdags/subdag.py for tasks to queue
[2024-12-01T15:06:06.146+0500] {logging_mixin.py:190} INFO - [2024-12-01T15:06:06.145+0500] {dagbag.py:588} INFO - Filling up the DagBag from /Users/hanan-nawaz/Documents/Projects/Pakistan_AQI_Analysis/myenv/lib/python3.12/site-packages/airflow/example_dags/subdags/subdag.py
[2024-12-01T15:06:06.150+0500] {processor.py:927} WARNING - No viable dags retrieved from /Users/hanan-nawaz/Documents/Projects/Pakistan_AQI_Analysis/myenv/lib/python3.12/site-packages/airflow/example_dags/subdags/subdag.py
[2024-12-01T15:06:06.281+0500] {processor.py:208} INFO - Processing /Users/hanan-nawaz/Documents/Projects/Pakistan_AQI_Analysis/myenv/lib/python3.12/site-packages/airflow/example_dags/subdags/subdag.py took 0.149 seconds
[2024-12-01T15:10:25.203+0500] {processor.py:186} INFO - Started process (PID=28422) to work on /Users/hanan-nawaz/Documents/Projects/Pakistan_AQI_Analysis/myenv/lib/python3.12/site-packages/airflow/example_dags/subdags/subdag.py
[2024-12-01T15:10:25.204+0500] {processor.py:914} INFO - Processing file /Users/hanan-nawaz/Documents/Projects/Pakistan_AQI_Analysis/myenv/lib/python3.12/site-packages/airflow/example_dags/subdags/subdag.py for tasks to queue
[2024-12-01T15:10:25.206+0500] {logging_mixin.py:190} INFO - [2024-12-01T15:10:25.205+0500] {dagbag.py:588} INFO - Filling up the DagBag from /Users/hanan-nawaz/Documents/Projects/Pakistan_AQI_Analysis/myenv/lib/python3.12/site-packages/airflow/example_dags/subdags/subdag.py
[2024-12-01T15:10:25.208+0500] {processor.py:927} WARNING - No viable dags retrieved from /Users/hanan-nawaz/Documents/Projects/Pakistan_AQI_Analysis/myenv/lib/python3.12/site-packages/airflow/example_dags/subdags/subdag.py
[2024-12-01T15:10:25.503+0500] {processor.py:208} INFO - Processing /Users/hanan-nawaz/Documents/Projects/Pakistan_AQI_Analysis/myenv/lib/python3.12/site-packages/airflow/example_dags/subdags/subdag.py took 0.310 seconds
[2024-12-01T15:14:04.611+0500] {processor.py:186} INFO - Started process (PID=28804) to work on /Users/hanan-nawaz/Documents/Projects/Pakistan_AQI_Analysis/myenv/lib/python3.12/site-packages/airflow/example_dags/subdags/subdag.py
[2024-12-01T15:14:04.613+0500] {processor.py:914} INFO - Processing file /Users/hanan-nawaz/Documents/Projects/Pakistan_AQI_Analysis/myenv/lib/python3.12/site-packages/airflow/example_dags/subdags/subdag.py for tasks to queue
[2024-12-01T15:14:04.614+0500] {logging_mixin.py:190} INFO - [2024-12-01T15:14:04.614+0500] {dagbag.py:588} INFO - Filling up the DagBag from /Users/hanan-nawaz/Documents/Projects/Pakistan_AQI_Analysis/myenv/lib/python3.12/site-packages/airflow/example_dags/subdags/subdag.py
[2024-12-01T15:14:04.616+0500] {processor.py:927} WARNING - No viable dags retrieved from /Users/hanan-nawaz/Documents/Projects/Pakistan_AQI_Analysis/myenv/lib/python3.12/site-packages/airflow/example_dags/subdags/subdag.py
[2024-12-01T15:14:04.807+0500] {processor.py:208} INFO - Processing /Users/hanan-nawaz/Documents/Projects/Pakistan_AQI_Analysis/myenv/lib/python3.12/site-packages/airflow/example_dags/subdags/subdag.py took 0.200 seconds
[2024-12-01T15:17:32.971+0500] {processor.py:186} INFO - Started process (PID=29239) to work on /Users/hanan-nawaz/Documents/Projects/Pakistan_AQI_Analysis/myenv/lib/python3.12/site-packages/airflow/example_dags/subdags/subdag.py
[2024-12-01T15:17:32.972+0500] {processor.py:914} INFO - Processing file /Users/hanan-nawaz/Documents/Projects/Pakistan_AQI_Analysis/myenv/lib/python3.12/site-packages/airflow/example_dags/subdags/subdag.py for tasks to queue
[2024-12-01T15:17:32.973+0500] {logging_mixin.py:190} INFO - [2024-12-01T15:17:32.973+0500] {dagbag.py:588} INFO - Filling up the DagBag from /Users/hanan-nawaz/Documents/Projects/Pakistan_AQI_Analysis/myenv/lib/python3.12/site-packages/airflow/example_dags/subdags/subdag.py
[2024-12-01T15:17:32.977+0500] {processor.py:927} WARNING - No viable dags retrieved from /Users/hanan-nawaz/Documents/Projects/Pakistan_AQI_Analysis/myenv/lib/python3.12/site-packages/airflow/example_dags/subdags/subdag.py
[2024-12-01T15:17:33.121+0500] {processor.py:208} INFO - Processing /Users/hanan-nawaz/Documents/Projects/Pakistan_AQI_Analysis/myenv/lib/python3.12/site-packages/airflow/example_dags/subdags/subdag.py took 0.158 seconds
