[2024-12-02T18:49:13.719+0500] {local_task_job_runner.py:123} INFO - ::group::Pre task execution logs
[2024-12-02T18:49:13.742+0500] {taskinstance.py:2613} INFO - Dependencies all met for dep_context=non-requeueable deps ti=<TaskInstance: etl_aqi_pakistan_v01.extract_from_api scheduled__2024-12-01T07:00:00+00:00 [queued]>
[2024-12-02T18:49:13.761+0500] {taskinstance.py:2613} INFO - Dependencies all met for dep_context=requeueable deps ti=<TaskInstance: etl_aqi_pakistan_v01.extract_from_api scheduled__2024-12-01T07:00:00+00:00 [queued]>
[2024-12-02T18:49:13.762+0500] {taskinstance.py:2866} INFO - Starting attempt 1 of 4
[2024-12-02T18:49:13.904+0500] {taskinstance.py:2889} INFO - Executing <Task(BashOperator): extract_from_api> on 2024-12-01 07:00:00+00:00
[2024-12-02T18:49:13.914+0500] {logging_mixin.py:190} WARNING - /Users/hanan-nawaz/Documents/Projects/Pakistan_AQI_Analysis/myenv/lib/python3.12/site-packages/airflow/task/task_runner/standard_task_runner.py:70 DeprecationWarning: This process (pid=5440) is multi-threaded, use of fork() may lead to deadlocks in the child.
[2024-12-02T18:49:13.918+0500] {standard_task_runner.py:72} INFO - Started process 5444 to run task
[2024-12-02T18:49:13.921+0500] {standard_task_runner.py:104} INFO - Running: ['airflow', 'tasks', 'run', 'etl_aqi_pakistan_v01', 'extract_from_api', 'scheduled__2024-12-01T07:00:00+00:00', '--job-id', '56', '--raw', '--subdir', 'DAGS_FOLDER/etl_dag.py', '--cfg-path', '/var/folders/qc/y2_zkt8d01zf90dfpf72dm400000gn/T/tmppygztzym']
[2024-12-02T18:49:13.926+0500] {standard_task_runner.py:105} INFO - Job 56: Subtask extract_from_api
[2024-12-02T18:49:14.006+0500] {task_command.py:467} INFO - Running <TaskInstance: etl_aqi_pakistan_v01.extract_from_api scheduled__2024-12-01T07:00:00+00:00 [running]> on host abduls-macbook-pro.local
[2024-12-02T18:49:14.088+0500] {taskinstance.py:3132} INFO - Exporting env vars: AIRFLOW_CTX_DAG_OWNER='Abdul_Hanan_Nawaz' AIRFLOW_CTX_DAG_ID='etl_aqi_pakistan_v01' AIRFLOW_CTX_TASK_ID='extract_from_api' AIRFLOW_CTX_EXECUTION_DATE='2024-12-01T07:00:00+00:00' AIRFLOW_CTX_TRY_NUMBER='1' AIRFLOW_CTX_DAG_RUN_ID='scheduled__2024-12-01T07:00:00+00:00'
[2024-12-02T18:49:14.090+0500] {taskinstance.py:731} INFO - ::endgroup::
[2024-12-02T18:49:14.112+0500] {subprocess.py:78} INFO - Tmp dir root location: /var/folders/qc/y2_zkt8d01zf90dfpf72dm400000gn/T
[2024-12-02T18:49:14.113+0500] {subprocess.py:88} INFO - Running command: ['/bin/bash', '-c', 'python3 /Users/hanan-nawaz/Documents/Projects/Pakistan_AQI_Analysis/etl/extract.py']
[2024-12-02T18:49:14.122+0500] {subprocess.py:99} INFO - Output:
[2024-12-02T18:49:16.583+0500] {subprocess.py:106} INFO - http://api.openweathermap.org/data/2.5/air_pollution?
[2024-12-02T18:49:16.584+0500] {subprocess.py:106} INFO - --Loading--Lahore_Data
[2024-12-02T18:49:16.585+0500] {subprocess.py:106} INFO - Extraction for Lahore Completed!
[2024-12-02T18:49:16.586+0500] {subprocess.py:106} INFO - --Loading--Karachi_Data
[2024-12-02T18:49:16.586+0500] {subprocess.py:106} INFO - Extraction for Karachi Completed!
[2024-12-02T18:49:16.587+0500] {subprocess.py:106} INFO - --Loading--Islamabad_Data
[2024-12-02T18:49:16.587+0500] {subprocess.py:106} INFO - Extraction for Islamabad Completed!
[2024-12-02T18:49:16.588+0500] {subprocess.py:106} INFO - --Loading--Quetta_Data
[2024-12-02T18:49:16.589+0500] {subprocess.py:106} INFO - Extraction for Quetta Completed!
[2024-12-02T18:49:16.589+0500] {subprocess.py:106} INFO - --Loading--Peshawar_Data
[2024-12-02T18:49:16.590+0500] {subprocess.py:106} INFO - Extraction for Peshawar Completed!
[2024-12-02T18:49:16.590+0500] {subprocess.py:106} INFO - Extraction phase completed!
[2024-12-02T18:49:16.680+0500] {subprocess.py:110} INFO - Command exited with return code 0
[2024-12-02T18:49:16.698+0500] {taskinstance.py:340} INFO - ::group::Post task execution logs
[2024-12-02T18:49:16.699+0500] {taskinstance.py:352} INFO - Marking task as SUCCESS. dag_id=etl_aqi_pakistan_v01, task_id=extract_from_api, run_id=scheduled__2024-12-01T07:00:00+00:00, execution_date=20241201T070000, start_date=20241202T134913, end_date=20241202T134916
[2024-12-02T18:49:16.734+0500] {local_task_job_runner.py:266} INFO - Task exited with return code 0
[2024-12-02T18:49:16.754+0500] {taskinstance.py:3895} INFO - 1 downstream tasks scheduled from follow-on schedule check
[2024-12-02T18:49:16.757+0500] {local_task_job_runner.py:245} INFO - ::endgroup::
